
     ######################################################################    
   ##########################################################################  
  ###                                                                      ### 
 ###            Tinker9  --  Software Tools for Molecular Design            ###
 ##                                                                          ##
 ##                      Version 1.0.0-rc  January 2021                      ##
 ##                                                                          ##
 ##                 Copyright (c)  Zhi Wang & the Ponder Lab                 ##
 ###                           All Rights Reserved                          ###
  ###                                                                      ### 
   ##########################################################################  
     ######################################################################    

 Compiled at:  16:31:56  Sep 10 2021
 Commit Date:  Mon Aug 16 01:28:23 2021 -0500
 Commit:       b78a5351

 Primary GPU package :  CUDA

 GPU Device :  Setting Device ID to 0 from GPU utilization
 Molecular Dynamics Trajectory via r-RESPA MTS Algorithm

 Free Energy Perturbation :          1.000 Lambda for Torsional Angles
 Free Energy Perturbation :          0.800 Lambda for van der Waals
 Free Energy Perturbation :          0.000 Lambda for Electrostatics

 Instantaneous Values for Frame Saved at       500 Dynamics Steps

 Current Time                 1.00000000 Picosecond
 Current Potential        -6621.56644173 Kcal/mole
 Current Kinetic           2794.71639355 Kcal/mole
 Lattice Lengths           30.09260559     30.09260559     30.09260559
 Lattice Angles            90.00000000     90.00000000     90.00000000
 Frame Number                      1
 Coordinate File             liquid-e000-v080.arc

 Instantaneous Values for Frame Saved at      1000 Dynamics Steps

 Current Time                 2.00000000 Picosecond
 Current Potential        -7238.52142752 Kcal/mole
 Current Kinetic           2520.13921442 Kcal/mole
 Lattice Lengths           30.15745163     30.15745163     30.15745163
 Lattice Angles            90.00000000     90.00000000     90.00000000
 Frame Number                      2
 Coordinate File             liquid-e000-v080.arc

 Instantaneous Values for Frame Saved at      1500 Dynamics Steps

 Current Time                 3.00000000 Picosecond
 Current Potential        -7316.90299416 Kcal/mole
 Current Kinetic           2419.70664763 Kcal/mole
 Lattice Lengths           30.23624420     30.23624420     30.23624420
 Lattice Angles            90.00000000     90.00000000     90.00000000
 Frame Number                      3
 Coordinate File             liquid-e000-v080.arc

 Instantaneous Values for Frame Saved at      2000 Dynamics Steps

 Current Time                 4.00000000 Picosecond
 Current Potential        -7520.06814250 Kcal/mole
 Current Kinetic           2445.18424143 Kcal/mole
 Lattice Lengths           30.16663933     30.16663933     30.16663933
 Lattice Angles            90.00000000     90.00000000     90.00000000
 Frame Number                      4
 Coordinate File             liquid-e000-v080.arc

 Instantaneous Values for Frame Saved at      2500 Dynamics Steps

 Current Time                 5.00000000 Picosecond
 Current Potential        -7554.81998300 Kcal/mole
 Current Kinetic           2427.59951805 Kcal/mole
 Lattice Lengths           30.17737389     30.17737389     30.17737389
 Lattice Angles            90.00000000     90.00000000     90.00000000
 Frame Number                      5
 Coordinate File             liquid-e000-v080.arc

 Instantaneous Values for Frame Saved at      3000 Dynamics Steps

 Current Time                 6.00000000 Picosecond
 Current Potential        -7552.75565879 Kcal/mole
 Current Kinetic           2402.40141709 Kcal/mole
 Lattice Lengths           30.16337013     30.16337013     30.16337013
 Lattice Angles            90.00000000     90.00000000     90.00000000
 Frame Number                      6
 Coordinate File             liquid-e000-v080.arc

 Instantaneous Values for Frame Saved at      3500 Dynamics Steps

 Current Time                 7.00000000 Picosecond
 Current Potential        -7710.35354898 Kcal/mole
 Current Kinetic           2441.97193904 Kcal/mole
 Lattice Lengths           30.02755356     30.02755356     30.02755356
 Lattice Angles            90.00000000     90.00000000     90.00000000
 Frame Number                      7
 Coordinate File             liquid-e000-v080.arc

 Instantaneous Values for Frame Saved at      4000 Dynamics Steps

 Current Time                 8.00000000 Picosecond
 Current Potential        -7688.99472645 Kcal/mole
 Current Kinetic           2386.39692623 Kcal/mole
 Lattice Lengths           29.97409058     29.97409058     29.97409058
 Lattice Angles            90.00000000     90.00000000     90.00000000
 Frame Number                      8
 Coordinate File             liquid-e000-v080.arc

 Instantaneous Values for Frame Saved at      4500 Dynamics Steps

 Current Time                 9.00000000 Picosecond
 Current Potential        -7758.02796912 Kcal/mole
 Current Kinetic           2395.52316648 Kcal/mole
 Lattice Lengths           29.96716690     29.96716690     29.96716690
 Lattice Angles            90.00000000     90.00000000     90.00000000
 Frame Number                      9
 Coordinate File             liquid-e000-v080.arc

 Instantaneous Values for Frame Saved at      5000 Dynamics Steps

 Current Time                10.00000000 Picosecond
 Current Potential        -7794.99268049 Kcal/mole
 Current Kinetic           2358.47892758 Kcal/mole
 Lattice Lengths           30.02343559     30.02343559     30.02343559
 Lattice Angles            90.00000000     90.00000000     90.00000000
 Frame Number                     10
 Coordinate File             liquid-e000-v080.arc

 Instantaneous Values for Frame Saved at      5500 Dynamics Steps

 Current Time                11.00000000 Picosecond
 Current Potential        -7805.22293929 Kcal/mole
 Current Kinetic           2390.68501860 Kcal/mole
 Lattice Lengths           29.99866676     29.99866676     29.99866676
 Lattice Angles            90.00000000     90.00000000     90.00000000
 Frame Number                     11
 Coordinate File             liquid-e000-v080.arc

 Instantaneous Values for Frame Saved at      6000 Dynamics Steps

 Current Time                12.00000000 Picosecond
 Current Potential        -7752.10940687 Kcal/mole
 Current Kinetic           2388.54026585 Kcal/mole
 Lattice Lengths           29.90256691     29.90256691     29.90256691
 Lattice Angles            90.00000000     90.00000000     90.00000000
 Frame Number                     12
 Coordinate File             liquid-e000-v080.arc

 Instantaneous Values for Frame Saved at      6500 Dynamics Steps

 Current Time                13.00000000 Picosecond
 Current Potential        -7846.86188312 Kcal/mole
 Current Kinetic           2470.38999007 Kcal/mole
 Lattice Lengths           29.89999962     29.89999962     29.89999962
 Lattice Angles            90.00000000     90.00000000     90.00000000
 Frame Number                     13
 Coordinate File             liquid-e000-v080.arc

 Instantaneous Values for Frame Saved at      7000 Dynamics Steps

 Current Time                14.00000000 Picosecond
 Current Potential        -7823.22025274 Kcal/mole
 Current Kinetic           2375.21629571 Kcal/mole
 Lattice Lengths           29.93034172     29.93034172     29.93034172
 Lattice Angles            90.00000000     90.00000000     90.00000000
 Frame Number                     14
 Coordinate File             liquid-e000-v080.arc

 Instantaneous Values for Frame Saved at      7500 Dynamics Steps

 Current Time                15.00000000 Picosecond
 Current Potential        -7872.79316935 Kcal/mole
 Current Kinetic           2443.92229627 Kcal/mole
 Lattice Lengths           29.91849518     29.91849518     29.91849518
 Lattice Angles            90.00000000     90.00000000     90.00000000
 Frame Number                     15
 Coordinate File             liquid-e000-v080.arc

 Instantaneous Values for Frame Saved at      8000 Dynamics Steps

 Current Time                16.00000000 Picosecond
 Current Potential        -8010.14682763 Kcal/mole
 Current Kinetic           2444.73394098 Kcal/mole
 Lattice Lengths           29.83855438     29.83855438     29.83855438
 Lattice Angles            90.00000000     90.00000000     90.00000000
 Frame Number                     16
 Coordinate File             liquid-e000-v080.arc

 Instantaneous Values for Frame Saved at      8500 Dynamics Steps

 Current Time                17.00000000 Picosecond
 Current Potential        -8056.06989137 Kcal/mole
 Current Kinetic           2385.69459989 Kcal/mole
 Lattice Lengths           29.89313126     29.89313126     29.89313126
 Lattice Angles            90.00000000     90.00000000     90.00000000
 Frame Number                     17
 Coordinate File             liquid-e000-v080.arc

 Instantaneous Values for Frame Saved at      9000 Dynamics Steps

 Current Time                18.00000000 Picosecond
 Current Potential        -8009.99720003 Kcal/mole
 Current Kinetic           2352.07923009 Kcal/mole
 Lattice Lengths           29.88232803     29.88232803     29.88232803
 Lattice Angles            90.00000000     90.00000000     90.00000000
 Frame Number                     18
 Coordinate File             liquid-e000-v080.arc

 Instantaneous Values for Frame Saved at      9500 Dynamics Steps

 Current Time                19.00000000 Picosecond
 Current Potential        -7934.02534762 Kcal/mole
 Current Kinetic           2434.55295532 Kcal/mole
 Lattice Lengths           29.88874626     29.88874626     29.88874626
 Lattice Angles            90.00000000     90.00000000     90.00000000
 Frame Number                     19
 Coordinate File             liquid-e000-v080.arc

 Instantaneous Values for Frame Saved at     10000 Dynamics Steps

 Current Time                20.00000000 Picosecond
 Current Potential        -8038.41430813 Kcal/mole
 Current Kinetic           2378.56712588 Kcal/mole
 Lattice Lengths           30.03496170     30.03496170     30.03496170
 Lattice Angles            90.00000000     90.00000000     90.00000000
 Frame Number                     20
 Coordinate File             liquid-e000-v080.arc

 Instantaneous Values for Frame Saved at     10500 Dynamics Steps

 Current Time                21.00000000 Picosecond
 Current Potential        -8041.35435662 Kcal/mole
 Current Kinetic           2442.56142194 Kcal/mole
 Lattice Lengths           30.01977539     30.01977539     30.01977539
 Lattice Angles            90.00000000     90.00000000     90.00000000
 Frame Number                     21
 Coordinate File             liquid-e000-v080.arc

 Instantaneous Values for Frame Saved at     11000 Dynamics Steps

 Current Time                22.00000000 Picosecond
 Current Potential        -7973.54044235 Kcal/mole
 Current Kinetic           2343.00460214 Kcal/mole
 Lattice Lengths           30.07060051     30.07060051     30.07060051
 Lattice Angles            90.00000000     90.00000000     90.00000000
 Frame Number                     22
 Coordinate File             liquid-e000-v080.arc

 Instantaneous Values for Frame Saved at     11500 Dynamics Steps

 Current Time                23.00000000 Picosecond
 Current Potential        -7928.98657356 Kcal/mole
 Current Kinetic           2385.94083092 Kcal/mole
 Lattice Lengths           30.10090637     30.10090637     30.10090637
 Lattice Angles            90.00000000     90.00000000     90.00000000
 Frame Number                     23
 Coordinate File             liquid-e000-v080.arc

 Instantaneous Values for Frame Saved at     12000 Dynamics Steps

 Current Time                24.00000000 Picosecond
 Current Potential        -7965.99906910 Kcal/mole
 Current Kinetic           2354.27979127 Kcal/mole
 Lattice Lengths           30.22154999     30.22154999     30.22154999
 Lattice Angles            90.00000000     90.00000000     90.00000000
 Frame Number                     24
 Coordinate File             liquid-e000-v080.arc

 Instantaneous Values for Frame Saved at     12500 Dynamics Steps

 Current Time                25.00000000 Picosecond
 Current Potential        -7923.54715000 Kcal/mole
 Current Kinetic           2453.15549754 Kcal/mole
 Lattice Lengths           30.13758278     30.13758278     30.13758278
 Lattice Angles            90.00000000     90.00000000     90.00000000
 Frame Number                     25
 Coordinate File             liquid-e000-v080.arc

 Instantaneous Values for Frame Saved at     13000 Dynamics Steps

 Current Time                26.00000000 Picosecond
 Current Potential        -8011.52137459 Kcal/mole
 Current Kinetic           2382.44955331 Kcal/mole
 Lattice Lengths           30.09399605     30.09399605     30.09399605
 Lattice Angles            90.00000000     90.00000000     90.00000000
 Frame Number                     26
 Coordinate File             liquid-e000-v080.arc

 Instantaneous Values for Frame Saved at     13500 Dynamics Steps

 Current Time                27.00000000 Picosecond
 Current Potential        -7988.97019833 Kcal/mole
 Current Kinetic           2431.74561101 Kcal/mole
 Lattice Lengths           30.03349495     30.03349495     30.03349495
 Lattice Angles            90.00000000     90.00000000     90.00000000
 Frame Number                     27
 Coordinate File             liquid-e000-v080.arc

 Instantaneous Values for Frame Saved at     14000 Dynamics Steps

 Current Time                28.00000000 Picosecond
 Current Potential        -8040.20913714 Kcal/mole
 Current Kinetic           2438.29533259 Kcal/mole
 Lattice Lengths           30.08094025     30.08094025     30.08094025
 Lattice Angles            90.00000000     90.00000000     90.00000000
 Frame Number                     28
 Coordinate File             liquid-e000-v080.arc

 Instantaneous Values for Frame Saved at     14500 Dynamics Steps

 Current Time                29.00000000 Picosecond
 Current Potential        -7995.24253227 Kcal/mole
 Current Kinetic           2452.56871172 Kcal/mole
 Lattice Lengths           29.99962616     29.99962616     29.99962616
 Lattice Angles            90.00000000     90.00000000     90.00000000
 Frame Number                     29
 Coordinate File             liquid-e000-v080.arc

 Instantaneous Values for Frame Saved at     15000 Dynamics Steps

 Current Time                30.00000000 Picosecond
 Current Potential        -8005.20128232 Kcal/mole
 Current Kinetic           2371.38348410 Kcal/mole
 Lattice Lengths           29.90966034     29.90966034     29.90966034
 Lattice Angles            90.00000000     90.00000000     90.00000000
 Frame Number                     30
 Coordinate File             liquid-e000-v080.arc

 Instantaneous Values for Frame Saved at     15500 Dynamics Steps

 Current Time                31.00000000 Picosecond
 Current Potential        -7956.95720173 Kcal/mole
 Current Kinetic           2396.39141862 Kcal/mole
 Lattice Lengths           29.95155334     29.95155334     29.95155334
 Lattice Angles            90.00000000     90.00000000     90.00000000
 Frame Number                     31
 Coordinate File             liquid-e000-v080.arc

 Instantaneous Values for Frame Saved at     16000 Dynamics Steps

 Current Time                32.00000000 Picosecond
 Current Potential        -7927.46898151 Kcal/mole
 Current Kinetic           2430.32465293 Kcal/mole
 Lattice Lengths           29.94200897     29.94200897     29.94200897
 Lattice Angles            90.00000000     90.00000000     90.00000000
 Frame Number                     32
 Coordinate File             liquid-e000-v080.arc

 Instantaneous Values for Frame Saved at     16500 Dynamics Steps

 Current Time                33.00000000 Picosecond
 Current Potential        -7947.40260225 Kcal/mole
 Current Kinetic           2441.76821916 Kcal/mole
 Lattice Lengths           29.96747208     29.96747208     29.96747208
 Lattice Angles            90.00000000     90.00000000     90.00000000
 Frame Number                     33
 Coordinate File             liquid-e000-v080.arc

 Instantaneous Values for Frame Saved at     17000 Dynamics Steps

 Current Time                34.00000000 Picosecond
 Current Potential        -8062.19070680 Kcal/mole
 Current Kinetic           2401.94730397 Kcal/mole
 Lattice Lengths           29.89219856     29.89219856     29.89219856
 Lattice Angles            90.00000000     90.00000000     90.00000000
 Frame Number                     34
 Coordinate File             liquid-e000-v080.arc

 Instantaneous Values for Frame Saved at     17500 Dynamics Steps

 Current Time                35.00000000 Picosecond
 Current Potential        -8025.48139054 Kcal/mole
 Current Kinetic           2418.54332564 Kcal/mole
 Lattice Lengths           29.98548126     29.98548126     29.98548126
 Lattice Angles            90.00000000     90.00000000     90.00000000
 Frame Number                     35
 Coordinate File             liquid-e000-v080.arc

 Instantaneous Values for Frame Saved at     18000 Dynamics Steps

 Current Time                36.00000000 Picosecond
 Current Potential        -7939.26515994 Kcal/mole
 Current Kinetic           2422.94764776 Kcal/mole
 Lattice Lengths           30.05277252     30.05277252     30.05277252
 Lattice Angles            90.00000000     90.00000000     90.00000000
 Frame Number                     36
 Coordinate File             liquid-e000-v080.arc

 Instantaneous Values for Frame Saved at     18500 Dynamics Steps

 Current Time                37.00000000 Picosecond
 Current Potential        -7998.23878048 Kcal/mole
 Current Kinetic           2428.42736639 Kcal/mole
 Lattice Lengths           30.02779388     30.02779388     30.02779388
 Lattice Angles            90.00000000     90.00000000     90.00000000
 Frame Number                     37
 Coordinate File             liquid-e000-v080.arc

 Instantaneous Values for Frame Saved at     19000 Dynamics Steps

 Current Time                38.00000000 Picosecond
 Current Potential        -7900.45771396 Kcal/mole
 Current Kinetic           2431.21474372 Kcal/mole
 Lattice Lengths           30.10570717     30.10570717     30.10570717
 Lattice Angles            90.00000000     90.00000000     90.00000000
 Frame Number                     38
 Coordinate File             liquid-e000-v080.arc

 Instantaneous Values for Frame Saved at     19500 Dynamics Steps

 Current Time                39.00000000 Picosecond
 Current Potential        -7991.81092469 Kcal/mole
 Current Kinetic           2449.74350019 Kcal/mole
 Lattice Lengths           30.01899910     30.01899910     30.01899910
 Lattice Angles            90.00000000     90.00000000     90.00000000
 Frame Number                     39
 Coordinate File             liquid-e000-v080.arc

 Instantaneous Values for Frame Saved at     20000 Dynamics Steps

 Current Time                40.00000000 Picosecond
 Current Potential        -7923.57931930 Kcal/mole
 Current Kinetic           2453.88965119 Kcal/mole
 Lattice Lengths           30.06343651     30.06343651     30.06343651
 Lattice Angles            90.00000000     90.00000000     90.00000000
 Frame Number                     40
 Coordinate File             liquid-e000-v080.arc

 Instantaneous Values for Frame Saved at     20500 Dynamics Steps

 Current Time                41.00000000 Picosecond
 Current Potential        -7972.62964016 Kcal/mole
 Current Kinetic           2359.90582171 Kcal/mole
 Lattice Lengths           30.03747749     30.03747749     30.03747749
 Lattice Angles            90.00000000     90.00000000     90.00000000
 Frame Number                     41
 Coordinate File             liquid-e000-v080.arc

 Instantaneous Values for Frame Saved at     21000 Dynamics Steps

 Current Time                42.00000000 Picosecond
 Current Potential        -8010.34781817 Kcal/mole
 Current Kinetic           2378.62510050 Kcal/mole
 Lattice Lengths           30.00251961     30.00251961     30.00251961
 Lattice Angles            90.00000000     90.00000000     90.00000000
 Frame Number                     42
 Coordinate File             liquid-e000-v080.arc

 Instantaneous Values for Frame Saved at     21500 Dynamics Steps

 Current Time                43.00000000 Picosecond
 Current Potential        -7975.25851941 Kcal/mole
 Current Kinetic           2394.25420960 Kcal/mole
 Lattice Lengths           29.99602890     29.99602890     29.99602890
 Lattice Angles            90.00000000     90.00000000     90.00000000
 Frame Number                     43
 Coordinate File             liquid-e000-v080.arc

 Instantaneous Values for Frame Saved at     22000 Dynamics Steps

 Current Time                44.00000000 Picosecond
 Current Potential        -8027.92284031 Kcal/mole
 Current Kinetic           2369.06856781 Kcal/mole
 Lattice Lengths           29.93488312     29.93488312     29.93488312
 Lattice Angles            90.00000000     90.00000000     90.00000000
 Frame Number                     44
 Coordinate File             liquid-e000-v080.arc

 Instantaneous Values for Frame Saved at     22500 Dynamics Steps

 Current Time                45.00000000 Picosecond
 Current Potential        -8051.66398588 Kcal/mole
 Current Kinetic           2404.94306708 Kcal/mole
 Lattice Lengths           29.94954109     29.94954109     29.94954109
 Lattice Angles            90.00000000     90.00000000     90.00000000
 Frame Number                     45
 Coordinate File             liquid-e000-v080.arc

 Instantaneous Values for Frame Saved at     23000 Dynamics Steps

 Current Time                46.00000000 Picosecond
 Current Potential        -8099.78390166 Kcal/mole
 Current Kinetic           2400.50268184 Kcal/mole
 Lattice Lengths           29.99254227     29.99254227     29.99254227
 Lattice Angles            90.00000000     90.00000000     90.00000000
 Frame Number                     46
 Coordinate File             liquid-e000-v080.arc

 Instantaneous Values for Frame Saved at     23500 Dynamics Steps

 Current Time                47.00000000 Picosecond
 Current Potential        -7940.20425090 Kcal/mole
 Current Kinetic           2341.30292558 Kcal/mole
 Lattice Lengths           29.93408203     29.93408203     29.93408203
 Lattice Angles            90.00000000     90.00000000     90.00000000
 Frame Number                     47
 Coordinate File             liquid-e000-v080.arc

 Instantaneous Values for Frame Saved at     24000 Dynamics Steps

 Current Time                48.00000000 Picosecond
 Current Potential        -8012.59385697 Kcal/mole
 Current Kinetic           2366.76028517 Kcal/mole
 Lattice Lengths           29.93992233     29.93992233     29.93992233
 Lattice Angles            90.00000000     90.00000000     90.00000000
 Frame Number                     48
 Coordinate File             liquid-e000-v080.arc

 Instantaneous Values for Frame Saved at     24500 Dynamics Steps

 Current Time                49.00000000 Picosecond
 Current Potential        -7964.09544204 Kcal/mole
 Current Kinetic           2404.27535608 Kcal/mole
 Lattice Lengths           29.94235611     29.94235611     29.94235611
 Lattice Angles            90.00000000     90.00000000     90.00000000
 Frame Number                     49
 Coordinate File             liquid-e000-v080.arc

 Instantaneous Values for Frame Saved at     25000 Dynamics Steps

 Current Time                50.00000000 Picosecond
 Current Potential        -7957.80025433 Kcal/mole
 Current Kinetic           2419.49532866 Kcal/mole
 Lattice Lengths           29.92654800     29.92654800     29.92654800
 Lattice Angles            90.00000000     90.00000000     90.00000000
 Frame Number                     50
 Coordinate File             liquid-e000-v080.arc

 Instantaneous Values for Frame Saved at     25500 Dynamics Steps

 Current Time                51.00000000 Picosecond
 Current Potential        -8032.23794622 Kcal/mole
 Current Kinetic           2380.48232760 Kcal/mole
 Lattice Lengths           30.00879097     30.00879097     30.00879097
 Lattice Angles            90.00000000     90.00000000     90.00000000
 Frame Number                     51
 Coordinate File             liquid-e000-v080.arc

 Instantaneous Values for Frame Saved at     26000 Dynamics Steps

 Current Time                52.00000000 Picosecond
 Current Potential        -7963.22608521 Kcal/mole
 Current Kinetic           2464.89425780 Kcal/mole
 Lattice Lengths           30.09225082     30.09225082     30.09225082
 Lattice Angles            90.00000000     90.00000000     90.00000000
 Frame Number                     52
 Coordinate File             liquid-e000-v080.arc

 Instantaneous Values for Frame Saved at     26500 Dynamics Steps

 Current Time                53.00000000 Picosecond
 Current Potential        -8082.57070412 Kcal/mole
 Current Kinetic           2444.96199948 Kcal/mole
 Lattice Lengths           30.09572983     30.09572983     30.09572983
 Lattice Angles            90.00000000     90.00000000     90.00000000
 Frame Number                     53
 Coordinate File             liquid-e000-v080.arc

 Instantaneous Values for Frame Saved at     27000 Dynamics Steps

 Current Time                54.00000000 Picosecond
 Current Potential        -8065.40764118 Kcal/mole
 Current Kinetic           2383.97342880 Kcal/mole
 Lattice Lengths           30.02470589     30.02470589     30.02470589
 Lattice Angles            90.00000000     90.00000000     90.00000000
 Frame Number                     54
 Coordinate File             liquid-e000-v080.arc

 Instantaneous Values for Frame Saved at     27500 Dynamics Steps

 Current Time                55.00000000 Picosecond
 Current Potential        -8052.37404916 Kcal/mole
 Current Kinetic           2424.45458972 Kcal/mole
 Lattice Lengths           29.90060425     29.90060425     29.90060425
 Lattice Angles            90.00000000     90.00000000     90.00000000
 Frame Number                     55
 Coordinate File             liquid-e000-v080.arc

 Instantaneous Values for Frame Saved at     28000 Dynamics Steps

 Current Time                56.00000000 Picosecond
 Current Potential        -8023.79822410 Kcal/mole
 Current Kinetic           2376.27848107 Kcal/mole
 Lattice Lengths           29.99770164     29.99770164     29.99770164
 Lattice Angles            90.00000000     90.00000000     90.00000000
 Frame Number                     56
 Coordinate File             liquid-e000-v080.arc

 Instantaneous Values for Frame Saved at     28500 Dynamics Steps

 Current Time                57.00000000 Picosecond
 Current Potential        -8056.40365723 Kcal/mole
 Current Kinetic           2412.47381251 Kcal/mole
 Lattice Lengths           30.00978470     30.00978470     30.00978470
 Lattice Angles            90.00000000     90.00000000     90.00000000
 Frame Number                     57
 Coordinate File             liquid-e000-v080.arc

 Instantaneous Values for Frame Saved at     29000 Dynamics Steps

 Current Time                58.00000000 Picosecond
 Current Potential        -8016.06365376 Kcal/mole
 Current Kinetic           2433.52416952 Kcal/mole
 Lattice Lengths           30.06014061     30.06014061     30.06014061
 Lattice Angles            90.00000000     90.00000000     90.00000000
 Frame Number                     58
 Coordinate File             liquid-e000-v080.arc

 Instantaneous Values for Frame Saved at     29500 Dynamics Steps

 Current Time                59.00000000 Picosecond
 Current Potential        -7994.04464591 Kcal/mole
 Current Kinetic           2352.34704536 Kcal/mole
 Lattice Lengths           30.09426308     30.09426308     30.09426308
 Lattice Angles            90.00000000     90.00000000     90.00000000
 Frame Number                     59
 Coordinate File             liquid-e000-v080.arc

 Instantaneous Values for Frame Saved at     30000 Dynamics Steps

 Current Time                60.00000000 Picosecond
 Current Potential        -8075.51429340 Kcal/mole
 Current Kinetic           2386.28246716 Kcal/mole
 Lattice Lengths           30.01374817     30.01374817     30.01374817
 Lattice Angles            90.00000000     90.00000000     90.00000000
 Frame Number                     60
 Coordinate File             liquid-e000-v080.arc

 Instantaneous Values for Frame Saved at     30500 Dynamics Steps

 Current Time                61.00000000 Picosecond
 Current Potential        -8011.49737426 Kcal/mole
 Current Kinetic           2399.52863612 Kcal/mole
 Lattice Lengths           30.11510468     30.11510468     30.11510468
 Lattice Angles            90.00000000     90.00000000     90.00000000
 Frame Number                     61
 Coordinate File             liquid-e000-v080.arc

 Instantaneous Values for Frame Saved at     31000 Dynamics Steps

 Current Time                62.00000000 Picosecond
 Current Potential        -8006.99512433 Kcal/mole
 Current Kinetic           2427.04724620 Kcal/mole
 Lattice Lengths           30.09638786     30.09638786     30.09638786
 Lattice Angles            90.00000000     90.00000000     90.00000000
 Frame Number                     62
 Coordinate File             liquid-e000-v080.arc

 Instantaneous Values for Frame Saved at     31500 Dynamics Steps

 Current Time                63.00000000 Picosecond
 Current Potential        -7984.14219716 Kcal/mole
 Current Kinetic           2398.01278777 Kcal/mole
 Lattice Lengths           30.10680389     30.10680389     30.10680389
 Lattice Angles            90.00000000     90.00000000     90.00000000
 Frame Number                     63
 Coordinate File             liquid-e000-v080.arc

 Instantaneous Values for Frame Saved at     32000 Dynamics Steps

 Current Time                64.00000000 Picosecond
 Current Potential        -7964.77767424 Kcal/mole
 Current Kinetic           2407.21033165 Kcal/mole
 Lattice Lengths           30.07411575     30.07411575     30.07411575
 Lattice Angles            90.00000000     90.00000000     90.00000000
 Frame Number                     64
 Coordinate File             liquid-e000-v080.arc

 Instantaneous Values for Frame Saved at     32500 Dynamics Steps

 Current Time                65.00000000 Picosecond
 Current Potential        -7989.24166448 Kcal/mole
 Current Kinetic           2444.14170167 Kcal/mole
 Lattice Lengths           30.00099754     30.00099754     30.00099754
 Lattice Angles            90.00000000     90.00000000     90.00000000
 Frame Number                     65
 Coordinate File             liquid-e000-v080.arc

 Instantaneous Values for Frame Saved at     33000 Dynamics Steps

 Current Time                66.00000000 Picosecond
 Current Potential        -8016.76032156 Kcal/mole
 Current Kinetic           2449.24233138 Kcal/mole
 Lattice Lengths           29.95357895     29.95357895     29.95357895
 Lattice Angles            90.00000000     90.00000000     90.00000000
 Frame Number                     66
 Coordinate File             liquid-e000-v080.arc

 Instantaneous Values for Frame Saved at     33500 Dynamics Steps

 Current Time                67.00000000 Picosecond
 Current Potential        -7991.83712766 Kcal/mole
 Current Kinetic           2361.55088698 Kcal/mole
 Lattice Lengths           29.91135025     29.91135025     29.91135025
 Lattice Angles            90.00000000     90.00000000     90.00000000
 Frame Number                     67
 Coordinate File             liquid-e000-v080.arc

 Instantaneous Values for Frame Saved at     34000 Dynamics Steps

 Current Time                68.00000000 Picosecond
 Current Potential        -8114.02013837 Kcal/mole
 Current Kinetic           2368.32451651 Kcal/mole
 Lattice Lengths           29.87528038     29.87528038     29.87528038
 Lattice Angles            90.00000000     90.00000000     90.00000000
 Frame Number                     68
 Coordinate File             liquid-e000-v080.arc

 Instantaneous Values for Frame Saved at     34500 Dynamics Steps

 Current Time                69.00000000 Picosecond
 Current Potential        -8038.31248031 Kcal/mole
 Current Kinetic           2347.23518039 Kcal/mole
 Lattice Lengths           29.90401459     29.90401459     29.90401459
 Lattice Angles            90.00000000     90.00000000     90.00000000
 Frame Number                     69
 Coordinate File             liquid-e000-v080.arc

 Instantaneous Values for Frame Saved at     35000 Dynamics Steps

 Current Time                70.00000000 Picosecond
 Current Potential        -8045.16636600 Kcal/mole
 Current Kinetic           2369.84368079 Kcal/mole
 Lattice Lengths           29.86088371     29.86088371     29.86088371
 Lattice Angles            90.00000000     90.00000000     90.00000000
 Frame Number                     70
 Coordinate File             liquid-e000-v080.arc

 Instantaneous Values for Frame Saved at     35500 Dynamics Steps

 Current Time                71.00000000 Picosecond
 Current Potential        -8073.77974464 Kcal/mole
 Current Kinetic           2393.96399194 Kcal/mole
 Lattice Lengths           29.87860298     29.87860298     29.87860298
 Lattice Angles            90.00000000     90.00000000     90.00000000
 Frame Number                     71
 Coordinate File             liquid-e000-v080.arc

 Instantaneous Values for Frame Saved at     36000 Dynamics Steps

 Current Time                72.00000000 Picosecond
 Current Potential        -8076.62595372 Kcal/mole
 Current Kinetic           2340.55598931 Kcal/mole
 Lattice Lengths           29.84123230     29.84123230     29.84123230
 Lattice Angles            90.00000000     90.00000000     90.00000000
 Frame Number                     72
 Coordinate File             liquid-e000-v080.arc

 Instantaneous Values for Frame Saved at     36500 Dynamics Steps

 Current Time                73.00000000 Picosecond
 Current Potential        -7959.54582382 Kcal/mole
 Current Kinetic           2401.19974458 Kcal/mole
 Lattice Lengths           29.99041557     29.99041557     29.99041557
 Lattice Angles            90.00000000     90.00000000     90.00000000
 Frame Number                     73
 Coordinate File             liquid-e000-v080.arc

 Instantaneous Values for Frame Saved at     37000 Dynamics Steps

 Current Time                74.00000000 Picosecond
 Current Potential        -7953.28359636 Kcal/mole
 Current Kinetic           2378.07027308 Kcal/mole
 Lattice Lengths           30.11093140     30.11093140     30.11093140
 Lattice Angles            90.00000000     90.00000000     90.00000000
 Frame Number                     74
 Coordinate File             liquid-e000-v080.arc

 Instantaneous Values for Frame Saved at     37500 Dynamics Steps

 Current Time                75.00000000 Picosecond
 Current Potential        -8070.75113055 Kcal/mole
 Current Kinetic           2420.38796734 Kcal/mole
 Lattice Lengths           30.07638550     30.07638550     30.07638550
 Lattice Angles            90.00000000     90.00000000     90.00000000
 Frame Number                     75
 Coordinate File             liquid-e000-v080.arc

 Instantaneous Values for Frame Saved at     38000 Dynamics Steps

 Current Time                76.00000000 Picosecond
 Current Potential        -7981.60619577 Kcal/mole
 Current Kinetic           2385.41939895 Kcal/mole
 Lattice Lengths           30.04491425     30.04491425     30.04491425
 Lattice Angles            90.00000000     90.00000000     90.00000000
 Frame Number                     76
 Coordinate File             liquid-e000-v080.arc

 Instantaneous Values for Frame Saved at     38500 Dynamics Steps

 Current Time                77.00000000 Picosecond
 Current Potential        -7866.12291076 Kcal/mole
 Current Kinetic           2346.66680549 Kcal/mole
 Lattice Lengths           29.96739578     29.96739578     29.96739578
 Lattice Angles            90.00000000     90.00000000     90.00000000
 Frame Number                     77
 Coordinate File             liquid-e000-v080.arc

 Instantaneous Values for Frame Saved at     39000 Dynamics Steps

 Current Time                78.00000000 Picosecond
 Current Potential        -7984.48615751 Kcal/mole
 Current Kinetic           2474.20278221 Kcal/mole
 Lattice Lengths           29.80082512     29.80082512     29.80082512
 Lattice Angles            90.00000000     90.00000000     90.00000000
 Frame Number                     78
 Coordinate File             liquid-e000-v080.arc

 Instantaneous Values for Frame Saved at     39500 Dynamics Steps

 Current Time                79.00000000 Picosecond
 Current Potential        -7981.82282327 Kcal/mole
 Current Kinetic           2376.11491758 Kcal/mole
 Lattice Lengths           29.63892937     29.63892937     29.63892937
 Lattice Angles            90.00000000     90.00000000     90.00000000
 Frame Number                     79
 Coordinate File             liquid-e000-v080.arc

 Instantaneous Values for Frame Saved at     40000 Dynamics Steps

 Current Time                80.00000000 Picosecond
 Current Potential        -8023.57245058 Kcal/mole
 Current Kinetic           2408.57329616 Kcal/mole
 Lattice Lengths           29.73474121     29.73474121     29.73474121
 Lattice Angles            90.00000000     90.00000000     90.00000000
 Frame Number                     80
 Coordinate File             liquid-e000-v080.arc

 Instantaneous Values for Frame Saved at     40500 Dynamics Steps

 Current Time                81.00000000 Picosecond
 Current Potential        -8005.14803834 Kcal/mole
 Current Kinetic           2466.11283896 Kcal/mole
 Lattice Lengths           29.77968025     29.77968025     29.77968025
 Lattice Angles            90.00000000     90.00000000     90.00000000
 Frame Number                     81
 Coordinate File             liquid-e000-v080.arc

 Instantaneous Values for Frame Saved at     41000 Dynamics Steps

 Current Time                82.00000000 Picosecond
 Current Potential        -8036.12573605 Kcal/mole
 Current Kinetic           2362.07527091 Kcal/mole
 Lattice Lengths           29.90221405     29.90221405     29.90221405
 Lattice Angles            90.00000000     90.00000000     90.00000000
 Frame Number                     82
 Coordinate File             liquid-e000-v080.arc

 Instantaneous Values for Frame Saved at     41500 Dynamics Steps

 Current Time                83.00000000 Picosecond
 Current Potential        -8100.69649572 Kcal/mole
 Current Kinetic           2414.63488449 Kcal/mole
 Lattice Lengths           29.90557671     29.90557671     29.90557671
 Lattice Angles            90.00000000     90.00000000     90.00000000
 Frame Number                     83
 Coordinate File             liquid-e000-v080.arc

 Instantaneous Values for Frame Saved at     42000 Dynamics Steps

 Current Time                84.00000000 Picosecond
 Current Potential        -8119.75943866 Kcal/mole
 Current Kinetic           2440.72266698 Kcal/mole
 Lattice Lengths           29.94199371     29.94199371     29.94199371
 Lattice Angles            90.00000000     90.00000000     90.00000000
 Frame Number                     84
 Coordinate File             liquid-e000-v080.arc

 Instantaneous Values for Frame Saved at     42500 Dynamics Steps

 Current Time                85.00000000 Picosecond
 Current Potential        -8005.97669613 Kcal/mole
 Current Kinetic           2462.85550235 Kcal/mole
 Lattice Lengths           29.98560524     29.98560524     29.98560524
 Lattice Angles            90.00000000     90.00000000     90.00000000
 Frame Number                     85
 Coordinate File             liquid-e000-v080.arc

 Instantaneous Values for Frame Saved at     43000 Dynamics Steps

 Current Time                86.00000000 Picosecond
 Current Potential        -7992.15000883 Kcal/mole
 Current Kinetic           2401.08267382 Kcal/mole
 Lattice Lengths           30.12279701     30.12279701     30.12279701
 Lattice Angles            90.00000000     90.00000000     90.00000000
 Frame Number                     86
 Coordinate File             liquid-e000-v080.arc

 Instantaneous Values for Frame Saved at     43500 Dynamics Steps

 Current Time                87.00000000 Picosecond
 Current Potential        -7913.81669451 Kcal/mole
 Current Kinetic           2401.96071150 Kcal/mole
 Lattice Lengths           30.04039764     30.04039764     30.04039764
 Lattice Angles            90.00000000     90.00000000     90.00000000
 Frame Number                     87
 Coordinate File             liquid-e000-v080.arc

 Instantaneous Values for Frame Saved at     44000 Dynamics Steps

 Current Time                88.00000000 Picosecond
 Current Potential        -7948.63591869 Kcal/mole
 Current Kinetic           2429.26364544 Kcal/mole
 Lattice Lengths           30.09251213     30.09251213     30.09251213
 Lattice Angles            90.00000000     90.00000000     90.00000000
 Frame Number                     88
 Coordinate File             liquid-e000-v080.arc

 Instantaneous Values for Frame Saved at     44500 Dynamics Steps

 Current Time                89.00000000 Picosecond
 Current Potential        -7980.60921916 Kcal/mole
 Current Kinetic           2399.09157830 Kcal/mole
 Lattice Lengths           30.12613106     30.12613106     30.12613106
 Lattice Angles            90.00000000     90.00000000     90.00000000
 Frame Number                     89
 Coordinate File             liquid-e000-v080.arc

 Instantaneous Values for Frame Saved at     45000 Dynamics Steps

 Current Time                90.00000000 Picosecond
 Current Potential        -7969.64263308 Kcal/mole
 Current Kinetic           2418.66574614 Kcal/mole
 Lattice Lengths           30.17194366     30.17194366     30.17194366
 Lattice Angles            90.00000000     90.00000000     90.00000000
 Frame Number                     90
 Coordinate File             liquid-e000-v080.arc

 Instantaneous Values for Frame Saved at     45500 Dynamics Steps

 Current Time                91.00000000 Picosecond
 Current Potential        -7937.56033578 Kcal/mole
 Current Kinetic           2472.77115819 Kcal/mole
 Lattice Lengths           30.14378548     30.14378548     30.14378548
 Lattice Angles            90.00000000     90.00000000     90.00000000
 Frame Number                     91
 Coordinate File             liquid-e000-v080.arc

 Instantaneous Values for Frame Saved at     46000 Dynamics Steps

 Current Time                92.00000000 Picosecond
 Current Potential        -7938.22243530 Kcal/mole
 Current Kinetic           2437.31104317 Kcal/mole
 Lattice Lengths           30.04798889     30.04798889     30.04798889
 Lattice Angles            90.00000000     90.00000000     90.00000000
 Frame Number                     92
 Coordinate File             liquid-e000-v080.arc

 Instantaneous Values for Frame Saved at     46500 Dynamics Steps

 Current Time                93.00000000 Picosecond
 Current Potential        -7919.07950984 Kcal/mole
 Current Kinetic           2380.34170907 Kcal/mole
 Lattice Lengths           30.05085564     30.05085564     30.05085564
 Lattice Angles            90.00000000     90.00000000     90.00000000
 Frame Number                     93
 Coordinate File             liquid-e000-v080.arc

 Instantaneous Values for Frame Saved at     47000 Dynamics Steps

 Current Time                94.00000000 Picosecond
 Current Potential        -7955.85403458 Kcal/mole
 Current Kinetic           2420.24591498 Kcal/mole
 Lattice Lengths           29.92409897     29.92409897     29.92409897
 Lattice Angles            90.00000000     90.00000000     90.00000000
 Frame Number                     94
 Coordinate File             liquid-e000-v080.arc

 Instantaneous Values for Frame Saved at     47500 Dynamics Steps

 Current Time                95.00000000 Picosecond
 Current Potential        -7967.24930494 Kcal/mole
 Current Kinetic           2404.33769096 Kcal/mole
 Lattice Lengths           29.92898178     29.92898178     29.92898178
 Lattice Angles            90.00000000     90.00000000     90.00000000
 Frame Number                     95
 Coordinate File             liquid-e000-v080.arc

 Instantaneous Values for Frame Saved at     48000 Dynamics Steps

 Current Time                96.00000000 Picosecond
 Current Potential        -8047.20621388 Kcal/mole
 Current Kinetic           2416.22811759 Kcal/mole
 Lattice Lengths           29.93342209     29.93342209     29.93342209
 Lattice Angles            90.00000000     90.00000000     90.00000000
 Frame Number                     96
 Coordinate File             liquid-e000-v080.arc

 Instantaneous Values for Frame Saved at     48500 Dynamics Steps

 Current Time                97.00000000 Picosecond
 Current Potential        -8015.82523144 Kcal/mole
 Current Kinetic           2300.09757683 Kcal/mole
 Lattice Lengths           29.94719124     29.94719124     29.94719124
 Lattice Angles            90.00000000     90.00000000     90.00000000
 Frame Number                     97
 Coordinate File             liquid-e000-v080.arc

 Instantaneous Values for Frame Saved at     49000 Dynamics Steps

 Current Time                98.00000000 Picosecond
 Current Potential        -8092.08547616 Kcal/mole
 Current Kinetic           2446.10949694 Kcal/mole
 Lattice Lengths           29.92346573     29.92346573     29.92346573
 Lattice Angles            90.00000000     90.00000000     90.00000000
 Frame Number                     98
 Coordinate File             liquid-e000-v080.arc

 Instantaneous Values for Frame Saved at     49500 Dynamics Steps

 Current Time                99.00000000 Picosecond
 Current Potential        -8063.61298547 Kcal/mole
 Current Kinetic           2436.32470905 Kcal/mole
 Lattice Lengths           30.02630043     30.02630043     30.02630043
 Lattice Angles            90.00000000     90.00000000     90.00000000
 Frame Number                     99
 Coordinate File             liquid-e000-v080.arc

 Instantaneous Values for Frame Saved at     50000 Dynamics Steps

 Current Time               100.00000000 Picosecond
 Current Potential        -7945.20598978 Kcal/mole
 Current Kinetic           2322.13368364 Kcal/mole
 Lattice Lengths           30.05954170     30.05954170     30.05954170
 Lattice Angles            90.00000000     90.00000000     90.00000000
 Frame Number                    100
 Coordinate File             liquid-e000-v080.arc

 Performance:  ns/day              43.7246
               Wall Time          197.6004
               Steps                 50000
               Updates                 100
               Time Step            2.0000
               Atoms                  2695
