
     ######################################################################    
   ##########################################################################  
  ###                                                                      ### 
 ###            Tinker9  --  Software Tools for Molecular Design            ###
 ##                                                                          ##
 ##                      Version 1.0.0-rc  January 2021                      ##
 ##                                                                          ##
 ##                 Copyright (c)  Zhi Wang & the Ponder Lab                 ##
 ###                           All Rights Reserved                          ###
  ###                                                                      ### 
   ##########################################################################  
     ######################################################################    

 Compiled at:  16:31:56  Sep 10 2021
 Commit Date:  Mon Aug 16 01:28:23 2021 -0500
 Commit:       b78a5351

 Primary GPU package :  CUDA

 GPU Device :  Setting Device ID to 0 from GPU utilization
 Molecular Dynamics Trajectory via r-RESPA MTS Algorithm

 Free Energy Perturbation :          1.000 Lambda for Torsional Angles
 Free Energy Perturbation :          1.000 Lambda for van der Waals
 Free Energy Perturbation :          0.800 Lambda for Electrostatics

 Instantaneous Values for Frame Saved at       500 Dynamics Steps

 Current Time                 1.00000000 Picosecond
 Current Potential        -6633.66015354 Kcal/mole
 Current Kinetic           2720.02075473 Kcal/mole
 Lattice Lengths           30.07737160     30.07737160     30.07737160
 Lattice Angles            90.00000000     90.00000000     90.00000000
 Frame Number                      1
 Coordinate File             liquid-e080-v100.arc

 Instantaneous Values for Frame Saved at      1000 Dynamics Steps

 Current Time                 2.00000000 Picosecond
 Current Potential        -7212.32566503 Kcal/mole
 Current Kinetic           2463.82232996 Kcal/mole
 Lattice Lengths           30.13509750     30.13509750     30.13509750
 Lattice Angles            90.00000000     90.00000000     90.00000000
 Frame Number                      2
 Coordinate File             liquid-e080-v100.arc

 Instantaneous Values for Frame Saved at      1500 Dynamics Steps

 Current Time                 3.00000000 Picosecond
 Current Potential        -7419.89187575 Kcal/mole
 Current Kinetic           2438.81241673 Kcal/mole
 Lattice Lengths           30.25826454     30.25826454     30.25826454
 Lattice Angles            90.00000000     90.00000000     90.00000000
 Frame Number                      3
 Coordinate File             liquid-e080-v100.arc

 Instantaneous Values for Frame Saved at      2000 Dynamics Steps

 Current Time                 4.00000000 Picosecond
 Current Potential        -7554.71184877 Kcal/mole
 Current Kinetic           2471.28592064 Kcal/mole
 Lattice Lengths           30.13833618     30.13833618     30.13833618
 Lattice Angles            90.00000000     90.00000000     90.00000000
 Frame Number                      4
 Coordinate File             liquid-e080-v100.arc

 Instantaneous Values for Frame Saved at      2500 Dynamics Steps

 Current Time                 5.00000000 Picosecond
 Current Potential        -7623.03426097 Kcal/mole
 Current Kinetic           2452.23154982 Kcal/mole
 Lattice Lengths           30.18440056     30.18440056     30.18440056
 Lattice Angles            90.00000000     90.00000000     90.00000000
 Frame Number                      5
 Coordinate File             liquid-e080-v100.arc

 Instantaneous Values for Frame Saved at      3000 Dynamics Steps

 Current Time                 6.00000000 Picosecond
 Current Potential        -7632.64191282 Kcal/mole
 Current Kinetic           2375.48034868 Kcal/mole
 Lattice Lengths           30.19434166     30.19434166     30.19434166
 Lattice Angles            90.00000000     90.00000000     90.00000000
 Frame Number                      6
 Coordinate File             liquid-e080-v100.arc

 Instantaneous Values for Frame Saved at      3500 Dynamics Steps

 Current Time                 7.00000000 Picosecond
 Current Potential        -7761.62242360 Kcal/mole
 Current Kinetic           2445.66006665 Kcal/mole
 Lattice Lengths           30.10433960     30.10433960     30.10433960
 Lattice Angles            90.00000000     90.00000000     90.00000000
 Frame Number                      7
 Coordinate File             liquid-e080-v100.arc

 Instantaneous Values for Frame Saved at      4000 Dynamics Steps

 Current Time                 8.00000000 Picosecond
 Current Potential        -7718.13619326 Kcal/mole
 Current Kinetic           2398.17185607 Kcal/mole
 Lattice Lengths           30.04151344     30.04151344     30.04151344
 Lattice Angles            90.00000000     90.00000000     90.00000000
 Frame Number                      8
 Coordinate File             liquid-e080-v100.arc

 Instantaneous Values for Frame Saved at      4500 Dynamics Steps

 Current Time                 9.00000000 Picosecond
 Current Potential        -7758.14976996 Kcal/mole
 Current Kinetic           2409.35735378 Kcal/mole
 Lattice Lengths           30.06329346     30.06329346     30.06329346
 Lattice Angles            90.00000000     90.00000000     90.00000000
 Frame Number                      9
 Coordinate File             liquid-e080-v100.arc

 Instantaneous Values for Frame Saved at      5000 Dynamics Steps

 Current Time                10.00000000 Picosecond
 Current Potential        -7855.00713511 Kcal/mole
 Current Kinetic           2444.75309633 Kcal/mole
 Lattice Lengths           30.08571053     30.08571053     30.08571053
 Lattice Angles            90.00000000     90.00000000     90.00000000
 Frame Number                     10
 Coordinate File             liquid-e080-v100.arc

 Instantaneous Values for Frame Saved at      5500 Dynamics Steps

 Current Time                11.00000000 Picosecond
 Current Potential        -7815.57424765 Kcal/mole
 Current Kinetic           2352.55300658 Kcal/mole
 Lattice Lengths           30.03573227     30.03573227     30.03573227
 Lattice Angles            90.00000000     90.00000000     90.00000000
 Frame Number                     11
 Coordinate File             liquid-e080-v100.arc

 Instantaneous Values for Frame Saved at      6000 Dynamics Steps

 Current Time                12.00000000 Picosecond
 Current Potential        -7867.84481124 Kcal/mole
 Current Kinetic           2446.67277087 Kcal/mole
 Lattice Lengths           29.98939133     29.98939133     29.98939133
 Lattice Angles            90.00000000     90.00000000     90.00000000
 Frame Number                     12
 Coordinate File             liquid-e080-v100.arc

 Instantaneous Values for Frame Saved at      6500 Dynamics Steps

 Current Time                13.00000000 Picosecond
 Current Potential        -7828.57297992 Kcal/mole
 Current Kinetic           2411.47837357 Kcal/mole
 Lattice Lengths           29.98684120     29.98684120     29.98684120
 Lattice Angles            90.00000000     90.00000000     90.00000000
 Frame Number                     13
 Coordinate File             liquid-e080-v100.arc

 Instantaneous Values for Frame Saved at      7000 Dynamics Steps

 Current Time                14.00000000 Picosecond
 Current Potential        -7908.97225763 Kcal/mole
 Current Kinetic           2398.60757180 Kcal/mole
 Lattice Lengths           30.04187202     30.04187202     30.04187202
 Lattice Angles            90.00000000     90.00000000     90.00000000
 Frame Number                     14
 Coordinate File             liquid-e080-v100.arc

 Instantaneous Values for Frame Saved at      7500 Dynamics Steps

 Current Time                15.00000000 Picosecond
 Current Potential        -7929.72467977 Kcal/mole
 Current Kinetic           2439.69977338 Kcal/mole
 Lattice Lengths           30.04207993     30.04207993     30.04207993
 Lattice Angles            90.00000000     90.00000000     90.00000000
 Frame Number                     15
 Coordinate File             liquid-e080-v100.arc

 Instantaneous Values for Frame Saved at      8000 Dynamics Steps

 Current Time                16.00000000 Picosecond
 Current Potential        -8087.89202084 Kcal/mole
 Current Kinetic           2451.66746991 Kcal/mole
 Lattice Lengths           30.06510735     30.06510735     30.06510735
 Lattice Angles            90.00000000     90.00000000     90.00000000
 Frame Number                     16
 Coordinate File             liquid-e080-v100.arc

 Instantaneous Values for Frame Saved at      8500 Dynamics Steps

 Current Time                17.00000000 Picosecond
 Current Potential        -8054.08437029 Kcal/mole
 Current Kinetic           2354.53219730 Kcal/mole
 Lattice Lengths           30.01514435     30.01514435     30.01514435
 Lattice Angles            90.00000000     90.00000000     90.00000000
 Frame Number                     17
 Coordinate File             liquid-e080-v100.arc

 Instantaneous Values for Frame Saved at      9000 Dynamics Steps

 Current Time                18.00000000 Picosecond
 Current Potential        -8067.39604984 Kcal/mole
 Current Kinetic           2362.35518171 Kcal/mole
 Lattice Lengths           29.95298958     29.95298958     29.95298958
 Lattice Angles            90.00000000     90.00000000     90.00000000
 Frame Number                     18
 Coordinate File             liquid-e080-v100.arc

 Instantaneous Values for Frame Saved at      9500 Dynamics Steps

 Current Time                19.00000000 Picosecond
 Current Potential        -7977.09677703 Kcal/mole
 Current Kinetic           2454.53977231 Kcal/mole
 Lattice Lengths           29.92699814     29.92699814     29.92699814
 Lattice Angles            90.00000000     90.00000000     90.00000000
 Frame Number                     19
 Coordinate File             liquid-e080-v100.arc

 Instantaneous Values for Frame Saved at     10000 Dynamics Steps

 Current Time                20.00000000 Picosecond
 Current Potential        -8042.64233263 Kcal/mole
 Current Kinetic           2348.58598889 Kcal/mole
 Lattice Lengths           29.93469238     29.93469238     29.93469238
 Lattice Angles            90.00000000     90.00000000     90.00000000
 Frame Number                     20
 Coordinate File             liquid-e080-v100.arc

 Instantaneous Values for Frame Saved at     10500 Dynamics Steps

 Current Time                21.00000000 Picosecond
 Current Potential        -8057.96081950 Kcal/mole
 Current Kinetic           2435.31997336 Kcal/mole
 Lattice Lengths           29.99324036     29.99324036     29.99324036
 Lattice Angles            90.00000000     90.00000000     90.00000000
 Frame Number                     21
 Coordinate File             liquid-e080-v100.arc

 Instantaneous Values for Frame Saved at     11000 Dynamics Steps

 Current Time                22.00000000 Picosecond
 Current Potential        -7982.83152883 Kcal/mole
 Current Kinetic           2384.95696782 Kcal/mole
 Lattice Lengths           29.97382736     29.97382736     29.97382736
 Lattice Angles            90.00000000     90.00000000     90.00000000
 Frame Number                     22
 Coordinate File             liquid-e080-v100.arc

 Instantaneous Values for Frame Saved at     11500 Dynamics Steps

 Current Time                23.00000000 Picosecond
 Current Potential        -7967.39861005 Kcal/mole
 Current Kinetic           2396.37769686 Kcal/mole
 Lattice Lengths           30.02680206     30.02680206     30.02680206
 Lattice Angles            90.00000000     90.00000000     90.00000000
 Frame Number                     23
 Coordinate File             liquid-e080-v100.arc

 Instantaneous Values for Frame Saved at     12000 Dynamics Steps

 Current Time                24.00000000 Picosecond
 Current Potential        -8035.66879980 Kcal/mole
 Current Kinetic           2421.78911947 Kcal/mole
 Lattice Lengths           30.13417625     30.13417625     30.13417625
 Lattice Angles            90.00000000     90.00000000     90.00000000
 Frame Number                     24
 Coordinate File             liquid-e080-v100.arc

 Instantaneous Values for Frame Saved at     12500 Dynamics Steps

 Current Time                25.00000000 Picosecond
 Current Potential        -7928.08519774 Kcal/mole
 Current Kinetic           2437.15992406 Kcal/mole
 Lattice Lengths           30.00809288     30.00809288     30.00809288
 Lattice Angles            90.00000000     90.00000000     90.00000000
 Frame Number                     25
 Coordinate File             liquid-e080-v100.arc

 Instantaneous Values for Frame Saved at     13000 Dynamics Steps

 Current Time                26.00000000 Picosecond
 Current Potential        -8048.59921958 Kcal/mole
 Current Kinetic           2390.55927901 Kcal/mole
 Lattice Lengths           29.91760445     29.91760445     29.91760445
 Lattice Angles            90.00000000     90.00000000     90.00000000
 Frame Number                     26
 Coordinate File             liquid-e080-v100.arc

 Instantaneous Values for Frame Saved at     13500 Dynamics Steps

 Current Time                27.00000000 Picosecond
 Current Potential        -8053.50705760 Kcal/mole
 Current Kinetic           2470.87840853 Kcal/mole
 Lattice Lengths           29.94330788     29.94330788     29.94330788
 Lattice Angles            90.00000000     90.00000000     90.00000000
 Frame Number                     27
 Coordinate File             liquid-e080-v100.arc

 Instantaneous Values for Frame Saved at     14000 Dynamics Steps

 Current Time                28.00000000 Picosecond
 Current Potential        -8024.31148428 Kcal/mole
 Current Kinetic           2404.35287143 Kcal/mole
 Lattice Lengths           30.05154228     30.05154228     30.05154228
 Lattice Angles            90.00000000     90.00000000     90.00000000
 Frame Number                     28
 Coordinate File             liquid-e080-v100.arc

 Instantaneous Values for Frame Saved at     14500 Dynamics Steps

 Current Time                29.00000000 Picosecond
 Current Potential        -7905.23656044 Kcal/mole
 Current Kinetic           2366.56980895 Kcal/mole
 Lattice Lengths           29.95583534     29.95583534     29.95583534
 Lattice Angles            90.00000000     90.00000000     90.00000000
 Frame Number                     29
 Coordinate File             liquid-e080-v100.arc

 Instantaneous Values for Frame Saved at     15000 Dynamics Steps

 Current Time                30.00000000 Picosecond
 Current Potential        -8030.80722147 Kcal/mole
 Current Kinetic           2452.40964526 Kcal/mole
 Lattice Lengths           29.91459084     29.91459084     29.91459084
 Lattice Angles            90.00000000     90.00000000     90.00000000
 Frame Number                     30
 Coordinate File             liquid-e080-v100.arc

 Instantaneous Values for Frame Saved at     15500 Dynamics Steps

 Current Time                31.00000000 Picosecond
 Current Potential        -7943.64966115 Kcal/mole
 Current Kinetic           2445.68272783 Kcal/mole
 Lattice Lengths           29.99070549     29.99070549     29.99070549
 Lattice Angles            90.00000000     90.00000000     90.00000000
 Frame Number                     31
 Coordinate File             liquid-e080-v100.arc

 Instantaneous Values for Frame Saved at     16000 Dynamics Steps

 Current Time                32.00000000 Picosecond
 Current Potential        -7954.14799292 Kcal/mole
 Current Kinetic           2458.60505277 Kcal/mole
 Lattice Lengths           30.04237175     30.04237175     30.04237175
 Lattice Angles            90.00000000     90.00000000     90.00000000
 Frame Number                     32
 Coordinate File             liquid-e080-v100.arc

 Instantaneous Values for Frame Saved at     16500 Dynamics Steps

 Current Time                33.00000000 Picosecond
 Current Potential        -7896.89937309 Kcal/mole
 Current Kinetic           2379.78589066 Kcal/mole
 Lattice Lengths           30.02025223     30.02025223     30.02025223
 Lattice Angles            90.00000000     90.00000000     90.00000000
 Frame Number                     33
 Coordinate File             liquid-e080-v100.arc

 Instantaneous Values for Frame Saved at     17000 Dynamics Steps

 Current Time                34.00000000 Picosecond
 Current Potential        -8091.07869093 Kcal/mole
 Current Kinetic           2417.32874545 Kcal/mole
 Lattice Lengths           29.91763687     29.91763687     29.91763687
 Lattice Angles            90.00000000     90.00000000     90.00000000
 Frame Number                     34
 Coordinate File             liquid-e080-v100.arc

 Instantaneous Values for Frame Saved at     17500 Dynamics Steps

 Current Time                35.00000000 Picosecond
 Current Potential        -8015.03369971 Kcal/mole
 Current Kinetic           2400.35065305 Kcal/mole
 Lattice Lengths           30.04297829     30.04297829     30.04297829
 Lattice Angles            90.00000000     90.00000000     90.00000000
 Frame Number                     35
 Coordinate File             liquid-e080-v100.arc

 Instantaneous Values for Frame Saved at     18000 Dynamics Steps

 Current Time                36.00000000 Picosecond
 Current Potential        -7954.43104690 Kcal/mole
 Current Kinetic           2408.25505629 Kcal/mole
 Lattice Lengths           30.03604507     30.03604507     30.03604507
 Lattice Angles            90.00000000     90.00000000     90.00000000
 Frame Number                     36
 Coordinate File             liquid-e080-v100.arc

 Instantaneous Values for Frame Saved at     18500 Dynamics Steps

 Current Time                37.00000000 Picosecond
 Current Potential        -8068.08732632 Kcal/mole
 Current Kinetic           2438.31377729 Kcal/mole
 Lattice Lengths           30.00130844     30.00130844     30.00130844
 Lattice Angles            90.00000000     90.00000000     90.00000000
 Frame Number                     37
 Coordinate File             liquid-e080-v100.arc

 Instantaneous Values for Frame Saved at     19000 Dynamics Steps

 Current Time                38.00000000 Picosecond
 Current Potential        -7986.82521627 Kcal/mole
 Current Kinetic           2444.09850632 Kcal/mole
 Lattice Lengths           30.03584671     30.03584671     30.03584671
 Lattice Angles            90.00000000     90.00000000     90.00000000
 Frame Number                     38
 Coordinate File             liquid-e080-v100.arc

 Instantaneous Values for Frame Saved at     19500 Dynamics Steps

 Current Time                39.00000000 Picosecond
 Current Potential        -8006.17701369 Kcal/mole
 Current Kinetic           2443.48398937 Kcal/mole
 Lattice Lengths           30.04399300     30.04399300     30.04399300
 Lattice Angles            90.00000000     90.00000000     90.00000000
 Frame Number                     39
 Coordinate File             liquid-e080-v100.arc

 Instantaneous Values for Frame Saved at     20000 Dynamics Steps

 Current Time                40.00000000 Picosecond
 Current Potential        -7913.70017099 Kcal/mole
 Current Kinetic           2401.95530436 Kcal/mole
 Lattice Lengths           30.03228569     30.03228569     30.03228569
 Lattice Angles            90.00000000     90.00000000     90.00000000
 Frame Number                     40
 Coordinate File             liquid-e080-v100.arc

 Instantaneous Values for Frame Saved at     20500 Dynamics Steps

 Current Time                41.00000000 Picosecond
 Current Potential        -8076.03631126 Kcal/mole
 Current Kinetic           2417.49780384 Kcal/mole
 Lattice Lengths           30.03632545     30.03632545     30.03632545
 Lattice Angles            90.00000000     90.00000000     90.00000000
 Frame Number                     41
 Coordinate File             liquid-e080-v100.arc

 Instantaneous Values for Frame Saved at     21000 Dynamics Steps

 Current Time                42.00000000 Picosecond
 Current Potential        -8101.13212714 Kcal/mole
 Current Kinetic           2454.26287551 Kcal/mole
 Lattice Lengths           30.04362488     30.04362488     30.04362488
 Lattice Angles            90.00000000     90.00000000     90.00000000
 Frame Number                     42
 Coordinate File             liquid-e080-v100.arc

 Instantaneous Values for Frame Saved at     21500 Dynamics Steps

 Current Time                43.00000000 Picosecond
 Current Potential        -8024.57240650 Kcal/mole
 Current Kinetic           2432.13138414 Kcal/mole
 Lattice Lengths           30.15084267     30.15084267     30.15084267
 Lattice Angles            90.00000000     90.00000000     90.00000000
 Frame Number                     43
 Coordinate File             liquid-e080-v100.arc

 Instantaneous Values for Frame Saved at     22000 Dynamics Steps

 Current Time                44.00000000 Picosecond
 Current Potential        -8052.32564952 Kcal/mole
 Current Kinetic           2387.75205897 Kcal/mole
 Lattice Lengths           30.03082657     30.03082657     30.03082657
 Lattice Angles            90.00000000     90.00000000     90.00000000
 Frame Number                     44
 Coordinate File             liquid-e080-v100.arc

 Instantaneous Values for Frame Saved at     22500 Dynamics Steps

 Current Time                45.00000000 Picosecond
 Current Potential        -8043.45498448 Kcal/mole
 Current Kinetic           2414.74564690 Kcal/mole
 Lattice Lengths           30.02447128     30.02447128     30.02447128
 Lattice Angles            90.00000000     90.00000000     90.00000000
 Frame Number                     45
 Coordinate File             liquid-e080-v100.arc

 Instantaneous Values for Frame Saved at     23000 Dynamics Steps

 Current Time                46.00000000 Picosecond
 Current Potential        -8086.36510282 Kcal/mole
 Current Kinetic           2355.75720811 Kcal/mole
 Lattice Lengths           30.05767632     30.05767632     30.05767632
 Lattice Angles            90.00000000     90.00000000     90.00000000
 Frame Number                     46
 Coordinate File             liquid-e080-v100.arc

 Instantaneous Values for Frame Saved at     23500 Dynamics Steps

 Current Time                47.00000000 Picosecond
 Current Potential        -8086.49677724 Kcal/mole
 Current Kinetic           2442.61689776 Kcal/mole
 Lattice Lengths           30.07638168     30.07638168     30.07638168
 Lattice Angles            90.00000000     90.00000000     90.00000000
 Frame Number                     47
 Coordinate File             liquid-e080-v100.arc

 Instantaneous Values for Frame Saved at     24000 Dynamics Steps

 Current Time                48.00000000 Picosecond
 Current Potential        -8069.78604178 Kcal/mole
 Current Kinetic           2353.60170144 Kcal/mole
 Lattice Lengths           29.97157097     29.97157097     29.97157097
 Lattice Angles            90.00000000     90.00000000     90.00000000
 Frame Number                     48
 Coordinate File             liquid-e080-v100.arc

 Instantaneous Values for Frame Saved at     24500 Dynamics Steps

 Current Time                49.00000000 Picosecond
 Current Potential        -8066.12475043 Kcal/mole
 Current Kinetic           2430.37090666 Kcal/mole
 Lattice Lengths           29.99888039     29.99888039     29.99888039
 Lattice Angles            90.00000000     90.00000000     90.00000000
 Frame Number                     49
 Coordinate File             liquid-e080-v100.arc

 Instantaneous Values for Frame Saved at     25000 Dynamics Steps

 Current Time                50.00000000 Picosecond
 Current Potential        -7946.72511360 Kcal/mole
 Current Kinetic           2384.12639428 Kcal/mole
 Lattice Lengths           30.03329849     30.03329849     30.03329849
 Lattice Angles            90.00000000     90.00000000     90.00000000
 Frame Number                     50
 Coordinate File             liquid-e080-v100.arc

 Instantaneous Values for Frame Saved at     25500 Dynamics Steps

 Current Time                51.00000000 Picosecond
 Current Potential        -8055.18980536 Kcal/mole
 Current Kinetic           2353.89506517 Kcal/mole
 Lattice Lengths           30.01867104     30.01867104     30.01867104
 Lattice Angles            90.00000000     90.00000000     90.00000000
 Frame Number                     51
 Coordinate File             liquid-e080-v100.arc

 Instantaneous Values for Frame Saved at     26000 Dynamics Steps

 Current Time                52.00000000 Picosecond
 Current Potential        -7992.37006315 Kcal/mole
 Current Kinetic           2448.26308887 Kcal/mole
 Lattice Lengths           30.03364754     30.03364754     30.03364754
 Lattice Angles            90.00000000     90.00000000     90.00000000
 Frame Number                     52
 Coordinate File             liquid-e080-v100.arc

 Instantaneous Values for Frame Saved at     26500 Dynamics Steps

 Current Time                53.00000000 Picosecond
 Current Potential        -8091.69120732 Kcal/mole
 Current Kinetic           2406.66406957 Kcal/mole
 Lattice Lengths           30.00113106     30.00113106     30.00113106
 Lattice Angles            90.00000000     90.00000000     90.00000000
 Frame Number                     53
 Coordinate File             liquid-e080-v100.arc

 Instantaneous Values for Frame Saved at     27000 Dynamics Steps

 Current Time                54.00000000 Picosecond
 Current Potential        -8130.26172384 Kcal/mole
 Current Kinetic           2442.11113143 Kcal/mole
 Lattice Lengths           29.93689919     29.93689919     29.93689919
 Lattice Angles            90.00000000     90.00000000     90.00000000
 Frame Number                     54
 Coordinate File             liquid-e080-v100.arc

 Instantaneous Values for Frame Saved at     27500 Dynamics Steps

 Current Time                55.00000000 Picosecond
 Current Potential        -8044.98103419 Kcal/mole
 Current Kinetic           2437.74419172 Kcal/mole
 Lattice Lengths           29.94870567     29.94870567     29.94870567
 Lattice Angles            90.00000000     90.00000000     90.00000000
 Frame Number                     55
 Coordinate File             liquid-e080-v100.arc

 Instantaneous Values for Frame Saved at     28000 Dynamics Steps

 Current Time                56.00000000 Picosecond
 Current Potential        -8022.08469444 Kcal/mole
 Current Kinetic           2368.24739970 Kcal/mole
 Lattice Lengths           30.11891937     30.11891937     30.11891937
 Lattice Angles            90.00000000     90.00000000     90.00000000
 Frame Number                     56
 Coordinate File             liquid-e080-v100.arc

 Instantaneous Values for Frame Saved at     28500 Dynamics Steps

 Current Time                57.00000000 Picosecond
 Current Potential        -8037.65903300 Kcal/mole
 Current Kinetic           2418.96518675 Kcal/mole
 Lattice Lengths           30.12760925     30.12760925     30.12760925
 Lattice Angles            90.00000000     90.00000000     90.00000000
 Frame Number                     57
 Coordinate File             liquid-e080-v100.arc

 Instantaneous Values for Frame Saved at     29000 Dynamics Steps

 Current Time                58.00000000 Picosecond
 Current Potential        -7908.15231350 Kcal/mole
 Current Kinetic           2331.76271865 Kcal/mole
 Lattice Lengths           30.09872627     30.09872627     30.09872627
 Lattice Angles            90.00000000     90.00000000     90.00000000
 Frame Number                     58
 Coordinate File             liquid-e080-v100.arc

 Instantaneous Values for Frame Saved at     29500 Dynamics Steps

 Current Time                59.00000000 Picosecond
 Current Potential        -8073.15603228 Kcal/mole
 Current Kinetic           2407.40816419 Kcal/mole
 Lattice Lengths           30.02891541     30.02891541     30.02891541
 Lattice Angles            90.00000000     90.00000000     90.00000000
 Frame Number                     59
 Coordinate File             liquid-e080-v100.arc

 Instantaneous Values for Frame Saved at     30000 Dynamics Steps

 Current Time                60.00000000 Picosecond
 Current Potential        -8106.23505961 Kcal/mole
 Current Kinetic           2393.30987534 Kcal/mole
 Lattice Lengths           29.95747757     29.95747757     29.95747757
 Lattice Angles            90.00000000     90.00000000     90.00000000
 Frame Number                     60
 Coordinate File             liquid-e080-v100.arc

 Instantaneous Values for Frame Saved at     30500 Dynamics Steps

 Current Time                61.00000000 Picosecond
 Current Potential        -8043.31005021 Kcal/mole
 Current Kinetic           2453.41575479 Kcal/mole
 Lattice Lengths           30.03480530     30.03480530     30.03480530
 Lattice Angles            90.00000000     90.00000000     90.00000000
 Frame Number                     61
 Coordinate File             liquid-e080-v100.arc

 Instantaneous Values for Frame Saved at     31000 Dynamics Steps

 Current Time                62.00000000 Picosecond
 Current Potential        -8000.15579648 Kcal/mole
 Current Kinetic           2350.08322588 Kcal/mole
 Lattice Lengths           30.09384346     30.09384346     30.09384346
 Lattice Angles            90.00000000     90.00000000     90.00000000
 Frame Number                     62
 Coordinate File             liquid-e080-v100.arc

 Instantaneous Values for Frame Saved at     31500 Dynamics Steps

 Current Time                63.00000000 Picosecond
 Current Potential        -8049.45901848 Kcal/mole
 Current Kinetic           2399.34265624 Kcal/mole
 Lattice Lengths           30.10425758     30.10425758     30.10425758
 Lattice Angles            90.00000000     90.00000000     90.00000000
 Frame Number                     63
 Coordinate File             liquid-e080-v100.arc

 Instantaneous Values for Frame Saved at     32000 Dynamics Steps

 Current Time                64.00000000 Picosecond
 Current Potential        -8095.40195639 Kcal/mole
 Current Kinetic           2460.72975977 Kcal/mole
 Lattice Lengths           30.08325005     30.08325005     30.08325005
 Lattice Angles            90.00000000     90.00000000     90.00000000
 Frame Number                     64
 Coordinate File             liquid-e080-v100.arc

 Instantaneous Values for Frame Saved at     32500 Dynamics Steps

 Current Time                65.00000000 Picosecond
 Current Potential        -8001.02749480 Kcal/mole
 Current Kinetic           2410.45825085 Kcal/mole
 Lattice Lengths           30.12386513     30.12386513     30.12386513
 Lattice Angles            90.00000000     90.00000000     90.00000000
 Frame Number                     65
 Coordinate File             liquid-e080-v100.arc

 Instantaneous Values for Frame Saved at     33000 Dynamics Steps

 Current Time                66.00000000 Picosecond
 Current Potential        -8046.80549947 Kcal/mole
 Current Kinetic           2370.53527520 Kcal/mole
 Lattice Lengths           30.07103539     30.07103539     30.07103539
 Lattice Angles            90.00000000     90.00000000     90.00000000
 Frame Number                     66
 Coordinate File             liquid-e080-v100.arc

 Instantaneous Values for Frame Saved at     33500 Dynamics Steps

 Current Time                67.00000000 Picosecond
 Current Potential        -8063.04502640 Kcal/mole
 Current Kinetic           2353.06184298 Kcal/mole
 Lattice Lengths           30.06093025     30.06093025     30.06093025
 Lattice Angles            90.00000000     90.00000000     90.00000000
 Frame Number                     67
 Coordinate File             liquid-e080-v100.arc

 Instantaneous Values for Frame Saved at     34000 Dynamics Steps

 Current Time                68.00000000 Picosecond
 Current Potential        -8181.70045013 Kcal/mole
 Current Kinetic           2340.50845014 Kcal/mole
 Lattice Lengths           29.98051643     29.98051643     29.98051643
 Lattice Angles            90.00000000     90.00000000     90.00000000
 Frame Number                     68
 Coordinate File             liquid-e080-v100.arc

 Instantaneous Values for Frame Saved at     34500 Dynamics Steps

 Current Time                69.00000000 Picosecond
 Current Potential        -8126.78548616 Kcal/mole
 Current Kinetic           2333.85192870 Kcal/mole
 Lattice Lengths           29.94132996     29.94132996     29.94132996
 Lattice Angles            90.00000000     90.00000000     90.00000000
 Frame Number                     69
 Coordinate File             liquid-e080-v100.arc

 Instantaneous Values for Frame Saved at     35000 Dynamics Steps

 Current Time                70.00000000 Picosecond
 Current Potential        -8070.66281733 Kcal/mole
 Current Kinetic           2343.92864304 Kcal/mole
 Lattice Lengths           29.87539291     29.87539291     29.87539291
 Lattice Angles            90.00000000     90.00000000     90.00000000
 Frame Number                     70
 Coordinate File             liquid-e080-v100.arc

 Instantaneous Values for Frame Saved at     35500 Dynamics Steps

 Current Time                71.00000000 Picosecond
 Current Potential        -8098.61996148 Kcal/mole
 Current Kinetic           2387.32583202 Kcal/mole
 Lattice Lengths           29.95149994     29.95149994     29.95149994
 Lattice Angles            90.00000000     90.00000000     90.00000000
 Frame Number                     71
 Coordinate File             liquid-e080-v100.arc

 Instantaneous Values for Frame Saved at     36000 Dynamics Steps

 Current Time                72.00000000 Picosecond
 Current Potential        -8142.20816436 Kcal/mole
 Current Kinetic           2358.67956623 Kcal/mole
 Lattice Lengths           29.88850212     29.88850212     29.88850212
 Lattice Angles            90.00000000     90.00000000     90.00000000
 Frame Number                     72
 Coordinate File             liquid-e080-v100.arc

 Instantaneous Values for Frame Saved at     36500 Dynamics Steps

 Current Time                73.00000000 Picosecond
 Current Potential        -8044.39680801 Kcal/mole
 Current Kinetic           2371.45713350 Kcal/mole
 Lattice Lengths           29.97823143     29.97823143     29.97823143
 Lattice Angles            90.00000000     90.00000000     90.00000000
 Frame Number                     73
 Coordinate File             liquid-e080-v100.arc

 Instantaneous Values for Frame Saved at     37000 Dynamics Steps

 Current Time                74.00000000 Picosecond
 Current Potential        -8138.45592051 Kcal/mole
 Current Kinetic           2418.30498988 Kcal/mole
 Lattice Lengths           30.01249504     30.01249504     30.01249504
 Lattice Angles            90.00000000     90.00000000     90.00000000
 Frame Number                     74
 Coordinate File             liquid-e080-v100.arc

 Instantaneous Values for Frame Saved at     37500 Dynamics Steps

 Current Time                75.00000000 Picosecond
 Current Potential        -8178.17734443 Kcal/mole
 Current Kinetic           2426.80265355 Kcal/mole
 Lattice Lengths           29.99912643     29.99912643     29.99912643
 Lattice Angles            90.00000000     90.00000000     90.00000000
 Frame Number                     75
 Coordinate File             liquid-e080-v100.arc

 Instantaneous Values for Frame Saved at     38000 Dynamics Steps

 Current Time                76.00000000 Picosecond
 Current Potential        -8060.54902210 Kcal/mole
 Current Kinetic           2380.24722860 Kcal/mole
 Lattice Lengths           29.99948120     29.99948120     29.99948120
 Lattice Angles            90.00000000     90.00000000     90.00000000
 Frame Number                     76
 Coordinate File             liquid-e080-v100.arc

 Instantaneous Values for Frame Saved at     38500 Dynamics Steps

 Current Time                77.00000000 Picosecond
 Current Potential        -7999.80396007 Kcal/mole
 Current Kinetic           2368.64321035 Kcal/mole
 Lattice Lengths           29.93643951     29.93643951     29.93643951
 Lattice Angles            90.00000000     90.00000000     90.00000000
 Frame Number                     77
 Coordinate File             liquid-e080-v100.arc

 Instantaneous Values for Frame Saved at     39000 Dynamics Steps

 Current Time                78.00000000 Picosecond
 Current Potential        -8063.65613933 Kcal/mole
 Current Kinetic           2440.73764936 Kcal/mole
 Lattice Lengths           29.89393234     29.89393234     29.89393234
 Lattice Angles            90.00000000     90.00000000     90.00000000
 Frame Number                     78
 Coordinate File             liquid-e080-v100.arc

 Instantaneous Values for Frame Saved at     39500 Dynamics Steps

 Current Time                79.00000000 Picosecond
 Current Potential        -8119.68762523 Kcal/mole
 Current Kinetic           2402.65391391 Kcal/mole
 Lattice Lengths           29.77888680     29.77888680     29.77888680
 Lattice Angles            90.00000000     90.00000000     90.00000000
 Frame Number                     79
 Coordinate File             liquid-e080-v100.arc

 Instantaneous Values for Frame Saved at     40000 Dynamics Steps

 Current Time                80.00000000 Picosecond
 Current Potential        -8094.25789438 Kcal/mole
 Current Kinetic           2412.11165701 Kcal/mole
 Lattice Lengths           29.87236404     29.87236404     29.87236404
 Lattice Angles            90.00000000     90.00000000     90.00000000
 Frame Number                     80
 Coordinate File             liquid-e080-v100.arc

 Instantaneous Values for Frame Saved at     40500 Dynamics Steps

 Current Time                81.00000000 Picosecond
 Current Potential        -7998.86432970 Kcal/mole
 Current Kinetic           2408.02975456 Kcal/mole
 Lattice Lengths           29.87623978     29.87623978     29.87623978
 Lattice Angles            90.00000000     90.00000000     90.00000000
 Frame Number                     81
 Coordinate File             liquid-e080-v100.arc

 Instantaneous Values for Frame Saved at     41000 Dynamics Steps

 Current Time                82.00000000 Picosecond
 Current Potential        -8147.91789525 Kcal/mole
 Current Kinetic           2382.78084083 Kcal/mole
 Lattice Lengths           29.92791367     29.92791367     29.92791367
 Lattice Angles            90.00000000     90.00000000     90.00000000
 Frame Number                     82
 Coordinate File             liquid-e080-v100.arc

 Instantaneous Values for Frame Saved at     41500 Dynamics Steps

 Current Time                83.00000000 Picosecond
 Current Potential        -8137.65097602 Kcal/mole
 Current Kinetic           2378.09110116 Kcal/mole
 Lattice Lengths           29.95182800     29.95182800     29.95182800
 Lattice Angles            90.00000000     90.00000000     90.00000000
 Frame Number                     83
 Coordinate File             liquid-e080-v100.arc

 Instantaneous Values for Frame Saved at     42000 Dynamics Steps

 Current Time                84.00000000 Picosecond
 Current Potential        -8094.03555433 Kcal/mole
 Current Kinetic           2345.81040697 Kcal/mole
 Lattice Lengths           29.89472961     29.89472961     29.89472961
 Lattice Angles            90.00000000     90.00000000     90.00000000
 Frame Number                     84
 Coordinate File             liquid-e080-v100.arc

 Instantaneous Values for Frame Saved at     42500 Dynamics Steps

 Current Time                85.00000000 Picosecond
 Current Potential        -8040.21978365 Kcal/mole
 Current Kinetic           2472.92476649 Kcal/mole
 Lattice Lengths           29.88782310     29.88782310     29.88782310
 Lattice Angles            90.00000000     90.00000000     90.00000000
 Frame Number                     85
 Coordinate File             liquid-e080-v100.arc

 Instantaneous Values for Frame Saved at     43000 Dynamics Steps

 Current Time                86.00000000 Picosecond
 Current Potential        -8057.68505523 Kcal/mole
 Current Kinetic           2435.06887478 Kcal/mole
 Lattice Lengths           30.03413963     30.03413963     30.03413963
 Lattice Angles            90.00000000     90.00000000     90.00000000
 Frame Number                     86
 Coordinate File             liquid-e080-v100.arc

 Instantaneous Values for Frame Saved at     43500 Dynamics Steps

 Current Time                87.00000000 Picosecond
 Current Potential        -7986.60364272 Kcal/mole
 Current Kinetic           2419.72877857 Kcal/mole
 Lattice Lengths           30.00480461     30.00480461     30.00480461
 Lattice Angles            90.00000000     90.00000000     90.00000000
 Frame Number                     87
 Coordinate File             liquid-e080-v100.arc

 Instantaneous Values for Frame Saved at     44000 Dynamics Steps

 Current Time                88.00000000 Picosecond
 Current Potential        -8029.75431608 Kcal/mole
 Current Kinetic           2463.51716595 Kcal/mole
 Lattice Lengths           30.10138321     30.10138321     30.10138321
 Lattice Angles            90.00000000     90.00000000     90.00000000
 Frame Number                     88
 Coordinate File             liquid-e080-v100.arc

 Instantaneous Values for Frame Saved at     44500 Dynamics Steps

 Current Time                89.00000000 Picosecond
 Current Potential        -8084.15884539 Kcal/mole
 Current Kinetic           2403.67097931 Kcal/mole
 Lattice Lengths           30.09944344     30.09944344     30.09944344
 Lattice Angles            90.00000000     90.00000000     90.00000000
 Frame Number                     89
 Coordinate File             liquid-e080-v100.arc

 Instantaneous Values for Frame Saved at     45000 Dynamics Steps

 Current Time                90.00000000 Picosecond
 Current Potential        -8078.30294575 Kcal/mole
 Current Kinetic           2423.12378923 Kcal/mole
 Lattice Lengths           30.08110046     30.08110046     30.08110046
 Lattice Angles            90.00000000     90.00000000     90.00000000
 Frame Number                     90
 Coordinate File             liquid-e080-v100.arc

 Instantaneous Values for Frame Saved at     45500 Dynamics Steps

 Current Time                91.00000000 Picosecond
 Current Potential        -7973.25488625 Kcal/mole
 Current Kinetic           2421.22863515 Kcal/mole
 Lattice Lengths           30.08961868     30.08961868     30.08961868
 Lattice Angles            90.00000000     90.00000000     90.00000000
 Frame Number                     91
 Coordinate File             liquid-e080-v100.arc

 Instantaneous Values for Frame Saved at     46000 Dynamics Steps

 Current Time                92.00000000 Picosecond
 Current Potential        -8009.50223472 Kcal/mole
 Current Kinetic           2416.70501657 Kcal/mole
 Lattice Lengths           30.08615685     30.08615685     30.08615685
 Lattice Angles            90.00000000     90.00000000     90.00000000
 Frame Number                     92
 Coordinate File             liquid-e080-v100.arc

 Instantaneous Values for Frame Saved at     46500 Dynamics Steps

 Current Time                93.00000000 Picosecond
 Current Potential        -8019.13678811 Kcal/mole
 Current Kinetic           2425.05257414 Kcal/mole
 Lattice Lengths           30.09693146     30.09693146     30.09693146
 Lattice Angles            90.00000000     90.00000000     90.00000000
 Frame Number                     93
 Coordinate File             liquid-e080-v100.arc

 Instantaneous Values for Frame Saved at     47000 Dynamics Steps

 Current Time                94.00000000 Picosecond
 Current Potential        -8010.42087602 Kcal/mole
 Current Kinetic           2423.21564160 Kcal/mole
 Lattice Lengths           30.02268600     30.02268600     30.02268600
 Lattice Angles            90.00000000     90.00000000     90.00000000
 Frame Number                     94
 Coordinate File             liquid-e080-v100.arc

 Instantaneous Values for Frame Saved at     47500 Dynamics Steps

 Current Time                95.00000000 Picosecond
 Current Potential        -7986.40378675 Kcal/mole
 Current Kinetic           2361.43972295 Kcal/mole
 Lattice Lengths           30.13637924     30.13637924     30.13637924
 Lattice Angles            90.00000000     90.00000000     90.00000000
 Frame Number                     95
 Coordinate File             liquid-e080-v100.arc

 Instantaneous Values for Frame Saved at     48000 Dynamics Steps

 Current Time                96.00000000 Picosecond
 Current Potential        -8075.56539225 Kcal/mole
 Current Kinetic           2355.44709477 Kcal/mole
 Lattice Lengths           30.15795135     30.15795135     30.15795135
 Lattice Angles            90.00000000     90.00000000     90.00000000
 Frame Number                     96
 Coordinate File             liquid-e080-v100.arc

 Instantaneous Values for Frame Saved at     48500 Dynamics Steps

 Current Time                97.00000000 Picosecond
 Current Potential        -8183.09270964 Kcal/mole
 Current Kinetic           2397.03770945 Kcal/mole
 Lattice Lengths           30.19056511     30.19056511     30.19056511
 Lattice Angles            90.00000000     90.00000000     90.00000000
 Frame Number                     97
 Coordinate File             liquid-e080-v100.arc

 Instantaneous Values for Frame Saved at     49000 Dynamics Steps

 Current Time                98.00000000 Picosecond
 Current Potential        -8005.26195459 Kcal/mole
 Current Kinetic           2362.48691363 Kcal/mole
 Lattice Lengths           30.14158249     30.14158249     30.14158249
 Lattice Angles            90.00000000     90.00000000     90.00000000
 Frame Number                     98
 Coordinate File             liquid-e080-v100.arc

 Instantaneous Values for Frame Saved at     49500 Dynamics Steps

 Current Time                99.00000000 Picosecond
 Current Potential        -8033.22808036 Kcal/mole
 Current Kinetic           2419.46079689 Kcal/mole
 Lattice Lengths           30.13569641     30.13569641     30.13569641
 Lattice Angles            90.00000000     90.00000000     90.00000000
 Frame Number                     99
 Coordinate File             liquid-e080-v100.arc

 Instantaneous Values for Frame Saved at     50000 Dynamics Steps

 Current Time               100.00000000 Picosecond
 Current Potential        -8018.37423386 Kcal/mole
 Current Kinetic           2364.41931833 Kcal/mole
 Lattice Lengths           30.16415596     30.16415596     30.16415596
 Lattice Angles            90.00000000     90.00000000     90.00000000
 Frame Number                    100
 Coordinate File             liquid-e080-v100.arc

 Performance:  ns/day              43.0987
               Wall Time          200.4699
               Steps                 50000
               Updates                 100
               Time Step            2.0000
               Atoms                  2695
