
     ######################################################################    
   ##########################################################################  
  ###                                                                      ### 
 ###            Tinker9  --  Software Tools for Molecular Design            ###
 ##                                                                          ##
 ##                      Version 1.0.0-rc  January 2021                      ##
 ##                                                                          ##
 ##                 Copyright (c)  Zhi Wang & the Ponder Lab                 ##
 ###                           All Rights Reserved                          ###
  ###                                                                      ### 
   ##########################################################################  
     ######################################################################    

 Compiled at:  16:36:30  Sep 10 2021
 Commit Date:  Mon Aug 16 01:28:23 2021 -0500
 Commit:       b78a5351

 Primary GPU package :  CUDA

 GPU Device :  Setting Device ID to 0 from GPU utilization
 Molecular Dynamics Trajectory via r-RESPA MTS Algorithm

 Free Energy Perturbation :          1.000 Lambda for Torsional Angles
 Free Energy Perturbation :          0.450 Lambda for van der Waals
 Free Energy Perturbation :          0.000 Lambda for Electrostatics

 Instantaneous Values for Frame Saved at       500 Dynamics Steps

 Current Time                 1.00000000 Picosecond
 Current Potential        -6606.40002886 Kcal/mole
 Current Kinetic           2746.67187559 Kcal/mole
 Lattice Lengths           30.09260559     30.09260559     30.09260559
 Lattice Angles            90.00000000     90.00000000     90.00000000
 Frame Number                      1
 Coordinate File             liquid-e000-v045.arc

 Instantaneous Values for Frame Saved at      1000 Dynamics Steps

 Current Time                 2.00000000 Picosecond
 Current Potential        -7257.62767405 Kcal/mole
 Current Kinetic           2502.80639356 Kcal/mole
 Lattice Lengths           30.15026855     30.15026855     30.15026855
 Lattice Angles            90.00000000     90.00000000     90.00000000
 Frame Number                      2
 Coordinate File             liquid-e000-v045.arc

 Instantaneous Values for Frame Saved at      1500 Dynamics Steps

 Current Time                 3.00000000 Picosecond
 Current Potential        -7353.89248753 Kcal/mole
 Current Kinetic           2440.21475864 Kcal/mole
 Lattice Lengths           30.25192642     30.25192642     30.25192642
 Lattice Angles            90.00000000     90.00000000     90.00000000
 Frame Number                      3
 Coordinate File             liquid-e000-v045.arc

 Instantaneous Values for Frame Saved at      2000 Dynamics Steps

 Current Time                 4.00000000 Picosecond
 Current Potential        -7494.08672752 Kcal/mole
 Current Kinetic           2461.15925566 Kcal/mole
 Lattice Lengths           30.23620796     30.23620796     30.23620796
 Lattice Angles            90.00000000     90.00000000     90.00000000
 Frame Number                      4
 Coordinate File             liquid-e000-v045.arc

 Instantaneous Values for Frame Saved at      2500 Dynamics Steps

 Current Time                 5.00000000 Picosecond
 Current Potential        -7577.94702893 Kcal/mole
 Current Kinetic           2460.05305439 Kcal/mole
 Lattice Lengths           30.19544792     30.19544792     30.19544792
 Lattice Angles            90.00000000     90.00000000     90.00000000
 Frame Number                      5
 Coordinate File             liquid-e000-v045.arc

 Instantaneous Values for Frame Saved at      3000 Dynamics Steps

 Current Time                 6.00000000 Picosecond
 Current Potential        -7588.64153375 Kcal/mole
 Current Kinetic           2394.91369571 Kcal/mole
 Lattice Lengths           30.20125198     30.20125198     30.20125198
 Lattice Angles            90.00000000     90.00000000     90.00000000
 Frame Number                      6
 Coordinate File             liquid-e000-v045.arc

 Instantaneous Values for Frame Saved at      3500 Dynamics Steps

 Current Time                 7.00000000 Picosecond
 Current Potential        -7676.60638741 Kcal/mole
 Current Kinetic           2352.89188954 Kcal/mole
 Lattice Lengths           30.06577873     30.06577873     30.06577873
 Lattice Angles            90.00000000     90.00000000     90.00000000
 Frame Number                      7
 Coordinate File             liquid-e000-v045.arc

 Instantaneous Values for Frame Saved at      4000 Dynamics Steps

 Current Time                 8.00000000 Picosecond
 Current Potential        -7756.28467733 Kcal/mole
 Current Kinetic           2396.32751096 Kcal/mole
 Lattice Lengths           30.01726913     30.01726913     30.01726913
 Lattice Angles            90.00000000     90.00000000     90.00000000
 Frame Number                      8
 Coordinate File             liquid-e000-v045.arc

 Instantaneous Values for Frame Saved at      4500 Dynamics Steps

 Current Time                 9.00000000 Picosecond
 Current Potential        -7794.20979940 Kcal/mole
 Current Kinetic           2399.90183673 Kcal/mole
 Lattice Lengths           29.99006462     29.99006462     29.99006462
 Lattice Angles            90.00000000     90.00000000     90.00000000
 Frame Number                      9
 Coordinate File             liquid-e000-v045.arc

 Instantaneous Values for Frame Saved at      5000 Dynamics Steps

 Current Time                10.00000000 Picosecond
 Current Potential        -7811.36565831 Kcal/mole
 Current Kinetic           2408.06141279 Kcal/mole
 Lattice Lengths           30.06654167     30.06654167     30.06654167
 Lattice Angles            90.00000000     90.00000000     90.00000000
 Frame Number                     10
 Coordinate File             liquid-e000-v045.arc

 Instantaneous Values for Frame Saved at      5500 Dynamics Steps

 Current Time                11.00000000 Picosecond
 Current Potential        -7786.41909613 Kcal/mole
 Current Kinetic           2360.40608592 Kcal/mole
 Lattice Lengths           30.05793571     30.05793571     30.05793571
 Lattice Angles            90.00000000     90.00000000     90.00000000
 Frame Number                     11
 Coordinate File             liquid-e000-v045.arc

 Instantaneous Values for Frame Saved at      6000 Dynamics Steps

 Current Time                12.00000000 Picosecond
 Current Potential        -7766.83829211 Kcal/mole
 Current Kinetic           2404.70236983 Kcal/mole
 Lattice Lengths           29.96121216     29.96121216     29.96121216
 Lattice Angles            90.00000000     90.00000000     90.00000000
 Frame Number                     12
 Coordinate File             liquid-e000-v045.arc

 Instantaneous Values for Frame Saved at      6500 Dynamics Steps

 Current Time                13.00000000 Picosecond
 Current Potential        -7760.47682742 Kcal/mole
 Current Kinetic           2409.54296012 Kcal/mole
 Lattice Lengths           29.94437599     29.94437599     29.94437599
 Lattice Angles            90.00000000     90.00000000     90.00000000
 Frame Number                     13
 Coordinate File             liquid-e000-v045.arc

 Instantaneous Values for Frame Saved at      7000 Dynamics Steps

 Current Time                14.00000000 Picosecond
 Current Potential        -7787.41548188 Kcal/mole
 Current Kinetic           2343.66473236 Kcal/mole
 Lattice Lengths           29.98376846     29.98376846     29.98376846
 Lattice Angles            90.00000000     90.00000000     90.00000000
 Frame Number                     14
 Coordinate File             liquid-e000-v045.arc

 Instantaneous Values for Frame Saved at      7500 Dynamics Steps

 Current Time                15.00000000 Picosecond
 Current Potential        -7873.03784936 Kcal/mole
 Current Kinetic           2473.88502678 Kcal/mole
 Lattice Lengths           30.02064514     30.02064514     30.02064514
 Lattice Angles            90.00000000     90.00000000     90.00000000
 Frame Number                     15
 Coordinate File             liquid-e000-v045.arc

 Instantaneous Values for Frame Saved at      8000 Dynamics Steps

 Current Time                16.00000000 Picosecond
 Current Potential        -7976.62374027 Kcal/mole
 Current Kinetic           2423.78689039 Kcal/mole
 Lattice Lengths           30.06413269     30.06413269     30.06413269
 Lattice Angles            90.00000000     90.00000000     90.00000000
 Frame Number                     16
 Coordinate File             liquid-e000-v045.arc

 Instantaneous Values for Frame Saved at      8500 Dynamics Steps

 Current Time                17.00000000 Picosecond
 Current Potential        -8032.23954494 Kcal/mole
 Current Kinetic           2417.60340771 Kcal/mole
 Lattice Lengths           30.01634598     30.01634598     30.01634598
 Lattice Angles            90.00000000     90.00000000     90.00000000
 Frame Number                     17
 Coordinate File             liquid-e000-v045.arc

 Instantaneous Values for Frame Saved at      9000 Dynamics Steps

 Current Time                18.00000000 Picosecond
 Current Potential        -8001.42324356 Kcal/mole
 Current Kinetic           2396.54019834 Kcal/mole
 Lattice Lengths           30.02787399     30.02787399     30.02787399
 Lattice Angles            90.00000000     90.00000000     90.00000000
 Frame Number                     18
 Coordinate File             liquid-e000-v045.arc

 Instantaneous Values for Frame Saved at      9500 Dynamics Steps

 Current Time                19.00000000 Picosecond
 Current Potential        -7894.37511865 Kcal/mole
 Current Kinetic           2412.36048339 Kcal/mole
 Lattice Lengths           30.00864792     30.00864792     30.00864792
 Lattice Angles            90.00000000     90.00000000     90.00000000
 Frame Number                     19
 Coordinate File             liquid-e000-v045.arc

 Instantaneous Values for Frame Saved at     10000 Dynamics Steps

 Current Time                20.00000000 Picosecond
 Current Potential        -7970.43998031 Kcal/mole
 Current Kinetic           2329.64661436 Kcal/mole
 Lattice Lengths           30.12753487     30.12753487     30.12753487
 Lattice Angles            90.00000000     90.00000000     90.00000000
 Frame Number                     20
 Coordinate File             liquid-e000-v045.arc

 Instantaneous Values for Frame Saved at     10500 Dynamics Steps

 Current Time                21.00000000 Picosecond
 Current Potential        -7998.91373295 Kcal/mole
 Current Kinetic           2400.78941959 Kcal/mole
 Lattice Lengths           29.91845131     29.91845131     29.91845131
 Lattice Angles            90.00000000     90.00000000     90.00000000
 Frame Number                     21
 Coordinate File             liquid-e000-v045.arc

 Instantaneous Values for Frame Saved at     11000 Dynamics Steps

 Current Time                22.00000000 Picosecond
 Current Potential        -7994.18056422 Kcal/mole
 Current Kinetic           2400.02065825 Kcal/mole
 Lattice Lengths           29.95512581     29.95512581     29.95512581
 Lattice Angles            90.00000000     90.00000000     90.00000000
 Frame Number                     22
 Coordinate File             liquid-e000-v045.arc

 Instantaneous Values for Frame Saved at     11500 Dynamics Steps

 Current Time                23.00000000 Picosecond
 Current Potential        -7978.80405812 Kcal/mole
 Current Kinetic           2440.47787888 Kcal/mole
 Lattice Lengths           29.99877548     29.99877548     29.99877548
 Lattice Angles            90.00000000     90.00000000     90.00000000
 Frame Number                     23
 Coordinate File             liquid-e000-v045.arc

 Instantaneous Values for Frame Saved at     12000 Dynamics Steps

 Current Time                24.00000000 Picosecond
 Current Potential        -7995.54837912 Kcal/mole
 Current Kinetic           2402.80494052 Kcal/mole
 Lattice Lengths           30.09895325     30.09895325     30.09895325
 Lattice Angles            90.00000000     90.00000000     90.00000000
 Frame Number                     24
 Coordinate File             liquid-e000-v045.arc

 Instantaneous Values for Frame Saved at     12500 Dynamics Steps

 Current Time                25.00000000 Picosecond
 Current Potential        -7874.33262553 Kcal/mole
 Current Kinetic           2432.83825157 Kcal/mole
 Lattice Lengths           29.99510384     29.99510384     29.99510384
 Lattice Angles            90.00000000     90.00000000     90.00000000
 Frame Number                     25
 Coordinate File             liquid-e000-v045.arc

 Instantaneous Values for Frame Saved at     13000 Dynamics Steps

 Current Time                26.00000000 Picosecond
 Current Potential        -7987.72467019 Kcal/mole
 Current Kinetic           2400.70007599 Kcal/mole
 Lattice Lengths           30.01620483     30.01620483     30.01620483
 Lattice Angles            90.00000000     90.00000000     90.00000000
 Frame Number                     26
 Coordinate File             liquid-e000-v045.arc

 Instantaneous Values for Frame Saved at     13500 Dynamics Steps

 Current Time                27.00000000 Picosecond
 Current Potential        -7951.77861154 Kcal/mole
 Current Kinetic           2410.00618193 Kcal/mole
 Lattice Lengths           29.91950226     29.91950226     29.91950226
 Lattice Angles            90.00000000     90.00000000     90.00000000
 Frame Number                     27
 Coordinate File             liquid-e000-v045.arc

 Instantaneous Values for Frame Saved at     14000 Dynamics Steps

 Current Time                28.00000000 Picosecond
 Current Potential        -8075.67116082 Kcal/mole
 Current Kinetic           2457.75804987 Kcal/mole
 Lattice Lengths           29.93175888     29.93175888     29.93175888
 Lattice Angles            90.00000000     90.00000000     90.00000000
 Frame Number                     28
 Coordinate File             liquid-e000-v045.arc

 Instantaneous Values for Frame Saved at     14500 Dynamics Steps

 Current Time                29.00000000 Picosecond
 Current Potential        -8008.08851490 Kcal/mole
 Current Kinetic           2465.27142190 Kcal/mole
 Lattice Lengths           29.76440048     29.76440048     29.76440048
 Lattice Angles            90.00000000     90.00000000     90.00000000
 Frame Number                     29
 Coordinate File             liquid-e000-v045.arc

 Instantaneous Values for Frame Saved at     15000 Dynamics Steps

 Current Time                30.00000000 Picosecond
 Current Potential        -8014.22331412 Kcal/mole
 Current Kinetic           2446.41979901 Kcal/mole
 Lattice Lengths           29.73233604     29.73233604     29.73233604
 Lattice Angles            90.00000000     90.00000000     90.00000000
 Frame Number                     30
 Coordinate File             liquid-e000-v045.arc

 Instantaneous Values for Frame Saved at     15500 Dynamics Steps

 Current Time                31.00000000 Picosecond
 Current Potential        -8015.42152414 Kcal/mole
 Current Kinetic           2491.46856398 Kcal/mole
 Lattice Lengths           29.85255241     29.85255241     29.85255241
 Lattice Angles            90.00000000     90.00000000     90.00000000
 Frame Number                     31
 Coordinate File             liquid-e000-v045.arc

 Instantaneous Values for Frame Saved at     16000 Dynamics Steps

 Current Time                32.00000000 Picosecond
 Current Potential        -7957.90235058 Kcal/mole
 Current Kinetic           2469.82792722 Kcal/mole
 Lattice Lengths           29.94668388     29.94668388     29.94668388
 Lattice Angles            90.00000000     90.00000000     90.00000000
 Frame Number                     32
 Coordinate File             liquid-e000-v045.arc

 Instantaneous Values for Frame Saved at     16500 Dynamics Steps

 Current Time                33.00000000 Picosecond
 Current Potential        -7980.36346445 Kcal/mole
 Current Kinetic           2483.30678708 Kcal/mole
 Lattice Lengths           29.99182129     29.99182129     29.99182129
 Lattice Angles            90.00000000     90.00000000     90.00000000
 Frame Number                     33
 Coordinate File             liquid-e000-v045.arc

 Instantaneous Values for Frame Saved at     17000 Dynamics Steps

 Current Time                34.00000000 Picosecond
 Current Potential        -7970.37633807 Kcal/mole
 Current Kinetic           2328.70900514 Kcal/mole
 Lattice Lengths           29.96649361     29.96649361     29.96649361
 Lattice Angles            90.00000000     90.00000000     90.00000000
 Frame Number                     34
 Coordinate File             liquid-e000-v045.arc

 Instantaneous Values for Frame Saved at     17500 Dynamics Steps

 Current Time                35.00000000 Picosecond
 Current Potential        -7979.24714121 Kcal/mole
 Current Kinetic           2382.79717094 Kcal/mole
 Lattice Lengths           30.09394836     30.09394836     30.09394836
 Lattice Angles            90.00000000     90.00000000     90.00000000
 Frame Number                     35
 Coordinate File             liquid-e000-v045.arc

 Instantaneous Values for Frame Saved at     18000 Dynamics Steps

 Current Time                36.00000000 Picosecond
 Current Potential        -7871.83511000 Kcal/mole
 Current Kinetic           2399.54741197 Kcal/mole
 Lattice Lengths           30.10681725     30.10681725     30.10681725
 Lattice Angles            90.00000000     90.00000000     90.00000000
 Frame Number                     36
 Coordinate File             liquid-e000-v045.arc

 Instantaneous Values for Frame Saved at     18500 Dynamics Steps

 Current Time                37.00000000 Picosecond
 Current Potential        -7998.37999930 Kcal/mole
 Current Kinetic           2421.07714787 Kcal/mole
 Lattice Lengths           30.07123756     30.07123756     30.07123756
 Lattice Angles            90.00000000     90.00000000     90.00000000
 Frame Number                     37
 Coordinate File             liquid-e000-v045.arc

 Instantaneous Values for Frame Saved at     19000 Dynamics Steps

 Current Time                38.00000000 Picosecond
 Current Potential        -7956.92683472 Kcal/mole
 Current Kinetic           2472.82439463 Kcal/mole
 Lattice Lengths           30.09241676     30.09241676     30.09241676
 Lattice Angles            90.00000000     90.00000000     90.00000000
 Frame Number                     38
 Coordinate File             liquid-e000-v045.arc

 Instantaneous Values for Frame Saved at     19500 Dynamics Steps

 Current Time                39.00000000 Picosecond
 Current Potential        -7945.87615756 Kcal/mole
 Current Kinetic           2422.20430054 Kcal/mole
 Lattice Lengths           29.94473457     29.94473457     29.94473457
 Lattice Angles            90.00000000     90.00000000     90.00000000
 Frame Number                     39
 Coordinate File             liquid-e000-v045.arc

 Instantaneous Values for Frame Saved at     20000 Dynamics Steps

 Current Time                40.00000000 Picosecond
 Current Potential        -7920.85482746 Kcal/mole
 Current Kinetic           2406.63446305 Kcal/mole
 Lattice Lengths           29.94004822     29.94004822     29.94004822
 Lattice Angles            90.00000000     90.00000000     90.00000000
 Frame Number                     40
 Coordinate File             liquid-e000-v045.arc

 Instantaneous Values for Frame Saved at     20500 Dynamics Steps

 Current Time                41.00000000 Picosecond
 Current Potential        -8003.39836539 Kcal/mole
 Current Kinetic           2365.55954048 Kcal/mole
 Lattice Lengths           29.89830780     29.89830780     29.89830780
 Lattice Angles            90.00000000     90.00000000     90.00000000
 Frame Number                     41
 Coordinate File             liquid-e000-v045.arc

 Instantaneous Values for Frame Saved at     21000 Dynamics Steps

 Current Time                42.00000000 Picosecond
 Current Potential        -7984.16110283 Kcal/mole
 Current Kinetic           2404.85849886 Kcal/mole
 Lattice Lengths           29.92083168     29.92083168     29.92083168
 Lattice Angles            90.00000000     90.00000000     90.00000000
 Frame Number                     42
 Coordinate File             liquid-e000-v045.arc

 Instantaneous Values for Frame Saved at     21500 Dynamics Steps

 Current Time                43.00000000 Picosecond
 Current Potential        -8014.45616631 Kcal/mole
 Current Kinetic           2454.57210221 Kcal/mole
 Lattice Lengths           30.00339699     30.00339699     30.00339699
 Lattice Angles            90.00000000     90.00000000     90.00000000
 Frame Number                     43
 Coordinate File             liquid-e000-v045.arc

 Instantaneous Values for Frame Saved at     22000 Dynamics Steps

 Current Time                44.00000000 Picosecond
 Current Potential        -8082.89027886 Kcal/mole
 Current Kinetic           2440.12086812 Kcal/mole
 Lattice Lengths           29.97821808     29.97821808     29.97821808
 Lattice Angles            90.00000000     90.00000000     90.00000000
 Frame Number                     44
 Coordinate File             liquid-e000-v045.arc

 Instantaneous Values for Frame Saved at     22500 Dynamics Steps

 Current Time                45.00000000 Picosecond
 Current Potential        -8038.42107480 Kcal/mole
 Current Kinetic           2420.55225990 Kcal/mole
 Lattice Lengths           30.00720596     30.00720596     30.00720596
 Lattice Angles            90.00000000     90.00000000     90.00000000
 Frame Number                     45
 Coordinate File             liquid-e000-v045.arc

 Instantaneous Values for Frame Saved at     23000 Dynamics Steps

 Current Time                46.00000000 Picosecond
 Current Potential        -8027.97950895 Kcal/mole
 Current Kinetic           2377.10562350 Kcal/mole
 Lattice Lengths           29.98125267     29.98125267     29.98125267
 Lattice Angles            90.00000000     90.00000000     90.00000000
 Frame Number                     46
 Coordinate File             liquid-e000-v045.arc

 Instantaneous Values for Frame Saved at     23500 Dynamics Steps

 Current Time                47.00000000 Picosecond
 Current Potential        -8011.03622225 Kcal/mole
 Current Kinetic           2391.95898715 Kcal/mole
 Lattice Lengths           30.04571342     30.04571342     30.04571342
 Lattice Angles            90.00000000     90.00000000     90.00000000
 Frame Number                     47
 Coordinate File             liquid-e000-v045.arc

 Instantaneous Values for Frame Saved at     24000 Dynamics Steps

 Current Time                48.00000000 Picosecond
 Current Potential        -8016.05280763 Kcal/mole
 Current Kinetic           2383.23322775 Kcal/mole
 Lattice Lengths           29.93797684     29.93797684     29.93797684
 Lattice Angles            90.00000000     90.00000000     90.00000000
 Frame Number                     48
 Coordinate File             liquid-e000-v045.arc

 Instantaneous Values for Frame Saved at     24500 Dynamics Steps

 Current Time                49.00000000 Picosecond
 Current Potential        -8043.20811452 Kcal/mole
 Current Kinetic           2471.89070191 Kcal/mole
 Lattice Lengths           29.93514442     29.93514442     29.93514442
 Lattice Angles            90.00000000     90.00000000     90.00000000
 Frame Number                     49
 Coordinate File             liquid-e000-v045.arc

 Instantaneous Values for Frame Saved at     25000 Dynamics Steps

 Current Time                50.00000000 Picosecond
 Current Potential        -7899.32266916 Kcal/mole
 Current Kinetic           2402.15714135 Kcal/mole
 Lattice Lengths           29.94257164     29.94257164     29.94257164
 Lattice Angles            90.00000000     90.00000000     90.00000000
 Frame Number                     50
 Coordinate File             liquid-e000-v045.arc

 Instantaneous Values for Frame Saved at     25500 Dynamics Steps

 Current Time                51.00000000 Picosecond
 Current Potential        -8006.93293089 Kcal/mole
 Current Kinetic           2393.63628567 Kcal/mole
 Lattice Lengths           29.99656296     29.99656296     29.99656296
 Lattice Angles            90.00000000     90.00000000     90.00000000
 Frame Number                     51
 Coordinate File             liquid-e000-v045.arc

 Instantaneous Values for Frame Saved at     26000 Dynamics Steps

 Current Time                52.00000000 Picosecond
 Current Potential        -7871.79390951 Kcal/mole
 Current Kinetic           2420.70836508 Kcal/mole
 Lattice Lengths           30.06402969     30.06402969     30.06402969
 Lattice Angles            90.00000000     90.00000000     90.00000000
 Frame Number                     52
 Coordinate File             liquid-e000-v045.arc

 Instantaneous Values for Frame Saved at     26500 Dynamics Steps

 Current Time                53.00000000 Picosecond
 Current Potential        -7990.96815626 Kcal/mole
 Current Kinetic           2402.16174952 Kcal/mole
 Lattice Lengths           29.97393227     29.97393227     29.97393227
 Lattice Angles            90.00000000     90.00000000     90.00000000
 Frame Number                     53
 Coordinate File             liquid-e000-v045.arc

 Instantaneous Values for Frame Saved at     27000 Dynamics Steps

 Current Time                54.00000000 Picosecond
 Current Potential        -8014.36845227 Kcal/mole
 Current Kinetic           2357.86921217 Kcal/mole
 Lattice Lengths           29.89511871     29.89511871     29.89511871
 Lattice Angles            90.00000000     90.00000000     90.00000000
 Frame Number                     54
 Coordinate File             liquid-e000-v045.arc

 Instantaneous Values for Frame Saved at     27500 Dynamics Steps

 Current Time                55.00000000 Picosecond
 Current Potential        -8039.15671854 Kcal/mole
 Current Kinetic           2470.02882053 Kcal/mole
 Lattice Lengths           29.83813667     29.83813667     29.83813667
 Lattice Angles            90.00000000     90.00000000     90.00000000
 Frame Number                     55
 Coordinate File             liquid-e000-v045.arc

 Instantaneous Values for Frame Saved at     28000 Dynamics Steps

 Current Time                56.00000000 Picosecond
 Current Potential        -8001.40770753 Kcal/mole
 Current Kinetic           2403.22162614 Kcal/mole
 Lattice Lengths           29.96533775     29.96533775     29.96533775
 Lattice Angles            90.00000000     90.00000000     90.00000000
 Frame Number                     56
 Coordinate File             liquid-e000-v045.arc

 Instantaneous Values for Frame Saved at     28500 Dynamics Steps

 Current Time                57.00000000 Picosecond
 Current Potential        -8059.28157849 Kcal/mole
 Current Kinetic           2470.35059785 Kcal/mole
 Lattice Lengths           29.94035339     29.94035339     29.94035339
 Lattice Angles            90.00000000     90.00000000     90.00000000
 Frame Number                     57
 Coordinate File             liquid-e000-v045.arc

 Instantaneous Values for Frame Saved at     29000 Dynamics Steps

 Current Time                58.00000000 Picosecond
 Current Potential        -7998.38526865 Kcal/mole
 Current Kinetic           2449.52263057 Kcal/mole
 Lattice Lengths           30.03541756     30.03541756     30.03541756
 Lattice Angles            90.00000000     90.00000000     90.00000000
 Frame Number                     58
 Coordinate File             liquid-e000-v045.arc

 Instantaneous Values for Frame Saved at     29500 Dynamics Steps

 Current Time                59.00000000 Picosecond
 Current Potential        -7982.90847848 Kcal/mole
 Current Kinetic           2378.08802565 Kcal/mole
 Lattice Lengths           30.07194710     30.07194710     30.07194710
 Lattice Angles            90.00000000     90.00000000     90.00000000
 Frame Number                     59
 Coordinate File             liquid-e000-v045.arc

 Instantaneous Values for Frame Saved at     30000 Dynamics Steps

 Current Time                60.00000000 Picosecond
 Current Potential        -7962.67573640 Kcal/mole
 Current Kinetic           2370.77038096 Kcal/mole
 Lattice Lengths           29.93295860     29.93295860     29.93295860
 Lattice Angles            90.00000000     90.00000000     90.00000000
 Frame Number                     60
 Coordinate File             liquid-e000-v045.arc

 Instantaneous Values for Frame Saved at     30500 Dynamics Steps

 Current Time                61.00000000 Picosecond
 Current Potential        -7963.38151606 Kcal/mole
 Current Kinetic           2444.54146901 Kcal/mole
 Lattice Lengths           30.00569725     30.00569725     30.00569725
 Lattice Angles            90.00000000     90.00000000     90.00000000
 Frame Number                     61
 Coordinate File             liquid-e000-v045.arc

 Instantaneous Values for Frame Saved at     31000 Dynamics Steps

 Current Time                62.00000000 Picosecond
 Current Potential        -7993.14682329 Kcal/mole
 Current Kinetic           2393.22600331 Kcal/mole
 Lattice Lengths           30.01927948     30.01927948     30.01927948
 Lattice Angles            90.00000000     90.00000000     90.00000000
 Frame Number                     62
 Coordinate File             liquid-e000-v045.arc

 Instantaneous Values for Frame Saved at     31500 Dynamics Steps

 Current Time                63.00000000 Picosecond
 Current Potential        -8028.42390770 Kcal/mole
 Current Kinetic           2407.06071633 Kcal/mole
 Lattice Lengths           30.10998535     30.10998535     30.10998535
 Lattice Angles            90.00000000     90.00000000     90.00000000
 Frame Number                     63
 Coordinate File             liquid-e000-v045.arc

 Instantaneous Values for Frame Saved at     32000 Dynamics Steps

 Current Time                64.00000000 Picosecond
 Current Potential        -8058.46869046 Kcal/mole
 Current Kinetic           2401.90244255 Kcal/mole
 Lattice Lengths           30.10515785     30.10515785     30.10515785
 Lattice Angles            90.00000000     90.00000000     90.00000000
 Frame Number                     64
 Coordinate File             liquid-e000-v045.arc

 Instantaneous Values for Frame Saved at     32500 Dynamics Steps

 Current Time                65.00000000 Picosecond
 Current Potential        -8021.79826303 Kcal/mole
 Current Kinetic           2422.09142633 Kcal/mole
 Lattice Lengths           30.05439186     30.05439186     30.05439186
 Lattice Angles            90.00000000     90.00000000     90.00000000
 Frame Number                     65
 Coordinate File             liquid-e000-v045.arc

 Instantaneous Values for Frame Saved at     33000 Dynamics Steps

 Current Time                66.00000000 Picosecond
 Current Potential        -8004.89631574 Kcal/mole
 Current Kinetic           2378.89840121 Kcal/mole
 Lattice Lengths           30.00761032     30.00761032     30.00761032
 Lattice Angles            90.00000000     90.00000000     90.00000000
 Frame Number                     66
 Coordinate File             liquid-e000-v045.arc

 Instantaneous Values for Frame Saved at     33500 Dynamics Steps

 Current Time                67.00000000 Picosecond
 Current Potential        -7973.63871227 Kcal/mole
 Current Kinetic           2344.01573335 Kcal/mole
 Lattice Lengths           30.01817322     30.01817322     30.01817322
 Lattice Angles            90.00000000     90.00000000     90.00000000
 Frame Number                     67
 Coordinate File             liquid-e000-v045.arc

 Instantaneous Values for Frame Saved at     34000 Dynamics Steps

 Current Time                68.00000000 Picosecond
 Current Potential        -8119.11610433 Kcal/mole
 Current Kinetic           2386.42397371 Kcal/mole
 Lattice Lengths           29.96201706     29.96201706     29.96201706
 Lattice Angles            90.00000000     90.00000000     90.00000000
 Frame Number                     68
 Coordinate File             liquid-e000-v045.arc

 Instantaneous Values for Frame Saved at     34500 Dynamics Steps

 Current Time                69.00000000 Picosecond
 Current Potential        -8129.05036858 Kcal/mole
 Current Kinetic           2372.96914787 Kcal/mole
 Lattice Lengths           29.92731285     29.92731285     29.92731285
 Lattice Angles            90.00000000     90.00000000     90.00000000
 Frame Number                     69
 Coordinate File             liquid-e000-v045.arc

 Instantaneous Values for Frame Saved at     35000 Dynamics Steps

 Current Time                70.00000000 Picosecond
 Current Potential        -8025.86094718 Kcal/mole
 Current Kinetic           2338.32753800 Kcal/mole
 Lattice Lengths           29.86514664     29.86514664     29.86514664
 Lattice Angles            90.00000000     90.00000000     90.00000000
 Frame Number                     70
 Coordinate File             liquid-e000-v045.arc

 Instantaneous Values for Frame Saved at     35500 Dynamics Steps

 Current Time                71.00000000 Picosecond
 Current Potential        -8091.55527233 Kcal/mole
 Current Kinetic           2415.47164413 Kcal/mole
 Lattice Lengths           29.95631409     29.95631409     29.95631409
 Lattice Angles            90.00000000     90.00000000     90.00000000
 Frame Number                     71
 Coordinate File             liquid-e000-v045.arc

 Instantaneous Values for Frame Saved at     36000 Dynamics Steps

 Current Time                72.00000000 Picosecond
 Current Potential        -8054.38179714 Kcal/mole
 Current Kinetic           2334.41247432 Kcal/mole
 Lattice Lengths           29.91049957     29.91049957     29.91049957
 Lattice Angles            90.00000000     90.00000000     90.00000000
 Frame Number                     72
 Coordinate File             liquid-e000-v045.arc

 Instantaneous Values for Frame Saved at     36500 Dynamics Steps

 Current Time                73.00000000 Picosecond
 Current Potential        -7992.57885971 Kcal/mole
 Current Kinetic           2388.33421437 Kcal/mole
 Lattice Lengths           29.99490738     29.99490738     29.99490738
 Lattice Angles            90.00000000     90.00000000     90.00000000
 Frame Number                     73
 Coordinate File             liquid-e000-v045.arc

 Instantaneous Values for Frame Saved at     37000 Dynamics Steps

 Current Time                74.00000000 Picosecond
 Current Potential        -8001.08144124 Kcal/mole
 Current Kinetic           2371.48638748 Kcal/mole
 Lattice Lengths           30.15466118     30.15466118     30.15466118
 Lattice Angles            90.00000000     90.00000000     90.00000000
 Frame Number                     74
 Coordinate File             liquid-e000-v045.arc

 Instantaneous Values for Frame Saved at     37500 Dynamics Steps

 Current Time                75.00000000 Picosecond
 Current Potential        -8040.04460081 Kcal/mole
 Current Kinetic           2395.41258348 Kcal/mole
 Lattice Lengths           30.14160919     30.14160919     30.14160919
 Lattice Angles            90.00000000     90.00000000     90.00000000
 Frame Number                     75
 Coordinate File             liquid-e000-v045.arc

 Instantaneous Values for Frame Saved at     38000 Dynamics Steps

 Current Time                76.00000000 Picosecond
 Current Potential        -8008.47050205 Kcal/mole
 Current Kinetic           2435.37577066 Kcal/mole
 Lattice Lengths           30.11381531     30.11381531     30.11381531
 Lattice Angles            90.00000000     90.00000000     90.00000000
 Frame Number                     76
 Coordinate File             liquid-e000-v045.arc

 Instantaneous Values for Frame Saved at     38500 Dynamics Steps

 Current Time                77.00000000 Picosecond
 Current Potential        -7885.35398464 Kcal/mole
 Current Kinetic           2370.91901513 Kcal/mole
 Lattice Lengths           30.05206871     30.05206871     30.05206871
 Lattice Angles            90.00000000     90.00000000     90.00000000
 Frame Number                     77
 Coordinate File             liquid-e000-v045.arc

 Instantaneous Values for Frame Saved at     39000 Dynamics Steps

 Current Time                78.00000000 Picosecond
 Current Potential        -7944.32803667 Kcal/mole
 Current Kinetic           2428.29665236 Kcal/mole
 Lattice Lengths           29.95213890     29.95213890     29.95213890
 Lattice Angles            90.00000000     90.00000000     90.00000000
 Frame Number                     78
 Coordinate File             liquid-e000-v045.arc

 Instantaneous Values for Frame Saved at     39500 Dynamics Steps

 Current Time                79.00000000 Picosecond
 Current Potential        -7956.51452298 Kcal/mole
 Current Kinetic           2391.26440731 Kcal/mole
 Lattice Lengths           29.82664299     29.82664299     29.82664299
 Lattice Angles            90.00000000     90.00000000     90.00000000
 Frame Number                     79
 Coordinate File             liquid-e000-v045.arc

 Instantaneous Values for Frame Saved at     40000 Dynamics Steps

 Current Time                80.00000000 Picosecond
 Current Potential        -7953.07630217 Kcal/mole
 Current Kinetic           2408.69918825 Kcal/mole
 Lattice Lengths           29.82649231     29.82649231     29.82649231
 Lattice Angles            90.00000000     90.00000000     90.00000000
 Frame Number                     80
 Coordinate File             liquid-e000-v045.arc

 Instantaneous Values for Frame Saved at     40500 Dynamics Steps

 Current Time                81.00000000 Picosecond
 Current Potential        -7947.53784984 Kcal/mole
 Current Kinetic           2458.82104638 Kcal/mole
 Lattice Lengths           29.89588737     29.89588737     29.89588737
 Lattice Angles            90.00000000     90.00000000     90.00000000
 Frame Number                     81
 Coordinate File             liquid-e000-v045.arc

 Instantaneous Values for Frame Saved at     41000 Dynamics Steps

 Current Time                82.00000000 Picosecond
 Current Potential        -8072.82378537 Kcal/mole
 Current Kinetic           2434.98473940 Kcal/mole
 Lattice Lengths           29.95703697     29.95703697     29.95703697
 Lattice Angles            90.00000000     90.00000000     90.00000000
 Frame Number                     82
 Coordinate File             liquid-e000-v045.arc

 Instantaneous Values for Frame Saved at     41500 Dynamics Steps

 Current Time                83.00000000 Picosecond
 Current Potential        -7931.57855485 Kcal/mole
 Current Kinetic           2310.83645193 Kcal/mole
 Lattice Lengths           29.88336563     29.88336563     29.88336563
 Lattice Angles            90.00000000     90.00000000     90.00000000
 Frame Number                     83
 Coordinate File             liquid-e000-v045.arc

 Instantaneous Values for Frame Saved at     42000 Dynamics Steps

 Current Time                84.00000000 Picosecond
 Current Potential        -8063.10399861 Kcal/mole
 Current Kinetic           2442.04631669 Kcal/mole
 Lattice Lengths           29.84967613     29.84967613     29.84967613
 Lattice Angles            90.00000000     90.00000000     90.00000000
 Frame Number                     84
 Coordinate File             liquid-e000-v045.arc

 Instantaneous Values for Frame Saved at     42500 Dynamics Steps

 Current Time                85.00000000 Picosecond
 Current Potential        -7984.36356365 Kcal/mole
 Current Kinetic           2512.36497759 Kcal/mole
 Lattice Lengths           29.86719131     29.86719131     29.86719131
 Lattice Angles            90.00000000     90.00000000     90.00000000
 Frame Number                     85
 Coordinate File             liquid-e000-v045.arc

 Instantaneous Values for Frame Saved at     43000 Dynamics Steps

 Current Time                86.00000000 Picosecond
 Current Potential        -7924.52576484 Kcal/mole
 Current Kinetic           2401.68782519 Kcal/mole
 Lattice Lengths           30.03021431     30.03021431     30.03021431
 Lattice Angles            90.00000000     90.00000000     90.00000000
 Frame Number                     86
 Coordinate File             liquid-e000-v045.arc

 Instantaneous Values for Frame Saved at     43500 Dynamics Steps

 Current Time                87.00000000 Picosecond
 Current Potential        -7963.93196961 Kcal/mole
 Current Kinetic           2455.56243736 Kcal/mole
 Lattice Lengths           29.96458054     29.96458054     29.96458054
 Lattice Angles            90.00000000     90.00000000     90.00000000
 Frame Number                     87
 Coordinate File             liquid-e000-v045.arc

 Instantaneous Values for Frame Saved at     44000 Dynamics Steps

 Current Time                88.00000000 Picosecond
 Current Potential        -7928.38153320 Kcal/mole
 Current Kinetic           2414.77564575 Kcal/mole
 Lattice Lengths           30.10079193     30.10079193     30.10079193
 Lattice Angles            90.00000000     90.00000000     90.00000000
 Frame Number                     88
 Coordinate File             liquid-e000-v045.arc

 Instantaneous Values for Frame Saved at     44500 Dynamics Steps

 Current Time                89.00000000 Picosecond
 Current Potential        -7972.82543150 Kcal/mole
 Current Kinetic           2399.31044528 Kcal/mole
 Lattice Lengths           30.14613152     30.14613152     30.14613152
 Lattice Angles            90.00000000     90.00000000     90.00000000
 Frame Number                     89
 Coordinate File             liquid-e000-v045.arc

 Instantaneous Values for Frame Saved at     45000 Dynamics Steps

 Current Time                90.00000000 Picosecond
 Current Potential        -7996.10896729 Kcal/mole
 Current Kinetic           2440.64265266 Kcal/mole
 Lattice Lengths           30.09955215     30.09955215     30.09955215
 Lattice Angles            90.00000000     90.00000000     90.00000000
 Frame Number                     90
 Coordinate File             liquid-e000-v045.arc

 Instantaneous Values for Frame Saved at     45500 Dynamics Steps

 Current Time                91.00000000 Picosecond
 Current Potential        -7927.48205248 Kcal/mole
 Current Kinetic           2387.64189539 Kcal/mole
 Lattice Lengths           30.10517311     30.10517311     30.10517311
 Lattice Angles            90.00000000     90.00000000     90.00000000
 Frame Number                     91
 Coordinate File             liquid-e000-v045.arc

 Instantaneous Values for Frame Saved at     46000 Dynamics Steps

 Current Time                92.00000000 Picosecond
 Current Potential        -7906.57597330 Kcal/mole
 Current Kinetic           2392.53863105 Kcal/mole
 Lattice Lengths           30.10760117     30.10760117     30.10760117
 Lattice Angles            90.00000000     90.00000000     90.00000000
 Frame Number                     92
 Coordinate File             liquid-e000-v045.arc

 Instantaneous Values for Frame Saved at     46500 Dynamics Steps

 Current Time                93.00000000 Picosecond
 Current Potential        -7997.69650114 Kcal/mole
 Current Kinetic           2438.45804593 Kcal/mole
 Lattice Lengths           30.11684799     30.11684799     30.11684799
 Lattice Angles            90.00000000     90.00000000     90.00000000
 Frame Number                     93
 Coordinate File             liquid-e000-v045.arc

 Instantaneous Values for Frame Saved at     47000 Dynamics Steps

 Current Time                94.00000000 Picosecond
 Current Potential        -8000.45225239 Kcal/mole
 Current Kinetic           2432.07929714 Kcal/mole
 Lattice Lengths           30.07482910     30.07482910     30.07482910
 Lattice Angles            90.00000000     90.00000000     90.00000000
 Frame Number                     94
 Coordinate File             liquid-e000-v045.arc

 Instantaneous Values for Frame Saved at     47500 Dynamics Steps

 Current Time                95.00000000 Picosecond
 Current Potential        -7938.66600329 Kcal/mole
 Current Kinetic           2367.19569289 Kcal/mole
 Lattice Lengths           30.09564018     30.09564018     30.09564018
 Lattice Angles            90.00000000     90.00000000     90.00000000
 Frame Number                     95
 Coordinate File             liquid-e000-v045.arc

 Instantaneous Values for Frame Saved at     48000 Dynamics Steps

 Current Time                96.00000000 Picosecond
 Current Potential        -8051.95688571 Kcal/mole
 Current Kinetic           2385.58289696 Kcal/mole
 Lattice Lengths           30.04810143     30.04810143     30.04810143
 Lattice Angles            90.00000000     90.00000000     90.00000000
 Frame Number                     96
 Coordinate File             liquid-e000-v045.arc

 Instantaneous Values for Frame Saved at     48500 Dynamics Steps

 Current Time                97.00000000 Picosecond
 Current Potential        -8093.16383931 Kcal/mole
 Current Kinetic           2344.99127260 Kcal/mole
 Lattice Lengths           30.06534004     30.06534004     30.06534004
 Lattice Angles            90.00000000     90.00000000     90.00000000
 Frame Number                     97
 Coordinate File             liquid-e000-v045.arc

 Instantaneous Values for Frame Saved at     49000 Dynamics Steps

 Current Time                98.00000000 Picosecond
 Current Potential        -8138.81911649 Kcal/mole
 Current Kinetic           2445.06350925 Kcal/mole
 Lattice Lengths           30.07426071     30.07426071     30.07426071
 Lattice Angles            90.00000000     90.00000000     90.00000000
 Frame Number                     98
 Coordinate File             liquid-e000-v045.arc

 Instantaneous Values for Frame Saved at     49500 Dynamics Steps

 Current Time                99.00000000 Picosecond
 Current Potential        -8058.26678694 Kcal/mole
 Current Kinetic           2393.39183205 Kcal/mole
 Lattice Lengths           30.14963913     30.14963913     30.14963913
 Lattice Angles            90.00000000     90.00000000     90.00000000
 Frame Number                     99
 Coordinate File             liquid-e000-v045.arc

 Instantaneous Values for Frame Saved at     50000 Dynamics Steps

 Current Time               100.00000000 Picosecond
 Current Potential        -8041.80042282 Kcal/mole
 Current Kinetic           2369.46519742 Kcal/mole
 Lattice Lengths           30.18504524     30.18504524     30.18504524
 Lattice Angles            90.00000000     90.00000000     90.00000000
 Frame Number                    100
 Coordinate File             liquid-e000-v045.arc

 Performance:  ns/day              92.8217
               Wall Time           93.0817
               Steps                 50000
               Updates                 100
               Time Step            2.0000
               Atoms                  2695
