
     ######################################################################    
   ##########################################################################  
  ###                                                                      ### 
 ###            Tinker9  --  Software Tools for Molecular Design            ###
 ##                                                                          ##
 ##                      Version 1.0.0-rc  January 2021                      ##
 ##                                                                          ##
 ##                 Copyright (c)  Zhi Wang & the Ponder Lab                 ##
 ###                           All Rights Reserved                          ###
  ###                                                                      ### 
   ##########################################################################  
     ######################################################################    

 Compiled at:  16:36:30  Sep 10 2021
 Commit Date:  Mon Aug 16 01:28:23 2021 -0500
 Commit:       b78a5351

 Primary GPU package :  CUDA

 GPU Device :  Setting Device ID to 0 from GPU utilization
 Molecular Dynamics Trajectory via r-RESPA MTS Algorithm

 Free Energy Perturbation :          1.000 Lambda for Torsional Angles
 Free Energy Perturbation :          0.000 Lambda for van der Waals
 Free Energy Perturbation :          0.000 Lambda for Electrostatics

 Instantaneous Values for Frame Saved at       500 Dynamics Steps

 Current Time                 1.00000000 Picosecond
 Current Potential        -6534.32379712 Kcal/mole
 Current Kinetic           2777.94877253 Kcal/mole
 Lattice Lengths           30.40457344     30.40457344     30.40457344
 Lattice Angles            90.00000000     90.00000000     90.00000000
 Frame Number                      1
 Coordinate File             liquid-e000-v000.arc

 Instantaneous Values for Frame Saved at      1000 Dynamics Steps

 Current Time                 2.00000000 Picosecond
 Current Potential        -7088.16546171 Kcal/mole
 Current Kinetic           2471.34850419 Kcal/mole
 Lattice Lengths           30.45114517     30.45114517     30.45114517
 Lattice Angles            90.00000000     90.00000000     90.00000000
 Frame Number                      2
 Coordinate File             liquid-e000-v000.arc

 Instantaneous Values for Frame Saved at      1500 Dynamics Steps

 Current Time                 3.00000000 Picosecond
 Current Potential        -7281.42969049 Kcal/mole
 Current Kinetic           2454.85553154 Kcal/mole
 Lattice Lengths           30.43285942     30.43285942     30.43285942
 Lattice Angles            90.00000000     90.00000000     90.00000000
 Frame Number                      3
 Coordinate File             liquid-e000-v000.arc

 Instantaneous Values for Frame Saved at      2000 Dynamics Steps

 Current Time                 4.00000000 Picosecond
 Current Potential        -7431.90273223 Kcal/mole
 Current Kinetic           2431.18152701 Kcal/mole
 Lattice Lengths           30.35047150     30.35047150     30.35047150
 Lattice Angles            90.00000000     90.00000000     90.00000000
 Frame Number                      4
 Coordinate File             liquid-e000-v000.arc

 Instantaneous Values for Frame Saved at      2500 Dynamics Steps

 Current Time                 5.00000000 Picosecond
 Current Potential        -7638.92666799 Kcal/mole
 Current Kinetic           2381.52438765 Kcal/mole
 Lattice Lengths           30.27655983     30.27655983     30.27655983
 Lattice Angles            90.00000000     90.00000000     90.00000000
 Frame Number                      5
 Coordinate File             liquid-e000-v000.arc

 Instantaneous Values for Frame Saved at      3000 Dynamics Steps

 Current Time                 6.00000000 Picosecond
 Current Potential        -7543.01091770 Kcal/mole
 Current Kinetic           2401.43362573 Kcal/mole
 Lattice Lengths           30.19091797     30.19091797     30.19091797
 Lattice Angles            90.00000000     90.00000000     90.00000000
 Frame Number                      6
 Coordinate File             liquid-e000-v000.arc

 Instantaneous Values for Frame Saved at      3500 Dynamics Steps

 Current Time                 7.00000000 Picosecond
 Current Potential        -7729.70613768 Kcal/mole
 Current Kinetic           2442.19830976 Kcal/mole
 Lattice Lengths           30.17489052     30.17489052     30.17489052
 Lattice Angles            90.00000000     90.00000000     90.00000000
 Frame Number                      7
 Coordinate File             liquid-e000-v000.arc

 Instantaneous Values for Frame Saved at      4000 Dynamics Steps

 Current Time                 8.00000000 Picosecond
 Current Potential        -7735.85582719 Kcal/mole
 Current Kinetic           2441.54725888 Kcal/mole
 Lattice Lengths           30.12037086     30.12037086     30.12037086
 Lattice Angles            90.00000000     90.00000000     90.00000000
 Frame Number                      8
 Coordinate File             liquid-e000-v000.arc

 Instantaneous Values for Frame Saved at      4500 Dynamics Steps

 Current Time                 9.00000000 Picosecond
 Current Potential        -7744.46413865 Kcal/mole
 Current Kinetic           2501.04376210 Kcal/mole
 Lattice Lengths           30.09439468     30.09439468     30.09439468
 Lattice Angles            90.00000000     90.00000000     90.00000000
 Frame Number                      9
 Coordinate File             liquid-e000-v000.arc

 Instantaneous Values for Frame Saved at      5000 Dynamics Steps

 Current Time                10.00000000 Picosecond
 Current Potential        -7751.99398596 Kcal/mole
 Current Kinetic           2439.40698083 Kcal/mole
 Lattice Lengths           30.01667595     30.01667595     30.01667595
 Lattice Angles            90.00000000     90.00000000     90.00000000
 Frame Number                     10
 Coordinate File             liquid-e000-v000.arc

 Instantaneous Values for Frame Saved at      5500 Dynamics Steps

 Current Time                11.00000000 Picosecond
 Current Potential        -7793.11579379 Kcal/mole
 Current Kinetic           2427.19894360 Kcal/mole
 Lattice Lengths           30.02434349     30.02434349     30.02434349
 Lattice Angles            90.00000000     90.00000000     90.00000000
 Frame Number                     11
 Coordinate File             liquid-e000-v000.arc

 Instantaneous Values for Frame Saved at      6000 Dynamics Steps

 Current Time                12.00000000 Picosecond
 Current Potential        -7788.20380728 Kcal/mole
 Current Kinetic           2452.09007718 Kcal/mole
 Lattice Lengths           30.01859093     30.01859093     30.01859093
 Lattice Angles            90.00000000     90.00000000     90.00000000
 Frame Number                     12
 Coordinate File             liquid-e000-v000.arc

 Instantaneous Values for Frame Saved at      6500 Dynamics Steps

 Current Time                13.00000000 Picosecond
 Current Potential        -7811.51783131 Kcal/mole
 Current Kinetic           2449.28608963 Kcal/mole
 Lattice Lengths           30.05650330     30.05650330     30.05650330
 Lattice Angles            90.00000000     90.00000000     90.00000000
 Frame Number                     13
 Coordinate File             liquid-e000-v000.arc

 Instantaneous Values for Frame Saved at      7000 Dynamics Steps

 Current Time                14.00000000 Picosecond
 Current Potential        -7822.62321051 Kcal/mole
 Current Kinetic           2354.16676275 Kcal/mole
 Lattice Lengths           30.06389999     30.06389999     30.06389999
 Lattice Angles            90.00000000     90.00000000     90.00000000
 Frame Number                     14
 Coordinate File             liquid-e000-v000.arc

 Instantaneous Values for Frame Saved at      7500 Dynamics Steps

 Current Time                15.00000000 Picosecond
 Current Potential        -7849.38444081 Kcal/mole
 Current Kinetic           2377.26710573 Kcal/mole
 Lattice Lengths           30.02828217     30.02828217     30.02828217
 Lattice Angles            90.00000000     90.00000000     90.00000000
 Frame Number                     15
 Coordinate File             liquid-e000-v000.arc

 Instantaneous Values for Frame Saved at      8000 Dynamics Steps

 Current Time                16.00000000 Picosecond
 Current Potential        -7828.51083076 Kcal/mole
 Current Kinetic           2404.87658816 Kcal/mole
 Lattice Lengths           30.06398392     30.06398392     30.06398392
 Lattice Angles            90.00000000     90.00000000     90.00000000
 Frame Number                     16
 Coordinate File             liquid-e000-v000.arc

 Instantaneous Values for Frame Saved at      8500 Dynamics Steps

 Current Time                17.00000000 Picosecond
 Current Potential        -7883.53457835 Kcal/mole
 Current Kinetic           2435.70394952 Kcal/mole
 Lattice Lengths           30.03885269     30.03885269     30.03885269
 Lattice Angles            90.00000000     90.00000000     90.00000000
 Frame Number                     17
 Coordinate File             liquid-e000-v000.arc

 Instantaneous Values for Frame Saved at      9000 Dynamics Steps

 Current Time                18.00000000 Picosecond
 Current Potential        -7960.78904706 Kcal/mole
 Current Kinetic           2439.90406710 Kcal/mole
 Lattice Lengths           30.02030945     30.02030945     30.02030945
 Lattice Angles            90.00000000     90.00000000     90.00000000
 Frame Number                     18
 Coordinate File             liquid-e000-v000.arc

 Instantaneous Values for Frame Saved at      9500 Dynamics Steps

 Current Time                19.00000000 Picosecond
 Current Potential        -7920.77911161 Kcal/mole
 Current Kinetic           2436.66201231 Kcal/mole
 Lattice Lengths           29.99373436     29.99373436     29.99373436
 Lattice Angles            90.00000000     90.00000000     90.00000000
 Frame Number                     19
 Coordinate File             liquid-e000-v000.arc

 Instantaneous Values for Frame Saved at     10000 Dynamics Steps

 Current Time                20.00000000 Picosecond
 Current Potential        -7945.51624052 Kcal/mole
 Current Kinetic           2373.65252926 Kcal/mole
 Lattice Lengths           29.99909210     29.99909210     29.99909210
 Lattice Angles            90.00000000     90.00000000     90.00000000
 Frame Number                     20
 Coordinate File             liquid-e000-v000.arc

 Instantaneous Values for Frame Saved at     10500 Dynamics Steps

 Current Time                21.00000000 Picosecond
 Current Potential        -7949.45891594 Kcal/mole
 Current Kinetic           2431.13733694 Kcal/mole
 Lattice Lengths           29.99916649     29.99916649     29.99916649
 Lattice Angles            90.00000000     90.00000000     90.00000000
 Frame Number                     21
 Coordinate File             liquid-e000-v000.arc

 Instantaneous Values for Frame Saved at     11000 Dynamics Steps

 Current Time                22.00000000 Picosecond
 Current Potential        -7850.29523534 Kcal/mole
 Current Kinetic           2363.35170277 Kcal/mole
 Lattice Lengths           29.93971062     29.93971062     29.93971062
 Lattice Angles            90.00000000     90.00000000     90.00000000
 Frame Number                     22
 Coordinate File             liquid-e000-v000.arc

 Instantaneous Values for Frame Saved at     11500 Dynamics Steps

 Current Time                23.00000000 Picosecond
 Current Potential        -8001.22424883 Kcal/mole
 Current Kinetic           2512.13856973 Kcal/mole
 Lattice Lengths           29.93598938     29.93598938     29.93598938
 Lattice Angles            90.00000000     90.00000000     90.00000000
 Frame Number                     23
 Coordinate File             liquid-e000-v000.arc

 Instantaneous Values for Frame Saved at     12000 Dynamics Steps

 Current Time                24.00000000 Picosecond
 Current Potential        -8023.93597243 Kcal/mole
 Current Kinetic           2392.06068113 Kcal/mole
 Lattice Lengths           29.91580200     29.91580200     29.91580200
 Lattice Angles            90.00000000     90.00000000     90.00000000
 Frame Number                     24
 Coordinate File             liquid-e000-v000.arc

 Instantaneous Values for Frame Saved at     12500 Dynamics Steps

 Current Time                25.00000000 Picosecond
 Current Potential        -7889.72418038 Kcal/mole
 Current Kinetic           2342.97743210 Kcal/mole
 Lattice Lengths           29.92746925     29.92746925     29.92746925
 Lattice Angles            90.00000000     90.00000000     90.00000000
 Frame Number                     25
 Coordinate File             liquid-e000-v000.arc

 Instantaneous Values for Frame Saved at     13000 Dynamics Steps

 Current Time                26.00000000 Picosecond
 Current Potential        -7926.76379118 Kcal/mole
 Current Kinetic           2378.02951264 Kcal/mole
 Lattice Lengths           29.83927155     29.83927155     29.83927155
 Lattice Angles            90.00000000     90.00000000     90.00000000
 Frame Number                     26
 Coordinate File             liquid-e000-v000.arc

 Instantaneous Values for Frame Saved at     13500 Dynamics Steps

 Current Time                27.00000000 Picosecond
 Current Potential        -7996.28885360 Kcal/mole
 Current Kinetic           2407.54252124 Kcal/mole
 Lattice Lengths           29.86860085     29.86860085     29.86860085
 Lattice Angles            90.00000000     90.00000000     90.00000000
 Frame Number                     27
 Coordinate File             liquid-e000-v000.arc

 Instantaneous Values for Frame Saved at     14000 Dynamics Steps

 Current Time                28.00000000 Picosecond
 Current Potential        -7917.12945415 Kcal/mole
 Current Kinetic           2426.09550704 Kcal/mole
 Lattice Lengths           29.83505821     29.83505821     29.83505821
 Lattice Angles            90.00000000     90.00000000     90.00000000
 Frame Number                     28
 Coordinate File             liquid-e000-v000.arc

 Instantaneous Values for Frame Saved at     14500 Dynamics Steps

 Current Time                29.00000000 Picosecond
 Current Potential        -7906.59406455 Kcal/mole
 Current Kinetic           2453.24605129 Kcal/mole
 Lattice Lengths           29.85332680     29.85332680     29.85332680
 Lattice Angles            90.00000000     90.00000000     90.00000000
 Frame Number                     29
 Coordinate File             liquid-e000-v000.arc

 Instantaneous Values for Frame Saved at     15000 Dynamics Steps

 Current Time                30.00000000 Picosecond
 Current Potential        -7922.73631914 Kcal/mole
 Current Kinetic           2400.70079488 Kcal/mole
 Lattice Lengths           29.84525681     29.84525681     29.84525681
 Lattice Angles            90.00000000     90.00000000     90.00000000
 Frame Number                     30
 Coordinate File             liquid-e000-v000.arc

 Instantaneous Values for Frame Saved at     15500 Dynamics Steps

 Current Time                31.00000000 Picosecond
 Current Potential        -7958.87834209 Kcal/mole
 Current Kinetic           2445.37119765 Kcal/mole
 Lattice Lengths           29.83852005     29.83852005     29.83852005
 Lattice Angles            90.00000000     90.00000000     90.00000000
 Frame Number                     31
 Coordinate File             liquid-e000-v000.arc

 Instantaneous Values for Frame Saved at     16000 Dynamics Steps

 Current Time                32.00000000 Picosecond
 Current Potential        -7966.31591789 Kcal/mole
 Current Kinetic           2400.41487199 Kcal/mole
 Lattice Lengths           29.86937141     29.86937141     29.86937141
 Lattice Angles            90.00000000     90.00000000     90.00000000
 Frame Number                     32
 Coordinate File             liquid-e000-v000.arc

 Instantaneous Values for Frame Saved at     16500 Dynamics Steps

 Current Time                33.00000000 Picosecond
 Current Potential        -8018.80253579 Kcal/mole
 Current Kinetic           2423.85697320 Kcal/mole
 Lattice Lengths           29.87084198     29.87084198     29.87084198
 Lattice Angles            90.00000000     90.00000000     90.00000000
 Frame Number                     33
 Coordinate File             liquid-e000-v000.arc

 Instantaneous Values for Frame Saved at     17000 Dynamics Steps

 Current Time                34.00000000 Picosecond
 Current Potential        -8103.83001397 Kcal/mole
 Current Kinetic           2422.15980129 Kcal/mole
 Lattice Lengths           29.85786438     29.85786438     29.85786438
 Lattice Angles            90.00000000     90.00000000     90.00000000
 Frame Number                     34
 Coordinate File             liquid-e000-v000.arc

 Instantaneous Values for Frame Saved at     17500 Dynamics Steps

 Current Time                35.00000000 Picosecond
 Current Potential        -8062.80966627 Kcal/mole
 Current Kinetic           2380.23732228 Kcal/mole
 Lattice Lengths           29.89629364     29.89629364     29.89629364
 Lattice Angles            90.00000000     90.00000000     90.00000000
 Frame Number                     35
 Coordinate File             liquid-e000-v000.arc

 Instantaneous Values for Frame Saved at     18000 Dynamics Steps

 Current Time                36.00000000 Picosecond
 Current Potential        -8020.71866074 Kcal/mole
 Current Kinetic           2420.53203726 Kcal/mole
 Lattice Lengths           29.94310379     29.94310379     29.94310379
 Lattice Angles            90.00000000     90.00000000     90.00000000
 Frame Number                     36
 Coordinate File             liquid-e000-v000.arc

 Instantaneous Values for Frame Saved at     18500 Dynamics Steps

 Current Time                37.00000000 Picosecond
 Current Potential        -8014.04066972 Kcal/mole
 Current Kinetic           2418.51149169 Kcal/mole
 Lattice Lengths           29.99174118     29.99174118     29.99174118
 Lattice Angles            90.00000000     90.00000000     90.00000000
 Frame Number                     37
 Coordinate File             liquid-e000-v000.arc

 Instantaneous Values for Frame Saved at     19000 Dynamics Steps

 Current Time                38.00000000 Picosecond
 Current Potential        -7960.30190827 Kcal/mole
 Current Kinetic           2370.79928981 Kcal/mole
 Lattice Lengths           29.99955177     29.99955177     29.99955177
 Lattice Angles            90.00000000     90.00000000     90.00000000
 Frame Number                     38
 Coordinate File             liquid-e000-v000.arc

 Instantaneous Values for Frame Saved at     19500 Dynamics Steps

 Current Time                39.00000000 Picosecond
 Current Potential        -8027.08264246 Kcal/mole
 Current Kinetic           2401.72824077 Kcal/mole
 Lattice Lengths           30.01526833     30.01526833     30.01526833
 Lattice Angles            90.00000000     90.00000000     90.00000000
 Frame Number                     39
 Coordinate File             liquid-e000-v000.arc

 Instantaneous Values for Frame Saved at     20000 Dynamics Steps

 Current Time                40.00000000 Picosecond
 Current Potential        -7966.99600133 Kcal/mole
 Current Kinetic           2359.73078607 Kcal/mole
 Lattice Lengths           29.99530602     29.99530602     29.99530602
 Lattice Angles            90.00000000     90.00000000     90.00000000
 Frame Number                     40
 Coordinate File             liquid-e000-v000.arc

 Instantaneous Values for Frame Saved at     20500 Dynamics Steps

 Current Time                41.00000000 Picosecond
 Current Potential        -8013.06352019 Kcal/mole
 Current Kinetic           2307.78186658 Kcal/mole
 Lattice Lengths           29.95934486     29.95934486     29.95934486
 Lattice Angles            90.00000000     90.00000000     90.00000000
 Frame Number                     41
 Coordinate File             liquid-e000-v000.arc

 Instantaneous Values for Frame Saved at     21000 Dynamics Steps

 Current Time                42.00000000 Picosecond
 Current Potential        -8076.00987929 Kcal/mole
 Current Kinetic           2345.21118000 Kcal/mole
 Lattice Lengths           29.90125084     29.90125084     29.90125084
 Lattice Angles            90.00000000     90.00000000     90.00000000
 Frame Number                     42
 Coordinate File             liquid-e000-v000.arc

 Instantaneous Values for Frame Saved at     21500 Dynamics Steps

 Current Time                43.00000000 Picosecond
 Current Potential        -8105.33121939 Kcal/mole
 Current Kinetic           2421.53449661 Kcal/mole
 Lattice Lengths           29.86674500     29.86674500     29.86674500
 Lattice Angles            90.00000000     90.00000000     90.00000000
 Frame Number                     43
 Coordinate File             liquid-e000-v000.arc

 Instantaneous Values for Frame Saved at     22000 Dynamics Steps

 Current Time                44.00000000 Picosecond
 Current Potential        -7980.38928442 Kcal/mole
 Current Kinetic           2348.58781834 Kcal/mole
 Lattice Lengths           29.86993027     29.86993027     29.86993027
 Lattice Angles            90.00000000     90.00000000     90.00000000
 Frame Number                     44
 Coordinate File             liquid-e000-v000.arc

 Instantaneous Values for Frame Saved at     22500 Dynamics Steps

 Current Time                45.00000000 Picosecond
 Current Potential        -8007.54420220 Kcal/mole
 Current Kinetic           2420.78701151 Kcal/mole
 Lattice Lengths           29.87806129     29.87806129     29.87806129
 Lattice Angles            90.00000000     90.00000000     90.00000000
 Frame Number                     45
 Coordinate File             liquid-e000-v000.arc

 Instantaneous Values for Frame Saved at     23000 Dynamics Steps

 Current Time                46.00000000 Picosecond
 Current Potential        -8057.38588508 Kcal/mole
 Current Kinetic           2410.21813767 Kcal/mole
 Lattice Lengths           29.87739182     29.87739182     29.87739182
 Lattice Angles            90.00000000     90.00000000     90.00000000
 Frame Number                     46
 Coordinate File             liquid-e000-v000.arc

 Instantaneous Values for Frame Saved at     23500 Dynamics Steps

 Current Time                47.00000000 Picosecond
 Current Potential        -7977.52005379 Kcal/mole
 Current Kinetic           2325.75068974 Kcal/mole
 Lattice Lengths           29.85094452     29.85094452     29.85094452
 Lattice Angles            90.00000000     90.00000000     90.00000000
 Frame Number                     47
 Coordinate File             liquid-e000-v000.arc

 Instantaneous Values for Frame Saved at     24000 Dynamics Steps

 Current Time                48.00000000 Picosecond
 Current Potential        -8003.86559450 Kcal/mole
 Current Kinetic           2387.98797064 Kcal/mole
 Lattice Lengths           29.83581924     29.83581924     29.83581924
 Lattice Angles            90.00000000     90.00000000     90.00000000
 Frame Number                     48
 Coordinate File             liquid-e000-v000.arc

 Instantaneous Values for Frame Saved at     24500 Dynamics Steps

 Current Time                49.00000000 Picosecond
 Current Potential        -8041.30681505 Kcal/mole
 Current Kinetic           2469.39138550 Kcal/mole
 Lattice Lengths           29.88316727     29.88316727     29.88316727
 Lattice Angles            90.00000000     90.00000000     90.00000000
 Frame Number                     49
 Coordinate File             liquid-e000-v000.arc

 Instantaneous Values for Frame Saved at     25000 Dynamics Steps

 Current Time                50.00000000 Picosecond
 Current Potential        -8047.92233363 Kcal/mole
 Current Kinetic           2400.39648639 Kcal/mole
 Lattice Lengths           29.90485954     29.90485954     29.90485954
 Lattice Angles            90.00000000     90.00000000     90.00000000
 Frame Number                     50
 Coordinate File             liquid-e000-v000.arc

 Instantaneous Values for Frame Saved at     25500 Dynamics Steps

 Current Time                51.00000000 Picosecond
 Current Potential        -8050.12831662 Kcal/mole
 Current Kinetic           2365.68117791 Kcal/mole
 Lattice Lengths           29.89822006     29.89822006     29.89822006
 Lattice Angles            90.00000000     90.00000000     90.00000000
 Frame Number                     51
 Coordinate File             liquid-e000-v000.arc

 Instantaneous Values for Frame Saved at     26000 Dynamics Steps

 Current Time                52.00000000 Picosecond
 Current Potential        -8012.48714631 Kcal/mole
 Current Kinetic           2395.96624780 Kcal/mole
 Lattice Lengths           29.86631775     29.86631775     29.86631775
 Lattice Angles            90.00000000     90.00000000     90.00000000
 Frame Number                     52
 Coordinate File             liquid-e000-v000.arc

 Instantaneous Values for Frame Saved at     26500 Dynamics Steps

 Current Time                53.00000000 Picosecond
 Current Potential        -8072.89836091 Kcal/mole
 Current Kinetic           2414.17819892 Kcal/mole
 Lattice Lengths           29.87884331     29.87884331     29.87884331
 Lattice Angles            90.00000000     90.00000000     90.00000000
 Frame Number                     53
 Coordinate File             liquid-e000-v000.arc

 Instantaneous Values for Frame Saved at     27000 Dynamics Steps

 Current Time                54.00000000 Picosecond
 Current Potential        -8093.62275756 Kcal/mole
 Current Kinetic           2452.52055919 Kcal/mole
 Lattice Lengths           29.85403824     29.85403824     29.85403824
 Lattice Angles            90.00000000     90.00000000     90.00000000
 Frame Number                     54
 Coordinate File             liquid-e000-v000.arc

 Instantaneous Values for Frame Saved at     27500 Dynamics Steps

 Current Time                55.00000000 Picosecond
 Current Potential        -8090.91127172 Kcal/mole
 Current Kinetic           2372.37602117 Kcal/mole
 Lattice Lengths           29.87832260     29.87832260     29.87832260
 Lattice Angles            90.00000000     90.00000000     90.00000000
 Frame Number                     55
 Coordinate File             liquid-e000-v000.arc

 Instantaneous Values for Frame Saved at     28000 Dynamics Steps

 Current Time                56.00000000 Picosecond
 Current Potential        -8064.40757736 Kcal/mole
 Current Kinetic           2381.18500629 Kcal/mole
 Lattice Lengths           29.91005325     29.91005325     29.91005325
 Lattice Angles            90.00000000     90.00000000     90.00000000
 Frame Number                     56
 Coordinate File             liquid-e000-v000.arc

 Instantaneous Values for Frame Saved at     28500 Dynamics Steps

 Current Time                57.00000000 Picosecond
 Current Potential        -8104.33138462 Kcal/mole
 Current Kinetic           2464.78338466 Kcal/mole
 Lattice Lengths           29.96235466     29.96235466     29.96235466
 Lattice Angles            90.00000000     90.00000000     90.00000000
 Frame Number                     57
 Coordinate File             liquid-e000-v000.arc

 Instantaneous Values for Frame Saved at     29000 Dynamics Steps

 Current Time                58.00000000 Picosecond
 Current Potential        -8040.04403057 Kcal/mole
 Current Kinetic           2426.62898302 Kcal/mole
 Lattice Lengths           29.97028351     29.97028351     29.97028351
 Lattice Angles            90.00000000     90.00000000     90.00000000
 Frame Number                     58
 Coordinate File             liquid-e000-v000.arc

 Instantaneous Values for Frame Saved at     29500 Dynamics Steps

 Current Time                59.00000000 Picosecond
 Current Potential        -8110.82997733 Kcal/mole
 Current Kinetic           2406.02745697 Kcal/mole
 Lattice Lengths           29.95564842     29.95564842     29.95564842
 Lattice Angles            90.00000000     90.00000000     90.00000000
 Frame Number                     59
 Coordinate File             liquid-e000-v000.arc

 Instantaneous Values for Frame Saved at     30000 Dynamics Steps

 Current Time                60.00000000 Picosecond
 Current Potential        -8061.21511207 Kcal/mole
 Current Kinetic           2410.17791721 Kcal/mole
 Lattice Lengths           29.93761444     29.93761444     29.93761444
 Lattice Angles            90.00000000     90.00000000     90.00000000
 Frame Number                     60
 Coordinate File             liquid-e000-v000.arc

 Instantaneous Values for Frame Saved at     30500 Dynamics Steps

 Current Time                61.00000000 Picosecond
 Current Potential        -8016.81698783 Kcal/mole
 Current Kinetic           2451.97449542 Kcal/mole
 Lattice Lengths           29.97826195     29.97826195     29.97826195
 Lattice Angles            90.00000000     90.00000000     90.00000000
 Frame Number                     61
 Coordinate File             liquid-e000-v000.arc

 Instantaneous Values for Frame Saved at     31000 Dynamics Steps

 Current Time                62.00000000 Picosecond
 Current Potential        -7993.24917186 Kcal/mole
 Current Kinetic           2398.19028155 Kcal/mole
 Lattice Lengths           29.92140961     29.92140961     29.92140961
 Lattice Angles            90.00000000     90.00000000     90.00000000
 Frame Number                     62
 Coordinate File             liquid-e000-v000.arc

 Instantaneous Values for Frame Saved at     31500 Dynamics Steps

 Current Time                63.00000000 Picosecond
 Current Potential        -8036.52969253 Kcal/mole
 Current Kinetic           2456.66085851 Kcal/mole
 Lattice Lengths           29.93986511     29.93986511     29.93986511
 Lattice Angles            90.00000000     90.00000000     90.00000000
 Frame Number                     63
 Coordinate File             liquid-e000-v000.arc

 Instantaneous Values for Frame Saved at     32000 Dynamics Steps

 Current Time                64.00000000 Picosecond
 Current Potential        -8070.01973694 Kcal/mole
 Current Kinetic           2322.65960563 Kcal/mole
 Lattice Lengths           29.93143845     29.93143845     29.93143845
 Lattice Angles            90.00000000     90.00000000     90.00000000
 Frame Number                     64
 Coordinate File             liquid-e000-v000.arc

 Instantaneous Values for Frame Saved at     32500 Dynamics Steps

 Current Time                65.00000000 Picosecond
 Current Potential        -8048.09166310 Kcal/mole
 Current Kinetic           2355.62492140 Kcal/mole
 Lattice Lengths           29.97245789     29.97245789     29.97245789
 Lattice Angles            90.00000000     90.00000000     90.00000000
 Frame Number                     65
 Coordinate File             liquid-e000-v000.arc

 Instantaneous Values for Frame Saved at     33000 Dynamics Steps

 Current Time                66.00000000 Picosecond
 Current Potential        -8090.83898892 Kcal/mole
 Current Kinetic           2416.98839137 Kcal/mole
 Lattice Lengths           29.99453354     29.99453354     29.99453354
 Lattice Angles            90.00000000     90.00000000     90.00000000
 Frame Number                     66
 Coordinate File             liquid-e000-v000.arc

 Instantaneous Values for Frame Saved at     33500 Dynamics Steps

 Current Time                67.00000000 Picosecond
 Current Potential        -8120.16547158 Kcal/mole
 Current Kinetic           2402.27037884 Kcal/mole
 Lattice Lengths           30.00319290     30.00319290     30.00319290
 Lattice Angles            90.00000000     90.00000000     90.00000000
 Frame Number                     67
 Coordinate File             liquid-e000-v000.arc

 Instantaneous Values for Frame Saved at     34000 Dynamics Steps

 Current Time                68.00000000 Picosecond
 Current Potential        -8080.62394572 Kcal/mole
 Current Kinetic           2455.70747201 Kcal/mole
 Lattice Lengths           30.00062943     30.00062943     30.00062943
 Lattice Angles            90.00000000     90.00000000     90.00000000
 Frame Number                     68
 Coordinate File             liquid-e000-v000.arc

 Instantaneous Values for Frame Saved at     34500 Dynamics Steps

 Current Time                69.00000000 Picosecond
 Current Potential        -8044.02031850 Kcal/mole
 Current Kinetic           2430.92281230 Kcal/mole
 Lattice Lengths           30.01442337     30.01442337     30.01442337
 Lattice Angles            90.00000000     90.00000000     90.00000000
 Frame Number                     69
 Coordinate File             liquid-e000-v000.arc

 Instantaneous Values for Frame Saved at     35000 Dynamics Steps

 Current Time                70.00000000 Picosecond
 Current Potential        -7995.17376348 Kcal/mole
 Current Kinetic           2441.84193189 Kcal/mole
 Lattice Lengths           29.97977638     29.97977638     29.97977638
 Lattice Angles            90.00000000     90.00000000     90.00000000
 Frame Number                     70
 Coordinate File             liquid-e000-v000.arc

 Instantaneous Values for Frame Saved at     35500 Dynamics Steps

 Current Time                71.00000000 Picosecond
 Current Potential        -7970.02579131 Kcal/mole
 Current Kinetic           2351.39450845 Kcal/mole
 Lattice Lengths           30.00137138     30.00137138     30.00137138
 Lattice Angles            90.00000000     90.00000000     90.00000000
 Frame Number                     71
 Coordinate File             liquid-e000-v000.arc

 Instantaneous Values for Frame Saved at     36000 Dynamics Steps

 Current Time                72.00000000 Picosecond
 Current Potential        -8053.07940001 Kcal/mole
 Current Kinetic           2393.06406407 Kcal/mole
 Lattice Lengths           29.99045372     29.99045372     29.99045372
 Lattice Angles            90.00000000     90.00000000     90.00000000
 Frame Number                     72
 Coordinate File             liquid-e000-v000.arc

 Instantaneous Values for Frame Saved at     36500 Dynamics Steps

 Current Time                73.00000000 Picosecond
 Current Potential        -8011.05257909 Kcal/mole
 Current Kinetic           2375.04760494 Kcal/mole
 Lattice Lengths           29.99608612     29.99608612     29.99608612
 Lattice Angles            90.00000000     90.00000000     90.00000000
 Frame Number                     73
 Coordinate File             liquid-e000-v000.arc

 Instantaneous Values for Frame Saved at     37000 Dynamics Steps

 Current Time                74.00000000 Picosecond
 Current Potential        -8005.18942911 Kcal/mole
 Current Kinetic           2401.38386649 Kcal/mole
 Lattice Lengths           29.97155380     29.97155380     29.97155380
 Lattice Angles            90.00000000     90.00000000     90.00000000
 Frame Number                     74
 Coordinate File             liquid-e000-v000.arc

 Instantaneous Values for Frame Saved at     37500 Dynamics Steps

 Current Time                75.00000000 Picosecond
 Current Potential        -8055.70102035 Kcal/mole
 Current Kinetic           2371.88121258 Kcal/mole
 Lattice Lengths           29.94522285     29.94522285     29.94522285
 Lattice Angles            90.00000000     90.00000000     90.00000000
 Frame Number                     75
 Coordinate File             liquid-e000-v000.arc

 Instantaneous Values for Frame Saved at     38000 Dynamics Steps

 Current Time                76.00000000 Picosecond
 Current Potential        -8049.57394488 Kcal/mole
 Current Kinetic           2485.60738087 Kcal/mole
 Lattice Lengths           29.94696045     29.94696045     29.94696045
 Lattice Angles            90.00000000     90.00000000     90.00000000
 Frame Number                     76
 Coordinate File             liquid-e000-v000.arc

 Instantaneous Values for Frame Saved at     38500 Dynamics Steps

 Current Time                77.00000000 Picosecond
 Current Potential        -8027.07968582 Kcal/mole
 Current Kinetic           2429.22390133 Kcal/mole
 Lattice Lengths           29.92660141     29.92660141     29.92660141
 Lattice Angles            90.00000000     90.00000000     90.00000000
 Frame Number                     77
 Coordinate File             liquid-e000-v000.arc

 Instantaneous Values for Frame Saved at     39000 Dynamics Steps

 Current Time                78.00000000 Picosecond
 Current Potential        -8051.62779699 Kcal/mole
 Current Kinetic           2424.57499772 Kcal/mole
 Lattice Lengths           29.94215012     29.94215012     29.94215012
 Lattice Angles            90.00000000     90.00000000     90.00000000
 Frame Number                     78
 Coordinate File             liquid-e000-v000.arc

 Instantaneous Values for Frame Saved at     39500 Dynamics Steps

 Current Time                79.00000000 Picosecond
 Current Potential        -8041.58059952 Kcal/mole
 Current Kinetic           2351.61067305 Kcal/mole
 Lattice Lengths           29.98051834     29.98051834     29.98051834
 Lattice Angles            90.00000000     90.00000000     90.00000000
 Frame Number                     79
 Coordinate File             liquid-e000-v000.arc

 Instantaneous Values for Frame Saved at     40000 Dynamics Steps

 Current Time                80.00000000 Picosecond
 Current Potential        -8029.65734648 Kcal/mole
 Current Kinetic           2381.34768298 Kcal/mole
 Lattice Lengths           29.98346138     29.98346138     29.98346138
 Lattice Angles            90.00000000     90.00000000     90.00000000
 Frame Number                     80
 Coordinate File             liquid-e000-v000.arc

 Instantaneous Values for Frame Saved at     40500 Dynamics Steps

 Current Time                81.00000000 Picosecond
 Current Potential        -7995.65293546 Kcal/mole
 Current Kinetic           2402.24464817 Kcal/mole
 Lattice Lengths           29.97747612     29.97747612     29.97747612
 Lattice Angles            90.00000000     90.00000000     90.00000000
 Frame Number                     81
 Coordinate File             liquid-e000-v000.arc

 Instantaneous Values for Frame Saved at     41000 Dynamics Steps

 Current Time                82.00000000 Picosecond
 Current Potential        -7969.95522255 Kcal/mole
 Current Kinetic           2383.08281382 Kcal/mole
 Lattice Lengths           30.00298119     30.00298119     30.00298119
 Lattice Angles            90.00000000     90.00000000     90.00000000
 Frame Number                     82
 Coordinate File             liquid-e000-v000.arc

 Instantaneous Values for Frame Saved at     41500 Dynamics Steps

 Current Time                83.00000000 Picosecond
 Current Potential        -8087.06802750 Kcal/mole
 Current Kinetic           2425.22197944 Kcal/mole
 Lattice Lengths           29.99956894     29.99956894     29.99956894
 Lattice Angles            90.00000000     90.00000000     90.00000000
 Frame Number                     83
 Coordinate File             liquid-e000-v000.arc

 Instantaneous Values for Frame Saved at     42000 Dynamics Steps

 Current Time                84.00000000 Picosecond
 Current Potential        -7981.94919252 Kcal/mole
 Current Kinetic           2480.58992550 Kcal/mole
 Lattice Lengths           29.94156647     29.94156647     29.94156647
 Lattice Angles            90.00000000     90.00000000     90.00000000
 Frame Number                     84
 Coordinate File             liquid-e000-v000.arc

 Instantaneous Values for Frame Saved at     42500 Dynamics Steps

 Current Time                85.00000000 Picosecond
 Current Potential        -7998.18682471 Kcal/mole
 Current Kinetic           2390.24811002 Kcal/mole
 Lattice Lengths           29.97630119     29.97630119     29.97630119
 Lattice Angles            90.00000000     90.00000000     90.00000000
 Frame Number                     85
 Coordinate File             liquid-e000-v000.arc

 Instantaneous Values for Frame Saved at     43000 Dynamics Steps

 Current Time                86.00000000 Picosecond
 Current Potential        -8064.75307154 Kcal/mole
 Current Kinetic           2405.89276709 Kcal/mole
 Lattice Lengths           29.95122147     29.95122147     29.95122147
 Lattice Angles            90.00000000     90.00000000     90.00000000
 Frame Number                     86
 Coordinate File             liquid-e000-v000.arc

 Instantaneous Values for Frame Saved at     43500 Dynamics Steps

 Current Time                87.00000000 Picosecond
 Current Potential        -8152.31742909 Kcal/mole
 Current Kinetic           2471.56566567 Kcal/mole
 Lattice Lengths           29.96865273     29.96865273     29.96865273
 Lattice Angles            90.00000000     90.00000000     90.00000000
 Frame Number                     87
 Coordinate File             liquid-e000-v000.arc

 Instantaneous Values for Frame Saved at     44000 Dynamics Steps

 Current Time                88.00000000 Picosecond
 Current Potential        -8165.30225773 Kcal/mole
 Current Kinetic           2396.17567893 Kcal/mole
 Lattice Lengths           29.93767166     29.93767166     29.93767166
 Lattice Angles            90.00000000     90.00000000     90.00000000
 Frame Number                     88
 Coordinate File             liquid-e000-v000.arc

 Instantaneous Values for Frame Saved at     44500 Dynamics Steps

 Current Time                89.00000000 Picosecond
 Current Potential        -8121.55370092 Kcal/mole
 Current Kinetic           2407.83676528 Kcal/mole
 Lattice Lengths           29.85498810     29.85498810     29.85498810
 Lattice Angles            90.00000000     90.00000000     90.00000000
 Frame Number                     89
 Coordinate File             liquid-e000-v000.arc

 Instantaneous Values for Frame Saved at     45000 Dynamics Steps

 Current Time                90.00000000 Picosecond
 Current Potential        -8144.81032946 Kcal/mole
 Current Kinetic           2443.99021768 Kcal/mole
 Lattice Lengths           29.86820412     29.86820412     29.86820412
 Lattice Angles            90.00000000     90.00000000     90.00000000
 Frame Number                     90
 Coordinate File             liquid-e000-v000.arc

 Instantaneous Values for Frame Saved at     45500 Dynamics Steps

 Current Time                91.00000000 Picosecond
 Current Potential        -8145.42857072 Kcal/mole
 Current Kinetic           2367.59798503 Kcal/mole
 Lattice Lengths           29.86882591     29.86882591     29.86882591
 Lattice Angles            90.00000000     90.00000000     90.00000000
 Frame Number                     91
 Coordinate File             liquid-e000-v000.arc

 Instantaneous Values for Frame Saved at     46000 Dynamics Steps

 Current Time                92.00000000 Picosecond
 Current Potential        -8124.74716058 Kcal/mole
 Current Kinetic           2435.34976012 Kcal/mole
 Lattice Lengths           29.96820259     29.96820259     29.96820259
 Lattice Angles            90.00000000     90.00000000     90.00000000
 Frame Number                     92
 Coordinate File             liquid-e000-v000.arc

 Instantaneous Values for Frame Saved at     46500 Dynamics Steps

 Current Time                93.00000000 Picosecond
 Current Potential        -8045.99550217 Kcal/mole
 Current Kinetic           2396.17595929 Kcal/mole
 Lattice Lengths           30.02877808     30.02877808     30.02877808
 Lattice Angles            90.00000000     90.00000000     90.00000000
 Frame Number                     93
 Coordinate File             liquid-e000-v000.arc

 Instantaneous Values for Frame Saved at     47000 Dynamics Steps

 Current Time                94.00000000 Picosecond
 Current Potential        -8143.71053885 Kcal/mole
 Current Kinetic           2383.50901433 Kcal/mole
 Lattice Lengths           30.02346230     30.02346230     30.02346230
 Lattice Angles            90.00000000     90.00000000     90.00000000
 Frame Number                     94
 Coordinate File             liquid-e000-v000.arc

 Instantaneous Values for Frame Saved at     47500 Dynamics Steps

 Current Time                95.00000000 Picosecond
 Current Potential        -8040.72383052 Kcal/mole
 Current Kinetic           2446.35760939 Kcal/mole
 Lattice Lengths           30.00953484     30.00953484     30.00953484
 Lattice Angles            90.00000000     90.00000000     90.00000000
 Frame Number                     95
 Coordinate File             liquid-e000-v000.arc

 Instantaneous Values for Frame Saved at     48000 Dynamics Steps

 Current Time                96.00000000 Picosecond
 Current Potential        -8136.78199720 Kcal/mole
 Current Kinetic           2479.61526006 Kcal/mole
 Lattice Lengths           29.98279953     29.98279953     29.98279953
 Lattice Angles            90.00000000     90.00000000     90.00000000
 Frame Number                     96
 Coordinate File             liquid-e000-v000.arc

 Instantaneous Values for Frame Saved at     48500 Dynamics Steps

 Current Time                97.00000000 Picosecond
 Current Potential        -8181.61889325 Kcal/mole
 Current Kinetic           2412.23727544 Kcal/mole
 Lattice Lengths           30.04014969     30.04014969     30.04014969
 Lattice Angles            90.00000000     90.00000000     90.00000000
 Frame Number                     97
 Coordinate File             liquid-e000-v000.arc

 Instantaneous Values for Frame Saved at     49000 Dynamics Steps

 Current Time                98.00000000 Picosecond
 Current Potential        -8048.35956052 Kcal/mole
 Current Kinetic           2372.35742389 Kcal/mole
 Lattice Lengths           29.98921204     29.98921204     29.98921204
 Lattice Angles            90.00000000     90.00000000     90.00000000
 Frame Number                     98
 Coordinate File             liquid-e000-v000.arc

 Instantaneous Values for Frame Saved at     49500 Dynamics Steps

 Current Time                99.00000000 Picosecond
 Current Potential        -7987.92156684 Kcal/mole
 Current Kinetic           2437.98584006 Kcal/mole
 Lattice Lengths           29.95943069     29.95943069     29.95943069
 Lattice Angles            90.00000000     90.00000000     90.00000000
 Frame Number                     99
 Coordinate File             liquid-e000-v000.arc

 Instantaneous Values for Frame Saved at     50000 Dynamics Steps

 Current Time               100.00000000 Picosecond
 Current Potential        -7995.81164200 Kcal/mole
 Current Kinetic           2409.93306330 Kcal/mole
 Lattice Lengths           29.92099762     29.92099762     29.92099762
 Lattice Angles            90.00000000     90.00000000     90.00000000
 Frame Number                    100
 Coordinate File             liquid-e000-v000.arc

 Performance:  ns/day              61.3840
               Wall Time          140.7533
               Steps                 50000
               Updates                 100
               Time Step            2.0000
               Atoms                  2695
