
     ######################################################################    
   ##########################################################################  
  ###                                                                      ### 
 ###            Tinker9  --  Software Tools for Molecular Design            ###
 ##                                                                          ##
 ##                      Version 1.0.0-rc  January 2021                      ##
 ##                                                                          ##
 ##                 Copyright (c)  Zhi Wang & the Ponder Lab                 ##
 ###                           All Rights Reserved                          ###
  ###                                                                      ### 
   ##########################################################################  
     ######################################################################    

 Compiled at:  16:31:56  Sep 10 2021
 Commit Date:  Mon Aug 16 01:28:23 2021 -0500
 Commit:       b78a5351

 Primary GPU package :  CUDA

 GPU Device :  Setting Device ID to 0 from GPU utilization
 Molecular Dynamics Trajectory via r-RESPA MTS Algorithm

 Free Energy Perturbation :          1.000 Lambda for Torsional Angles
 Free Energy Perturbation :          0.640 Lambda for van der Waals
 Free Energy Perturbation :          0.000 Lambda for Electrostatics

 Instantaneous Values for Frame Saved at       500 Dynamics Steps

 Current Time                 1.00000000 Picosecond
 Current Potential        -6638.22205472 Kcal/mole
 Current Kinetic           2805.52276032 Kcal/mole
 Lattice Lengths           30.08207703     30.08207703     30.08207703
 Lattice Angles            90.00000000     90.00000000     90.00000000
 Frame Number                      1
 Coordinate File             liquid-e000-v064.arc

 Instantaneous Values for Frame Saved at      1000 Dynamics Steps

 Current Time                 2.00000000 Picosecond
 Current Potential        -7148.88361555 Kcal/mole
 Current Kinetic           2452.85142755 Kcal/mole
 Lattice Lengths           30.11596107     30.11596107     30.11596107
 Lattice Angles            90.00000000     90.00000000     90.00000000
 Frame Number                      2
 Coordinate File             liquid-e000-v064.arc

 Instantaneous Values for Frame Saved at      1500 Dynamics Steps

 Current Time                 3.00000000 Picosecond
 Current Potential        -7337.01885020 Kcal/mole
 Current Kinetic           2429.89630507 Kcal/mole
 Lattice Lengths           30.21012306     30.21012306     30.21012306
 Lattice Angles            90.00000000     90.00000000     90.00000000
 Frame Number                      3
 Coordinate File             liquid-e000-v064.arc

 Instantaneous Values for Frame Saved at      2000 Dynamics Steps

 Current Time                 4.00000000 Picosecond
 Current Potential        -7441.59592982 Kcal/mole
 Current Kinetic           2432.75274072 Kcal/mole
 Lattice Lengths           30.19301224     30.19301224     30.19301224
 Lattice Angles            90.00000000     90.00000000     90.00000000
 Frame Number                      4
 Coordinate File             liquid-e000-v064.arc

 Instantaneous Values for Frame Saved at      2500 Dynamics Steps

 Current Time                 5.00000000 Picosecond
 Current Potential        -7491.25432967 Kcal/mole
 Current Kinetic           2420.41434021 Kcal/mole
 Lattice Lengths           30.25953674     30.25953674     30.25953674
 Lattice Angles            90.00000000     90.00000000     90.00000000
 Frame Number                      5
 Coordinate File             liquid-e000-v064.arc

 Instantaneous Values for Frame Saved at      3000 Dynamics Steps

 Current Time                 6.00000000 Picosecond
 Current Potential        -7575.89892899 Kcal/mole
 Current Kinetic           2411.35657903 Kcal/mole
 Lattice Lengths           30.24116325     30.24116325     30.24116325
 Lattice Angles            90.00000000     90.00000000     90.00000000
 Frame Number                      6
 Coordinate File             liquid-e000-v064.arc

 Instantaneous Values for Frame Saved at      3500 Dynamics Steps

 Current Time                 7.00000000 Picosecond
 Current Potential        -7617.08115097 Kcal/mole
 Current Kinetic           2400.46045925 Kcal/mole
 Lattice Lengths           30.10605240     30.10605240     30.10605240
 Lattice Angles            90.00000000     90.00000000     90.00000000
 Frame Number                      7
 Coordinate File             liquid-e000-v064.arc

 Instantaneous Values for Frame Saved at      4000 Dynamics Steps

 Current Time                 8.00000000 Picosecond
 Current Potential        -7701.71622455 Kcal/mole
 Current Kinetic           2440.96992791 Kcal/mole
 Lattice Lengths           29.95572853     29.95572853     29.95572853
 Lattice Angles            90.00000000     90.00000000     90.00000000
 Frame Number                      8
 Coordinate File             liquid-e000-v064.arc

 Instantaneous Values for Frame Saved at      4500 Dynamics Steps

 Current Time                 9.00000000 Picosecond
 Current Potential        -7689.15860397 Kcal/mole
 Current Kinetic           2374.20432274 Kcal/mole
 Lattice Lengths           29.92080116     29.92080116     29.92080116
 Lattice Angles            90.00000000     90.00000000     90.00000000
 Frame Number                      9
 Coordinate File             liquid-e000-v064.arc

 Instantaneous Values for Frame Saved at      5000 Dynamics Steps

 Current Time                10.00000000 Picosecond
 Current Potential        -7798.72594339 Kcal/mole
 Current Kinetic           2415.19692589 Kcal/mole
 Lattice Lengths           30.04262543     30.04262543     30.04262543
 Lattice Angles            90.00000000     90.00000000     90.00000000
 Frame Number                     10
 Coordinate File             liquid-e000-v064.arc

 Instantaneous Values for Frame Saved at      5500 Dynamics Steps

 Current Time                11.00000000 Picosecond
 Current Potential        -7779.09649563 Kcal/mole
 Current Kinetic           2397.41156382 Kcal/mole
 Lattice Lengths           29.92008400     29.92008400     29.92008400
 Lattice Angles            90.00000000     90.00000000     90.00000000
 Frame Number                     11
 Coordinate File             liquid-e000-v064.arc

 Instantaneous Values for Frame Saved at      6000 Dynamics Steps

 Current Time                12.00000000 Picosecond
 Current Potential        -7803.58786183 Kcal/mole
 Current Kinetic           2466.81799551 Kcal/mole
 Lattice Lengths           29.88794327     29.88794327     29.88794327
 Lattice Angles            90.00000000     90.00000000     90.00000000
 Frame Number                     12
 Coordinate File             liquid-e000-v064.arc

 Instantaneous Values for Frame Saved at      6500 Dynamics Steps

 Current Time                13.00000000 Picosecond
 Current Potential        -7795.20830219 Kcal/mole
 Current Kinetic           2445.83918361 Kcal/mole
 Lattice Lengths           29.82849884     29.82849884     29.82849884
 Lattice Angles            90.00000000     90.00000000     90.00000000
 Frame Number                     13
 Coordinate File             liquid-e000-v064.arc

 Instantaneous Values for Frame Saved at      7000 Dynamics Steps

 Current Time                14.00000000 Picosecond
 Current Potential        -7856.55385127 Kcal/mole
 Current Kinetic           2431.77275208 Kcal/mole
 Lattice Lengths           29.94559288     29.94559288     29.94559288
 Lattice Angles            90.00000000     90.00000000     90.00000000
 Frame Number                     14
 Coordinate File             liquid-e000-v064.arc

 Instantaneous Values for Frame Saved at      7500 Dynamics Steps

 Current Time                15.00000000 Picosecond
 Current Potential        -7918.13058575 Kcal/mole
 Current Kinetic           2486.22749178 Kcal/mole
 Lattice Lengths           29.98029518     29.98029518     29.98029518
 Lattice Angles            90.00000000     90.00000000     90.00000000
 Frame Number                     15
 Coordinate File             liquid-e000-v064.arc

 Instantaneous Values for Frame Saved at      8000 Dynamics Steps

 Current Time                16.00000000 Picosecond
 Current Potential        -7959.12429904 Kcal/mole
 Current Kinetic           2384.83176053 Kcal/mole
 Lattice Lengths           29.90878105     29.90878105     29.90878105
 Lattice Angles            90.00000000     90.00000000     90.00000000
 Frame Number                     16
 Coordinate File             liquid-e000-v064.arc

 Instantaneous Values for Frame Saved at      8500 Dynamics Steps

 Current Time                17.00000000 Picosecond
 Current Potential        -8072.36661904 Kcal/mole
 Current Kinetic           2440.68181051 Kcal/mole
 Lattice Lengths           29.92708015     29.92708015     29.92708015
 Lattice Angles            90.00000000     90.00000000     90.00000000
 Frame Number                     17
 Coordinate File             liquid-e000-v064.arc

 Instantaneous Values for Frame Saved at      9000 Dynamics Steps

 Current Time                18.00000000 Picosecond
 Current Potential        -8014.09773378 Kcal/mole
 Current Kinetic           2405.19486415 Kcal/mole
 Lattice Lengths           29.91389465     29.91389465     29.91389465
 Lattice Angles            90.00000000     90.00000000     90.00000000
 Frame Number                     18
 Coordinate File             liquid-e000-v064.arc

 Instantaneous Values for Frame Saved at      9500 Dynamics Steps

 Current Time                19.00000000 Picosecond
 Current Potential        -7935.56631554 Kcal/mole
 Current Kinetic           2488.32682524 Kcal/mole
 Lattice Lengths           29.91897392     29.91897392     29.91897392
 Lattice Angles            90.00000000     90.00000000     90.00000000
 Frame Number                     19
 Coordinate File             liquid-e000-v064.arc

 Instantaneous Values for Frame Saved at     10000 Dynamics Steps

 Current Time                20.00000000 Picosecond
 Current Potential        -7985.18465908 Kcal/mole
 Current Kinetic           2393.06062128 Kcal/mole
 Lattice Lengths           29.98053360     29.98053360     29.98053360
 Lattice Angles            90.00000000     90.00000000     90.00000000
 Frame Number                     20
 Coordinate File             liquid-e000-v064.arc

 Instantaneous Values for Frame Saved at     10500 Dynamics Steps

 Current Time                21.00000000 Picosecond
 Current Potential        -8013.54108053 Kcal/mole
 Current Kinetic           2424.16506780 Kcal/mole
 Lattice Lengths           29.96206856     29.96206856     29.96206856
 Lattice Angles            90.00000000     90.00000000     90.00000000
 Frame Number                     21
 Coordinate File             liquid-e000-v064.arc

 Instantaneous Values for Frame Saved at     11000 Dynamics Steps

 Current Time                22.00000000 Picosecond
 Current Potential        -8045.46835756 Kcal/mole
 Current Kinetic           2477.65942755 Kcal/mole
 Lattice Lengths           30.01363182     30.01363182     30.01363182
 Lattice Angles            90.00000000     90.00000000     90.00000000
 Frame Number                     22
 Coordinate File             liquid-e000-v064.arc

 Instantaneous Values for Frame Saved at     11500 Dynamics Steps

 Current Time                23.00000000 Picosecond
 Current Potential        -7926.23357018 Kcal/mole
 Current Kinetic           2409.15382276 Kcal/mole
 Lattice Lengths           30.03066254     30.03066254     30.03066254
 Lattice Angles            90.00000000     90.00000000     90.00000000
 Frame Number                     23
 Coordinate File             liquid-e000-v064.arc

 Instantaneous Values for Frame Saved at     12000 Dynamics Steps

 Current Time                24.00000000 Picosecond
 Current Potential        -7949.88819612 Kcal/mole
 Current Kinetic           2369.47217788 Kcal/mole
 Lattice Lengths           30.13896561     30.13896561     30.13896561
 Lattice Angles            90.00000000     90.00000000     90.00000000
 Frame Number                     24
 Coordinate File             liquid-e000-v064.arc

 Instantaneous Values for Frame Saved at     12500 Dynamics Steps

 Current Time                25.00000000 Picosecond
 Current Potential        -7833.09991830 Kcal/mole
 Current Kinetic           2444.30705997 Kcal/mole
 Lattice Lengths           30.06303215     30.06303215     30.06303215
 Lattice Angles            90.00000000     90.00000000     90.00000000
 Frame Number                     25
 Coordinate File             liquid-e000-v064.arc

 Instantaneous Values for Frame Saved at     13000 Dynamics Steps

 Current Time                26.00000000 Picosecond
 Current Potential        -7926.82926398 Kcal/mole
 Current Kinetic           2363.68243832 Kcal/mole
 Lattice Lengths           29.94831657     29.94831657     29.94831657
 Lattice Angles            90.00000000     90.00000000     90.00000000
 Frame Number                     26
 Coordinate File             liquid-e000-v064.arc

 Instantaneous Values for Frame Saved at     13500 Dynamics Steps

 Current Time                27.00000000 Picosecond
 Current Potential        -7903.83200235 Kcal/mole
 Current Kinetic           2387.57681779 Kcal/mole
 Lattice Lengths           29.93744850     29.93744850     29.93744850
 Lattice Angles            90.00000000     90.00000000     90.00000000
 Frame Number                     27
 Coordinate File             liquid-e000-v064.arc

 Instantaneous Values for Frame Saved at     14000 Dynamics Steps

 Current Time                28.00000000 Picosecond
 Current Potential        -7949.55119750 Kcal/mole
 Current Kinetic           2411.64258215 Kcal/mole
 Lattice Lengths           29.90319824     29.90319824     29.90319824
 Lattice Angles            90.00000000     90.00000000     90.00000000
 Frame Number                     28
 Coordinate File             liquid-e000-v064.arc

 Instantaneous Values for Frame Saved at     14500 Dynamics Steps

 Current Time                29.00000000 Picosecond
 Current Potential        -7937.37969894 Kcal/mole
 Current Kinetic           2420.53708078 Kcal/mole
 Lattice Lengths           29.83668327     29.83668327     29.83668327
 Lattice Angles            90.00000000     90.00000000     90.00000000
 Frame Number                     29
 Coordinate File             liquid-e000-v064.arc

 Instantaneous Values for Frame Saved at     15000 Dynamics Steps

 Current Time                30.00000000 Picosecond
 Current Potential        -8015.31343319 Kcal/mole
 Current Kinetic           2425.34891331 Kcal/mole
 Lattice Lengths           29.79963303     29.79963303     29.79963303
 Lattice Angles            90.00000000     90.00000000     90.00000000
 Frame Number                     30
 Coordinate File             liquid-e000-v064.arc

 Instantaneous Values for Frame Saved at     15500 Dynamics Steps

 Current Time                31.00000000 Picosecond
 Current Potential        -8022.04722714 Kcal/mole
 Current Kinetic           2454.41581087 Kcal/mole
 Lattice Lengths           29.89861679     29.89861679     29.89861679
 Lattice Angles            90.00000000     90.00000000     90.00000000
 Frame Number                     31
 Coordinate File             liquid-e000-v064.arc

 Instantaneous Values for Frame Saved at     16000 Dynamics Steps

 Current Time                32.00000000 Picosecond
 Current Potential        -7908.49872306 Kcal/mole
 Current Kinetic           2404.61997012 Kcal/mole
 Lattice Lengths           29.86001396     29.86001396     29.86001396
 Lattice Angles            90.00000000     90.00000000     90.00000000
 Frame Number                     32
 Coordinate File             liquid-e000-v064.arc

 Instantaneous Values for Frame Saved at     16500 Dynamics Steps

 Current Time                33.00000000 Picosecond
 Current Potential        -7984.47311154 Kcal/mole
 Current Kinetic           2417.04607356 Kcal/mole
 Lattice Lengths           29.84849167     29.84849167     29.84849167
 Lattice Angles            90.00000000     90.00000000     90.00000000
 Frame Number                     33
 Coordinate File             liquid-e000-v064.arc

 Instantaneous Values for Frame Saved at     17000 Dynamics Steps

 Current Time                34.00000000 Picosecond
 Current Potential        -8141.93930107 Kcal/mole
 Current Kinetic           2404.23138193 Kcal/mole
 Lattice Lengths           29.77939796     29.77939796     29.77939796
 Lattice Angles            90.00000000     90.00000000     90.00000000
 Frame Number                     34
 Coordinate File             liquid-e000-v064.arc

 Instantaneous Values for Frame Saved at     17500 Dynamics Steps

 Current Time                35.00000000 Picosecond
 Current Potential        -8110.81009669 Kcal/mole
 Current Kinetic           2400.68153781 Kcal/mole
 Lattice Lengths           29.90276718     29.90276718     29.90276718
 Lattice Angles            90.00000000     90.00000000     90.00000000
 Frame Number                     35
 Coordinate File             liquid-e000-v064.arc

 Instantaneous Values for Frame Saved at     18000 Dynamics Steps

 Current Time                36.00000000 Picosecond
 Current Potential        -8024.82470213 Kcal/mole
 Current Kinetic           2437.69824465 Kcal/mole
 Lattice Lengths           30.07738113     30.07738113     30.07738113
 Lattice Angles            90.00000000     90.00000000     90.00000000
 Frame Number                     36
 Coordinate File             liquid-e000-v064.arc

 Instantaneous Values for Frame Saved at     18500 Dynamics Steps

 Current Time                37.00000000 Picosecond
 Current Potential        -8024.15787619 Kcal/mole
 Current Kinetic           2356.15837924 Kcal/mole
 Lattice Lengths           30.03742409     30.03742409     30.03742409
 Lattice Angles            90.00000000     90.00000000     90.00000000
 Frame Number                     37
 Coordinate File             liquid-e000-v064.arc

 Instantaneous Values for Frame Saved at     19000 Dynamics Steps

 Current Time                38.00000000 Picosecond
 Current Potential        -8030.11707628 Kcal/mole
 Current Kinetic           2449.78678408 Kcal/mole
 Lattice Lengths           30.11866951     30.11866951     30.11866951
 Lattice Angles            90.00000000     90.00000000     90.00000000
 Frame Number                     38
 Coordinate File             liquid-e000-v064.arc

 Instantaneous Values for Frame Saved at     19500 Dynamics Steps

 Current Time                39.00000000 Picosecond
 Current Potential        -7996.01469939 Kcal/mole
 Current Kinetic           2426.78897918 Kcal/mole
 Lattice Lengths           30.06325722     30.06325722     30.06325722
 Lattice Angles            90.00000000     90.00000000     90.00000000
 Frame Number                     39
 Coordinate File             liquid-e000-v064.arc

 Instantaneous Values for Frame Saved at     20000 Dynamics Steps

 Current Time                40.00000000 Picosecond
 Current Potential        -7946.78177378 Kcal/mole
 Current Kinetic           2453.17620652 Kcal/mole
 Lattice Lengths           30.06736946     30.06736946     30.06736946
 Lattice Angles            90.00000000     90.00000000     90.00000000
 Frame Number                     40
 Coordinate File             liquid-e000-v064.arc

 Instantaneous Values for Frame Saved at     20500 Dynamics Steps

 Current Time                41.00000000 Picosecond
 Current Potential        -7931.47078191 Kcal/mole
 Current Kinetic           2348.20006752 Kcal/mole
 Lattice Lengths           30.03213501     30.03213501     30.03213501
 Lattice Angles            90.00000000     90.00000000     90.00000000
 Frame Number                     41
 Coordinate File             liquid-e000-v064.arc

 Instantaneous Values for Frame Saved at     21000 Dynamics Steps

 Current Time                42.00000000 Picosecond
 Current Potential        -8037.88871987 Kcal/mole
 Current Kinetic           2456.74183567 Kcal/mole
 Lattice Lengths           30.01924324     30.01924324     30.01924324
 Lattice Angles            90.00000000     90.00000000     90.00000000
 Frame Number                     42
 Coordinate File             liquid-e000-v064.arc

 Instantaneous Values for Frame Saved at     21500 Dynamics Steps

 Current Time                43.00000000 Picosecond
 Current Potential        -7978.07992724 Kcal/mole
 Current Kinetic           2464.27917793 Kcal/mole
 Lattice Lengths           29.99435043     29.99435043     29.99435043
 Lattice Angles            90.00000000     90.00000000     90.00000000
 Frame Number                     43
 Coordinate File             liquid-e000-v064.arc

 Instantaneous Values for Frame Saved at     22000 Dynamics Steps

 Current Time                44.00000000 Picosecond
 Current Potential        -7962.42390732 Kcal/mole
 Current Kinetic           2365.62877384 Kcal/mole
 Lattice Lengths           29.89461517     29.89461517     29.89461517
 Lattice Angles            90.00000000     90.00000000     90.00000000
 Frame Number                     44
 Coordinate File             liquid-e000-v064.arc

 Instantaneous Values for Frame Saved at     22500 Dynamics Steps

 Current Time                45.00000000 Picosecond
 Current Potential        -8018.61233832 Kcal/mole
 Current Kinetic           2415.56645226 Kcal/mole
 Lattice Lengths           29.95255089     29.95255089     29.95255089
 Lattice Angles            90.00000000     90.00000000     90.00000000
 Frame Number                     45
 Coordinate File             liquid-e000-v064.arc

 Instantaneous Values for Frame Saved at     23000 Dynamics Steps

 Current Time                46.00000000 Picosecond
 Current Potential        -8059.59008119 Kcal/mole
 Current Kinetic           2403.72066949 Kcal/mole
 Lattice Lengths           29.91682816     29.91682816     29.91682816
 Lattice Angles            90.00000000     90.00000000     90.00000000
 Frame Number                     46
 Coordinate File             liquid-e000-v064.arc

 Instantaneous Values for Frame Saved at     23500 Dynamics Steps

 Current Time                47.00000000 Picosecond
 Current Potential        -8050.46948941 Kcal/mole
 Current Kinetic           2430.10087113 Kcal/mole
 Lattice Lengths           29.89079285     29.89079285     29.89079285
 Lattice Angles            90.00000000     90.00000000     90.00000000
 Frame Number                     47
 Coordinate File             liquid-e000-v064.arc

 Instantaneous Values for Frame Saved at     24000 Dynamics Steps

 Current Time                48.00000000 Picosecond
 Current Potential        -8063.34068161 Kcal/mole
 Current Kinetic           2416.01486970 Kcal/mole
 Lattice Lengths           29.83580780     29.83580780     29.83580780
 Lattice Angles            90.00000000     90.00000000     90.00000000
 Frame Number                     48
 Coordinate File             liquid-e000-v064.arc

 Instantaneous Values for Frame Saved at     24500 Dynamics Steps

 Current Time                49.00000000 Picosecond
 Current Potential        -7974.19098195 Kcal/mole
 Current Kinetic           2424.98825759 Kcal/mole
 Lattice Lengths           29.92363167     29.92363167     29.92363167
 Lattice Angles            90.00000000     90.00000000     90.00000000
 Frame Number                     49
 Coordinate File             liquid-e000-v064.arc

 Instantaneous Values for Frame Saved at     25000 Dynamics Steps

 Current Time                50.00000000 Picosecond
 Current Potential        -7903.77142896 Kcal/mole
 Current Kinetic           2384.54605534 Kcal/mole
 Lattice Lengths           29.90165329     29.90165329     29.90165329
 Lattice Angles            90.00000000     90.00000000     90.00000000
 Frame Number                     50
 Coordinate File             liquid-e000-v064.arc

 Instantaneous Values for Frame Saved at     25500 Dynamics Steps

 Current Time                51.00000000 Picosecond
 Current Potential        -7993.68044631 Kcal/mole
 Current Kinetic           2346.18687623 Kcal/mole
 Lattice Lengths           29.89508820     29.89508820     29.89508820
 Lattice Angles            90.00000000     90.00000000     90.00000000
 Frame Number                     51
 Coordinate File             liquid-e000-v064.arc

 Instantaneous Values for Frame Saved at     26000 Dynamics Steps

 Current Time                52.00000000 Picosecond
 Current Potential        -8012.40885518 Kcal/mole
 Current Kinetic           2531.11202552 Kcal/mole
 Lattice Lengths           29.97917747     29.97917747     29.97917747
 Lattice Angles            90.00000000     90.00000000     90.00000000
 Frame Number                     52
 Coordinate File             liquid-e000-v064.arc

 Instantaneous Values for Frame Saved at     26500 Dynamics Steps

 Current Time                53.00000000 Picosecond
 Current Potential        -8024.21449163 Kcal/mole
 Current Kinetic           2412.84040750 Kcal/mole
 Lattice Lengths           29.97879410     29.97879410     29.97879410
 Lattice Angles            90.00000000     90.00000000     90.00000000
 Frame Number                     53
 Coordinate File             liquid-e000-v064.arc

 Instantaneous Values for Frame Saved at     27000 Dynamics Steps

 Current Time                54.00000000 Picosecond
 Current Potential        -8061.02536253 Kcal/mole
 Current Kinetic           2435.02654233 Kcal/mole
 Lattice Lengths           29.92773247     29.92773247     29.92773247
 Lattice Angles            90.00000000     90.00000000     90.00000000
 Frame Number                     54
 Coordinate File             liquid-e000-v064.arc

 Instantaneous Values for Frame Saved at     27500 Dynamics Steps

 Current Time                55.00000000 Picosecond
 Current Potential        -7978.07667649 Kcal/mole
 Current Kinetic           2413.82577567 Kcal/mole
 Lattice Lengths           29.94502258     29.94502258     29.94502258
 Lattice Angles            90.00000000     90.00000000     90.00000000
 Frame Number                     55
 Coordinate File             liquid-e000-v064.arc

 Instantaneous Values for Frame Saved at     28000 Dynamics Steps

 Current Time                56.00000000 Picosecond
 Current Potential        -7998.88196306 Kcal/mole
 Current Kinetic           2406.34311620 Kcal/mole
 Lattice Lengths           29.97966385     29.97966385     29.97966385
 Lattice Angles            90.00000000     90.00000000     90.00000000
 Frame Number                     56
 Coordinate File             liquid-e000-v064.arc

 Instantaneous Values for Frame Saved at     28500 Dynamics Steps

 Current Time                57.00000000 Picosecond
 Current Potential        -8011.66282848 Kcal/mole
 Current Kinetic           2388.34063217 Kcal/mole
 Lattice Lengths           29.92749214     29.92749214     29.92749214
 Lattice Angles            90.00000000     90.00000000     90.00000000
 Frame Number                     57
 Coordinate File             liquid-e000-v064.arc

 Instantaneous Values for Frame Saved at     29000 Dynamics Steps

 Current Time                58.00000000 Picosecond
 Current Potential        -7984.10489199 Kcal/mole
 Current Kinetic           2410.13842797 Kcal/mole
 Lattice Lengths           29.89821243     29.89821243     29.89821243
 Lattice Angles            90.00000000     90.00000000     90.00000000
 Frame Number                     58
 Coordinate File             liquid-e000-v064.arc

 Instantaneous Values for Frame Saved at     29500 Dynamics Steps

 Current Time                59.00000000 Picosecond
 Current Potential        -8017.08946295 Kcal/mole
 Current Kinetic           2382.14111454 Kcal/mole
 Lattice Lengths           29.98929405     29.98929405     29.98929405
 Lattice Angles            90.00000000     90.00000000     90.00000000
 Frame Number                     59
 Coordinate File             liquid-e000-v064.arc

 Instantaneous Values for Frame Saved at     30000 Dynamics Steps

 Current Time                60.00000000 Picosecond
 Current Potential        -8054.64456035 Kcal/mole
 Current Kinetic           2426.79049225 Kcal/mole
 Lattice Lengths           29.89354134     29.89354134     29.89354134
 Lattice Angles            90.00000000     90.00000000     90.00000000
 Frame Number                     60
 Coordinate File             liquid-e000-v064.arc

 Instantaneous Values for Frame Saved at     30500 Dynamics Steps

 Current Time                61.00000000 Picosecond
 Current Potential        -7975.13413552 Kcal/mole
 Current Kinetic           2418.94327203 Kcal/mole
 Lattice Lengths           29.88617706     29.88617706     29.88617706
 Lattice Angles            90.00000000     90.00000000     90.00000000
 Frame Number                     61
 Coordinate File             liquid-e000-v064.arc

 Instantaneous Values for Frame Saved at     31000 Dynamics Steps

 Current Time                62.00000000 Picosecond
 Current Potential        -8055.50934609 Kcal/mole
 Current Kinetic           2441.00185844 Kcal/mole
 Lattice Lengths           29.91608810     29.91608810     29.91608810
 Lattice Angles            90.00000000     90.00000000     90.00000000
 Frame Number                     62
 Coordinate File             liquid-e000-v064.arc

 Instantaneous Values for Frame Saved at     31500 Dynamics Steps

 Current Time                63.00000000 Picosecond
 Current Potential        -8039.97942989 Kcal/mole
 Current Kinetic           2408.32035643 Kcal/mole
 Lattice Lengths           30.01836586     30.01836586     30.01836586
 Lattice Angles            90.00000000     90.00000000     90.00000000
 Frame Number                     63
 Coordinate File             liquid-e000-v064.arc

 Instantaneous Values for Frame Saved at     32000 Dynamics Steps

 Current Time                64.00000000 Picosecond
 Current Potential        -8004.35309448 Kcal/mole
 Current Kinetic           2401.88565887 Kcal/mole
 Lattice Lengths           30.01625252     30.01625252     30.01625252
 Lattice Angles            90.00000000     90.00000000     90.00000000
 Frame Number                     64
 Coordinate File             liquid-e000-v064.arc

 Instantaneous Values for Frame Saved at     32500 Dynamics Steps

 Current Time                65.00000000 Picosecond
 Current Potential        -7950.39534901 Kcal/mole
 Current Kinetic           2416.72118152 Kcal/mole
 Lattice Lengths           30.03819275     30.03819275     30.03819275
 Lattice Angles            90.00000000     90.00000000     90.00000000
 Frame Number                     65
 Coordinate File             liquid-e000-v064.arc

 Instantaneous Values for Frame Saved at     33000 Dynamics Steps

 Current Time                66.00000000 Picosecond
 Current Potential        -7981.86219824 Kcal/mole
 Current Kinetic           2403.15046696 Kcal/mole
 Lattice Lengths           29.97076416     29.97076416     29.97076416
 Lattice Angles            90.00000000     90.00000000     90.00000000
 Frame Number                     66
 Coordinate File             liquid-e000-v064.arc

 Instantaneous Values for Frame Saved at     33500 Dynamics Steps

 Current Time                67.00000000 Picosecond
 Current Potential        -7967.76945191 Kcal/mole
 Current Kinetic           2358.92597254 Kcal/mole
 Lattice Lengths           29.93148041     29.93148041     29.93148041
 Lattice Angles            90.00000000     90.00000000     90.00000000
 Frame Number                     67
 Coordinate File             liquid-e000-v064.arc

 Instantaneous Values for Frame Saved at     34000 Dynamics Steps

 Current Time                68.00000000 Picosecond
 Current Potential        -8057.12410037 Kcal/mole
 Current Kinetic           2333.04623959 Kcal/mole
 Lattice Lengths           29.89595604     29.89595604     29.89595604
 Lattice Angles            90.00000000     90.00000000     90.00000000
 Frame Number                     68
 Coordinate File             liquid-e000-v064.arc

 Instantaneous Values for Frame Saved at     34500 Dynamics Steps

 Current Time                69.00000000 Picosecond
 Current Potential        -8006.92849541 Kcal/mole
 Current Kinetic           2346.94368241 Kcal/mole
 Lattice Lengths           29.87516975     29.87516975     29.87516975
 Lattice Angles            90.00000000     90.00000000     90.00000000
 Frame Number                     69
 Coordinate File             liquid-e000-v064.arc

 Instantaneous Values for Frame Saved at     35000 Dynamics Steps

 Current Time                70.00000000 Picosecond
 Current Potential        -8033.47326744 Kcal/mole
 Current Kinetic           2390.21446032 Kcal/mole
 Lattice Lengths           29.82687759     29.82687759     29.82687759
 Lattice Angles            90.00000000     90.00000000     90.00000000
 Frame Number                     70
 Coordinate File             liquid-e000-v064.arc

 Instantaneous Values for Frame Saved at     35500 Dynamics Steps

 Current Time                71.00000000 Picosecond
 Current Potential        -7977.47442957 Kcal/mole
 Current Kinetic           2348.68025414 Kcal/mole
 Lattice Lengths           29.89014816     29.89014816     29.89014816
 Lattice Angles            90.00000000     90.00000000     90.00000000
 Frame Number                     71
 Coordinate File             liquid-e000-v064.arc

 Instantaneous Values for Frame Saved at     36000 Dynamics Steps

 Current Time                72.00000000 Picosecond
 Current Potential        -8011.06387506 Kcal/mole
 Current Kinetic           2337.32341626 Kcal/mole
 Lattice Lengths           29.79356956     29.79356956     29.79356956
 Lattice Angles            90.00000000     90.00000000     90.00000000
 Frame Number                     72
 Coordinate File             liquid-e000-v064.arc

 Instantaneous Values for Frame Saved at     36500 Dynamics Steps

 Current Time                73.00000000 Picosecond
 Current Potential        -7943.93616766 Kcal/mole
 Current Kinetic           2360.55119694 Kcal/mole
 Lattice Lengths           29.87327194     29.87327194     29.87327194
 Lattice Angles            90.00000000     90.00000000     90.00000000
 Frame Number                     73
 Coordinate File             liquid-e000-v064.arc

 Instantaneous Values for Frame Saved at     37000 Dynamics Steps

 Current Time                74.00000000 Picosecond
 Current Potential        -7983.17678435 Kcal/mole
 Current Kinetic           2391.98205841 Kcal/mole
 Lattice Lengths           29.98033333     29.98033333     29.98033333
 Lattice Angles            90.00000000     90.00000000     90.00000000
 Frame Number                     74
 Coordinate File             liquid-e000-v064.arc

 Instantaneous Values for Frame Saved at     37500 Dynamics Steps

 Current Time                75.00000000 Picosecond
 Current Potential        -8035.43164849 Kcal/mole
 Current Kinetic           2400.62997349 Kcal/mole
 Lattice Lengths           30.00139427     30.00139427     30.00139427
 Lattice Angles            90.00000000     90.00000000     90.00000000
 Frame Number                     75
 Coordinate File             liquid-e000-v064.arc

 Instantaneous Values for Frame Saved at     38000 Dynamics Steps

 Current Time                76.00000000 Picosecond
 Current Potential        -7981.35006358 Kcal/mole
 Current Kinetic           2412.21448442 Kcal/mole
 Lattice Lengths           29.93813896     29.93813896     29.93813896
 Lattice Angles            90.00000000     90.00000000     90.00000000
 Frame Number                     76
 Coordinate File             liquid-e000-v064.arc

 Instantaneous Values for Frame Saved at     38500 Dynamics Steps

 Current Time                77.00000000 Picosecond
 Current Potential        -7937.41555181 Kcal/mole
 Current Kinetic           2407.14961091 Kcal/mole
 Lattice Lengths           29.96648026     29.96648026     29.96648026
 Lattice Angles            90.00000000     90.00000000     90.00000000
 Frame Number                     77
 Coordinate File             liquid-e000-v064.arc

 Instantaneous Values for Frame Saved at     39000 Dynamics Steps

 Current Time                78.00000000 Picosecond
 Current Potential        -8033.71631161 Kcal/mole
 Current Kinetic           2493.20910299 Kcal/mole
 Lattice Lengths           29.89163399     29.89163399     29.89163399
 Lattice Angles            90.00000000     90.00000000     90.00000000
 Frame Number                     78
 Coordinate File             liquid-e000-v064.arc

 Instantaneous Values for Frame Saved at     39500 Dynamics Steps

 Current Time                79.00000000 Picosecond
 Current Potential        -8022.25769803 Kcal/mole
 Current Kinetic           2386.75118114 Kcal/mole
 Lattice Lengths           29.80035400     29.80035400     29.80035400
 Lattice Angles            90.00000000     90.00000000     90.00000000
 Frame Number                     79
 Coordinate File             liquid-e000-v064.arc

 Instantaneous Values for Frame Saved at     40000 Dynamics Steps

 Current Time                80.00000000 Picosecond
 Current Potential        -8017.06930445 Kcal/mole
 Current Kinetic           2402.34406293 Kcal/mole
 Lattice Lengths           29.86608696     29.86608696     29.86608696
 Lattice Angles            90.00000000     90.00000000     90.00000000
 Frame Number                     80
 Coordinate File             liquid-e000-v064.arc

 Instantaneous Values for Frame Saved at     40500 Dynamics Steps

 Current Time                81.00000000 Picosecond
 Current Potential        -7954.32088248 Kcal/mole
 Current Kinetic           2391.31792210 Kcal/mole
 Lattice Lengths           29.97243309     29.97243309     29.97243309
 Lattice Angles            90.00000000     90.00000000     90.00000000
 Frame Number                     81
 Coordinate File             liquid-e000-v064.arc

 Instantaneous Values for Frame Saved at     41000 Dynamics Steps

 Current Time                82.00000000 Picosecond
 Current Potential        -8145.21975863 Kcal/mole
 Current Kinetic           2415.98728837 Kcal/mole
 Lattice Lengths           29.98703575     29.98703575     29.98703575
 Lattice Angles            90.00000000     90.00000000     90.00000000
 Frame Number                     82
 Coordinate File             liquid-e000-v064.arc

 Instantaneous Values for Frame Saved at     41500 Dynamics Steps

 Current Time                83.00000000 Picosecond
 Current Potential        -8158.38494320 Kcal/mole
 Current Kinetic           2425.55239443 Kcal/mole
 Lattice Lengths           29.99948120     29.99948120     29.99948120
 Lattice Angles            90.00000000     90.00000000     90.00000000
 Frame Number                     83
 Coordinate File             liquid-e000-v064.arc

 Instantaneous Values for Frame Saved at     42000 Dynamics Steps

 Current Time                84.00000000 Picosecond
 Current Potential        -8037.05985389 Kcal/mole
 Current Kinetic           2360.14576556 Kcal/mole
 Lattice Lengths           29.98323822     29.98323822     29.98323822
 Lattice Angles            90.00000000     90.00000000     90.00000000
 Frame Number                     84
 Coordinate File             liquid-e000-v064.arc

 Instantaneous Values for Frame Saved at     42500 Dynamics Steps

 Current Time                85.00000000 Picosecond
 Current Potential        -7920.76919389 Kcal/mole
 Current Kinetic           2436.97583483 Kcal/mole
 Lattice Lengths           29.97637749     29.97637749     29.97637749
 Lattice Angles            90.00000000     90.00000000     90.00000000
 Frame Number                     85
 Coordinate File             liquid-e000-v064.arc

 Instantaneous Values for Frame Saved at     43000 Dynamics Steps

 Current Time                86.00000000 Picosecond
 Current Potential        -7988.29175713 Kcal/mole
 Current Kinetic           2389.35961323 Kcal/mole
 Lattice Lengths           30.04386330     30.04386330     30.04386330
 Lattice Angles            90.00000000     90.00000000     90.00000000
 Frame Number                     86
 Coordinate File             liquid-e000-v064.arc

 Instantaneous Values for Frame Saved at     43500 Dynamics Steps

 Current Time                87.00000000 Picosecond
 Current Potential        -7977.54250126 Kcal/mole
 Current Kinetic           2426.55125103 Kcal/mole
 Lattice Lengths           29.99317169     29.99317169     29.99317169
 Lattice Angles            90.00000000     90.00000000     90.00000000
 Frame Number                     87
 Coordinate File             liquid-e000-v064.arc

 Instantaneous Values for Frame Saved at     44000 Dynamics Steps

 Current Time                88.00000000 Picosecond
 Current Potential        -7988.23664862 Kcal/mole
 Current Kinetic           2429.02303357 Kcal/mole
 Lattice Lengths           30.04706764     30.04706764     30.04706764
 Lattice Angles            90.00000000     90.00000000     90.00000000
 Frame Number                     88
 Coordinate File             liquid-e000-v064.arc

 Instantaneous Values for Frame Saved at     44500 Dynamics Steps

 Current Time                89.00000000 Picosecond
 Current Potential        -8034.39947711 Kcal/mole
 Current Kinetic           2395.56376018 Kcal/mole
 Lattice Lengths           30.10697174     30.10697174     30.10697174
 Lattice Angles            90.00000000     90.00000000     90.00000000
 Frame Number                     89
 Coordinate File             liquid-e000-v064.arc

 Instantaneous Values for Frame Saved at     45000 Dynamics Steps

 Current Time                90.00000000 Picosecond
 Current Potential        -7999.28932362 Kcal/mole
 Current Kinetic           2428.15615056 Kcal/mole
 Lattice Lengths           30.09632683     30.09632683     30.09632683
 Lattice Angles            90.00000000     90.00000000     90.00000000
 Frame Number                     90
 Coordinate File             liquid-e000-v064.arc

 Instantaneous Values for Frame Saved at     45500 Dynamics Steps

 Current Time                91.00000000 Picosecond
 Current Potential        -7977.83423795 Kcal/mole
 Current Kinetic           2432.76698869 Kcal/mole
 Lattice Lengths           30.07320786     30.07320786     30.07320786
 Lattice Angles            90.00000000     90.00000000     90.00000000
 Frame Number                     91
 Coordinate File             liquid-e000-v064.arc

 Instantaneous Values for Frame Saved at     46000 Dynamics Steps

 Current Time                92.00000000 Picosecond
 Current Potential        -7870.41495492 Kcal/mole
 Current Kinetic           2405.78728729 Kcal/mole
 Lattice Lengths           29.97695351     29.97695351     29.97695351
 Lattice Angles            90.00000000     90.00000000     90.00000000
 Frame Number                     92
 Coordinate File             liquid-e000-v064.arc

 Instantaneous Values for Frame Saved at     46500 Dynamics Steps

 Current Time                93.00000000 Picosecond
 Current Potential        -7851.59904516 Kcal/mole
 Current Kinetic           2379.86738526 Kcal/mole
 Lattice Lengths           29.93647575     29.93647575     29.93647575
 Lattice Angles            90.00000000     90.00000000     90.00000000
 Frame Number                     93
 Coordinate File             liquid-e000-v064.arc

 Instantaneous Values for Frame Saved at     47000 Dynamics Steps

 Current Time                94.00000000 Picosecond
 Current Potential        -7938.51403990 Kcal/mole
 Current Kinetic           2436.40720643 Kcal/mole
 Lattice Lengths           29.85968018     29.85968018     29.85968018
 Lattice Angles            90.00000000     90.00000000     90.00000000
 Frame Number                     94
 Coordinate File             liquid-e000-v064.arc

 Instantaneous Values for Frame Saved at     47500 Dynamics Steps

 Current Time                95.00000000 Picosecond
 Current Potential        -7975.71538440 Kcal/mole
 Current Kinetic           2388.07085580 Kcal/mole
 Lattice Lengths           29.95041466     29.95041466     29.95041466
 Lattice Angles            90.00000000     90.00000000     90.00000000
 Frame Number                     95
 Coordinate File             liquid-e000-v064.arc

 Instantaneous Values for Frame Saved at     48000 Dynamics Steps

 Current Time                96.00000000 Picosecond
 Current Potential        -8062.99511129 Kcal/mole
 Current Kinetic           2373.64181521 Kcal/mole
 Lattice Lengths           29.97710228     29.97710228     29.97710228
 Lattice Angles            90.00000000     90.00000000     90.00000000
 Frame Number                     96
 Coordinate File             liquid-e000-v064.arc

 Instantaneous Values for Frame Saved at     48500 Dynamics Steps

 Current Time                97.00000000 Picosecond
 Current Potential        -8152.12101651 Kcal/mole
 Current Kinetic           2361.08059159 Kcal/mole
 Lattice Lengths           30.04631615     30.04631615     30.04631615
 Lattice Angles            90.00000000     90.00000000     90.00000000
 Frame Number                     97
 Coordinate File             liquid-e000-v064.arc

 Instantaneous Values for Frame Saved at     49000 Dynamics Steps

 Current Time                98.00000000 Picosecond
 Current Potential        -8163.61905333 Kcal/mole
 Current Kinetic           2464.32853680 Kcal/mole
 Lattice Lengths           30.01589012     30.01589012     30.01589012
 Lattice Angles            90.00000000     90.00000000     90.00000000
 Frame Number                     98
 Coordinate File             liquid-e000-v064.arc

 Instantaneous Values for Frame Saved at     49500 Dynamics Steps

 Current Time                99.00000000 Picosecond
 Current Potential        -8029.43453395 Kcal/mole
 Current Kinetic           2376.95014143 Kcal/mole
 Lattice Lengths           30.11082840     30.11082840     30.11082840
 Lattice Angles            90.00000000     90.00000000     90.00000000
 Frame Number                     99
 Coordinate File             liquid-e000-v064.arc

 Instantaneous Values for Frame Saved at     50000 Dynamics Steps

 Current Time               100.00000000 Picosecond
 Current Potential        -8090.86979473 Kcal/mole
 Current Kinetic           2426.64511480 Kcal/mole
 Lattice Lengths           30.13933563     30.13933563     30.13933563
 Lattice Angles            90.00000000     90.00000000     90.00000000
 Frame Number                    100
 Coordinate File             liquid-e000-v064.arc

 Performance:  ns/day              47.5791
               Wall Time          181.5924
               Steps                 50000
               Updates                 100
               Time Step            2.0000
               Atoms                  2695
