
     ######################################################################    
   ##########################################################################  
  ###                                                                      ### 
 ###            Tinker9  --  Software Tools for Molecular Design            ###
 ##                                                                          ##
 ##                      Version 1.0.0-rc  January 2021                      ##
 ##                                                                          ##
 ##                 Copyright (c)  Zhi Wang & the Ponder Lab                 ##
 ###                           All Rights Reserved                          ###
  ###                                                                      ### 
   ##########################################################################  
     ######################################################################    

 Compiled at:  16:31:56  Sep 10 2021
 Commit Date:  Mon Aug 16 01:28:23 2021 -0500
 Commit:       b78a5351

 Primary GPU package :  CUDA

 GPU Device :  Setting Device ID to 0 from GPU utilization
 Molecular Dynamics Trajectory via r-RESPA MTS Algorithm

 Free Energy Perturbation :          1.000 Lambda for Torsional Angles
 Free Energy Perturbation :          0.600 Lambda for van der Waals
 Free Energy Perturbation :          0.000 Lambda for Electrostatics

 Instantaneous Values for Frame Saved at       500 Dynamics Steps

 Current Time                 1.00000000 Picosecond
 Current Potential        -6625.58464313 Kcal/mole
 Current Kinetic           2775.34769033 Kcal/mole
 Lattice Lengths           30.09260559     30.09260559     30.09260559
 Lattice Angles            90.00000000     90.00000000     90.00000000
 Frame Number                      1
 Coordinate File             liquid-e000-v060.arc

 Instantaneous Values for Frame Saved at      1000 Dynamics Steps

 Current Time                 2.00000000 Picosecond
 Current Potential        -7247.35993195 Kcal/mole
 Current Kinetic           2482.68637027 Kcal/mole
 Lattice Lengths           30.14527893     30.14527893     30.14527893
 Lattice Angles            90.00000000     90.00000000     90.00000000
 Frame Number                      2
 Coordinate File             liquid-e000-v060.arc

 Instantaneous Values for Frame Saved at      1500 Dynamics Steps

 Current Time                 3.00000000 Picosecond
 Current Potential        -7357.26324204 Kcal/mole
 Current Kinetic           2419.79359992 Kcal/mole
 Lattice Lengths           30.16308784     30.16308784     30.16308784
 Lattice Angles            90.00000000     90.00000000     90.00000000
 Frame Number                      3
 Coordinate File             liquid-e000-v060.arc

 Instantaneous Values for Frame Saved at      2000 Dynamics Steps

 Current Time                 4.00000000 Picosecond
 Current Potential        -7386.48170376 Kcal/mole
 Current Kinetic           2373.08026543 Kcal/mole
 Lattice Lengths           30.10857964     30.10857964     30.10857964
 Lattice Angles            90.00000000     90.00000000     90.00000000
 Frame Number                      4
 Coordinate File             liquid-e000-v060.arc

 Instantaneous Values for Frame Saved at      2500 Dynamics Steps

 Current Time                 5.00000000 Picosecond
 Current Potential        -7497.85517222 Kcal/mole
 Current Kinetic           2436.69682900 Kcal/mole
 Lattice Lengths           30.16696167     30.16696167     30.16696167
 Lattice Angles            90.00000000     90.00000000     90.00000000
 Frame Number                      5
 Coordinate File             liquid-e000-v060.arc

 Instantaneous Values for Frame Saved at      3000 Dynamics Steps

 Current Time                 6.00000000 Picosecond
 Current Potential        -7606.25716556 Kcal/mole
 Current Kinetic           2426.08446113 Kcal/mole
 Lattice Lengths           30.10306549     30.10306549     30.10306549
 Lattice Angles            90.00000000     90.00000000     90.00000000
 Frame Number                      6
 Coordinate File             liquid-e000-v060.arc

 Instantaneous Values for Frame Saved at      3500 Dynamics Steps

 Current Time                 7.00000000 Picosecond
 Current Potential        -7688.42432912 Kcal/mole
 Current Kinetic           2388.52845056 Kcal/mole
 Lattice Lengths           29.95772743     29.95772743     29.95772743
 Lattice Angles            90.00000000     90.00000000     90.00000000
 Frame Number                      7
 Coordinate File             liquid-e000-v060.arc

 Instantaneous Values for Frame Saved at      4000 Dynamics Steps

 Current Time                 8.00000000 Picosecond
 Current Potential        -7759.35179529 Kcal/mole
 Current Kinetic           2422.80224438 Kcal/mole
 Lattice Lengths           29.98946381     29.98946381     29.98946381
 Lattice Angles            90.00000000     90.00000000     90.00000000
 Frame Number                      8
 Coordinate File             liquid-e000-v060.arc

 Instantaneous Values for Frame Saved at      4500 Dynamics Steps

 Current Time                 9.00000000 Picosecond
 Current Potential        -7765.50239053 Kcal/mole
 Current Kinetic           2442.25025310 Kcal/mole
 Lattice Lengths           30.06653023     30.06653023     30.06653023
 Lattice Angles            90.00000000     90.00000000     90.00000000
 Frame Number                      9
 Coordinate File             liquid-e000-v060.arc

 Instantaneous Values for Frame Saved at      5000 Dynamics Steps

 Current Time                10.00000000 Picosecond
 Current Potential        -7790.87195298 Kcal/mole
 Current Kinetic           2392.04839173 Kcal/mole
 Lattice Lengths           30.07762337     30.07762337     30.07762337
 Lattice Angles            90.00000000     90.00000000     90.00000000
 Frame Number                     10
 Coordinate File             liquid-e000-v060.arc

 Instantaneous Values for Frame Saved at      5500 Dynamics Steps

 Current Time                11.00000000 Picosecond
 Current Potential        -7808.59752494 Kcal/mole
 Current Kinetic           2388.21384097 Kcal/mole
 Lattice Lengths           30.04128838     30.04128838     30.04128838
 Lattice Angles            90.00000000     90.00000000     90.00000000
 Frame Number                     11
 Coordinate File             liquid-e000-v060.arc

 Instantaneous Values for Frame Saved at      6000 Dynamics Steps

 Current Time                12.00000000 Picosecond
 Current Potential        -7815.50550335 Kcal/mole
 Current Kinetic           2411.50754580 Kcal/mole
 Lattice Lengths           29.97751999     29.97751999     29.97751999
 Lattice Angles            90.00000000     90.00000000     90.00000000
 Frame Number                     12
 Coordinate File             liquid-e000-v060.arc

 Instantaneous Values for Frame Saved at      6500 Dynamics Steps

 Current Time                13.00000000 Picosecond
 Current Potential        -7892.60798523 Kcal/mole
 Current Kinetic           2505.02235950 Kcal/mole
 Lattice Lengths           29.93146706     29.93146706     29.93146706
 Lattice Angles            90.00000000     90.00000000     90.00000000
 Frame Number                     13
 Coordinate File             liquid-e000-v060.arc

 Instantaneous Values for Frame Saved at      7000 Dynamics Steps

 Current Time                14.00000000 Picosecond
 Current Potential        -7896.85202781 Kcal/mole
 Current Kinetic           2437.25599373 Kcal/mole
 Lattice Lengths           29.96285820     29.96285820     29.96285820
 Lattice Angles            90.00000000     90.00000000     90.00000000
 Frame Number                     14
 Coordinate File             liquid-e000-v060.arc

 Instantaneous Values for Frame Saved at      7500 Dynamics Steps

 Current Time                15.00000000 Picosecond
 Current Potential        -7858.43287307 Kcal/mole
 Current Kinetic           2449.12375875 Kcal/mole
 Lattice Lengths           30.03415108     30.03415108     30.03415108
 Lattice Angles            90.00000000     90.00000000     90.00000000
 Frame Number                     15
 Coordinate File             liquid-e000-v060.arc

 Instantaneous Values for Frame Saved at      8000 Dynamics Steps

 Current Time                16.00000000 Picosecond
 Current Potential        -7902.00337024 Kcal/mole
 Current Kinetic           2359.31796605 Kcal/mole
 Lattice Lengths           30.00586510     30.00586510     30.00586510
 Lattice Angles            90.00000000     90.00000000     90.00000000
 Frame Number                     16
 Coordinate File             liquid-e000-v060.arc

 Instantaneous Values for Frame Saved at      8500 Dynamics Steps

 Current Time                17.00000000 Picosecond
 Current Potential        -7982.87494659 Kcal/mole
 Current Kinetic           2385.44637669 Kcal/mole
 Lattice Lengths           29.92041969     29.92041969     29.92041969
 Lattice Angles            90.00000000     90.00000000     90.00000000
 Frame Number                     17
 Coordinate File             liquid-e000-v060.arc

 Instantaneous Values for Frame Saved at      9000 Dynamics Steps

 Current Time                18.00000000 Picosecond
 Current Potential        -7996.39071401 Kcal/mole
 Current Kinetic           2416.54229271 Kcal/mole
 Lattice Lengths           29.90610886     29.90610886     29.90610886
 Lattice Angles            90.00000000     90.00000000     90.00000000
 Frame Number                     18
 Coordinate File             liquid-e000-v060.arc

 Instantaneous Values for Frame Saved at      9500 Dynamics Steps

 Current Time                19.00000000 Picosecond
 Current Potential        -7904.50724582 Kcal/mole
 Current Kinetic           2449.65545866 Kcal/mole
 Lattice Lengths           29.93887138     29.93887138     29.93887138
 Lattice Angles            90.00000000     90.00000000     90.00000000
 Frame Number                     19
 Coordinate File             liquid-e000-v060.arc

 Instantaneous Values for Frame Saved at     10000 Dynamics Steps

 Current Time                20.00000000 Picosecond
 Current Potential        -7990.38307763 Kcal/mole
 Current Kinetic           2404.52669424 Kcal/mole
 Lattice Lengths           30.00561714     30.00561714     30.00561714
 Lattice Angles            90.00000000     90.00000000     90.00000000
 Frame Number                     20
 Coordinate File             liquid-e000-v060.arc

 Instantaneous Values for Frame Saved at     10500 Dynamics Steps

 Current Time                21.00000000 Picosecond
 Current Potential        -8060.74598242 Kcal/mole
 Current Kinetic           2478.83721476 Kcal/mole
 Lattice Lengths           29.92835617     29.92835617     29.92835617
 Lattice Angles            90.00000000     90.00000000     90.00000000
 Frame Number                     21
 Coordinate File             liquid-e000-v060.arc

 Instantaneous Values for Frame Saved at     11000 Dynamics Steps

 Current Time                22.00000000 Picosecond
 Current Potential        -8060.01337980 Kcal/mole
 Current Kinetic           2439.97161975 Kcal/mole
 Lattice Lengths           29.91677856     29.91677856     29.91677856
 Lattice Angles            90.00000000     90.00000000     90.00000000
 Frame Number                     22
 Coordinate File             liquid-e000-v060.arc

 Instantaneous Values for Frame Saved at     11500 Dynamics Steps

 Current Time                23.00000000 Picosecond
 Current Potential        -8011.92917084 Kcal/mole
 Current Kinetic           2435.79636164 Kcal/mole
 Lattice Lengths           29.97668457     29.97668457     29.97668457
 Lattice Angles            90.00000000     90.00000000     90.00000000
 Frame Number                     23
 Coordinate File             liquid-e000-v060.arc

 Instantaneous Values for Frame Saved at     12000 Dynamics Steps

 Current Time                24.00000000 Picosecond
 Current Potential        -8016.51938666 Kcal/mole
 Current Kinetic           2391.42303255 Kcal/mole
 Lattice Lengths           30.09562683     30.09562683     30.09562683
 Lattice Angles            90.00000000     90.00000000     90.00000000
 Frame Number                     24
 Coordinate File             liquid-e000-v060.arc

 Instantaneous Values for Frame Saved at     12500 Dynamics Steps

 Current Time                25.00000000 Picosecond
 Current Potential        -7963.88062003 Kcal/mole
 Current Kinetic           2465.95201570 Kcal/mole
 Lattice Lengths           30.03264427     30.03264427     30.03264427
 Lattice Angles            90.00000000     90.00000000     90.00000000
 Frame Number                     25
 Coordinate File             liquid-e000-v060.arc

 Instantaneous Values for Frame Saved at     13000 Dynamics Steps

 Current Time                26.00000000 Picosecond
 Current Potential        -8078.72853788 Kcal/mole
 Current Kinetic           2421.33457759 Kcal/mole
 Lattice Lengths           29.97490501     29.97490501     29.97490501
 Lattice Angles            90.00000000     90.00000000     90.00000000
 Frame Number                     26
 Coordinate File             liquid-e000-v060.arc

 Instantaneous Values for Frame Saved at     13500 Dynamics Steps

 Current Time                27.00000000 Picosecond
 Current Potential        -7999.70161104 Kcal/mole
 Current Kinetic           2447.53713318 Kcal/mole
 Lattice Lengths           30.01082420     30.01082420     30.01082420
 Lattice Angles            90.00000000     90.00000000     90.00000000
 Frame Number                     27
 Coordinate File             liquid-e000-v060.arc

 Instantaneous Values for Frame Saved at     14000 Dynamics Steps

 Current Time                28.00000000 Picosecond
 Current Potential        -7979.48303091 Kcal/mole
 Current Kinetic           2403.83849186 Kcal/mole
 Lattice Lengths           29.97235489     29.97235489     29.97235489
 Lattice Angles            90.00000000     90.00000000     90.00000000
 Frame Number                     28
 Coordinate File             liquid-e000-v060.arc

 Instantaneous Values for Frame Saved at     14500 Dynamics Steps

 Current Time                29.00000000 Picosecond
 Current Potential        -7938.06872319 Kcal/mole
 Current Kinetic           2419.96664103 Kcal/mole
 Lattice Lengths           29.92258453     29.92258453     29.92258453
 Lattice Angles            90.00000000     90.00000000     90.00000000
 Frame Number                     29
 Coordinate File             liquid-e000-v060.arc

 Instantaneous Values for Frame Saved at     15000 Dynamics Steps

 Current Time                30.00000000 Picosecond
 Current Potential        -7910.22941706 Kcal/mole
 Current Kinetic           2374.00071035 Kcal/mole
 Lattice Lengths           29.85450172     29.85450172     29.85450172
 Lattice Angles            90.00000000     90.00000000     90.00000000
 Frame Number                     30
 Coordinate File             liquid-e000-v060.arc

 Instantaneous Values for Frame Saved at     15500 Dynamics Steps

 Current Time                31.00000000 Picosecond
 Current Potential        -7841.69380515 Kcal/mole
 Current Kinetic           2401.59368052 Kcal/mole
 Lattice Lengths           29.93305779     29.93305779     29.93305779
 Lattice Angles            90.00000000     90.00000000     90.00000000
 Frame Number                     31
 Coordinate File             liquid-e000-v060.arc

 Instantaneous Values for Frame Saved at     16000 Dynamics Steps

 Current Time                32.00000000 Picosecond
 Current Potential        -7895.51231098 Kcal/mole
 Current Kinetic           2480.48842983 Kcal/mole
 Lattice Lengths           29.95797729     29.95797729     29.95797729
 Lattice Angles            90.00000000     90.00000000     90.00000000
 Frame Number                     32
 Coordinate File             liquid-e000-v060.arc

 Instantaneous Values for Frame Saved at     16500 Dynamics Steps

 Current Time                33.00000000 Picosecond
 Current Potential        -7929.63426755 Kcal/mole
 Current Kinetic           2466.72665796 Kcal/mole
 Lattice Lengths           29.94390297     29.94390297     29.94390297
 Lattice Angles            90.00000000     90.00000000     90.00000000
 Frame Number                     33
 Coordinate File             liquid-e000-v060.arc

 Instantaneous Values for Frame Saved at     17000 Dynamics Steps

 Current Time                34.00000000 Picosecond
 Current Potential        -8065.77997136 Kcal/mole
 Current Kinetic           2473.56245186 Kcal/mole
 Lattice Lengths           29.93708229     29.93708229     29.93708229
 Lattice Angles            90.00000000     90.00000000     90.00000000
 Frame Number                     34
 Coordinate File             liquid-e000-v060.arc

 Instantaneous Values for Frame Saved at     17500 Dynamics Steps

 Current Time                35.00000000 Picosecond
 Current Potential        -7999.20317072 Kcal/mole
 Current Kinetic           2427.13056525 Kcal/mole
 Lattice Lengths           30.01312447     30.01312447     30.01312447
 Lattice Angles            90.00000000     90.00000000     90.00000000
 Frame Number                     35
 Coordinate File             liquid-e000-v060.arc

 Instantaneous Values for Frame Saved at     18000 Dynamics Steps

 Current Time                36.00000000 Picosecond
 Current Potential        -7915.66432427 Kcal/mole
 Current Kinetic           2437.42629245 Kcal/mole
 Lattice Lengths           30.07106972     30.07106972     30.07106972
 Lattice Angles            90.00000000     90.00000000     90.00000000
 Frame Number                     36
 Coordinate File             liquid-e000-v060.arc

 Instantaneous Values for Frame Saved at     18500 Dynamics Steps

 Current Time                37.00000000 Picosecond
 Current Potential        -7983.96127661 Kcal/mole
 Current Kinetic           2390.14569090 Kcal/mole
 Lattice Lengths           30.14897537     30.14897537     30.14897537
 Lattice Angles            90.00000000     90.00000000     90.00000000
 Frame Number                     37
 Coordinate File             liquid-e000-v060.arc

 Instantaneous Values for Frame Saved at     19000 Dynamics Steps

 Current Time                38.00000000 Picosecond
 Current Potential        -7941.15663723 Kcal/mole
 Current Kinetic           2449.23199651 Kcal/mole
 Lattice Lengths           30.17004967     30.17004967     30.17004967
 Lattice Angles            90.00000000     90.00000000     90.00000000
 Frame Number                     38
 Coordinate File             liquid-e000-v060.arc

 Instantaneous Values for Frame Saved at     19500 Dynamics Steps

 Current Time                39.00000000 Picosecond
 Current Potential        -7958.47427276 Kcal/mole
 Current Kinetic           2440.70467917 Kcal/mole
 Lattice Lengths           30.06398392     30.06398392     30.06398392
 Lattice Angles            90.00000000     90.00000000     90.00000000
 Frame Number                     39
 Coordinate File             liquid-e000-v060.arc

 Instantaneous Values for Frame Saved at     20000 Dynamics Steps

 Current Time                40.00000000 Picosecond
 Current Potential        -7929.38283449 Kcal/mole
 Current Kinetic           2454.80931834 Kcal/mole
 Lattice Lengths           30.09176445     30.09176445     30.09176445
 Lattice Angles            90.00000000     90.00000000     90.00000000
 Frame Number                     40
 Coordinate File             liquid-e000-v060.arc

 Instantaneous Values for Frame Saved at     20500 Dynamics Steps

 Current Time                41.00000000 Picosecond
 Current Potential        -7956.16937175 Kcal/mole
 Current Kinetic           2392.98284492 Kcal/mole
 Lattice Lengths           30.02926445     30.02926445     30.02926445
 Lattice Angles            90.00000000     90.00000000     90.00000000
 Frame Number                     41
 Coordinate File             liquid-e000-v060.arc

 Instantaneous Values for Frame Saved at     21000 Dynamics Steps

 Current Time                42.00000000 Picosecond
 Current Potential        -7924.16326085 Kcal/mole
 Current Kinetic           2366.43096887 Kcal/mole
 Lattice Lengths           30.06719208     30.06719208     30.06719208
 Lattice Angles            90.00000000     90.00000000     90.00000000
 Frame Number                     42
 Coordinate File             liquid-e000-v060.arc

 Instantaneous Values for Frame Saved at     21500 Dynamics Steps

 Current Time                43.00000000 Picosecond
 Current Potential        -8047.95880270 Kcal/mole
 Current Kinetic           2485.07772235 Kcal/mole
 Lattice Lengths           30.08512115     30.08512115     30.08512115
 Lattice Angles            90.00000000     90.00000000     90.00000000
 Frame Number                     43
 Coordinate File             liquid-e000-v060.arc

 Instantaneous Values for Frame Saved at     22000 Dynamics Steps

 Current Time                44.00000000 Picosecond
 Current Potential        -8005.29221972 Kcal/mole
 Current Kinetic           2378.52891485 Kcal/mole
 Lattice Lengths           30.03085327     30.03085327     30.03085327
 Lattice Angles            90.00000000     90.00000000     90.00000000
 Frame Number                     44
 Coordinate File             liquid-e000-v060.arc

 Instantaneous Values for Frame Saved at     22500 Dynamics Steps

 Current Time                45.00000000 Picosecond
 Current Potential        -8024.36764829 Kcal/mole
 Current Kinetic           2393.60390102 Kcal/mole
 Lattice Lengths           30.07491684     30.07491684     30.07491684
 Lattice Angles            90.00000000     90.00000000     90.00000000
 Frame Number                     45
 Coordinate File             liquid-e000-v060.arc

 Instantaneous Values for Frame Saved at     23000 Dynamics Steps

 Current Time                46.00000000 Picosecond
 Current Potential        -8168.73185434 Kcal/mole
 Current Kinetic           2461.53076542 Kcal/mole
 Lattice Lengths           30.03947830     30.03947830     30.03947830
 Lattice Angles            90.00000000     90.00000000     90.00000000
 Frame Number                     46
 Coordinate File             liquid-e000-v060.arc

 Instantaneous Values for Frame Saved at     23500 Dynamics Steps

 Current Time                47.00000000 Picosecond
 Current Potential        -8116.90573694 Kcal/mole
 Current Kinetic           2446.83069178 Kcal/mole
 Lattice Lengths           30.01090240     30.01090240     30.01090240
 Lattice Angles            90.00000000     90.00000000     90.00000000
 Frame Number                     47
 Coordinate File             liquid-e000-v060.arc

 Instantaneous Values for Frame Saved at     24000 Dynamics Steps

 Current Time                48.00000000 Picosecond
 Current Potential        -8101.70653438 Kcal/mole
 Current Kinetic           2406.29501167 Kcal/mole
 Lattice Lengths           29.91747475     29.91747475     29.91747475
 Lattice Angles            90.00000000     90.00000000     90.00000000
 Frame Number                     48
 Coordinate File             liquid-e000-v060.arc

 Instantaneous Values for Frame Saved at     24500 Dynamics Steps

 Current Time                49.00000000 Picosecond
 Current Potential        -8074.97898085 Kcal/mole
 Current Kinetic           2460.45484735 Kcal/mole
 Lattice Lengths           29.91990662     29.91990662     29.91990662
 Lattice Angles            90.00000000     90.00000000     90.00000000
 Frame Number                     49
 Coordinate File             liquid-e000-v060.arc

 Instantaneous Values for Frame Saved at     25000 Dynamics Steps

 Current Time                50.00000000 Picosecond
 Current Potential        -7936.53782762 Kcal/mole
 Current Kinetic           2371.84669468 Kcal/mole
 Lattice Lengths           29.91118813     29.91118813     29.91118813
 Lattice Angles            90.00000000     90.00000000     90.00000000
 Frame Number                     50
 Coordinate File             liquid-e000-v060.arc

 Instantaneous Values for Frame Saved at     25500 Dynamics Steps

 Current Time                51.00000000 Picosecond
 Current Potential        -8050.10344195 Kcal/mole
 Current Kinetic           2352.15117764 Kcal/mole
 Lattice Lengths           29.89841080     29.89841080     29.89841080
 Lattice Angles            90.00000000     90.00000000     90.00000000
 Frame Number                     51
 Coordinate File             liquid-e000-v060.arc

 Instantaneous Values for Frame Saved at     26000 Dynamics Steps

 Current Time                52.00000000 Picosecond
 Current Potential        -8003.79459113 Kcal/mole
 Current Kinetic           2471.49633701 Kcal/mole
 Lattice Lengths           29.89193726     29.89193726     29.89193726
 Lattice Angles            90.00000000     90.00000000     90.00000000
 Frame Number                     52
 Coordinate File             liquid-e000-v060.arc

 Instantaneous Values for Frame Saved at     26500 Dynamics Steps

 Current Time                53.00000000 Picosecond
 Current Potential        -8026.62869108 Kcal/mole
 Current Kinetic           2389.12668002 Kcal/mole
 Lattice Lengths           29.82997131     29.82997131     29.82997131
 Lattice Angles            90.00000000     90.00000000     90.00000000
 Frame Number                     53
 Coordinate File             liquid-e000-v060.arc

 Instantaneous Values for Frame Saved at     27000 Dynamics Steps

 Current Time                54.00000000 Picosecond
 Current Potential        -8033.27590283 Kcal/mole
 Current Kinetic           2372.62153353 Kcal/mole
 Lattice Lengths           29.73534966     29.73534966     29.73534966
 Lattice Angles            90.00000000     90.00000000     90.00000000
 Frame Number                     54
 Coordinate File             liquid-e000-v060.arc

 Instantaneous Values for Frame Saved at     27500 Dynamics Steps

 Current Time                55.00000000 Picosecond
 Current Potential        -8027.61827957 Kcal/mole
 Current Kinetic           2416.19749653 Kcal/mole
 Lattice Lengths           29.74178696     29.74178696     29.74178696
 Lattice Angles            90.00000000     90.00000000     90.00000000
 Frame Number                     55
 Coordinate File             liquid-e000-v060.arc

 Instantaneous Values for Frame Saved at     28000 Dynamics Steps

 Current Time                56.00000000 Picosecond
 Current Potential        -8088.69460594 Kcal/mole
 Current Kinetic           2434.15027888 Kcal/mole
 Lattice Lengths           29.91905594     29.91905594     29.91905594
 Lattice Angles            90.00000000     90.00000000     90.00000000
 Frame Number                     56
 Coordinate File             liquid-e000-v060.arc

 Instantaneous Values for Frame Saved at     28500 Dynamics Steps

 Current Time                57.00000000 Picosecond
 Current Potential        -8061.99179686 Kcal/mole
 Current Kinetic           2413.98103996 Kcal/mole
 Lattice Lengths           29.88284492     29.88284492     29.88284492
 Lattice Angles            90.00000000     90.00000000     90.00000000
 Frame Number                     57
 Coordinate File             liquid-e000-v060.arc

 Instantaneous Values for Frame Saved at     29000 Dynamics Steps

 Current Time                58.00000000 Picosecond
 Current Potential        -8051.69596969 Kcal/mole
 Current Kinetic           2417.39884435 Kcal/mole
 Lattice Lengths           29.90603828     29.90603828     29.90603828
 Lattice Angles            90.00000000     90.00000000     90.00000000
 Frame Number                     58
 Coordinate File             liquid-e000-v060.arc

 Instantaneous Values for Frame Saved at     29500 Dynamics Steps

 Current Time                59.00000000 Picosecond
 Current Potential        -8066.41015243 Kcal/mole
 Current Kinetic           2384.54783494 Kcal/mole
 Lattice Lengths           29.96294022     29.96294022     29.96294022
 Lattice Angles            90.00000000     90.00000000     90.00000000
 Frame Number                     59
 Coordinate File             liquid-e000-v060.arc

 Instantaneous Values for Frame Saved at     30000 Dynamics Steps

 Current Time                60.00000000 Picosecond
 Current Potential        -8116.57939477 Kcal/mole
 Current Kinetic           2432.24513170 Kcal/mole
 Lattice Lengths           29.87472534     29.87472534     29.87472534
 Lattice Angles            90.00000000     90.00000000     90.00000000
 Frame Number                     60
 Coordinate File             liquid-e000-v060.arc

 Instantaneous Values for Frame Saved at     30500 Dynamics Steps

 Current Time                61.00000000 Picosecond
 Current Potential        -7997.97980360 Kcal/mole
 Current Kinetic           2412.50230542 Kcal/mole
 Lattice Lengths           29.95351410     29.95351410     29.95351410
 Lattice Angles            90.00000000     90.00000000     90.00000000
 Frame Number                     61
 Coordinate File             liquid-e000-v060.arc

 Instantaneous Values for Frame Saved at     31000 Dynamics Steps

 Current Time                62.00000000 Picosecond
 Current Potential        -8059.86489460 Kcal/mole
 Current Kinetic           2409.70027435 Kcal/mole
 Lattice Lengths           29.95446587     29.95446587     29.95446587
 Lattice Angles            90.00000000     90.00000000     90.00000000
 Frame Number                     62
 Coordinate File             liquid-e000-v060.arc

 Instantaneous Values for Frame Saved at     31500 Dynamics Steps

 Current Time                63.00000000 Picosecond
 Current Potential        -8067.55627871 Kcal/mole
 Current Kinetic           2417.90096993 Kcal/mole
 Lattice Lengths           29.99911880     29.99911880     29.99911880
 Lattice Angles            90.00000000     90.00000000     90.00000000
 Frame Number                     63
 Coordinate File             liquid-e000-v060.arc

 Instantaneous Values for Frame Saved at     32000 Dynamics Steps

 Current Time                64.00000000 Picosecond
 Current Potential        -7925.91186592 Kcal/mole
 Current Kinetic           2345.46994994 Kcal/mole
 Lattice Lengths           29.96366692     29.96366692     29.96366692
 Lattice Angles            90.00000000     90.00000000     90.00000000
 Frame Number                     64
 Coordinate File             liquid-e000-v060.arc

 Instantaneous Values for Frame Saved at     32500 Dynamics Steps

 Current Time                65.00000000 Picosecond
 Current Potential        -7940.89883308 Kcal/mole
 Current Kinetic           2434.84777506 Kcal/mole
 Lattice Lengths           29.96497345     29.96497345     29.96497345
 Lattice Angles            90.00000000     90.00000000     90.00000000
 Frame Number                     65
 Coordinate File             liquid-e000-v060.arc

 Instantaneous Values for Frame Saved at     33000 Dynamics Steps

 Current Time                66.00000000 Picosecond
 Current Potential        -8003.41279692 Kcal/mole
 Current Kinetic           2424.65379386 Kcal/mole
 Lattice Lengths           29.93822479     29.93822479     29.93822479
 Lattice Angles            90.00000000     90.00000000     90.00000000
 Frame Number                     66
 Coordinate File             liquid-e000-v060.arc

 Instantaneous Values for Frame Saved at     33500 Dynamics Steps

 Current Time                67.00000000 Picosecond
 Current Potential        -8056.91808377 Kcal/mole
 Current Kinetic           2416.00775423 Kcal/mole
 Lattice Lengths           29.91163445     29.91163445     29.91163445
 Lattice Angles            90.00000000     90.00000000     90.00000000
 Frame Number                     67
 Coordinate File             liquid-e000-v060.arc

 Instantaneous Values for Frame Saved at     34000 Dynamics Steps

 Current Time                68.00000000 Picosecond
 Current Potential        -8128.88629769 Kcal/mole
 Current Kinetic           2363.42610803 Kcal/mole
 Lattice Lengths           29.86954880     29.86954880     29.86954880
 Lattice Angles            90.00000000     90.00000000     90.00000000
 Frame Number                     68
 Coordinate File             liquid-e000-v060.arc

 Instantaneous Values for Frame Saved at     34500 Dynamics Steps

 Current Time                69.00000000 Picosecond
 Current Potential        -8114.86236341 Kcal/mole
 Current Kinetic           2364.82794450 Kcal/mole
 Lattice Lengths           29.91415024     29.91415024     29.91415024
 Lattice Angles            90.00000000     90.00000000     90.00000000
 Frame Number                     69
 Coordinate File             liquid-e000-v060.arc

 Instantaneous Values for Frame Saved at     35000 Dynamics Steps

 Current Time                70.00000000 Picosecond
 Current Potential        -8098.20008496 Kcal/mole
 Current Kinetic           2387.61836436 Kcal/mole
 Lattice Lengths           29.82913017     29.82913017     29.82913017
 Lattice Angles            90.00000000     90.00000000     90.00000000
 Frame Number                     70
 Coordinate File             liquid-e000-v060.arc

 Instantaneous Values for Frame Saved at     35500 Dynamics Steps

 Current Time                71.00000000 Picosecond
 Current Potential        -8021.39966538 Kcal/mole
 Current Kinetic           2333.52327866 Kcal/mole
 Lattice Lengths           29.87295914     29.87295914     29.87295914
 Lattice Angles            90.00000000     90.00000000     90.00000000
 Frame Number                     71
 Coordinate File             liquid-e000-v060.arc

 Instantaneous Values for Frame Saved at     36000 Dynamics Steps

 Current Time                72.00000000 Picosecond
 Current Potential        -8092.75309371 Kcal/mole
 Current Kinetic           2379.40764159 Kcal/mole
 Lattice Lengths           29.87175369     29.87175369     29.87175369
 Lattice Angles            90.00000000     90.00000000     90.00000000
 Frame Number                     72
 Coordinate File             liquid-e000-v060.arc

 Instantaneous Values for Frame Saved at     36500 Dynamics Steps

 Current Time                73.00000000 Picosecond
 Current Potential        -7980.95734900 Kcal/mole
 Current Kinetic           2424.37124184 Kcal/mole
 Lattice Lengths           30.02072525     30.02072525     30.02072525
 Lattice Angles            90.00000000     90.00000000     90.00000000
 Frame Number                     73
 Coordinate File             liquid-e000-v060.arc

 Instantaneous Values for Frame Saved at     37000 Dynamics Steps

 Current Time                74.00000000 Picosecond
 Current Potential        -8021.75041006 Kcal/mole
 Current Kinetic           2410.71584781 Kcal/mole
 Lattice Lengths           30.10323715     30.10323715     30.10323715
 Lattice Angles            90.00000000     90.00000000     90.00000000
 Frame Number                     74
 Coordinate File             liquid-e000-v060.arc

 Instantaneous Values for Frame Saved at     37500 Dynamics Steps

 Current Time                75.00000000 Picosecond
 Current Potential        -7995.04641321 Kcal/mole
 Current Kinetic           2354.02686850 Kcal/mole
 Lattice Lengths           30.15168762     30.15168762     30.15168762
 Lattice Angles            90.00000000     90.00000000     90.00000000
 Frame Number                     75
 Coordinate File             liquid-e000-v060.arc

 Instantaneous Values for Frame Saved at     38000 Dynamics Steps

 Current Time                76.00000000 Picosecond
 Current Potential        -7987.33228000 Kcal/mole
 Current Kinetic           2428.09528909 Kcal/mole
 Lattice Lengths           30.17359734     30.17359734     30.17359734
 Lattice Angles            90.00000000     90.00000000     90.00000000
 Frame Number                     76
 Coordinate File             liquid-e000-v060.arc

 Instantaneous Values for Frame Saved at     38500 Dynamics Steps

 Current Time                77.00000000 Picosecond
 Current Potential        -7936.90377959 Kcal/mole
 Current Kinetic           2388.18440823 Kcal/mole
 Lattice Lengths           30.14694595     30.14694595     30.14694595
 Lattice Angles            90.00000000     90.00000000     90.00000000
 Frame Number                     77
 Coordinate File             liquid-e000-v060.arc

 Instantaneous Values for Frame Saved at     39000 Dynamics Steps

 Current Time                78.00000000 Picosecond
 Current Potential        -8000.80890906 Kcal/mole
 Current Kinetic           2448.58801158 Kcal/mole
 Lattice Lengths           30.02744293     30.02744293     30.02744293
 Lattice Angles            90.00000000     90.00000000     90.00000000
 Frame Number                     78
 Coordinate File             liquid-e000-v060.arc

 Instantaneous Values for Frame Saved at     39500 Dynamics Steps

 Current Time                79.00000000 Picosecond
 Current Potential        -8020.73865316 Kcal/mole
 Current Kinetic           2375.60862553 Kcal/mole
 Lattice Lengths           29.87676239     29.87676239     29.87676239
 Lattice Angles            90.00000000     90.00000000     90.00000000
 Frame Number                     79
 Coordinate File             liquid-e000-v060.arc

 Instantaneous Values for Frame Saved at     40000 Dynamics Steps

 Current Time                80.00000000 Picosecond
 Current Potential        -7965.47298497 Kcal/mole
 Current Kinetic           2393.65829829 Kcal/mole
 Lattice Lengths           29.84499931     29.84499931     29.84499931
 Lattice Angles            90.00000000     90.00000000     90.00000000
 Frame Number                     80
 Coordinate File             liquid-e000-v060.arc

 Instantaneous Values for Frame Saved at     40500 Dynamics Steps

 Current Time                81.00000000 Picosecond
 Current Potential        -7919.39751543 Kcal/mole
 Current Kinetic           2376.11365399 Kcal/mole
 Lattice Lengths           29.86953354     29.86953354     29.86953354
 Lattice Angles            90.00000000     90.00000000     90.00000000
 Frame Number                     81
 Coordinate File             liquid-e000-v060.arc

 Instantaneous Values for Frame Saved at     41000 Dynamics Steps

 Current Time                82.00000000 Picosecond
 Current Potential        -8049.06817987 Kcal/mole
 Current Kinetic           2344.69450822 Kcal/mole
 Lattice Lengths           29.88576698     29.88576698     29.88576698
 Lattice Angles            90.00000000     90.00000000     90.00000000
 Frame Number                     82
 Coordinate File             liquid-e000-v060.arc

 Instantaneous Values for Frame Saved at     41500 Dynamics Steps

 Current Time                83.00000000 Picosecond
 Current Potential        -8064.35459559 Kcal/mole
 Current Kinetic           2373.08364882 Kcal/mole
 Lattice Lengths           29.88916969     29.88916969     29.88916969
 Lattice Angles            90.00000000     90.00000000     90.00000000
 Frame Number                     83
 Coordinate File             liquid-e000-v060.arc

 Instantaneous Values for Frame Saved at     42000 Dynamics Steps

 Current Time                84.00000000 Picosecond
 Current Potential        -8000.43460841 Kcal/mole
 Current Kinetic           2363.84001885 Kcal/mole
 Lattice Lengths           29.89593506     29.89593506     29.89593506
 Lattice Angles            90.00000000     90.00000000     90.00000000
 Frame Number                     84
 Coordinate File             liquid-e000-v060.arc

 Instantaneous Values for Frame Saved at     42500 Dynamics Steps

 Current Time                85.00000000 Picosecond
 Current Potential        -7986.26033333 Kcal/mole
 Current Kinetic           2507.22205726 Kcal/mole
 Lattice Lengths           29.92120171     29.92120171     29.92120171
 Lattice Angles            90.00000000     90.00000000     90.00000000
 Frame Number                     85
 Coordinate File             liquid-e000-v060.arc

 Instantaneous Values for Frame Saved at     43000 Dynamics Steps

 Current Time                86.00000000 Picosecond
 Current Potential        -7973.77883557 Kcal/mole
 Current Kinetic           2436.86888655 Kcal/mole
 Lattice Lengths           30.09998322     30.09998322     30.09998322
 Lattice Angles            90.00000000     90.00000000     90.00000000
 Frame Number                     86
 Coordinate File             liquid-e000-v060.arc

 Instantaneous Values for Frame Saved at     43500 Dynamics Steps

 Current Time                87.00000000 Picosecond
 Current Potential        -7886.08173418 Kcal/mole
 Current Kinetic           2414.58044952 Kcal/mole
 Lattice Lengths           30.02836418     30.02836418     30.02836418
 Lattice Angles            90.00000000     90.00000000     90.00000000
 Frame Number                     87
 Coordinate File             liquid-e000-v060.arc

 Instantaneous Values for Frame Saved at     44000 Dynamics Steps

 Current Time                88.00000000 Picosecond
 Current Potential        -7951.71316774 Kcal/mole
 Current Kinetic           2462.60571845 Kcal/mole
 Lattice Lengths           30.08224297     30.08224297     30.08224297
 Lattice Angles            90.00000000     90.00000000     90.00000000
 Frame Number                     88
 Coordinate File             liquid-e000-v060.arc

 Instantaneous Values for Frame Saved at     44500 Dynamics Steps

 Current Time                89.00000000 Picosecond
 Current Potential        -7967.05659246 Kcal/mole
 Current Kinetic           2377.66472314 Kcal/mole
 Lattice Lengths           30.10200500     30.10200500     30.10200500
 Lattice Angles            90.00000000     90.00000000     90.00000000
 Frame Number                     89
 Coordinate File             liquid-e000-v060.arc

 Instantaneous Values for Frame Saved at     45000 Dynamics Steps

 Current Time                90.00000000 Picosecond
 Current Potential        -8002.80357608 Kcal/mole
 Current Kinetic           2432.09173468 Kcal/mole
 Lattice Lengths           30.06927299     30.06927299     30.06927299
 Lattice Angles            90.00000000     90.00000000     90.00000000
 Frame Number                     90
 Coordinate File             liquid-e000-v060.arc

 Instantaneous Values for Frame Saved at     45500 Dynamics Steps

 Current Time                91.00000000 Picosecond
 Current Potential        -7894.66111443 Kcal/mole
 Current Kinetic           2371.86105466 Kcal/mole
 Lattice Lengths           30.03027153     30.03027153     30.03027153
 Lattice Angles            90.00000000     90.00000000     90.00000000
 Frame Number                     91
 Coordinate File             liquid-e000-v060.arc

 Instantaneous Values for Frame Saved at     46000 Dynamics Steps

 Current Time                92.00000000 Picosecond
 Current Potential        -7937.28018220 Kcal/mole
 Current Kinetic           2420.05201639 Kcal/mole
 Lattice Lengths           30.01557159     30.01557159     30.01557159
 Lattice Angles            90.00000000     90.00000000     90.00000000
 Frame Number                     92
 Coordinate File             liquid-e000-v060.arc

 Instantaneous Values for Frame Saved at     46500 Dynamics Steps

 Current Time                93.00000000 Picosecond
 Current Potential        -7990.01827412 Kcal/mole
 Current Kinetic           2394.55818853 Kcal/mole
 Lattice Lengths           29.99247932     29.99247932     29.99247932
 Lattice Angles            90.00000000     90.00000000     90.00000000
 Frame Number                     93
 Coordinate File             liquid-e000-v060.arc

 Instantaneous Values for Frame Saved at     47000 Dynamics Steps

 Current Time                94.00000000 Picosecond
 Current Potential        -7993.52956446 Kcal/mole
 Current Kinetic           2437.28476108 Kcal/mole
 Lattice Lengths           29.94832993     29.94832993     29.94832993
 Lattice Angles            90.00000000     90.00000000     90.00000000
 Frame Number                     94
 Coordinate File             liquid-e000-v060.arc

 Instantaneous Values for Frame Saved at     47500 Dynamics Steps

 Current Time                95.00000000 Picosecond
 Current Potential        -8022.44987694 Kcal/mole
 Current Kinetic           2415.96019347 Kcal/mole
 Lattice Lengths           29.99935150     29.99935150     29.99935150
 Lattice Angles            90.00000000     90.00000000     90.00000000
 Frame Number                     95
 Coordinate File             liquid-e000-v060.arc

 Instantaneous Values for Frame Saved at     48000 Dynamics Steps

 Current Time                96.00000000 Picosecond
 Current Potential        -8056.28558690 Kcal/mole
 Current Kinetic           2367.72774348 Kcal/mole
 Lattice Lengths           30.01442528     30.01442528     30.01442528
 Lattice Angles            90.00000000     90.00000000     90.00000000
 Frame Number                     96
 Coordinate File             liquid-e000-v060.arc

 Instantaneous Values for Frame Saved at     48500 Dynamics Steps

 Current Time                97.00000000 Picosecond
 Current Potential        -8101.51319040 Kcal/mole
 Current Kinetic           2316.95394053 Kcal/mole
 Lattice Lengths           30.06690598     30.06690598     30.06690598
 Lattice Angles            90.00000000     90.00000000     90.00000000
 Frame Number                     97
 Coordinate File             liquid-e000-v060.arc

 Instantaneous Values for Frame Saved at     49000 Dynamics Steps

 Current Time                98.00000000 Picosecond
 Current Potential        -8028.05176043 Kcal/mole
 Current Kinetic           2348.54192782 Kcal/mole
 Lattice Lengths           30.11159325     30.11159325     30.11159325
 Lattice Angles            90.00000000     90.00000000     90.00000000
 Frame Number                     98
 Coordinate File             liquid-e000-v060.arc

 Instantaneous Values for Frame Saved at     49500 Dynamics Steps

 Current Time                99.00000000 Picosecond
 Current Potential        -8030.87020515 Kcal/mole
 Current Kinetic           2410.41810698 Kcal/mole
 Lattice Lengths           30.12369156     30.12369156     30.12369156
 Lattice Angles            90.00000000     90.00000000     90.00000000
 Frame Number                     99
 Coordinate File             liquid-e000-v060.arc

 Instantaneous Values for Frame Saved at     50000 Dynamics Steps

 Current Time               100.00000000 Picosecond
 Current Potential        -8085.19970850 Kcal/mole
 Current Kinetic           2445.63408800 Kcal/mole
 Lattice Lengths           30.07577705     30.07577705     30.07577705
 Lattice Angles            90.00000000     90.00000000     90.00000000
 Frame Number                    100
 Coordinate File             liquid-e000-v060.arc

 Performance:  ns/day              51.9632
               Wall Time          166.2716
               Steps                 50000
               Updates                 100
               Time Step            2.0000
               Atoms                  2695
