
     ######################################################################    
   ##########################################################################  
  ###                                                                      ### 
 ###            Tinker9  --  Software Tools for Molecular Design            ###
 ##                                                                          ##
 ##                      Version 1.0.0-rc  January 2021                      ##
 ##                                                                          ##
 ##                 Copyright (c)  Zhi Wang & the Ponder Lab                 ##
 ###                           All Rights Reserved                          ###
  ###                                                                      ### 
   ##########################################################################  
     ######################################################################    

 Compiled at:  16:31:56  Sep 10 2021
 Commit Date:  Mon Aug 16 01:28:23 2021 -0500
 Commit:       b78a5351

 Primary GPU package :  CUDA

 GPU Device :  Setting Device ID to 0 from GPU utilization
 Molecular Dynamics Trajectory via r-RESPA MTS Algorithm

 Free Energy Perturbation :          1.000 Lambda for Torsional Angles
 Free Energy Perturbation :          1.000 Lambda for van der Waals
 Free Energy Perturbation :          0.400 Lambda for Electrostatics

 Instantaneous Values for Frame Saved at       500 Dynamics Steps

 Current Time                 1.00000000 Picosecond
 Current Potential        -6492.21498516 Kcal/mole
 Current Kinetic           2719.62472735 Kcal/mole
 Lattice Lengths           30.44452286     30.44452286     30.44452286
 Lattice Angles            90.00000000     90.00000000     90.00000000
 Frame Number                      1
 Coordinate File             liquid-e040-v100.arc

 Instantaneous Values for Frame Saved at      1000 Dynamics Steps

 Current Time                 2.00000000 Picosecond
 Current Potential        -7141.14644846 Kcal/mole
 Current Kinetic           2483.78097914 Kcal/mole
 Lattice Lengths           30.47472382     30.47472382     30.47472382
 Lattice Angles            90.00000000     90.00000000     90.00000000
 Frame Number                      2
 Coordinate File             liquid-e040-v100.arc

 Instantaneous Values for Frame Saved at      1500 Dynamics Steps

 Current Time                 3.00000000 Picosecond
 Current Potential        -7356.39357951 Kcal/mole
 Current Kinetic           2482.35598985 Kcal/mole
 Lattice Lengths           30.43791199     30.43791199     30.43791199
 Lattice Angles            90.00000000     90.00000000     90.00000000
 Frame Number                      3
 Coordinate File             liquid-e040-v100.arc

 Instantaneous Values for Frame Saved at      2000 Dynamics Steps

 Current Time                 4.00000000 Picosecond
 Current Potential        -7482.34161582 Kcal/mole
 Current Kinetic           2398.51767065 Kcal/mole
 Lattice Lengths           30.35967636     30.35967636     30.35967636
 Lattice Angles            90.00000000     90.00000000     90.00000000
 Frame Number                      4
 Coordinate File             liquid-e040-v100.arc

 Instantaneous Values for Frame Saved at      2500 Dynamics Steps

 Current Time                 5.00000000 Picosecond
 Current Potential        -7699.11356881 Kcal/mole
 Current Kinetic           2405.77053888 Kcal/mole
 Lattice Lengths           30.28281975     30.28281975     30.28281975
 Lattice Angles            90.00000000     90.00000000     90.00000000
 Frame Number                      5
 Coordinate File             liquid-e040-v100.arc

 Instantaneous Values for Frame Saved at      3000 Dynamics Steps

 Current Time                 6.00000000 Picosecond
 Current Potential        -7606.02302267 Kcal/mole
 Current Kinetic           2438.17357071 Kcal/mole
 Lattice Lengths           30.25558662     30.25558662     30.25558662
 Lattice Angles            90.00000000     90.00000000     90.00000000
 Frame Number                      6
 Coordinate File             liquid-e040-v100.arc

 Instantaneous Values for Frame Saved at      3500 Dynamics Steps

 Current Time                 7.00000000 Picosecond
 Current Potential        -7602.81084683 Kcal/mole
 Current Kinetic           2301.88820492 Kcal/mole
 Lattice Lengths           30.21671486     30.21671486     30.21671486
 Lattice Angles            90.00000000     90.00000000     90.00000000
 Frame Number                      7
 Coordinate File             liquid-e040-v100.arc

 Instantaneous Values for Frame Saved at      4000 Dynamics Steps

 Current Time                 8.00000000 Picosecond
 Current Potential        -7711.72870583 Kcal/mole
 Current Kinetic           2450.02515721 Kcal/mole
 Lattice Lengths           30.16390419     30.16390419     30.16390419
 Lattice Angles            90.00000000     90.00000000     90.00000000
 Frame Number                      8
 Coordinate File             liquid-e040-v100.arc

 Instantaneous Values for Frame Saved at      4500 Dynamics Steps

 Current Time                 9.00000000 Picosecond
 Current Potential        -7637.68990283 Kcal/mole
 Current Kinetic           2482.56360596 Kcal/mole
 Lattice Lengths           30.18974113     30.18974113     30.18974113
 Lattice Angles            90.00000000     90.00000000     90.00000000
 Frame Number                      9
 Coordinate File             liquid-e040-v100.arc

 Instantaneous Values for Frame Saved at      5000 Dynamics Steps

 Current Time                10.00000000 Picosecond
 Current Potential        -7670.52981885 Kcal/mole
 Current Kinetic           2427.93894696 Kcal/mole
 Lattice Lengths           30.15506554     30.15506554     30.15506554
 Lattice Angles            90.00000000     90.00000000     90.00000000
 Frame Number                     10
 Coordinate File             liquid-e040-v100.arc

 Instantaneous Values for Frame Saved at      5500 Dynamics Steps

 Current Time                11.00000000 Picosecond
 Current Potential        -7773.16304709 Kcal/mole
 Current Kinetic           2464.32765940 Kcal/mole
 Lattice Lengths           30.11557198     30.11557198     30.11557198
 Lattice Angles            90.00000000     90.00000000     90.00000000
 Frame Number                     11
 Coordinate File             liquid-e040-v100.arc

 Instantaneous Values for Frame Saved at      6000 Dynamics Steps

 Current Time                12.00000000 Picosecond
 Current Potential        -7796.54602324 Kcal/mole
 Current Kinetic           2464.90213938 Kcal/mole
 Lattice Lengths           30.08221817     30.08221817     30.08221817
 Lattice Angles            90.00000000     90.00000000     90.00000000
 Frame Number                     12
 Coordinate File             liquid-e040-v100.arc

 Instantaneous Values for Frame Saved at      6500 Dynamics Steps

 Current Time                13.00000000 Picosecond
 Current Potential        -7747.45782015 Kcal/mole
 Current Kinetic           2411.27085943 Kcal/mole
 Lattice Lengths           30.03690338     30.03690338     30.03690338
 Lattice Angles            90.00000000     90.00000000     90.00000000
 Frame Number                     13
 Coordinate File             liquid-e040-v100.arc

 Instantaneous Values for Frame Saved at      7000 Dynamics Steps

 Current Time                14.00000000 Picosecond
 Current Potential        -7860.73274180 Kcal/mole
 Current Kinetic           2402.85213034 Kcal/mole
 Lattice Lengths           30.00290489     30.00290489     30.00290489
 Lattice Angles            90.00000000     90.00000000     90.00000000
 Frame Number                     14
 Coordinate File             liquid-e040-v100.arc

 Instantaneous Values for Frame Saved at      7500 Dynamics Steps

 Current Time                15.00000000 Picosecond
 Current Potential        -7917.55716426 Kcal/mole
 Current Kinetic           2436.12246135 Kcal/mole
 Lattice Lengths           29.97605133     29.97605133     29.97605133
 Lattice Angles            90.00000000     90.00000000     90.00000000
 Frame Number                     15
 Coordinate File             liquid-e040-v100.arc

 Instantaneous Values for Frame Saved at      8000 Dynamics Steps

 Current Time                16.00000000 Picosecond
 Current Potential        -7917.56666838 Kcal/mole
 Current Kinetic           2500.07043915 Kcal/mole
 Lattice Lengths           29.94544411     29.94544411     29.94544411
 Lattice Angles            90.00000000     90.00000000     90.00000000
 Frame Number                     16
 Coordinate File             liquid-e040-v100.arc

 Instantaneous Values for Frame Saved at      8500 Dynamics Steps

 Current Time                17.00000000 Picosecond
 Current Potential        -7927.79671521 Kcal/mole
 Current Kinetic           2482.73690724 Kcal/mole
 Lattice Lengths           29.98182106     29.98182106     29.98182106
 Lattice Angles            90.00000000     90.00000000     90.00000000
 Frame Number                     17
 Coordinate File             liquid-e040-v100.arc

 Instantaneous Values for Frame Saved at      9000 Dynamics Steps

 Current Time                18.00000000 Picosecond
 Current Potential        -7836.92351262 Kcal/mole
 Current Kinetic           2355.11691976 Kcal/mole
 Lattice Lengths           29.93107414     29.93107414     29.93107414
 Lattice Angles            90.00000000     90.00000000     90.00000000
 Frame Number                     18
 Coordinate File             liquid-e040-v100.arc

 Instantaneous Values for Frame Saved at      9500 Dynamics Steps

 Current Time                19.00000000 Picosecond
 Current Potential        -7818.39457227 Kcal/mole
 Current Kinetic           2354.79973125 Kcal/mole
 Lattice Lengths           29.96512794     29.96512794     29.96512794
 Lattice Angles            90.00000000     90.00000000     90.00000000
 Frame Number                     19
 Coordinate File             liquid-e040-v100.arc

 Instantaneous Values for Frame Saved at     10000 Dynamics Steps

 Current Time                20.00000000 Picosecond
 Current Potential        -7973.99164832 Kcal/mole
 Current Kinetic           2405.23380613 Kcal/mole
 Lattice Lengths           29.92300797     29.92300797     29.92300797
 Lattice Angles            90.00000000     90.00000000     90.00000000
 Frame Number                     20
 Coordinate File             liquid-e040-v100.arc

 Instantaneous Values for Frame Saved at     10500 Dynamics Steps

 Current Time                21.00000000 Picosecond
 Current Potential        -7899.69312819 Kcal/mole
 Current Kinetic           2401.16145410 Kcal/mole
 Lattice Lengths           29.89857292     29.89857292     29.89857292
 Lattice Angles            90.00000000     90.00000000     90.00000000
 Frame Number                     21
 Coordinate File             liquid-e040-v100.arc

 Instantaneous Values for Frame Saved at     11000 Dynamics Steps

 Current Time                22.00000000 Picosecond
 Current Potential        -7901.50109979 Kcal/mole
 Current Kinetic           2401.15100737 Kcal/mole
 Lattice Lengths           29.92039871     29.92039871     29.92039871
 Lattice Angles            90.00000000     90.00000000     90.00000000
 Frame Number                     22
 Coordinate File             liquid-e040-v100.arc

 Instantaneous Values for Frame Saved at     11500 Dynamics Steps

 Current Time                23.00000000 Picosecond
 Current Potential        -7941.73413800 Kcal/mole
 Current Kinetic           2484.33580734 Kcal/mole
 Lattice Lengths           29.88619423     29.88619423     29.88619423
 Lattice Angles            90.00000000     90.00000000     90.00000000
 Frame Number                     23
 Coordinate File             liquid-e040-v100.arc

 Instantaneous Values for Frame Saved at     12000 Dynamics Steps

 Current Time                24.00000000 Picosecond
 Current Potential        -7980.37716736 Kcal/mole
 Current Kinetic           2373.09382565 Kcal/mole
 Lattice Lengths           29.85745621     29.85745621     29.85745621
 Lattice Angles            90.00000000     90.00000000     90.00000000
 Frame Number                     24
 Coordinate File             liquid-e040-v100.arc

 Instantaneous Values for Frame Saved at     12500 Dynamics Steps

 Current Time                25.00000000 Picosecond
 Current Potential        -7952.63902558 Kcal/mole
 Current Kinetic           2357.63850774 Kcal/mole
 Lattice Lengths           29.84351730     29.84351730     29.84351730
 Lattice Angles            90.00000000     90.00000000     90.00000000
 Frame Number                     25
 Coordinate File             liquid-e040-v100.arc

 Instantaneous Values for Frame Saved at     13000 Dynamics Steps

 Current Time                26.00000000 Picosecond
 Current Potential        -7963.60957427 Kcal/mole
 Current Kinetic           2386.89213012 Kcal/mole
 Lattice Lengths           29.84267807     29.84267807     29.84267807
 Lattice Angles            90.00000000     90.00000000     90.00000000
 Frame Number                     26
 Coordinate File             liquid-e040-v100.arc

 Instantaneous Values for Frame Saved at     13500 Dynamics Steps

 Current Time                27.00000000 Picosecond
 Current Potential        -8031.61173797 Kcal/mole
 Current Kinetic           2388.08820764 Kcal/mole
 Lattice Lengths           29.83172035     29.83172035     29.83172035
 Lattice Angles            90.00000000     90.00000000     90.00000000
 Frame Number                     27
 Coordinate File             liquid-e040-v100.arc

 Instantaneous Values for Frame Saved at     14000 Dynamics Steps

 Current Time                28.00000000 Picosecond
 Current Potential        -7996.95067355 Kcal/mole
 Current Kinetic           2422.58148621 Kcal/mole
 Lattice Lengths           29.78839111     29.78839111     29.78839111
 Lattice Angles            90.00000000     90.00000000     90.00000000
 Frame Number                     28
 Coordinate File             liquid-e040-v100.arc

 Instantaneous Values for Frame Saved at     14500 Dynamics Steps

 Current Time                29.00000000 Picosecond
 Current Potential        -7909.86739298 Kcal/mole
 Current Kinetic           2434.67956641 Kcal/mole
 Lattice Lengths           29.78521729     29.78521729     29.78521729
 Lattice Angles            90.00000000     90.00000000     90.00000000
 Frame Number                     29
 Coordinate File             liquid-e040-v100.arc

 Instantaneous Values for Frame Saved at     15000 Dynamics Steps

 Current Time                30.00000000 Picosecond
 Current Potential        -8035.81050792 Kcal/mole
 Current Kinetic           2470.79214049 Kcal/mole
 Lattice Lengths           29.86323547     29.86323547     29.86323547
 Lattice Angles            90.00000000     90.00000000     90.00000000
 Frame Number                     30
 Coordinate File             liquid-e040-v100.arc

 Instantaneous Values for Frame Saved at     15500 Dynamics Steps

 Current Time                31.00000000 Picosecond
 Current Potential        -8001.87079848 Kcal/mole
 Current Kinetic           2448.79896817 Kcal/mole
 Lattice Lengths           29.89678955     29.89678955     29.89678955
 Lattice Angles            90.00000000     90.00000000     90.00000000
 Frame Number                     31
 Coordinate File             liquid-e040-v100.arc

 Instantaneous Values for Frame Saved at     16000 Dynamics Steps

 Current Time                32.00000000 Picosecond
 Current Potential        -8019.16508987 Kcal/mole
 Current Kinetic           2414.55083404 Kcal/mole
 Lattice Lengths           29.91096687     29.91096687     29.91096687
 Lattice Angles            90.00000000     90.00000000     90.00000000
 Frame Number                     32
 Coordinate File             liquid-e040-v100.arc

 Instantaneous Values for Frame Saved at     16500 Dynamics Steps

 Current Time                33.00000000 Picosecond
 Current Potential        -8042.55326463 Kcal/mole
 Current Kinetic           2452.33630780 Kcal/mole
 Lattice Lengths           29.90086746     29.90086746     29.90086746
 Lattice Angles            90.00000000     90.00000000     90.00000000
 Frame Number                     33
 Coordinate File             liquid-e040-v100.arc

 Instantaneous Values for Frame Saved at     17000 Dynamics Steps

 Current Time                34.00000000 Picosecond
 Current Potential        -8054.98719645 Kcal/mole
 Current Kinetic           2378.38540156 Kcal/mole
 Lattice Lengths           29.90183067     29.90183067     29.90183067
 Lattice Angles            90.00000000     90.00000000     90.00000000
 Frame Number                     34
 Coordinate File             liquid-e040-v100.arc

 Instantaneous Values for Frame Saved at     17500 Dynamics Steps

 Current Time                35.00000000 Picosecond
 Current Potential        -8142.02318831 Kcal/mole
 Current Kinetic           2397.97078212 Kcal/mole
 Lattice Lengths           29.94750977     29.94750977     29.94750977
 Lattice Angles            90.00000000     90.00000000     90.00000000
 Frame Number                     35
 Coordinate File             liquid-e040-v100.arc

 Instantaneous Values for Frame Saved at     18000 Dynamics Steps

 Current Time                36.00000000 Picosecond
 Current Potential        -8030.97014612 Kcal/mole
 Current Kinetic           2406.01281995 Kcal/mole
 Lattice Lengths           29.93086052     29.93086052     29.93086052
 Lattice Angles            90.00000000     90.00000000     90.00000000
 Frame Number                     36
 Coordinate File             liquid-e040-v100.arc

 Instantaneous Values for Frame Saved at     18500 Dynamics Steps

 Current Time                37.00000000 Picosecond
 Current Potential        -8004.10133525 Kcal/mole
 Current Kinetic           2393.36811021 Kcal/mole
 Lattice Lengths           29.91646576     29.91646576     29.91646576
 Lattice Angles            90.00000000     90.00000000     90.00000000
 Frame Number                     37
 Coordinate File             liquid-e040-v100.arc

 Instantaneous Values for Frame Saved at     19000 Dynamics Steps

 Current Time                38.00000000 Picosecond
 Current Potential        -8043.38034336 Kcal/mole
 Current Kinetic           2406.36629307 Kcal/mole
 Lattice Lengths           29.91435623     29.91435623     29.91435623
 Lattice Angles            90.00000000     90.00000000     90.00000000
 Frame Number                     38
 Coordinate File             liquid-e040-v100.arc

 Instantaneous Values for Frame Saved at     19500 Dynamics Steps

 Current Time                39.00000000 Picosecond
 Current Potential        -8067.23926012 Kcal/mole
 Current Kinetic           2397.87237556 Kcal/mole
 Lattice Lengths           29.86483383     29.86483383     29.86483383
 Lattice Angles            90.00000000     90.00000000     90.00000000
 Frame Number                     39
 Coordinate File             liquid-e040-v100.arc

 Instantaneous Values for Frame Saved at     20000 Dynamics Steps

 Current Time                40.00000000 Picosecond
 Current Potential        -8032.59463872 Kcal/mole
 Current Kinetic           2398.76303934 Kcal/mole
 Lattice Lengths           29.81826973     29.81826973     29.81826973
 Lattice Angles            90.00000000     90.00000000     90.00000000
 Frame Number                     40
 Coordinate File             liquid-e040-v100.arc

 Instantaneous Values for Frame Saved at     20500 Dynamics Steps

 Current Time                41.00000000 Picosecond
 Current Potential        -8158.63614181 Kcal/mole
 Current Kinetic           2408.74699237 Kcal/mole
 Lattice Lengths           29.82163239     29.82163239     29.82163239
 Lattice Angles            90.00000000     90.00000000     90.00000000
 Frame Number                     41
 Coordinate File             liquid-e040-v100.arc

 Instantaneous Values for Frame Saved at     21000 Dynamics Steps

 Current Time                42.00000000 Picosecond
 Current Potential        -8084.08323892 Kcal/mole
 Current Kinetic           2330.89141184 Kcal/mole
 Lattice Lengths           29.83215332     29.83215332     29.83215332
 Lattice Angles            90.00000000     90.00000000     90.00000000
 Frame Number                     42
 Coordinate File             liquid-e040-v100.arc

 Instantaneous Values for Frame Saved at     21500 Dynamics Steps

 Current Time                43.00000000 Picosecond
 Current Potential        -8093.19431022 Kcal/mole
 Current Kinetic           2414.98847500 Kcal/mole
 Lattice Lengths           29.87891197     29.87891197     29.87891197
 Lattice Angles            90.00000000     90.00000000     90.00000000
 Frame Number                     43
 Coordinate File             liquid-e040-v100.arc

 Instantaneous Values for Frame Saved at     22000 Dynamics Steps

 Current Time                44.00000000 Picosecond
 Current Potential        -8041.27138218 Kcal/mole
 Current Kinetic           2389.35662822 Kcal/mole
 Lattice Lengths           29.88850403     29.88850403     29.88850403
 Lattice Angles            90.00000000     90.00000000     90.00000000
 Frame Number                     44
 Coordinate File             liquid-e040-v100.arc

 Instantaneous Values for Frame Saved at     22500 Dynamics Steps

 Current Time                45.00000000 Picosecond
 Current Potential        -8080.15903422 Kcal/mole
 Current Kinetic           2452.49914357 Kcal/mole
 Lattice Lengths           29.80426788     29.80426788     29.80426788
 Lattice Angles            90.00000000     90.00000000     90.00000000
 Frame Number                     45
 Coordinate File             liquid-e040-v100.arc

 Instantaneous Values for Frame Saved at     23000 Dynamics Steps

 Current Time                46.00000000 Picosecond
 Current Potential        -8049.93950898 Kcal/mole
 Current Kinetic           2427.42606490 Kcal/mole
 Lattice Lengths           29.85036469     29.85036469     29.85036469
 Lattice Angles            90.00000000     90.00000000     90.00000000
 Frame Number                     46
 Coordinate File             liquid-e040-v100.arc

 Instantaneous Values for Frame Saved at     23500 Dynamics Steps

 Current Time                47.00000000 Picosecond
 Current Potential        -8067.84831977 Kcal/mole
 Current Kinetic           2388.48285035 Kcal/mole
 Lattice Lengths           29.91572762     29.91572762     29.91572762
 Lattice Angles            90.00000000     90.00000000     90.00000000
 Frame Number                     47
 Coordinate File             liquid-e040-v100.arc

 Instantaneous Values for Frame Saved at     24000 Dynamics Steps

 Current Time                48.00000000 Picosecond
 Current Potential        -8028.13608877 Kcal/mole
 Current Kinetic           2393.46049756 Kcal/mole
 Lattice Lengths           29.90284538     29.90284538     29.90284538
 Lattice Angles            90.00000000     90.00000000     90.00000000
 Frame Number                     48
 Coordinate File             liquid-e040-v100.arc

 Instantaneous Values for Frame Saved at     24500 Dynamics Steps

 Current Time                49.00000000 Picosecond
 Current Potential        -7993.24690919 Kcal/mole
 Current Kinetic           2434.25646432 Kcal/mole
 Lattice Lengths           29.89051056     29.89051056     29.89051056
 Lattice Angles            90.00000000     90.00000000     90.00000000
 Frame Number                     49
 Coordinate File             liquid-e040-v100.arc

 Instantaneous Values for Frame Saved at     25000 Dynamics Steps

 Current Time                50.00000000 Picosecond
 Current Potential        -8028.70469444 Kcal/mole
 Current Kinetic           2450.43237433 Kcal/mole
 Lattice Lengths           29.89361191     29.89361191     29.89361191
 Lattice Angles            90.00000000     90.00000000     90.00000000
 Frame Number                     50
 Coordinate File             liquid-e040-v100.arc

 Instantaneous Values for Frame Saved at     25500 Dynamics Steps

 Current Time                51.00000000 Picosecond
 Current Potential        -8026.28426946 Kcal/mole
 Current Kinetic           2332.25635065 Kcal/mole
 Lattice Lengths           29.91421700     29.91421700     29.91421700
 Lattice Angles            90.00000000     90.00000000     90.00000000
 Frame Number                     51
 Coordinate File             liquid-e040-v100.arc

 Instantaneous Values for Frame Saved at     26000 Dynamics Steps

 Current Time                52.00000000 Picosecond
 Current Potential        -8057.52687012 Kcal/mole
 Current Kinetic           2447.22824202 Kcal/mole
 Lattice Lengths           29.92911530     29.92911530     29.92911530
 Lattice Angles            90.00000000     90.00000000     90.00000000
 Frame Number                     52
 Coordinate File             liquid-e040-v100.arc

 Instantaneous Values for Frame Saved at     26500 Dynamics Steps

 Current Time                53.00000000 Picosecond
 Current Potential        -7969.94122462 Kcal/mole
 Current Kinetic           2335.89047371 Kcal/mole
 Lattice Lengths           29.98432350     29.98432350     29.98432350
 Lattice Angles            90.00000000     90.00000000     90.00000000
 Frame Number                     53
 Coordinate File             liquid-e040-v100.arc

 Instantaneous Values for Frame Saved at     27000 Dynamics Steps

 Current Time                54.00000000 Picosecond
 Current Potential        -8032.67041147 Kcal/mole
 Current Kinetic           2404.99528422 Kcal/mole
 Lattice Lengths           30.00329208     30.00329208     30.00329208
 Lattice Angles            90.00000000     90.00000000     90.00000000
 Frame Number                     54
 Coordinate File             liquid-e040-v100.arc

 Instantaneous Values for Frame Saved at     27500 Dynamics Steps

 Current Time                55.00000000 Picosecond
 Current Potential        -8103.68504448 Kcal/mole
 Current Kinetic           2390.15393419 Kcal/mole
 Lattice Lengths           30.01138687     30.01138687     30.01138687
 Lattice Angles            90.00000000     90.00000000     90.00000000
 Frame Number                     55
 Coordinate File             liquid-e040-v100.arc

 Instantaneous Values for Frame Saved at     28000 Dynamics Steps

 Current Time                56.00000000 Picosecond
 Current Potential        -8026.26541706 Kcal/mole
 Current Kinetic           2382.59900669 Kcal/mole
 Lattice Lengths           29.95770836     29.95770836     29.95770836
 Lattice Angles            90.00000000     90.00000000     90.00000000
 Frame Number                     56
 Coordinate File             liquid-e040-v100.arc

 Instantaneous Values for Frame Saved at     28500 Dynamics Steps

 Current Time                57.00000000 Picosecond
 Current Potential        -8018.72595965 Kcal/mole
 Current Kinetic           2398.26663255 Kcal/mole
 Lattice Lengths           29.97728920     29.97728920     29.97728920
 Lattice Angles            90.00000000     90.00000000     90.00000000
 Frame Number                     57
 Coordinate File             liquid-e040-v100.arc

 Instantaneous Values for Frame Saved at     29000 Dynamics Steps

 Current Time                58.00000000 Picosecond
 Current Potential        -7974.39211480 Kcal/mole
 Current Kinetic           2356.52767309 Kcal/mole
 Lattice Lengths           30.03028870     30.03028870     30.03028870
 Lattice Angles            90.00000000     90.00000000     90.00000000
 Frame Number                     58
 Coordinate File             liquid-e040-v100.arc

 Instantaneous Values for Frame Saved at     29500 Dynamics Steps

 Current Time                59.00000000 Picosecond
 Current Potential        -7991.98894847 Kcal/mole
 Current Kinetic           2336.90534516 Kcal/mole
 Lattice Lengths           30.05865479     30.05865479     30.05865479
 Lattice Angles            90.00000000     90.00000000     90.00000000
 Frame Number                     59
 Coordinate File             liquid-e040-v100.arc

 Instantaneous Values for Frame Saved at     30000 Dynamics Steps

 Current Time                60.00000000 Picosecond
 Current Potential        -7998.18183810 Kcal/mole
 Current Kinetic           2403.84269437 Kcal/mole
 Lattice Lengths           30.04620171     30.04620171     30.04620171
 Lattice Angles            90.00000000     90.00000000     90.00000000
 Frame Number                     60
 Coordinate File             liquid-e040-v100.arc

 Instantaneous Values for Frame Saved at     30500 Dynamics Steps

 Current Time                61.00000000 Picosecond
 Current Potential        -7975.10456632 Kcal/mole
 Current Kinetic           2488.62216664 Kcal/mole
 Lattice Lengths           30.04877853     30.04877853     30.04877853
 Lattice Angles            90.00000000     90.00000000     90.00000000
 Frame Number                     61
 Coordinate File             liquid-e040-v100.arc

 Instantaneous Values for Frame Saved at     31000 Dynamics Steps

 Current Time                62.00000000 Picosecond
 Current Potential        -7941.51450263 Kcal/mole
 Current Kinetic           2454.10898891 Kcal/mole
 Lattice Lengths           30.02936554     30.02936554     30.02936554
 Lattice Angles            90.00000000     90.00000000     90.00000000
 Frame Number                     62
 Coordinate File             liquid-e040-v100.arc

 Instantaneous Values for Frame Saved at     31500 Dynamics Steps

 Current Time                63.00000000 Picosecond
 Current Potential        -7902.97187115 Kcal/mole
 Current Kinetic           2437.27867297 Kcal/mole
 Lattice Lengths           29.98925018     29.98925018     29.98925018
 Lattice Angles            90.00000000     90.00000000     90.00000000
 Frame Number                     63
 Coordinate File             liquid-e040-v100.arc

 Instantaneous Values for Frame Saved at     32000 Dynamics Steps

 Current Time                64.00000000 Picosecond
 Current Potential        -8035.14083521 Kcal/mole
 Current Kinetic           2387.31753148 Kcal/mole
 Lattice Lengths           29.89661407     29.89661407     29.89661407
 Lattice Angles            90.00000000     90.00000000     90.00000000
 Frame Number                     64
 Coordinate File             liquid-e040-v100.arc

 Instantaneous Values for Frame Saved at     32500 Dynamics Steps

 Current Time                65.00000000 Picosecond
 Current Potential        -8054.09872896 Kcal/mole
 Current Kinetic           2406.65063389 Kcal/mole
 Lattice Lengths           29.88267899     29.88267899     29.88267899
 Lattice Angles            90.00000000     90.00000000     90.00000000
 Frame Number                     65
 Coordinate File             liquid-e040-v100.arc

 Instantaneous Values for Frame Saved at     33000 Dynamics Steps

 Current Time                66.00000000 Picosecond
 Current Potential        -8023.36207284 Kcal/mole
 Current Kinetic           2425.32113760 Kcal/mole
 Lattice Lengths           29.90015411     29.90015411     29.90015411
 Lattice Angles            90.00000000     90.00000000     90.00000000
 Frame Number                     66
 Coordinate File             liquid-e040-v100.arc

 Instantaneous Values for Frame Saved at     33500 Dynamics Steps

 Current Time                67.00000000 Picosecond
 Current Potential        -8029.67297497 Kcal/mole
 Current Kinetic           2413.57966335 Kcal/mole
 Lattice Lengths           29.89538383     29.89538383     29.89538383
 Lattice Angles            90.00000000     90.00000000     90.00000000
 Frame Number                     67
 Coordinate File             liquid-e040-v100.arc

 Instantaneous Values for Frame Saved at     34000 Dynamics Steps

 Current Time                68.00000000 Picosecond
 Current Potential        -8088.57784382 Kcal/mole
 Current Kinetic           2523.85849269 Kcal/mole
 Lattice Lengths           29.87482834     29.87482834     29.87482834
 Lattice Angles            90.00000000     90.00000000     90.00000000
 Frame Number                     68
 Coordinate File             liquid-e040-v100.arc

 Instantaneous Values for Frame Saved at     34500 Dynamics Steps

 Current Time                69.00000000 Picosecond
 Current Potential        -8031.45948251 Kcal/mole
 Current Kinetic           2472.00815391 Kcal/mole
 Lattice Lengths           29.88306427     29.88306427     29.88306427
 Lattice Angles            90.00000000     90.00000000     90.00000000
 Frame Number                     69
 Coordinate File             liquid-e040-v100.arc

 Instantaneous Values for Frame Saved at     35000 Dynamics Steps

 Current Time                70.00000000 Picosecond
 Current Potential        -7974.44269076 Kcal/mole
 Current Kinetic           2418.18473387 Kcal/mole
 Lattice Lengths           29.91648293     29.91648293     29.91648293
 Lattice Angles            90.00000000     90.00000000     90.00000000
 Frame Number                     70
 Coordinate File             liquid-e040-v100.arc

 Instantaneous Values for Frame Saved at     35500 Dynamics Steps

 Current Time                71.00000000 Picosecond
 Current Potential        -8030.00325665 Kcal/mole
 Current Kinetic           2415.16435181 Kcal/mole
 Lattice Lengths           29.95862961     29.95862961     29.95862961
 Lattice Angles            90.00000000     90.00000000     90.00000000
 Frame Number                     71
 Coordinate File             liquid-e040-v100.arc

 Instantaneous Values for Frame Saved at     36000 Dynamics Steps

 Current Time                72.00000000 Picosecond
 Current Potential        -8052.89822303 Kcal/mole
 Current Kinetic           2372.19841446 Kcal/mole
 Lattice Lengths           29.97826195     29.97826195     29.97826195
 Lattice Angles            90.00000000     90.00000000     90.00000000
 Frame Number                     72
 Coordinate File             liquid-e040-v100.arc

 Instantaneous Values for Frame Saved at     36500 Dynamics Steps

 Current Time                73.00000000 Picosecond
 Current Potential        -8075.35632673 Kcal/mole
 Current Kinetic           2404.38456407 Kcal/mole
 Lattice Lengths           29.98499489     29.98499489     29.98499489
 Lattice Angles            90.00000000     90.00000000     90.00000000
 Frame Number                     73
 Coordinate File             liquid-e040-v100.arc

 Instantaneous Values for Frame Saved at     37000 Dynamics Steps

 Current Time                74.00000000 Picosecond
 Current Potential        -7999.12958729 Kcal/mole
 Current Kinetic           2374.46294527 Kcal/mole
 Lattice Lengths           29.97406006     29.97406006     29.97406006
 Lattice Angles            90.00000000     90.00000000     90.00000000
 Frame Number                     74
 Coordinate File             liquid-e040-v100.arc

 Instantaneous Values for Frame Saved at     37500 Dynamics Steps

 Current Time                75.00000000 Picosecond
 Current Potential        -8131.19427079 Kcal/mole
 Current Kinetic           2437.83374463 Kcal/mole
 Lattice Lengths           30.02759743     30.02759743     30.02759743
 Lattice Angles            90.00000000     90.00000000     90.00000000
 Frame Number                     75
 Coordinate File             liquid-e040-v100.arc

 Instantaneous Values for Frame Saved at     38000 Dynamics Steps

 Current Time                76.00000000 Picosecond
 Current Potential        -8103.11697809 Kcal/mole
 Current Kinetic           2483.03432730 Kcal/mole
 Lattice Lengths           30.02676582     30.02676582     30.02676582
 Lattice Angles            90.00000000     90.00000000     90.00000000
 Frame Number                     76
 Coordinate File             liquid-e040-v100.arc

 Instantaneous Values for Frame Saved at     38500 Dynamics Steps

 Current Time                77.00000000 Picosecond
 Current Potential        -8006.19925691 Kcal/mole
 Current Kinetic           2394.10297939 Kcal/mole
 Lattice Lengths           29.96861839     29.96861839     29.96861839
 Lattice Angles            90.00000000     90.00000000     90.00000000
 Frame Number                     77
 Coordinate File             liquid-e040-v100.arc

 Instantaneous Values for Frame Saved at     39000 Dynamics Steps

 Current Time                78.00000000 Picosecond
 Current Potential        -8125.35677956 Kcal/mole
 Current Kinetic           2438.48747369 Kcal/mole
 Lattice Lengths           29.89928818     29.89928818     29.89928818
 Lattice Angles            90.00000000     90.00000000     90.00000000
 Frame Number                     78
 Coordinate File             liquid-e040-v100.arc

 Instantaneous Values for Frame Saved at     39500 Dynamics Steps

 Current Time                79.00000000 Picosecond
 Current Potential        -8141.02336007 Kcal/mole
 Current Kinetic           2386.24567851 Kcal/mole
 Lattice Lengths           29.85722351     29.85722351     29.85722351
 Lattice Angles            90.00000000     90.00000000     90.00000000
 Frame Number                     79
 Coordinate File             liquid-e040-v100.arc

 Instantaneous Values for Frame Saved at     40000 Dynamics Steps

 Current Time                80.00000000 Picosecond
 Current Potential        -8074.05765457 Kcal/mole
 Current Kinetic           2358.89786707 Kcal/mole
 Lattice Lengths           29.84946060     29.84946060     29.84946060
 Lattice Angles            90.00000000     90.00000000     90.00000000
 Frame Number                     80
 Coordinate File             liquid-e040-v100.arc

 Instantaneous Values for Frame Saved at     40500 Dynamics Steps

 Current Time                81.00000000 Picosecond
 Current Potential        -8061.68969357 Kcal/mole
 Current Kinetic           2399.30159163 Kcal/mole
 Lattice Lengths           29.86405754     29.86405754     29.86405754
 Lattice Angles            90.00000000     90.00000000     90.00000000
 Frame Number                     81
 Coordinate File             liquid-e040-v100.arc

 Instantaneous Values for Frame Saved at     41000 Dynamics Steps

 Current Time                82.00000000 Picosecond
 Current Potential        -8067.54968935 Kcal/mole
 Current Kinetic           2422.17496349 Kcal/mole
 Lattice Lengths           29.83195305     29.83195305     29.83195305
 Lattice Angles            90.00000000     90.00000000     90.00000000
 Frame Number                     82
 Coordinate File             liquid-e040-v100.arc

 Instantaneous Values for Frame Saved at     41500 Dynamics Steps

 Current Time                83.00000000 Picosecond
 Current Potential        -8122.47642968 Kcal/mole
 Current Kinetic           2445.78132935 Kcal/mole
 Lattice Lengths           29.77524185     29.77524185     29.77524185
 Lattice Angles            90.00000000     90.00000000     90.00000000
 Frame Number                     83
 Coordinate File             liquid-e040-v100.arc

 Instantaneous Values for Frame Saved at     42000 Dynamics Steps

 Current Time                84.00000000 Picosecond
 Current Potential        -7955.35891640 Kcal/mole
 Current Kinetic           2455.57226865 Kcal/mole
 Lattice Lengths           29.82208443     29.82208443     29.82208443
 Lattice Angles            90.00000000     90.00000000     90.00000000
 Frame Number                     84
 Coordinate File             liquid-e040-v100.arc

 Instantaneous Values for Frame Saved at     42500 Dynamics Steps

 Current Time                85.00000000 Picosecond
 Current Potential        -7999.51612109 Kcal/mole
 Current Kinetic           2438.21552540 Kcal/mole
 Lattice Lengths           29.83857155     29.83857155     29.83857155
 Lattice Angles            90.00000000     90.00000000     90.00000000
 Frame Number                     85
 Coordinate File             liquid-e040-v100.arc

 Instantaneous Values for Frame Saved at     43000 Dynamics Steps

 Current Time                86.00000000 Picosecond
 Current Potential        -8004.96943056 Kcal/mole
 Current Kinetic           2392.72415924 Kcal/mole
 Lattice Lengths           29.84932899     29.84932899     29.84932899
 Lattice Angles            90.00000000     90.00000000     90.00000000
 Frame Number                     86
 Coordinate File             liquid-e040-v100.arc

 Instantaneous Values for Frame Saved at     43500 Dynamics Steps

 Current Time                87.00000000 Picosecond
 Current Potential        -8098.23529462 Kcal/mole
 Current Kinetic           2439.46584216 Kcal/mole
 Lattice Lengths           29.81669998     29.81669998     29.81669998
 Lattice Angles            90.00000000     90.00000000     90.00000000
 Frame Number                     87
 Coordinate File             liquid-e040-v100.arc

 Instantaneous Values for Frame Saved at     44000 Dynamics Steps

 Current Time                88.00000000 Picosecond
 Current Potential        -8081.11594145 Kcal/mole
 Current Kinetic           2397.76181006 Kcal/mole
 Lattice Lengths           29.81418228     29.81418228     29.81418228
 Lattice Angles            90.00000000     90.00000000     90.00000000
 Frame Number                     88
 Coordinate File             liquid-e040-v100.arc

 Instantaneous Values for Frame Saved at     44500 Dynamics Steps

 Current Time                89.00000000 Picosecond
 Current Potential        -8014.62752930 Kcal/mole
 Current Kinetic           2388.22999632 Kcal/mole
 Lattice Lengths           29.85461235     29.85461235     29.85461235
 Lattice Angles            90.00000000     90.00000000     90.00000000
 Frame Number                     89
 Coordinate File             liquid-e040-v100.arc

 Instantaneous Values for Frame Saved at     45000 Dynamics Steps

 Current Time                90.00000000 Picosecond
 Current Potential        -7978.04504171 Kcal/mole
 Current Kinetic           2384.14356663 Kcal/mole
 Lattice Lengths           29.88655853     29.88655853     29.88655853
 Lattice Angles            90.00000000     90.00000000     90.00000000
 Frame Number                     90
 Coordinate File             liquid-e040-v100.arc

 Instantaneous Values for Frame Saved at     45500 Dynamics Steps

 Current Time                91.00000000 Picosecond
 Current Potential        -8022.67278839 Kcal/mole
 Current Kinetic           2350.04383337 Kcal/mole
 Lattice Lengths           29.85053253     29.85053253     29.85053253
 Lattice Angles            90.00000000     90.00000000     90.00000000
 Frame Number                     91
 Coordinate File             liquid-e040-v100.arc

 Instantaneous Values for Frame Saved at     46000 Dynamics Steps

 Current Time                92.00000000 Picosecond
 Current Potential        -8082.67011742 Kcal/mole
 Current Kinetic           2429.25841854 Kcal/mole
 Lattice Lengths           29.81504250     29.81504250     29.81504250
 Lattice Angles            90.00000000     90.00000000     90.00000000
 Frame Number                     92
 Coordinate File             liquid-e040-v100.arc

 Instantaneous Values for Frame Saved at     46500 Dynamics Steps

 Current Time                93.00000000 Picosecond
 Current Potential        -7987.97115945 Kcal/mole
 Current Kinetic           2417.30288815 Kcal/mole
 Lattice Lengths           29.91283417     29.91283417     29.91283417
 Lattice Angles            90.00000000     90.00000000     90.00000000
 Frame Number                     93
 Coordinate File             liquid-e040-v100.arc

 Instantaneous Values for Frame Saved at     47000 Dynamics Steps

 Current Time                94.00000000 Picosecond
 Current Potential        -8056.77273506 Kcal/mole
 Current Kinetic           2377.10739752 Kcal/mole
 Lattice Lengths           29.92506981     29.92506981     29.92506981
 Lattice Angles            90.00000000     90.00000000     90.00000000
 Frame Number                     94
 Coordinate File             liquid-e040-v100.arc

 Instantaneous Values for Frame Saved at     47500 Dynamics Steps

 Current Time                95.00000000 Picosecond
 Current Potential        -7976.41556408 Kcal/mole
 Current Kinetic           2442.87721370 Kcal/mole
 Lattice Lengths           29.89755249     29.89755249     29.89755249
 Lattice Angles            90.00000000     90.00000000     90.00000000
 Frame Number                     95
 Coordinate File             liquid-e040-v100.arc

 Instantaneous Values for Frame Saved at     48000 Dynamics Steps

 Current Time                96.00000000 Picosecond
 Current Potential        -8009.94829304 Kcal/mole
 Current Kinetic           2374.09895765 Kcal/mole
 Lattice Lengths           29.91109276     29.91109276     29.91109276
 Lattice Angles            90.00000000     90.00000000     90.00000000
 Frame Number                     96
 Coordinate File             liquid-e040-v100.arc

 Instantaneous Values for Frame Saved at     48500 Dynamics Steps

 Current Time                97.00000000 Picosecond
 Current Potential        -8093.20840401 Kcal/mole
 Current Kinetic           2395.03649105 Kcal/mole
 Lattice Lengths           29.92680931     29.92680931     29.92680931
 Lattice Angles            90.00000000     90.00000000     90.00000000
 Frame Number                     97
 Coordinate File             liquid-e040-v100.arc

 Instantaneous Values for Frame Saved at     49000 Dynamics Steps

 Current Time                98.00000000 Picosecond
 Current Potential        -8046.76674507 Kcal/mole
 Current Kinetic           2400.01555266 Kcal/mole
 Lattice Lengths           29.97148514     29.97148514     29.97148514
 Lattice Angles            90.00000000     90.00000000     90.00000000
 Frame Number                     98
 Coordinate File             liquid-e040-v100.arc

 Instantaneous Values for Frame Saved at     49500 Dynamics Steps

 Current Time                99.00000000 Picosecond
 Current Potential        -7879.81438126 Kcal/mole
 Current Kinetic           2385.97702459 Kcal/mole
 Lattice Lengths           29.98951530     29.98951530     29.98951530
 Lattice Angles            90.00000000     90.00000000     90.00000000
 Frame Number                     99
 Coordinate File             liquid-e040-v100.arc

 Instantaneous Values for Frame Saved at     50000 Dynamics Steps

 Current Time               100.00000000 Picosecond
 Current Potential        -7913.82374922 Kcal/mole
 Current Kinetic           2349.02726497 Kcal/mole
 Lattice Lengths           29.96434975     29.96434975     29.96434975
 Lattice Angles            90.00000000     90.00000000     90.00000000
 Frame Number                    100
 Coordinate File             liquid-e040-v100.arc

 Performance:  ns/day              44.3122
               Wall Time          194.9802
               Steps                 50000
               Updates                 100
               Time Step            2.0000
               Atoms                  2695
