
     ######################################################################    
   ##########################################################################  
  ###                                                                      ### 
 ###            Tinker9  --  Software Tools for Molecular Design            ###
 ##                                                                          ##
 ##                      Version 1.0.0-rc  January 2021                      ##
 ##                                                                          ##
 ##                 Copyright (c)  Zhi Wang & the Ponder Lab                 ##
 ###                           All Rights Reserved                          ###
  ###                                                                      ### 
   ##########################################################################  
     ######################################################################    

 Compiled at:  16:31:56  Sep 10 2021
 Commit Date:  Mon Aug 16 01:28:23 2021 -0500
 Commit:       b78a5351

 Primary GPU package :  CUDA

 GPU Device :  Setting Device ID to 0 from GPU utilization
 Molecular Dynamics Trajectory via r-RESPA MTS Algorithm

 Free Energy Perturbation :          1.000 Lambda for Torsional Angles
 Free Energy Perturbation :          0.700 Lambda for van der Waals
 Free Energy Perturbation :          0.000 Lambda for Electrostatics

 Instantaneous Values for Frame Saved at       500 Dynamics Steps

 Current Time                 1.00000000 Picosecond
 Current Potential        -6612.55073803 Kcal/mole
 Current Kinetic           2766.89051717 Kcal/mole
 Lattice Lengths           30.09260559     30.09260559     30.09260559
 Lattice Angles            90.00000000     90.00000000     90.00000000
 Frame Number                      1
 Coordinate File             liquid-e000-v070.arc

 Instantaneous Values for Frame Saved at      1000 Dynamics Steps

 Current Time                 2.00000000 Picosecond
 Current Potential        -7189.79233273 Kcal/mole
 Current Kinetic           2436.03093718 Kcal/mole
 Lattice Lengths           30.14454460     30.14454460     30.14454460
 Lattice Angles            90.00000000     90.00000000     90.00000000
 Frame Number                      2
 Coordinate File             liquid-e000-v070.arc

 Instantaneous Values for Frame Saved at      1500 Dynamics Steps

 Current Time                 3.00000000 Picosecond
 Current Potential        -7340.42451578 Kcal/mole
 Current Kinetic           2420.56177847 Kcal/mole
 Lattice Lengths           30.20676804     30.20676804     30.20676804
 Lattice Angles            90.00000000     90.00000000     90.00000000
 Frame Number                      3
 Coordinate File             liquid-e000-v070.arc

 Instantaneous Values for Frame Saved at      2000 Dynamics Steps

 Current Time                 4.00000000 Picosecond
 Current Potential        -7487.21851464 Kcal/mole
 Current Kinetic           2424.86468330 Kcal/mole
 Lattice Lengths           30.20235443     30.20235443     30.20235443
 Lattice Angles            90.00000000     90.00000000     90.00000000
 Frame Number                      4
 Coordinate File             liquid-e000-v070.arc

 Instantaneous Values for Frame Saved at      2500 Dynamics Steps

 Current Time                 5.00000000 Picosecond
 Current Potential        -7533.64375884 Kcal/mole
 Current Kinetic           2411.96845251 Kcal/mole
 Lattice Lengths           30.20322990     30.20322990     30.20322990
 Lattice Angles            90.00000000     90.00000000     90.00000000
 Frame Number                      5
 Coordinate File             liquid-e000-v070.arc

 Instantaneous Values for Frame Saved at      3000 Dynamics Steps

 Current Time                 6.00000000 Picosecond
 Current Potential        -7624.24008892 Kcal/mole
 Current Kinetic           2428.33854092 Kcal/mole
 Lattice Lengths           30.17243385     30.17243385     30.17243385
 Lattice Angles            90.00000000     90.00000000     90.00000000
 Frame Number                      6
 Coordinate File             liquid-e000-v070.arc

 Instantaneous Values for Frame Saved at      3500 Dynamics Steps

 Current Time                 7.00000000 Picosecond
 Current Potential        -7682.00795256 Kcal/mole
 Current Kinetic           2387.39918140 Kcal/mole
 Lattice Lengths           30.01024437     30.01024437     30.01024437
 Lattice Angles            90.00000000     90.00000000     90.00000000
 Frame Number                      7
 Coordinate File             liquid-e000-v070.arc

 Instantaneous Values for Frame Saved at      4000 Dynamics Steps

 Current Time                 8.00000000 Picosecond
 Current Potential        -7675.36163333 Kcal/mole
 Current Kinetic           2395.78537566 Kcal/mole
 Lattice Lengths           30.02849579     30.02849579     30.02849579
 Lattice Angles            90.00000000     90.00000000     90.00000000
 Frame Number                      8
 Coordinate File             liquid-e000-v070.arc

 Instantaneous Values for Frame Saved at      4500 Dynamics Steps

 Current Time                 9.00000000 Picosecond
 Current Potential        -7776.38287910 Kcal/mole
 Current Kinetic           2451.96708504 Kcal/mole
 Lattice Lengths           30.08900642     30.08900642     30.08900642
 Lattice Angles            90.00000000     90.00000000     90.00000000
 Frame Number                      9
 Coordinate File             liquid-e000-v070.arc

 Instantaneous Values for Frame Saved at      5000 Dynamics Steps

 Current Time                10.00000000 Picosecond
 Current Potential        -7816.03287709 Kcal/mole
 Current Kinetic           2462.69625676 Kcal/mole
 Lattice Lengths           30.14598465     30.14598465     30.14598465
 Lattice Angles            90.00000000     90.00000000     90.00000000
 Frame Number                     10
 Coordinate File             liquid-e000-v070.arc

 Instantaneous Values for Frame Saved at      5500 Dynamics Steps

 Current Time                11.00000000 Picosecond
 Current Potential        -7750.55599397 Kcal/mole
 Current Kinetic           2319.15483689 Kcal/mole
 Lattice Lengths           30.08543205     30.08543205     30.08543205
 Lattice Angles            90.00000000     90.00000000     90.00000000
 Frame Number                     11
 Coordinate File             liquid-e000-v070.arc

 Instantaneous Values for Frame Saved at      6000 Dynamics Steps

 Current Time                12.00000000 Picosecond
 Current Potential        -7766.16221249 Kcal/mole
 Current Kinetic           2409.85807495 Kcal/mole
 Lattice Lengths           29.98495483     29.98495483     29.98495483
 Lattice Angles            90.00000000     90.00000000     90.00000000
 Frame Number                     12
 Coordinate File             liquid-e000-v070.arc

 Instantaneous Values for Frame Saved at      6500 Dynamics Steps

 Current Time                13.00000000 Picosecond
 Current Potential        -7817.05885224 Kcal/mole
 Current Kinetic           2434.01450481 Kcal/mole
 Lattice Lengths           29.97798920     29.97798920     29.97798920
 Lattice Angles            90.00000000     90.00000000     90.00000000
 Frame Number                     13
 Coordinate File             liquid-e000-v070.arc

 Instantaneous Values for Frame Saved at      7000 Dynamics Steps

 Current Time                14.00000000 Picosecond
 Current Potential        -7847.83368134 Kcal/mole
 Current Kinetic           2413.37938299 Kcal/mole
 Lattice Lengths           30.10913658     30.10913658     30.10913658
 Lattice Angles            90.00000000     90.00000000     90.00000000
 Frame Number                     14
 Coordinate File             liquid-e000-v070.arc

 Instantaneous Values for Frame Saved at      7500 Dynamics Steps

 Current Time                15.00000000 Picosecond
 Current Potential        -7782.38757522 Kcal/mole
 Current Kinetic           2400.85193325 Kcal/mole
 Lattice Lengths           30.13421822     30.13421822     30.13421822
 Lattice Angles            90.00000000     90.00000000     90.00000000
 Frame Number                     15
 Coordinate File             liquid-e000-v070.arc

 Instantaneous Values for Frame Saved at      8000 Dynamics Steps

 Current Time                16.00000000 Picosecond
 Current Potential        -7913.63030811 Kcal/mole
 Current Kinetic           2416.25450882 Kcal/mole
 Lattice Lengths           30.03437042     30.03437042     30.03437042
 Lattice Angles            90.00000000     90.00000000     90.00000000
 Frame Number                     16
 Coordinate File             liquid-e000-v070.arc

 Instantaneous Values for Frame Saved at      8500 Dynamics Steps

 Current Time                17.00000000 Picosecond
 Current Potential        -7995.17360478 Kcal/mole
 Current Kinetic           2389.21962120 Kcal/mole
 Lattice Lengths           30.03779411     30.03779411     30.03779411
 Lattice Angles            90.00000000     90.00000000     90.00000000
 Frame Number                     17
 Coordinate File             liquid-e000-v070.arc

 Instantaneous Values for Frame Saved at      9000 Dynamics Steps

 Current Time                18.00000000 Picosecond
 Current Potential        -8020.77356261 Kcal/mole
 Current Kinetic           2382.74701201 Kcal/mole
 Lattice Lengths           30.02207947     30.02207947     30.02207947
 Lattice Angles            90.00000000     90.00000000     90.00000000
 Frame Number                     18
 Coordinate File             liquid-e000-v070.arc

 Instantaneous Values for Frame Saved at      9500 Dynamics Steps

 Current Time                19.00000000 Picosecond
 Current Potential        -7925.01869384 Kcal/mole
 Current Kinetic           2442.43964645 Kcal/mole
 Lattice Lengths           30.03171921     30.03171921     30.03171921
 Lattice Angles            90.00000000     90.00000000     90.00000000
 Frame Number                     19
 Coordinate File             liquid-e000-v070.arc

 Instantaneous Values for Frame Saved at     10000 Dynamics Steps

 Current Time                20.00000000 Picosecond
 Current Potential        -7966.82851236 Kcal/mole
 Current Kinetic           2354.91481112 Kcal/mole
 Lattice Lengths           30.03935242     30.03935242     30.03935242
 Lattice Angles            90.00000000     90.00000000     90.00000000
 Frame Number                     20
 Coordinate File             liquid-e000-v070.arc

 Instantaneous Values for Frame Saved at     10500 Dynamics Steps

 Current Time                21.00000000 Picosecond
 Current Potential        -8009.48451605 Kcal/mole
 Current Kinetic           2417.29758275 Kcal/mole
 Lattice Lengths           29.93855858     29.93855858     29.93855858
 Lattice Angles            90.00000000     90.00000000     90.00000000
 Frame Number                     21
 Coordinate File             liquid-e000-v070.arc

 Instantaneous Values for Frame Saved at     11000 Dynamics Steps

 Current Time                22.00000000 Picosecond
 Current Potential        -7969.88502864 Kcal/mole
 Current Kinetic           2401.85725222 Kcal/mole
 Lattice Lengths           29.90524483     29.90524483     29.90524483
 Lattice Angles            90.00000000     90.00000000     90.00000000
 Frame Number                     22
 Coordinate File             liquid-e000-v070.arc

 Instantaneous Values for Frame Saved at     11500 Dynamics Steps

 Current Time                23.00000000 Picosecond
 Current Potential        -7924.96583069 Kcal/mole
 Current Kinetic           2415.67038447 Kcal/mole
 Lattice Lengths           29.99609375     29.99609375     29.99609375
 Lattice Angles            90.00000000     90.00000000     90.00000000
 Frame Number                     23
 Coordinate File             liquid-e000-v070.arc

 Instantaneous Values for Frame Saved at     12000 Dynamics Steps

 Current Time                24.00000000 Picosecond
 Current Potential        -7985.35231816 Kcal/mole
 Current Kinetic           2424.50564197 Kcal/mole
 Lattice Lengths           30.11758041     30.11758041     30.11758041
 Lattice Angles            90.00000000     90.00000000     90.00000000
 Frame Number                     24
 Coordinate File             liquid-e000-v070.arc

 Instantaneous Values for Frame Saved at     12500 Dynamics Steps

 Current Time                25.00000000 Picosecond
 Current Potential        -7904.60990884 Kcal/mole
 Current Kinetic           2433.11114138 Kcal/mole
 Lattice Lengths           29.99118423     29.99118423     29.99118423
 Lattice Angles            90.00000000     90.00000000     90.00000000
 Frame Number                     25
 Coordinate File             liquid-e000-v070.arc

 Instantaneous Values for Frame Saved at     13000 Dynamics Steps

 Current Time                26.00000000 Picosecond
 Current Potential        -8051.37560560 Kcal/mole
 Current Kinetic           2398.12276701 Kcal/mole
 Lattice Lengths           29.96482468     29.96482468     29.96482468
 Lattice Angles            90.00000000     90.00000000     90.00000000
 Frame Number                     26
 Coordinate File             liquid-e000-v070.arc

 Instantaneous Values for Frame Saved at     13500 Dynamics Steps

 Current Time                27.00000000 Picosecond
 Current Potential        -8014.47473356 Kcal/mole
 Current Kinetic           2415.40955210 Kcal/mole
 Lattice Lengths           29.87798691     29.87798691     29.87798691
 Lattice Angles            90.00000000     90.00000000     90.00000000
 Frame Number                     27
 Coordinate File             liquid-e000-v070.arc

 Instantaneous Values for Frame Saved at     14000 Dynamics Steps

 Current Time                28.00000000 Picosecond
 Current Potential        -7950.95090464 Kcal/mole
 Current Kinetic           2345.26791141 Kcal/mole
 Lattice Lengths           29.87824440     29.87824440     29.87824440
 Lattice Angles            90.00000000     90.00000000     90.00000000
 Frame Number                     28
 Coordinate File             liquid-e000-v070.arc

 Instantaneous Values for Frame Saved at     14500 Dynamics Steps

 Current Time                29.00000000 Picosecond
 Current Potential        -7993.68856214 Kcal/mole
 Current Kinetic           2454.40246933 Kcal/mole
 Lattice Lengths           29.84589386     29.84589386     29.84589386
 Lattice Angles            90.00000000     90.00000000     90.00000000
 Frame Number                     29
 Coordinate File             liquid-e000-v070.arc

 Instantaneous Values for Frame Saved at     15000 Dynamics Steps

 Current Time                30.00000000 Picosecond
 Current Potential        -8017.01463059 Kcal/mole
 Current Kinetic           2435.07188578 Kcal/mole
 Lattice Lengths           29.77678680     29.77678680     29.77678680
 Lattice Angles            90.00000000     90.00000000     90.00000000
 Frame Number                     30
 Coordinate File             liquid-e000-v070.arc

 Instantaneous Values for Frame Saved at     15500 Dynamics Steps

 Current Time                31.00000000 Picosecond
 Current Potential        -7978.93183882 Kcal/mole
 Current Kinetic           2391.28610155 Kcal/mole
 Lattice Lengths           29.92443848     29.92443848     29.92443848
 Lattice Angles            90.00000000     90.00000000     90.00000000
 Frame Number                     31
 Coordinate File             liquid-e000-v070.arc

 Instantaneous Values for Frame Saved at     16000 Dynamics Steps

 Current Time                32.00000000 Picosecond
 Current Potential        -7922.61299173 Kcal/mole
 Current Kinetic           2435.91574774 Kcal/mole
 Lattice Lengths           29.89296532     29.89296532     29.89296532
 Lattice Angles            90.00000000     90.00000000     90.00000000
 Frame Number                     32
 Coordinate File             liquid-e000-v070.arc

 Instantaneous Values for Frame Saved at     16500 Dynamics Steps

 Current Time                33.00000000 Picosecond
 Current Potential        -7920.71200926 Kcal/mole
 Current Kinetic           2390.93248452 Kcal/mole
 Lattice Lengths           29.89981270     29.89981270     29.89981270
 Lattice Angles            90.00000000     90.00000000     90.00000000
 Frame Number                     33
 Coordinate File             liquid-e000-v070.arc

 Instantaneous Values for Frame Saved at     17000 Dynamics Steps

 Current Time                34.00000000 Picosecond
 Current Potential        -7982.88294625 Kcal/mole
 Current Kinetic           2356.39813870 Kcal/mole
 Lattice Lengths           29.86573982     29.86573982     29.86573982
 Lattice Angles            90.00000000     90.00000000     90.00000000
 Frame Number                     34
 Coordinate File             liquid-e000-v070.arc

 Instantaneous Values for Frame Saved at     17500 Dynamics Steps

 Current Time                35.00000000 Picosecond
 Current Potential        -8008.90829637 Kcal/mole
 Current Kinetic           2413.49838558 Kcal/mole
 Lattice Lengths           29.92389679     29.92389679     29.92389679
 Lattice Angles            90.00000000     90.00000000     90.00000000
 Frame Number                     35
 Coordinate File             liquid-e000-v070.arc

 Instantaneous Values for Frame Saved at     18000 Dynamics Steps

 Current Time                36.00000000 Picosecond
 Current Potential        -7983.47340455 Kcal/mole
 Current Kinetic           2450.93748235 Kcal/mole
 Lattice Lengths           29.99146080     29.99146080     29.99146080
 Lattice Angles            90.00000000     90.00000000     90.00000000
 Frame Number                     36
 Coordinate File             liquid-e000-v070.arc

 Instantaneous Values for Frame Saved at     18500 Dynamics Steps

 Current Time                37.00000000 Picosecond
 Current Potential        -8010.76520252 Kcal/mole
 Current Kinetic           2380.87253592 Kcal/mole
 Lattice Lengths           30.08252907     30.08252907     30.08252907
 Lattice Angles            90.00000000     90.00000000     90.00000000
 Frame Number                     37
 Coordinate File             liquid-e000-v070.arc

 Instantaneous Values for Frame Saved at     19000 Dynamics Steps

 Current Time                38.00000000 Picosecond
 Current Potential        -8001.45101869 Kcal/mole
 Current Kinetic           2463.67341395 Kcal/mole
 Lattice Lengths           30.14517784     30.14517784     30.14517784
 Lattice Angles            90.00000000     90.00000000     90.00000000
 Frame Number                     38
 Coordinate File             liquid-e000-v070.arc

 Instantaneous Values for Frame Saved at     19500 Dynamics Steps

 Current Time                39.00000000 Picosecond
 Current Potential        -7947.91918980 Kcal/mole
 Current Kinetic           2379.36223117 Kcal/mole
 Lattice Lengths           30.05457687     30.05457687     30.05457687
 Lattice Angles            90.00000000     90.00000000     90.00000000
 Frame Number                     39
 Coordinate File             liquid-e000-v070.arc

 Instantaneous Values for Frame Saved at     20000 Dynamics Steps

 Current Time                40.00000000 Picosecond
 Current Potential        -7930.56194256 Kcal/mole
 Current Kinetic           2403.58485114 Kcal/mole
 Lattice Lengths           30.05830002     30.05830002     30.05830002
 Lattice Angles            90.00000000     90.00000000     90.00000000
 Frame Number                     40
 Coordinate File             liquid-e000-v070.arc

 Instantaneous Values for Frame Saved at     20500 Dynamics Steps

 Current Time                41.00000000 Picosecond
 Current Potential        -7987.66827640 Kcal/mole
 Current Kinetic           2375.17431919 Kcal/mole
 Lattice Lengths           30.03232765     30.03232765     30.03232765
 Lattice Angles            90.00000000     90.00000000     90.00000000
 Frame Number                     41
 Coordinate File             liquid-e000-v070.arc

 Instantaneous Values for Frame Saved at     21000 Dynamics Steps

 Current Time                42.00000000 Picosecond
 Current Potential        -7991.78703824 Kcal/mole
 Current Kinetic           2426.87245487 Kcal/mole
 Lattice Lengths           30.09701729     30.09701729     30.09701729
 Lattice Angles            90.00000000     90.00000000     90.00000000
 Frame Number                     42
 Coordinate File             liquid-e000-v070.arc

 Instantaneous Values for Frame Saved at     21500 Dynamics Steps

 Current Time                43.00000000 Picosecond
 Current Potential        -7922.61851372 Kcal/mole
 Current Kinetic           2434.98945678 Kcal/mole
 Lattice Lengths           30.04346466     30.04346466     30.04346466
 Lattice Angles            90.00000000     90.00000000     90.00000000
 Frame Number                     43
 Coordinate File             liquid-e000-v070.arc

 Instantaneous Values for Frame Saved at     22000 Dynamics Steps

 Current Time                44.00000000 Picosecond
 Current Potential        -8072.58011289 Kcal/mole
 Current Kinetic           2485.58768209 Kcal/mole
 Lattice Lengths           30.04627419     30.04627419     30.04627419
 Lattice Angles            90.00000000     90.00000000     90.00000000
 Frame Number                     44
 Coordinate File             liquid-e000-v070.arc

 Instantaneous Values for Frame Saved at     22500 Dynamics Steps

 Current Time                45.00000000 Picosecond
 Current Potential        -7981.43372405 Kcal/mole
 Current Kinetic           2399.02232952 Kcal/mole
 Lattice Lengths           30.03810501     30.03810501     30.03810501
 Lattice Angles            90.00000000     90.00000000     90.00000000
 Frame Number                     45
 Coordinate File             liquid-e000-v070.arc

 Instantaneous Values for Frame Saved at     23000 Dynamics Steps

 Current Time                46.00000000 Picosecond
 Current Potential        -8092.78932301 Kcal/mole
 Current Kinetic           2399.73315101 Kcal/mole
 Lattice Lengths           30.02549171     30.02549171     30.02549171
 Lattice Angles            90.00000000     90.00000000     90.00000000
 Frame Number                     46
 Coordinate File             liquid-e000-v070.arc

 Instantaneous Values for Frame Saved at     23500 Dynamics Steps

 Current Time                47.00000000 Picosecond
 Current Potential        -8089.34279581 Kcal/mole
 Current Kinetic           2471.74489086 Kcal/mole
 Lattice Lengths           30.00529861     30.00529861     30.00529861
 Lattice Angles            90.00000000     90.00000000     90.00000000
 Frame Number                     47
 Coordinate File             liquid-e000-v070.arc

 Instantaneous Values for Frame Saved at     24000 Dynamics Steps

 Current Time                48.00000000 Picosecond
 Current Potential        -8046.93491214 Kcal/mole
 Current Kinetic           2396.10484561 Kcal/mole
 Lattice Lengths           29.92412376     29.92412376     29.92412376
 Lattice Angles            90.00000000     90.00000000     90.00000000
 Frame Number                     48
 Coordinate File             liquid-e000-v070.arc

 Instantaneous Values for Frame Saved at     24500 Dynamics Steps

 Current Time                49.00000000 Picosecond
 Current Potential        -8057.99786324 Kcal/mole
 Current Kinetic           2486.11988562 Kcal/mole
 Lattice Lengths           30.00433350     30.00433350     30.00433350
 Lattice Angles            90.00000000     90.00000000     90.00000000
 Frame Number                     49
 Coordinate File             liquid-e000-v070.arc

 Instantaneous Values for Frame Saved at     25000 Dynamics Steps

 Current Time                50.00000000 Picosecond
 Current Potential        -7938.87445650 Kcal/mole
 Current Kinetic           2424.25730091 Kcal/mole
 Lattice Lengths           29.96241188     29.96241188     29.96241188
 Lattice Angles            90.00000000     90.00000000     90.00000000
 Frame Number                     50
 Coordinate File             liquid-e000-v070.arc

 Instantaneous Values for Frame Saved at     25500 Dynamics Steps

 Current Time                51.00000000 Picosecond
 Current Potential        -8075.73045408 Kcal/mole
 Current Kinetic           2425.56992304 Kcal/mole
 Lattice Lengths           30.00618172     30.00618172     30.00618172
 Lattice Angles            90.00000000     90.00000000     90.00000000
 Frame Number                     51
 Coordinate File             liquid-e000-v070.arc

 Instantaneous Values for Frame Saved at     26000 Dynamics Steps

 Current Time                52.00000000 Picosecond
 Current Potential        -7888.21098048 Kcal/mole
 Current Kinetic           2396.00709059 Kcal/mole
 Lattice Lengths           30.03505707     30.03505707     30.03505707
 Lattice Angles            90.00000000     90.00000000     90.00000000
 Frame Number                     52
 Coordinate File             liquid-e000-v070.arc

 Instantaneous Values for Frame Saved at     26500 Dynamics Steps

 Current Time                53.00000000 Picosecond
 Current Potential        -8040.23722038 Kcal/mole
 Current Kinetic           2428.30479276 Kcal/mole
 Lattice Lengths           29.94585609     29.94585609     29.94585609
 Lattice Angles            90.00000000     90.00000000     90.00000000
 Frame Number                     53
 Coordinate File             liquid-e000-v070.arc

 Instantaneous Values for Frame Saved at     27000 Dynamics Steps

 Current Time                54.00000000 Picosecond
 Current Potential        -8005.79934246 Kcal/mole
 Current Kinetic           2345.99714221 Kcal/mole
 Lattice Lengths           29.81314468     29.81314468     29.81314468
 Lattice Angles            90.00000000     90.00000000     90.00000000
 Frame Number                     54
 Coordinate File             liquid-e000-v070.arc

 Instantaneous Values for Frame Saved at     27500 Dynamics Steps

 Current Time                55.00000000 Picosecond
 Current Potential        -8019.04615754 Kcal/mole
 Current Kinetic           2433.04946481 Kcal/mole
 Lattice Lengths           29.82308578     29.82308578     29.82308578
 Lattice Angles            90.00000000     90.00000000     90.00000000
 Frame Number                     55
 Coordinate File             liquid-e000-v070.arc

 Instantaneous Values for Frame Saved at     28000 Dynamics Steps

 Current Time                56.00000000 Picosecond
 Current Potential        -7994.11648040 Kcal/mole
 Current Kinetic           2353.22924057 Kcal/mole
 Lattice Lengths           29.97797394     29.97797394     29.97797394
 Lattice Angles            90.00000000     90.00000000     90.00000000
 Frame Number                     56
 Coordinate File             liquid-e000-v070.arc

 Instantaneous Values for Frame Saved at     28500 Dynamics Steps

 Current Time                57.00000000 Picosecond
 Current Potential        -8048.19442207 Kcal/mole
 Current Kinetic           2394.10952746 Kcal/mole
 Lattice Lengths           29.90564156     29.90564156     29.90564156
 Lattice Angles            90.00000000     90.00000000     90.00000000
 Frame Number                     57
 Coordinate File             liquid-e000-v070.arc

 Instantaneous Values for Frame Saved at     29000 Dynamics Steps

 Current Time                58.00000000 Picosecond
 Current Potential        -8000.99501121 Kcal/mole
 Current Kinetic           2417.38051257 Kcal/mole
 Lattice Lengths           29.90989876     29.90989876     29.90989876
 Lattice Angles            90.00000000     90.00000000     90.00000000
 Frame Number                     58
 Coordinate File             liquid-e000-v070.arc

 Instantaneous Values for Frame Saved at     29500 Dynamics Steps

 Current Time                59.00000000 Picosecond
 Current Potential        -8048.21490727 Kcal/mole
 Current Kinetic           2376.23194139 Kcal/mole
 Lattice Lengths           30.01074791     30.01074791     30.01074791
 Lattice Angles            90.00000000     90.00000000     90.00000000
 Frame Number                     59
 Coordinate File             liquid-e000-v070.arc

 Instantaneous Values for Frame Saved at     30000 Dynamics Steps

 Current Time                60.00000000 Picosecond
 Current Potential        -8083.21912475 Kcal/mole
 Current Kinetic           2413.81008840 Kcal/mole
 Lattice Lengths           29.93132210     29.93132210     29.93132210
 Lattice Angles            90.00000000     90.00000000     90.00000000
 Frame Number                     60
 Coordinate File             liquid-e000-v070.arc

 Instantaneous Values for Frame Saved at     30500 Dynamics Steps

 Current Time                61.00000000 Picosecond
 Current Potential        -8150.68790658 Kcal/mole
 Current Kinetic           2512.44517769 Kcal/mole
 Lattice Lengths           29.99642181     29.99642181     29.99642181
 Lattice Angles            90.00000000     90.00000000     90.00000000
 Frame Number                     61
 Coordinate File             liquid-e000-v070.arc

 Instantaneous Values for Frame Saved at     31000 Dynamics Steps

 Current Time                62.00000000 Picosecond
 Current Potential        -8018.97826563 Kcal/mole
 Current Kinetic           2376.32684868 Kcal/mole
 Lattice Lengths           29.98241615     29.98241615     29.98241615
 Lattice Angles            90.00000000     90.00000000     90.00000000
 Frame Number                     62
 Coordinate File             liquid-e000-v070.arc

 Instantaneous Values for Frame Saved at     31500 Dynamics Steps

 Current Time                63.00000000 Picosecond
 Current Potential        -8032.21526144 Kcal/mole
 Current Kinetic           2383.16471065 Kcal/mole
 Lattice Lengths           30.02412033     30.02412033     30.02412033
 Lattice Angles            90.00000000     90.00000000     90.00000000
 Frame Number                     63
 Coordinate File             liquid-e000-v070.arc

 Instantaneous Values for Frame Saved at     32000 Dynamics Steps

 Current Time                64.00000000 Picosecond
 Current Potential        -8007.30435216 Kcal/mole
 Current Kinetic           2386.51072580 Kcal/mole
 Lattice Lengths           29.99275017     29.99275017     29.99275017
 Lattice Angles            90.00000000     90.00000000     90.00000000
 Frame Number                     64
 Coordinate File             liquid-e000-v070.arc

 Instantaneous Values for Frame Saved at     32500 Dynamics Steps

 Current Time                65.00000000 Picosecond
 Current Potential        -7949.75363960 Kcal/mole
 Current Kinetic           2386.00273680 Kcal/mole
 Lattice Lengths           29.96214485     29.96214485     29.96214485
 Lattice Angles            90.00000000     90.00000000     90.00000000
 Frame Number                     65
 Coordinate File             liquid-e000-v070.arc

 Instantaneous Values for Frame Saved at     33000 Dynamics Steps

 Current Time                66.00000000 Picosecond
 Current Potential        -8006.94276136 Kcal/mole
 Current Kinetic           2379.72863138 Kcal/mole
 Lattice Lengths           29.98328590     29.98328590     29.98328590
 Lattice Angles            90.00000000     90.00000000     90.00000000
 Frame Number                     66
 Coordinate File             liquid-e000-v070.arc

 Instantaneous Values for Frame Saved at     33500 Dynamics Steps

 Current Time                67.00000000 Picosecond
 Current Potential        -8053.34965951 Kcal/mole
 Current Kinetic           2407.76210038 Kcal/mole
 Lattice Lengths           30.00705910     30.00705910     30.00705910
 Lattice Angles            90.00000000     90.00000000     90.00000000
 Frame Number                     67
 Coordinate File             liquid-e000-v070.arc

 Instantaneous Values for Frame Saved at     34000 Dynamics Steps

 Current Time                68.00000000 Picosecond
 Current Potential        -8121.42339706 Kcal/mole
 Current Kinetic           2368.40085945 Kcal/mole
 Lattice Lengths           29.98440361     29.98440361     29.98440361
 Lattice Angles            90.00000000     90.00000000     90.00000000
 Frame Number                     68
 Coordinate File             liquid-e000-v070.arc

 Instantaneous Values for Frame Saved at     34500 Dynamics Steps

 Current Time                69.00000000 Picosecond
 Current Potential        -8116.25176023 Kcal/mole
 Current Kinetic           2389.13121176 Kcal/mole
 Lattice Lengths           29.92356491     29.92356491     29.92356491
 Lattice Angles            90.00000000     90.00000000     90.00000000
 Frame Number                     69
 Coordinate File             liquid-e000-v070.arc

 Instantaneous Values for Frame Saved at     35000 Dynamics Steps

 Current Time                70.00000000 Picosecond
 Current Potential        -8051.35212658 Kcal/mole
 Current Kinetic           2341.00614577 Kcal/mole
 Lattice Lengths           29.91055489     29.91055489     29.91055489
 Lattice Angles            90.00000000     90.00000000     90.00000000
 Frame Number                     70
 Coordinate File             liquid-e000-v070.arc

 Instantaneous Values for Frame Saved at     35500 Dynamics Steps

 Current Time                71.00000000 Picosecond
 Current Potential        -8073.08731176 Kcal/mole
 Current Kinetic           2388.64299471 Kcal/mole
 Lattice Lengths           29.96291542     29.96291542     29.96291542
 Lattice Angles            90.00000000     90.00000000     90.00000000
 Frame Number                     71
 Coordinate File             liquid-e000-v070.arc

 Instantaneous Values for Frame Saved at     36000 Dynamics Steps

 Current Time                72.00000000 Picosecond
 Current Potential        -8171.34154837 Kcal/mole
 Current Kinetic           2405.84872851 Kcal/mole
 Lattice Lengths           29.92440987     29.92440987     29.92440987
 Lattice Angles            90.00000000     90.00000000     90.00000000
 Frame Number                     72
 Coordinate File             liquid-e000-v070.arc

 Instantaneous Values for Frame Saved at     36500 Dynamics Steps

 Current Time                73.00000000 Picosecond
 Current Potential        -8099.77707623 Kcal/mole
 Current Kinetic           2477.45269619 Kcal/mole
 Lattice Lengths           30.02430534     30.02430534     30.02430534
 Lattice Angles            90.00000000     90.00000000     90.00000000
 Frame Number                     73
 Coordinate File             liquid-e000-v070.arc

 Instantaneous Values for Frame Saved at     37000 Dynamics Steps

 Current Time                74.00000000 Picosecond
 Current Potential        -7935.10631278 Kcal/mole
 Current Kinetic           2314.06016386 Kcal/mole
 Lattice Lengths           30.14614296     30.14614296     30.14614296
 Lattice Angles            90.00000000     90.00000000     90.00000000
 Frame Number                     74
 Coordinate File             liquid-e000-v070.arc

 Instantaneous Values for Frame Saved at     37500 Dynamics Steps

 Current Time                75.00000000 Picosecond
 Current Potential        -8126.24636359 Kcal/mole
 Current Kinetic           2427.29241993 Kcal/mole
 Lattice Lengths           30.12523460     30.12523460     30.12523460
 Lattice Angles            90.00000000     90.00000000     90.00000000
 Frame Number                     75
 Coordinate File             liquid-e000-v070.arc

 Instantaneous Values for Frame Saved at     38000 Dynamics Steps

 Current Time                76.00000000 Picosecond
 Current Potential        -8063.49065114 Kcal/mole
 Current Kinetic           2398.95900168 Kcal/mole
 Lattice Lengths           30.12330246     30.12330246     30.12330246
 Lattice Angles            90.00000000     90.00000000     90.00000000
 Frame Number                     76
 Coordinate File             liquid-e000-v070.arc

 Instantaneous Values for Frame Saved at     38500 Dynamics Steps

 Current Time                77.00000000 Picosecond
 Current Potential        -8020.45716033 Kcal/mole
 Current Kinetic           2427.34162620 Kcal/mole
 Lattice Lengths           30.04116249     30.04116249     30.04116249
 Lattice Angles            90.00000000     90.00000000     90.00000000
 Frame Number                     77
 Coordinate File             liquid-e000-v070.arc

 Instantaneous Values for Frame Saved at     39000 Dynamics Steps

 Current Time                78.00000000 Picosecond
 Current Potential        -7985.09092082 Kcal/mole
 Current Kinetic           2427.97936670 Kcal/mole
 Lattice Lengths           29.96211815     29.96211815     29.96211815
 Lattice Angles            90.00000000     90.00000000     90.00000000
 Frame Number                     78
 Coordinate File             liquid-e000-v070.arc

 Instantaneous Values for Frame Saved at     39500 Dynamics Steps

 Current Time                79.00000000 Picosecond
 Current Potential        -8008.00821310 Kcal/mole
 Current Kinetic           2379.34275017 Kcal/mole
 Lattice Lengths           29.84759903     29.84759903     29.84759903
 Lattice Angles            90.00000000     90.00000000     90.00000000
 Frame Number                     79
 Coordinate File             liquid-e000-v070.arc

 Instantaneous Values for Frame Saved at     40000 Dynamics Steps

 Current Time                80.00000000 Picosecond
 Current Potential        -8029.92094246 Kcal/mole
 Current Kinetic           2441.48013390 Kcal/mole
 Lattice Lengths           29.86047363     29.86047363     29.86047363
 Lattice Angles            90.00000000     90.00000000     90.00000000
 Frame Number                     80
 Coordinate File             liquid-e000-v070.arc

 Instantaneous Values for Frame Saved at     40500 Dynamics Steps

 Current Time                81.00000000 Picosecond
 Current Potential        -7932.42661714 Kcal/mole
 Current Kinetic           2406.16974513 Kcal/mole
 Lattice Lengths           29.90503693     29.90503693     29.90503693
 Lattice Angles            90.00000000     90.00000000     90.00000000
 Frame Number                     81
 Coordinate File             liquid-e000-v070.arc

 Instantaneous Values for Frame Saved at     41000 Dynamics Steps

 Current Time                82.00000000 Picosecond
 Current Potential        -8041.28213663 Kcal/mole
 Current Kinetic           2352.04128531 Kcal/mole
 Lattice Lengths           29.88261795     29.88261795     29.88261795
 Lattice Angles            90.00000000     90.00000000     90.00000000
 Frame Number                     82
 Coordinate File             liquid-e000-v070.arc

 Instantaneous Values for Frame Saved at     41500 Dynamics Steps

 Current Time                83.00000000 Picosecond
 Current Potential        -8127.13891061 Kcal/mole
 Current Kinetic           2417.17548954 Kcal/mole
 Lattice Lengths           29.92129326     29.92129326     29.92129326
 Lattice Angles            90.00000000     90.00000000     90.00000000
 Frame Number                     83
 Coordinate File             liquid-e000-v070.arc

 Instantaneous Values for Frame Saved at     42000 Dynamics Steps

 Current Time                84.00000000 Picosecond
 Current Potential        -8070.13616469 Kcal/mole
 Current Kinetic           2405.01481903 Kcal/mole
 Lattice Lengths           29.82588768     29.82588768     29.82588768
 Lattice Angles            90.00000000     90.00000000     90.00000000
 Frame Number                     84
 Coordinate File             liquid-e000-v070.arc

 Instantaneous Values for Frame Saved at     42500 Dynamics Steps

 Current Time                85.00000000 Picosecond
 Current Potential        -8004.03640508 Kcal/mole
 Current Kinetic           2476.73734394 Kcal/mole
 Lattice Lengths           29.85787392     29.85787392     29.85787392
 Lattice Angles            90.00000000     90.00000000     90.00000000
 Frame Number                     85
 Coordinate File             liquid-e000-v070.arc

 Instantaneous Values for Frame Saved at     43000 Dynamics Steps

 Current Time                86.00000000 Picosecond
 Current Potential        -7973.90378995 Kcal/mole
 Current Kinetic           2388.32484142 Kcal/mole
 Lattice Lengths           29.95459557     29.95459557     29.95459557
 Lattice Angles            90.00000000     90.00000000     90.00000000
 Frame Number                     86
 Coordinate File             liquid-e000-v070.arc

 Instantaneous Values for Frame Saved at     43500 Dynamics Steps

 Current Time                87.00000000 Picosecond
 Current Potential        -8032.62416625 Kcal/mole
 Current Kinetic           2436.40951773 Kcal/mole
 Lattice Lengths           29.92879677     29.92879677     29.92879677
 Lattice Angles            90.00000000     90.00000000     90.00000000
 Frame Number                     87
 Coordinate File             liquid-e000-v070.arc

 Instantaneous Values for Frame Saved at     44000 Dynamics Steps

 Current Time                88.00000000 Picosecond
 Current Potential        -8053.48428276 Kcal/mole
 Current Kinetic           2450.39185469 Kcal/mole
 Lattice Lengths           30.03272057     30.03272057     30.03272057
 Lattice Angles            90.00000000     90.00000000     90.00000000
 Frame Number                     88
 Coordinate File             liquid-e000-v070.arc

 Instantaneous Values for Frame Saved at     44500 Dynamics Steps

 Current Time                89.00000000 Picosecond
 Current Potential        -8053.40678474 Kcal/mole
 Current Kinetic           2359.09481573 Kcal/mole
 Lattice Lengths           30.03077126     30.03077126     30.03077126
 Lattice Angles            90.00000000     90.00000000     90.00000000
 Frame Number                     89
 Coordinate File             liquid-e000-v070.arc

 Instantaneous Values for Frame Saved at     45000 Dynamics Steps

 Current Time                90.00000000 Picosecond
 Current Potential        -8039.38981422 Kcal/mole
 Current Kinetic           2403.89435417 Kcal/mole
 Lattice Lengths           30.03000832     30.03000832     30.03000832
 Lattice Angles            90.00000000     90.00000000     90.00000000
 Frame Number                     90
 Coordinate File             liquid-e000-v070.arc

 Instantaneous Values for Frame Saved at     45500 Dynamics Steps

 Current Time                91.00000000 Picosecond
 Current Potential        -8065.05187420 Kcal/mole
 Current Kinetic           2455.15215006 Kcal/mole
 Lattice Lengths           30.00569725     30.00569725     30.00569725
 Lattice Angles            90.00000000     90.00000000     90.00000000
 Frame Number                     91
 Coordinate File             liquid-e000-v070.arc

 Instantaneous Values for Frame Saved at     46000 Dynamics Steps

 Current Time                92.00000000 Picosecond
 Current Potential        -8020.24524271 Kcal/mole
 Current Kinetic           2403.83258810 Kcal/mole
 Lattice Lengths           29.99860954     29.99860954     29.99860954
 Lattice Angles            90.00000000     90.00000000     90.00000000
 Frame Number                     92
 Coordinate File             liquid-e000-v070.arc

 Instantaneous Values for Frame Saved at     46500 Dynamics Steps

 Current Time                93.00000000 Picosecond
 Current Potential        -8032.34164355 Kcal/mole
 Current Kinetic           2402.06564982 Kcal/mole
 Lattice Lengths           30.02787590     30.02787590     30.02787590
 Lattice Angles            90.00000000     90.00000000     90.00000000
 Frame Number                     93
 Coordinate File             liquid-e000-v070.arc

 Instantaneous Values for Frame Saved at     47000 Dynamics Steps

 Current Time                94.00000000 Picosecond
 Current Potential        -8028.29318657 Kcal/mole
 Current Kinetic           2442.78901071 Kcal/mole
 Lattice Lengths           29.93571663     29.93571663     29.93571663
 Lattice Angles            90.00000000     90.00000000     90.00000000
 Frame Number                     94
 Coordinate File             liquid-e000-v070.arc

 Instantaneous Values for Frame Saved at     47500 Dynamics Steps

 Current Time                95.00000000 Picosecond
 Current Potential        -8020.10458494 Kcal/mole
 Current Kinetic           2413.36119792 Kcal/mole
 Lattice Lengths           29.99474335     29.99474335     29.99474335
 Lattice Angles            90.00000000     90.00000000     90.00000000
 Frame Number                     95
 Coordinate File             liquid-e000-v070.arc

 Instantaneous Values for Frame Saved at     48000 Dynamics Steps

 Current Time                96.00000000 Picosecond
 Current Potential        -8007.75163778 Kcal/mole
 Current Kinetic           2340.90407875 Kcal/mole
 Lattice Lengths           30.03317451     30.03317451     30.03317451
 Lattice Angles            90.00000000     90.00000000     90.00000000
 Frame Number                     96
 Coordinate File             liquid-e000-v070.arc

 Instantaneous Values for Frame Saved at     48500 Dynamics Steps

 Current Time                97.00000000 Picosecond
 Current Potential        -8096.59903266 Kcal/mole
 Current Kinetic           2369.17743201 Kcal/mole
 Lattice Lengths           30.01646042     30.01646042     30.01646042
 Lattice Angles            90.00000000     90.00000000     90.00000000
 Frame Number                     97
 Coordinate File             liquid-e000-v070.arc

 Instantaneous Values for Frame Saved at     49000 Dynamics Steps

 Current Time                98.00000000 Picosecond
 Current Potential        -8043.68009822 Kcal/mole
 Current Kinetic           2402.82797769 Kcal/mole
 Lattice Lengths           30.01406288     30.01406288     30.01406288
 Lattice Angles            90.00000000     90.00000000     90.00000000
 Frame Number                     98
 Coordinate File             liquid-e000-v070.arc

 Instantaneous Values for Frame Saved at     49500 Dynamics Steps

 Current Time                99.00000000 Picosecond
 Current Potential        -8023.82621537 Kcal/mole
 Current Kinetic           2440.40820654 Kcal/mole
 Lattice Lengths           30.10110283     30.10110283     30.10110283
 Lattice Angles            90.00000000     90.00000000     90.00000000
 Frame Number                     99
 Coordinate File             liquid-e000-v070.arc

 Instantaneous Values for Frame Saved at     50000 Dynamics Steps

 Current Time               100.00000000 Picosecond
 Current Potential        -7969.16905403 Kcal/mole
 Current Kinetic           2357.68942833 Kcal/mole
 Lattice Lengths           30.18730545     30.18730545     30.18730545
 Lattice Angles            90.00000000     90.00000000     90.00000000
 Frame Number                    100
 Coordinate File             liquid-e000-v070.arc

 Performance:  ns/day              45.6395
               Wall Time          189.3099
               Steps                 50000
               Updates                 100
               Time Step            2.0000
               Atoms                  2695
