
     ######################################################################    
   ##########################################################################  
  ###                                                                      ### 
 ###            Tinker9  --  Software Tools for Molecular Design            ###
 ##                                                                          ##
 ##                      Version 1.0.0-rc  January 2021                      ##
 ##                                                                          ##
 ##                 Copyright (c)  Zhi Wang & the Ponder Lab                 ##
 ###                           All Rights Reserved                          ###
  ###                                                                      ### 
   ##########################################################################  
     ######################################################################    

 Compiled at:  16:31:56  Sep 10 2021
 Commit Date:  Mon Aug 16 01:28:23 2021 -0500
 Commit:       b78a5351

 Primary GPU package :  CUDA

 GPU Device :  Setting Device ID to 0 from GPU utilization
 Molecular Dynamics Trajectory via r-RESPA MTS Algorithm

 Free Energy Perturbation :          1.000 Lambda for Torsional Angles
 Free Energy Perturbation :          0.750 Lambda for van der Waals
 Free Energy Perturbation :          0.000 Lambda for Electrostatics

 Instantaneous Values for Frame Saved at       500 Dynamics Steps

 Current Time                 1.00000000 Picosecond
 Current Potential        -6583.49823029 Kcal/mole
 Current Kinetic           2720.88692479 Kcal/mole
 Lattice Lengths           30.09260559     30.09260559     30.09260559
 Lattice Angles            90.00000000     90.00000000     90.00000000
 Frame Number                      1
 Coordinate File             liquid-e000-v075.arc

 Instantaneous Values for Frame Saved at      1000 Dynamics Steps

 Current Time                 2.00000000 Picosecond
 Current Potential        -7227.69538177 Kcal/mole
 Current Kinetic           2524.53878987 Kcal/mole
 Lattice Lengths           30.15745163     30.15745163     30.15745163
 Lattice Angles            90.00000000     90.00000000     90.00000000
 Frame Number                      2
 Coordinate File             liquid-e000-v075.arc

 Instantaneous Values for Frame Saved at      1500 Dynamics Steps

 Current Time                 3.00000000 Picosecond
 Current Potential        -7402.88683348 Kcal/mole
 Current Kinetic           2493.85923899 Kcal/mole
 Lattice Lengths           30.22610092     30.22610092     30.22610092
 Lattice Angles            90.00000000     90.00000000     90.00000000
 Frame Number                      3
 Coordinate File             liquid-e000-v075.arc

 Instantaneous Values for Frame Saved at      2000 Dynamics Steps

 Current Time                 4.00000000 Picosecond
 Current Potential        -7511.88023197 Kcal/mole
 Current Kinetic           2452.25736102 Kcal/mole
 Lattice Lengths           30.16445541     30.16445541     30.16445541
 Lattice Angles            90.00000000     90.00000000     90.00000000
 Frame Number                      4
 Coordinate File             liquid-e000-v075.arc

 Instantaneous Values for Frame Saved at      2500 Dynamics Steps

 Current Time                 5.00000000 Picosecond
 Current Potential        -7509.62877133 Kcal/mole
 Current Kinetic           2401.59311320 Kcal/mole
 Lattice Lengths           30.24135017     30.24135017     30.24135017
 Lattice Angles            90.00000000     90.00000000     90.00000000
 Frame Number                      5
 Coordinate File             liquid-e000-v075.arc

 Instantaneous Values for Frame Saved at      3000 Dynamics Steps

 Current Time                 6.00000000 Picosecond
 Current Potential        -7553.35287129 Kcal/mole
 Current Kinetic           2391.11882514 Kcal/mole
 Lattice Lengths           30.26448250     30.26448250     30.26448250
 Lattice Angles            90.00000000     90.00000000     90.00000000
 Frame Number                      6
 Coordinate File             liquid-e000-v075.arc

 Instantaneous Values for Frame Saved at      3500 Dynamics Steps

 Current Time                 7.00000000 Picosecond
 Current Potential        -7592.80058030 Kcal/mole
 Current Kinetic           2337.45016995 Kcal/mole
 Lattice Lengths           30.12893105     30.12893105     30.12893105
 Lattice Angles            90.00000000     90.00000000     90.00000000
 Frame Number                      7
 Coordinate File             liquid-e000-v075.arc

 Instantaneous Values for Frame Saved at      4000 Dynamics Steps

 Current Time                 8.00000000 Picosecond
 Current Potential        -7687.07480845 Kcal/mole
 Current Kinetic           2417.46491702 Kcal/mole
 Lattice Lengths           30.01141739     30.01141739     30.01141739
 Lattice Angles            90.00000000     90.00000000     90.00000000
 Frame Number                      8
 Coordinate File             liquid-e000-v075.arc

 Instantaneous Values for Frame Saved at      4500 Dynamics Steps

 Current Time                 9.00000000 Picosecond
 Current Potential        -7699.76614725 Kcal/mole
 Current Kinetic           2375.99056643 Kcal/mole
 Lattice Lengths           30.01195335     30.01195335     30.01195335
 Lattice Angles            90.00000000     90.00000000     90.00000000
 Frame Number                      9
 Coordinate File             liquid-e000-v075.arc

 Instantaneous Values for Frame Saved at      5000 Dynamics Steps

 Current Time                10.00000000 Picosecond
 Current Potential        -7783.54001574 Kcal/mole
 Current Kinetic           2391.92988746 Kcal/mole
 Lattice Lengths           30.04046059     30.04046059     30.04046059
 Lattice Angles            90.00000000     90.00000000     90.00000000
 Frame Number                     10
 Coordinate File             liquid-e000-v075.arc

 Instantaneous Values for Frame Saved at      5500 Dynamics Steps

 Current Time                11.00000000 Picosecond
 Current Potential        -7779.53081786 Kcal/mole
 Current Kinetic           2376.96602105 Kcal/mole
 Lattice Lengths           29.98154259     29.98154259     29.98154259
 Lattice Angles            90.00000000     90.00000000     90.00000000
 Frame Number                     11
 Coordinate File             liquid-e000-v075.arc

 Instantaneous Values for Frame Saved at      6000 Dynamics Steps

 Current Time                12.00000000 Picosecond
 Current Potential        -7801.42631379 Kcal/mole
 Current Kinetic           2452.94091150 Kcal/mole
 Lattice Lengths           29.91919136     29.91919136     29.91919136
 Lattice Angles            90.00000000     90.00000000     90.00000000
 Frame Number                     12
 Coordinate File             liquid-e000-v075.arc

 Instantaneous Values for Frame Saved at      6500 Dynamics Steps

 Current Time                13.00000000 Picosecond
 Current Potential        -7794.66360250 Kcal/mole
 Current Kinetic           2444.57715256 Kcal/mole
 Lattice Lengths           29.87916565     29.87916565     29.87916565
 Lattice Angles            90.00000000     90.00000000     90.00000000
 Frame Number                     13
 Coordinate File             liquid-e000-v075.arc

 Instantaneous Values for Frame Saved at      7000 Dynamics Steps

 Current Time                14.00000000 Picosecond
 Current Potential        -7867.27308909 Kcal/mole
 Current Kinetic           2434.23488883 Kcal/mole
 Lattice Lengths           29.99007797     29.99007797     29.99007797
 Lattice Angles            90.00000000     90.00000000     90.00000000
 Frame Number                     14
 Coordinate File             liquid-e000-v075.arc

 Instantaneous Values for Frame Saved at      7500 Dynamics Steps

 Current Time                15.00000000 Picosecond
 Current Potential        -7779.19048058 Kcal/mole
 Current Kinetic           2414.04215243 Kcal/mole
 Lattice Lengths           30.02467728     30.02467728     30.02467728
 Lattice Angles            90.00000000     90.00000000     90.00000000
 Frame Number                     15
 Coordinate File             liquid-e000-v075.arc

 Instantaneous Values for Frame Saved at      8000 Dynamics Steps

 Current Time                16.00000000 Picosecond
 Current Potential        -7930.27194162 Kcal/mole
 Current Kinetic           2449.12478762 Kcal/mole
 Lattice Lengths           29.90757751     29.90757751     29.90757751
 Lattice Angles            90.00000000     90.00000000     90.00000000
 Frame Number                     16
 Coordinate File             liquid-e000-v075.arc

 Instantaneous Values for Frame Saved at      8500 Dynamics Steps

 Current Time                17.00000000 Picosecond
 Current Potential        -7969.96282583 Kcal/mole
 Current Kinetic           2398.50560727 Kcal/mole
 Lattice Lengths           29.81709862     29.81709862     29.81709862
 Lattice Angles            90.00000000     90.00000000     90.00000000
 Frame Number                     17
 Coordinate File             liquid-e000-v075.arc

 Instantaneous Values for Frame Saved at      9000 Dynamics Steps

 Current Time                18.00000000 Picosecond
 Current Potential        -7880.29348913 Kcal/mole
 Current Kinetic           2311.88159783 Kcal/mole
 Lattice Lengths           29.93140984     29.93140984     29.93140984
 Lattice Angles            90.00000000     90.00000000     90.00000000
 Frame Number                     18
 Coordinate File             liquid-e000-v075.arc

 Instantaneous Values for Frame Saved at      9500 Dynamics Steps

 Current Time                19.00000000 Picosecond
 Current Potential        -7844.44071282 Kcal/mole
 Current Kinetic           2426.94598427 Kcal/mole
 Lattice Lengths           29.90718842     29.90718842     29.90718842
 Lattice Angles            90.00000000     90.00000000     90.00000000
 Frame Number                     19
 Coordinate File             liquid-e000-v075.arc

 Instantaneous Values for Frame Saved at     10000 Dynamics Steps

 Current Time                20.00000000 Picosecond
 Current Potential        -7959.71771980 Kcal/mole
 Current Kinetic           2406.65828987 Kcal/mole
 Lattice Lengths           29.90757370     29.90757370     29.90757370
 Lattice Angles            90.00000000     90.00000000     90.00000000
 Frame Number                     20
 Coordinate File             liquid-e000-v075.arc

 Instantaneous Values for Frame Saved at     10500 Dynamics Steps

 Current Time                21.00000000 Picosecond
 Current Potential        -7982.48346343 Kcal/mole
 Current Kinetic           2400.35891100 Kcal/mole
 Lattice Lengths           29.88288689     29.88288689     29.88288689
 Lattice Angles            90.00000000     90.00000000     90.00000000
 Frame Number                     21
 Coordinate File             liquid-e000-v075.arc

 Instantaneous Values for Frame Saved at     11000 Dynamics Steps

 Current Time                22.00000000 Picosecond
 Current Potential        -8015.32220650 Kcal/mole
 Current Kinetic           2416.44817026 Kcal/mole
 Lattice Lengths           29.93802452     29.93802452     29.93802452
 Lattice Angles            90.00000000     90.00000000     90.00000000
 Frame Number                     22
 Coordinate File             liquid-e000-v075.arc

 Instantaneous Values for Frame Saved at     11500 Dynamics Steps

 Current Time                23.00000000 Picosecond
 Current Potential        -7927.67113120 Kcal/mole
 Current Kinetic           2394.15102175 Kcal/mole
 Lattice Lengths           30.04425621     30.04425621     30.04425621
 Lattice Angles            90.00000000     90.00000000     90.00000000
 Frame Number                     23
 Coordinate File             liquid-e000-v075.arc

 Instantaneous Values for Frame Saved at     12000 Dynamics Steps

 Current Time                24.00000000 Picosecond
 Current Potential        -7934.72105507 Kcal/mole
 Current Kinetic           2370.31625698 Kcal/mole
 Lattice Lengths           30.17801666     30.17801666     30.17801666
 Lattice Angles            90.00000000     90.00000000     90.00000000
 Frame Number                     24
 Coordinate File             liquid-e000-v075.arc

 Instantaneous Values for Frame Saved at     12500 Dynamics Steps

 Current Time                25.00000000 Picosecond
 Current Potential        -7919.15559269 Kcal/mole
 Current Kinetic           2482.68894256 Kcal/mole
 Lattice Lengths           30.04475975     30.04475975     30.04475975
 Lattice Angles            90.00000000     90.00000000     90.00000000
 Frame Number                     25
 Coordinate File             liquid-e000-v075.arc

 Instantaneous Values for Frame Saved at     13000 Dynamics Steps

 Current Time                26.00000000 Picosecond
 Current Potential        -7972.06279668 Kcal/mole
 Current Kinetic           2378.23919662 Kcal/mole
 Lattice Lengths           29.97010231     29.97010231     29.97010231
 Lattice Angles            90.00000000     90.00000000     90.00000000
 Frame Number                     26
 Coordinate File             liquid-e000-v075.arc

 Instantaneous Values for Frame Saved at     13500 Dynamics Steps

 Current Time                27.00000000 Picosecond
 Current Potential        -7934.72997628 Kcal/mole
 Current Kinetic           2409.44790986 Kcal/mole
 Lattice Lengths           29.91356277     29.91356277     29.91356277
 Lattice Angles            90.00000000     90.00000000     90.00000000
 Frame Number                     27
 Coordinate File             liquid-e000-v075.arc

 Instantaneous Values for Frame Saved at     14000 Dynamics Steps

 Current Time                28.00000000 Picosecond
 Current Potential        -7982.13599367 Kcal/mole
 Current Kinetic           2454.53887748 Kcal/mole
 Lattice Lengths           29.97840309     29.97840309     29.97840309
 Lattice Angles            90.00000000     90.00000000     90.00000000
 Frame Number                     28
 Coordinate File             liquid-e000-v075.arc

 Instantaneous Values for Frame Saved at     14500 Dynamics Steps

 Current Time                29.00000000 Picosecond
 Current Potential        -7979.60918267 Kcal/mole
 Current Kinetic           2456.88066074 Kcal/mole
 Lattice Lengths           29.85874176     29.85874176     29.85874176
 Lattice Angles            90.00000000     90.00000000     90.00000000
 Frame Number                     29
 Coordinate File             liquid-e000-v075.arc

 Instantaneous Values for Frame Saved at     15000 Dynamics Steps

 Current Time                30.00000000 Picosecond
 Current Potential        -8003.13494058 Kcal/mole
 Current Kinetic           2417.01694620 Kcal/mole
 Lattice Lengths           29.86749458     29.86749458     29.86749458
 Lattice Angles            90.00000000     90.00000000     90.00000000
 Frame Number                     30
 Coordinate File             liquid-e000-v075.arc

 Instantaneous Values for Frame Saved at     15500 Dynamics Steps

 Current Time                31.00000000 Picosecond
 Current Potential        -7954.86580585 Kcal/mole
 Current Kinetic           2398.90873480 Kcal/mole
 Lattice Lengths           29.98663139     29.98663139     29.98663139
 Lattice Angles            90.00000000     90.00000000     90.00000000
 Frame Number                     31
 Coordinate File             liquid-e000-v075.arc

 Instantaneous Values for Frame Saved at     16000 Dynamics Steps

 Current Time                32.00000000 Picosecond
 Current Potential        -7992.05817878 Kcal/mole
 Current Kinetic           2486.63340290 Kcal/mole
 Lattice Lengths           30.01146317     30.01146317     30.01146317
 Lattice Angles            90.00000000     90.00000000     90.00000000
 Frame Number                     32
 Coordinate File             liquid-e000-v075.arc

 Instantaneous Values for Frame Saved at     16500 Dynamics Steps

 Current Time                33.00000000 Picosecond
 Current Potential        -8038.07259918 Kcal/mole
 Current Kinetic           2486.66142685 Kcal/mole
 Lattice Lengths           29.99953079     29.99953079     29.99953079
 Lattice Angles            90.00000000     90.00000000     90.00000000
 Frame Number                     33
 Coordinate File             liquid-e000-v075.arc

 Instantaneous Values for Frame Saved at     17000 Dynamics Steps

 Current Time                34.00000000 Picosecond
 Current Potential        -8040.64638453 Kcal/mole
 Current Kinetic           2352.56667303 Kcal/mole
 Lattice Lengths           29.95549774     29.95549774     29.95549774
 Lattice Angles            90.00000000     90.00000000     90.00000000
 Frame Number                     34
 Coordinate File             liquid-e000-v075.arc

 Instantaneous Values for Frame Saved at     17500 Dynamics Steps

 Current Time                35.00000000 Picosecond
 Current Potential        -7993.56567273 Kcal/mole
 Current Kinetic           2378.76421563 Kcal/mole
 Lattice Lengths           30.03195000     30.03195000     30.03195000
 Lattice Angles            90.00000000     90.00000000     90.00000000
 Frame Number                     35
 Coordinate File             liquid-e000-v075.arc

 Instantaneous Values for Frame Saved at     18000 Dynamics Steps

 Current Time                36.00000000 Picosecond
 Current Potential        -7941.35818668 Kcal/mole
 Current Kinetic           2423.98511204 Kcal/mole
 Lattice Lengths           30.01210022     30.01210022     30.01210022
 Lattice Angles            90.00000000     90.00000000     90.00000000
 Frame Number                     36
 Coordinate File             liquid-e000-v075.arc

 Instantaneous Values for Frame Saved at     18500 Dynamics Steps

 Current Time                37.00000000 Picosecond
 Current Potential        -8000.61046656 Kcal/mole
 Current Kinetic           2375.12964025 Kcal/mole
 Lattice Lengths           30.07135773     30.07135773     30.07135773
 Lattice Angles            90.00000000     90.00000000     90.00000000
 Frame Number                     37
 Coordinate File             liquid-e000-v075.arc

 Instantaneous Values for Frame Saved at     19000 Dynamics Steps

 Current Time                38.00000000 Picosecond
 Current Potential        -7967.56177460 Kcal/mole
 Current Kinetic           2422.48019884 Kcal/mole
 Lattice Lengths           30.11305809     30.11305809     30.11305809
 Lattice Angles            90.00000000     90.00000000     90.00000000
 Frame Number                     38
 Coordinate File             liquid-e000-v075.arc

 Instantaneous Values for Frame Saved at     19500 Dynamics Steps

 Current Time                39.00000000 Picosecond
 Current Potential        -8024.23205704 Kcal/mole
 Current Kinetic           2451.08117241 Kcal/mole
 Lattice Lengths           30.08695602     30.08695602     30.08695602
 Lattice Angles            90.00000000     90.00000000     90.00000000
 Frame Number                     39
 Coordinate File             liquid-e000-v075.arc

 Instantaneous Values for Frame Saved at     20000 Dynamics Steps

 Current Time                40.00000000 Picosecond
 Current Potential        -7851.40144858 Kcal/mole
 Current Kinetic           2384.55566785 Kcal/mole
 Lattice Lengths           30.10803795     30.10803795     30.10803795
 Lattice Angles            90.00000000     90.00000000     90.00000000
 Frame Number                     40
 Coordinate File             liquid-e000-v075.arc

 Instantaneous Values for Frame Saved at     20500 Dynamics Steps

 Current Time                41.00000000 Picosecond
 Current Potential        -8013.33126585 Kcal/mole
 Current Kinetic           2409.50433912 Kcal/mole
 Lattice Lengths           30.05462456     30.05462456     30.05462456
 Lattice Angles            90.00000000     90.00000000     90.00000000
 Frame Number                     41
 Coordinate File             liquid-e000-v075.arc

 Instantaneous Values for Frame Saved at     21000 Dynamics Steps

 Current Time                42.00000000 Picosecond
 Current Potential        -7981.31073301 Kcal/mole
 Current Kinetic           2400.55138041 Kcal/mole
 Lattice Lengths           30.10914612     30.10914612     30.10914612
 Lattice Angles            90.00000000     90.00000000     90.00000000
 Frame Number                     42
 Coordinate File             liquid-e000-v075.arc

 Instantaneous Values for Frame Saved at     21500 Dynamics Steps

 Current Time                43.00000000 Picosecond
 Current Potential        -7954.63941371 Kcal/mole
 Current Kinetic           2435.10972625 Kcal/mole
 Lattice Lengths           30.13369560     30.13369560     30.13369560
 Lattice Angles            90.00000000     90.00000000     90.00000000
 Frame Number                     43
 Coordinate File             liquid-e000-v075.arc

 Instantaneous Values for Frame Saved at     22000 Dynamics Steps

 Current Time                44.00000000 Picosecond
 Current Potential        -8021.01318174 Kcal/mole
 Current Kinetic           2416.12597780 Kcal/mole
 Lattice Lengths           30.07717133     30.07717133     30.07717133
 Lattice Angles            90.00000000     90.00000000     90.00000000
 Frame Number                     44
 Coordinate File             liquid-e000-v075.arc

 Instantaneous Values for Frame Saved at     22500 Dynamics Steps

 Current Time                45.00000000 Picosecond
 Current Potential        -7963.16835490 Kcal/mole
 Current Kinetic           2396.72536571 Kcal/mole
 Lattice Lengths           30.09169769     30.09169769     30.09169769
 Lattice Angles            90.00000000     90.00000000     90.00000000
 Frame Number                     45
 Coordinate File             liquid-e000-v075.arc

 Instantaneous Values for Frame Saved at     23000 Dynamics Steps

 Current Time                46.00000000 Picosecond
 Current Potential        -8112.41351286 Kcal/mole
 Current Kinetic           2415.18222844 Kcal/mole
 Lattice Lengths           30.13343620     30.13343620     30.13343620
 Lattice Angles            90.00000000     90.00000000     90.00000000
 Frame Number                     46
 Coordinate File             liquid-e000-v075.arc

 Instantaneous Values for Frame Saved at     23500 Dynamics Steps

 Current Time                47.00000000 Picosecond
 Current Potential        -8030.08564482 Kcal/mole
 Current Kinetic           2392.35296017 Kcal/mole
 Lattice Lengths           30.09774590     30.09774590     30.09774590
 Lattice Angles            90.00000000     90.00000000     90.00000000
 Frame Number                     47
 Coordinate File             liquid-e000-v075.arc

 Instantaneous Values for Frame Saved at     24000 Dynamics Steps

 Current Time                48.00000000 Picosecond
 Current Potential        -7999.78167436 Kcal/mole
 Current Kinetic           2402.59480349 Kcal/mole
 Lattice Lengths           29.91545677     29.91545677     29.91545677
 Lattice Angles            90.00000000     90.00000000     90.00000000
 Frame Number                     48
 Coordinate File             liquid-e000-v075.arc

 Instantaneous Values for Frame Saved at     24500 Dynamics Steps

 Current Time                49.00000000 Picosecond
 Current Potential        -7985.92033950 Kcal/mole
 Current Kinetic           2454.56092054 Kcal/mole
 Lattice Lengths           29.97146416     29.97146416     29.97146416
 Lattice Angles            90.00000000     90.00000000     90.00000000
 Frame Number                     49
 Coordinate File             liquid-e000-v075.arc

 Instantaneous Values for Frame Saved at     25000 Dynamics Steps

 Current Time                50.00000000 Picosecond
 Current Potential        -7944.52167916 Kcal/mole
 Current Kinetic           2454.27405009 Kcal/mole
 Lattice Lengths           29.87473869     29.87473869     29.87473869
 Lattice Angles            90.00000000     90.00000000     90.00000000
 Frame Number                     50
 Coordinate File             liquid-e000-v075.arc

 Instantaneous Values for Frame Saved at     25500 Dynamics Steps

 Current Time                51.00000000 Picosecond
 Current Potential        -8023.47072992 Kcal/mole
 Current Kinetic           2406.05455634 Kcal/mole
 Lattice Lengths           29.92679214     29.92679214     29.92679214
 Lattice Angles            90.00000000     90.00000000     90.00000000
 Frame Number                     51
 Coordinate File             liquid-e000-v075.arc

 Instantaneous Values for Frame Saved at     26000 Dynamics Steps

 Current Time                52.00000000 Picosecond
 Current Potential        -7885.88353020 Kcal/mole
 Current Kinetic           2426.74956804 Kcal/mole
 Lattice Lengths           29.90728188     29.90728188     29.90728188
 Lattice Angles            90.00000000     90.00000000     90.00000000
 Frame Number                     52
 Coordinate File             liquid-e000-v075.arc

 Instantaneous Values for Frame Saved at     26500 Dynamics Steps

 Current Time                53.00000000 Picosecond
 Current Potential        -7934.19503541 Kcal/mole
 Current Kinetic           2363.95707161 Kcal/mole
 Lattice Lengths           29.82576561     29.82576561     29.82576561
 Lattice Angles            90.00000000     90.00000000     90.00000000
 Frame Number                     53
 Coordinate File             liquid-e000-v075.arc

 Instantaneous Values for Frame Saved at     27000 Dynamics Steps

 Current Time                54.00000000 Picosecond
 Current Potential        -7976.51615161 Kcal/mole
 Current Kinetic           2400.31548379 Kcal/mole
 Lattice Lengths           29.76846504     29.76846504     29.76846504
 Lattice Angles            90.00000000     90.00000000     90.00000000
 Frame Number                     54
 Coordinate File             liquid-e000-v075.arc

 Instantaneous Values for Frame Saved at     27500 Dynamics Steps

 Current Time                55.00000000 Picosecond
 Current Potential        -7939.72400971 Kcal/mole
 Current Kinetic           2448.15490600 Kcal/mole
 Lattice Lengths           29.69338799     29.69338799     29.69338799
 Lattice Angles            90.00000000     90.00000000     90.00000000
 Frame Number                     55
 Coordinate File             liquid-e000-v075.arc

 Instantaneous Values for Frame Saved at     28000 Dynamics Steps

 Current Time                56.00000000 Picosecond
 Current Potential        -7963.19545576 Kcal/mole
 Current Kinetic           2375.34906393 Kcal/mole
 Lattice Lengths           29.88475227     29.88475227     29.88475227
 Lattice Angles            90.00000000     90.00000000     90.00000000
 Frame Number                     56
 Coordinate File             liquid-e000-v075.arc

 Instantaneous Values for Frame Saved at     28500 Dynamics Steps

 Current Time                57.00000000 Picosecond
 Current Potential        -7989.74868785 Kcal/mole
 Current Kinetic           2366.79071531 Kcal/mole
 Lattice Lengths           29.83636284     29.83636284     29.83636284
 Lattice Angles            90.00000000     90.00000000     90.00000000
 Frame Number                     57
 Coordinate File             liquid-e000-v075.arc

 Instantaneous Values for Frame Saved at     29000 Dynamics Steps

 Current Time                58.00000000 Picosecond
 Current Potential        -7989.72124902 Kcal/mole
 Current Kinetic           2428.66104824 Kcal/mole
 Lattice Lengths           29.81149673     29.81149673     29.81149673
 Lattice Angles            90.00000000     90.00000000     90.00000000
 Frame Number                     58
 Coordinate File             liquid-e000-v075.arc

 Instantaneous Values for Frame Saved at     29500 Dynamics Steps

 Current Time                59.00000000 Picosecond
 Current Potential        -8009.82897764 Kcal/mole
 Current Kinetic           2380.58828697 Kcal/mole
 Lattice Lengths           29.95874023     29.95874023     29.95874023
 Lattice Angles            90.00000000     90.00000000     90.00000000
 Frame Number                     59
 Coordinate File             liquid-e000-v075.arc

 Instantaneous Values for Frame Saved at     30000 Dynamics Steps

 Current Time                60.00000000 Picosecond
 Current Potential        -8044.22666943 Kcal/mole
 Current Kinetic           2402.45766392 Kcal/mole
 Lattice Lengths           29.89687157     29.89687157     29.89687157
 Lattice Angles            90.00000000     90.00000000     90.00000000
 Frame Number                     60
 Coordinate File             liquid-e000-v075.arc

 Instantaneous Values for Frame Saved at     30500 Dynamics Steps

 Current Time                61.00000000 Picosecond
 Current Potential        -7904.84322321 Kcal/mole
 Current Kinetic           2351.02410454 Kcal/mole
 Lattice Lengths           29.97475433     29.97475433     29.97475433
 Lattice Angles            90.00000000     90.00000000     90.00000000
 Frame Number                     61
 Coordinate File             liquid-e000-v075.arc

 Instantaneous Values for Frame Saved at     31000 Dynamics Steps

 Current Time                62.00000000 Picosecond
 Current Potential        -8008.16764717 Kcal/mole
 Current Kinetic           2434.78843610 Kcal/mole
 Lattice Lengths           30.02984619     30.02984619     30.02984619
 Lattice Angles            90.00000000     90.00000000     90.00000000
 Frame Number                     62
 Coordinate File             liquid-e000-v075.arc

 Instantaneous Values for Frame Saved at     31500 Dynamics Steps

 Current Time                63.00000000 Picosecond
 Current Potential        -7966.60784130 Kcal/mole
 Current Kinetic           2360.07719725 Kcal/mole
 Lattice Lengths           30.09751129     30.09751129     30.09751129
 Lattice Angles            90.00000000     90.00000000     90.00000000
 Frame Number                     63
 Coordinate File             liquid-e000-v075.arc

 Instantaneous Values for Frame Saved at     32000 Dynamics Steps

 Current Time                64.00000000 Picosecond
 Current Potential        -8018.97389714 Kcal/mole
 Current Kinetic           2415.69245517 Kcal/mole
 Lattice Lengths           30.09267998     30.09267998     30.09267998
 Lattice Angles            90.00000000     90.00000000     90.00000000
 Frame Number                     64
 Coordinate File             liquid-e000-v075.arc

 Instantaneous Values for Frame Saved at     32500 Dynamics Steps

 Current Time                65.00000000 Picosecond
 Current Potential        -8011.44564536 Kcal/mole
 Current Kinetic           2426.94824959 Kcal/mole
 Lattice Lengths           30.08286095     30.08286095     30.08286095
 Lattice Angles            90.00000000     90.00000000     90.00000000
 Frame Number                     65
 Coordinate File             liquid-e000-v075.arc

 Instantaneous Values for Frame Saved at     33000 Dynamics Steps

 Current Time                66.00000000 Picosecond
 Current Potential        -8027.66255546 Kcal/mole
 Current Kinetic           2388.92741562 Kcal/mole
 Lattice Lengths           30.05632019     30.05632019     30.05632019
 Lattice Angles            90.00000000     90.00000000     90.00000000
 Frame Number                     66
 Coordinate File             liquid-e000-v075.arc

 Instantaneous Values for Frame Saved at     33500 Dynamics Steps

 Current Time                67.00000000 Picosecond
 Current Potential        -8029.16715342 Kcal/mole
 Current Kinetic           2354.35726025 Kcal/mole
 Lattice Lengths           30.08045387     30.08045387     30.08045387
 Lattice Angles            90.00000000     90.00000000     90.00000000
 Frame Number                     67
 Coordinate File             liquid-e000-v075.arc

 Instantaneous Values for Frame Saved at     34000 Dynamics Steps

 Current Time                68.00000000 Picosecond
 Current Potential        -8152.75796057 Kcal/mole
 Current Kinetic           2367.83028296 Kcal/mole
 Lattice Lengths           30.03123856     30.03123856     30.03123856
 Lattice Angles            90.00000000     90.00000000     90.00000000
 Frame Number                     68
 Coordinate File             liquid-e000-v075.arc

 Instantaneous Values for Frame Saved at     34500 Dynamics Steps

 Current Time                69.00000000 Picosecond
 Current Potential        -8159.98242549 Kcal/mole
 Current Kinetic           2381.70741627 Kcal/mole
 Lattice Lengths           30.00656700     30.00656700     30.00656700
 Lattice Angles            90.00000000     90.00000000     90.00000000
 Frame Number                     69
 Coordinate File             liquid-e000-v075.arc

 Instantaneous Values for Frame Saved at     35000 Dynamics Steps

 Current Time                70.00000000 Picosecond
 Current Potential        -8128.10542419 Kcal/mole
 Current Kinetic           2371.78360929 Kcal/mole
 Lattice Lengths           29.96326065     29.96326065     29.96326065
 Lattice Angles            90.00000000     90.00000000     90.00000000
 Frame Number                     70
 Coordinate File             liquid-e000-v075.arc

 Instantaneous Values for Frame Saved at     35500 Dynamics Steps

 Current Time                71.00000000 Picosecond
 Current Potential        -8154.35311104 Kcal/mole
 Current Kinetic           2435.24243091 Kcal/mole
 Lattice Lengths           30.00974083     30.00974083     30.00974083
 Lattice Angles            90.00000000     90.00000000     90.00000000
 Frame Number                     71
 Coordinate File             liquid-e000-v075.arc

 Instantaneous Values for Frame Saved at     36000 Dynamics Steps

 Current Time                72.00000000 Picosecond
 Current Potential        -8206.25474602 Kcal/mole
 Current Kinetic           2397.51882172 Kcal/mole
 Lattice Lengths           30.03278923     30.03278923     30.03278923
 Lattice Angles            90.00000000     90.00000000     90.00000000
 Frame Number                     72
 Coordinate File             liquid-e000-v075.arc

 Instantaneous Values for Frame Saved at     36500 Dynamics Steps

 Current Time                73.00000000 Picosecond
 Current Potential        -8062.06899074 Kcal/mole
 Current Kinetic           2388.21260441 Kcal/mole
 Lattice Lengths           30.11403465     30.11403465     30.11403465
 Lattice Angles            90.00000000     90.00000000     90.00000000
 Frame Number                     73
 Coordinate File             liquid-e000-v075.arc

 Instantaneous Values for Frame Saved at     37000 Dynamics Steps

 Current Time                74.00000000 Picosecond
 Current Potential        -8097.93775436 Kcal/mole
 Current Kinetic           2431.11051339 Kcal/mole
 Lattice Lengths           30.16312599     30.16312599     30.16312599
 Lattice Angles            90.00000000     90.00000000     90.00000000
 Frame Number                     74
 Coordinate File             liquid-e000-v075.arc

 Instantaneous Values for Frame Saved at     37500 Dynamics Steps

 Current Time                75.00000000 Picosecond
 Current Potential        -8068.02050767 Kcal/mole
 Current Kinetic           2382.38714932 Kcal/mole
 Lattice Lengths           30.13397598     30.13397598     30.13397598
 Lattice Angles            90.00000000     90.00000000     90.00000000
 Frame Number                     75
 Coordinate File             liquid-e000-v075.arc

 Instantaneous Values for Frame Saved at     38000 Dynamics Steps

 Current Time                76.00000000 Picosecond
 Current Potential        -8047.51367653 Kcal/mole
 Current Kinetic           2422.03538712 Kcal/mole
 Lattice Lengths           30.08872032     30.08872032     30.08872032
 Lattice Angles            90.00000000     90.00000000     90.00000000
 Frame Number                     76
 Coordinate File             liquid-e000-v075.arc

 Instantaneous Values for Frame Saved at     38500 Dynamics Steps

 Current Time                77.00000000 Picosecond
 Current Potential        -8068.42426762 Kcal/mole
 Current Kinetic           2476.30207155 Kcal/mole
 Lattice Lengths           30.02605247     30.02605247     30.02605247
 Lattice Angles            90.00000000     90.00000000     90.00000000
 Frame Number                     77
 Coordinate File             liquid-e000-v075.arc

 Instantaneous Values for Frame Saved at     39000 Dynamics Steps

 Current Time                78.00000000 Picosecond
 Current Potential        -7993.23609306 Kcal/mole
 Current Kinetic           2418.07084450 Kcal/mole
 Lattice Lengths           29.95575333     29.95575333     29.95575333
 Lattice Angles            90.00000000     90.00000000     90.00000000
 Frame Number                     78
 Coordinate File             liquid-e000-v075.arc

 Instantaneous Values for Frame Saved at     39500 Dynamics Steps

 Current Time                79.00000000 Picosecond
 Current Potential        -8030.46045727 Kcal/mole
 Current Kinetic           2403.46635114 Kcal/mole
 Lattice Lengths           29.84883690     29.84883690     29.84883690
 Lattice Angles            90.00000000     90.00000000     90.00000000
 Frame Number                     79
 Coordinate File             liquid-e000-v075.arc

 Instantaneous Values for Frame Saved at     40000 Dynamics Steps

 Current Time                80.00000000 Picosecond
 Current Potential        -7980.85725713 Kcal/mole
 Current Kinetic           2383.16023960 Kcal/mole
 Lattice Lengths           29.87921333     29.87921333     29.87921333
 Lattice Angles            90.00000000     90.00000000     90.00000000
 Frame Number                     80
 Coordinate File             liquid-e000-v075.arc

 Instantaneous Values for Frame Saved at     40500 Dynamics Steps

 Current Time                81.00000000 Picosecond
 Current Potential        -7949.93575047 Kcal/mole
 Current Kinetic           2403.09968799 Kcal/mole
 Lattice Lengths           29.87962532     29.87962532     29.87962532
 Lattice Angles            90.00000000     90.00000000     90.00000000
 Frame Number                     81
 Coordinate File             liquid-e000-v075.arc

 Instantaneous Values for Frame Saved at     41000 Dynamics Steps

 Current Time                82.00000000 Picosecond
 Current Potential        -8118.88582250 Kcal/mole
 Current Kinetic           2400.37603760 Kcal/mole
 Lattice Lengths           29.92056465     29.92056465     29.92056465
 Lattice Angles            90.00000000     90.00000000     90.00000000
 Frame Number                     82
 Coordinate File             liquid-e000-v075.arc

 Instantaneous Values for Frame Saved at     41500 Dynamics Steps

 Current Time                83.00000000 Picosecond
 Current Potential        -8071.30201449 Kcal/mole
 Current Kinetic           2373.89398634 Kcal/mole
 Lattice Lengths           29.93306160     29.93306160     29.93306160
 Lattice Angles            90.00000000     90.00000000     90.00000000
 Frame Number                     83
 Coordinate File             liquid-e000-v075.arc

 Instantaneous Values for Frame Saved at     42000 Dynamics Steps

 Current Time                84.00000000 Picosecond
 Current Potential        -8066.33360775 Kcal/mole
 Current Kinetic           2354.81798640 Kcal/mole
 Lattice Lengths           29.92958641     29.92958641     29.92958641
 Lattice Angles            90.00000000     90.00000000     90.00000000
 Frame Number                     84
 Coordinate File             liquid-e000-v075.arc

 Instantaneous Values for Frame Saved at     42500 Dynamics Steps

 Current Time                85.00000000 Picosecond
 Current Potential        -7934.96055754 Kcal/mole
 Current Kinetic           2433.15765940 Kcal/mole
 Lattice Lengths           29.88861656     29.88861656     29.88861656
 Lattice Angles            90.00000000     90.00000000     90.00000000
 Frame Number                     85
 Coordinate File             liquid-e000-v075.arc

 Instantaneous Values for Frame Saved at     43000 Dynamics Steps

 Current Time                86.00000000 Picosecond
 Current Potential        -8006.56528980 Kcal/mole
 Current Kinetic           2416.36166827 Kcal/mole
 Lattice Lengths           29.95209694     29.95209694     29.95209694
 Lattice Angles            90.00000000     90.00000000     90.00000000
 Frame Number                     86
 Coordinate File             liquid-e000-v075.arc

 Instantaneous Values for Frame Saved at     43500 Dynamics Steps

 Current Time                87.00000000 Picosecond
 Current Potential        -7961.37142919 Kcal/mole
 Current Kinetic           2418.86770528 Kcal/mole
 Lattice Lengths           29.89469337     29.89469337     29.89469337
 Lattice Angles            90.00000000     90.00000000     90.00000000
 Frame Number                     87
 Coordinate File             liquid-e000-v075.arc

 Instantaneous Values for Frame Saved at     44000 Dynamics Steps

 Current Time                88.00000000 Picosecond
 Current Potential        -7936.41235507 Kcal/mole
 Current Kinetic           2427.80737309 Kcal/mole
 Lattice Lengths           30.00216103     30.00216103     30.00216103
 Lattice Angles            90.00000000     90.00000000     90.00000000
 Frame Number                     88
 Coordinate File             liquid-e000-v075.arc

 Instantaneous Values for Frame Saved at     44500 Dynamics Steps

 Current Time                89.00000000 Picosecond
 Current Potential        -7989.91955794 Kcal/mole
 Current Kinetic           2385.01252322 Kcal/mole
 Lattice Lengths           30.02964020     30.02964020     30.02964020
 Lattice Angles            90.00000000     90.00000000     90.00000000
 Frame Number                     89
 Coordinate File             liquid-e000-v075.arc

 Instantaneous Values for Frame Saved at     45000 Dynamics Steps

 Current Time                90.00000000 Picosecond
 Current Potential        -7998.79130790 Kcal/mole
 Current Kinetic           2421.23074176 Kcal/mole
 Lattice Lengths           30.00034332     30.00034332     30.00034332
 Lattice Angles            90.00000000     90.00000000     90.00000000
 Frame Number                     90
 Coordinate File             liquid-e000-v075.arc

 Instantaneous Values for Frame Saved at     45500 Dynamics Steps

 Current Time                91.00000000 Picosecond
 Current Potential        -7910.77460699 Kcal/mole
 Current Kinetic           2402.21321589 Kcal/mole
 Lattice Lengths           30.02848816     30.02848816     30.02848816
 Lattice Angles            90.00000000     90.00000000     90.00000000
 Frame Number                     91
 Coordinate File             liquid-e000-v075.arc

 Instantaneous Values for Frame Saved at     46000 Dynamics Steps

 Current Time                92.00000000 Picosecond
 Current Potential        -7964.64818710 Kcal/mole
 Current Kinetic           2428.49955962 Kcal/mole
 Lattice Lengths           30.02991295     30.02991295     30.02991295
 Lattice Angles            90.00000000     90.00000000     90.00000000
 Frame Number                     92
 Coordinate File             liquid-e000-v075.arc

 Instantaneous Values for Frame Saved at     46500 Dynamics Steps

 Current Time                93.00000000 Picosecond
 Current Potential        -8020.82815656 Kcal/mole
 Current Kinetic           2455.35521637 Kcal/mole
 Lattice Lengths           29.96348381     29.96348381     29.96348381
 Lattice Angles            90.00000000     90.00000000     90.00000000
 Frame Number                     93
 Coordinate File             liquid-e000-v075.arc

 Instantaneous Values for Frame Saved at     47000 Dynamics Steps

 Current Time                94.00000000 Picosecond
 Current Potential        -8008.00415492 Kcal/mole
 Current Kinetic           2428.04517658 Kcal/mole
 Lattice Lengths           29.91548157     29.91548157     29.91548157
 Lattice Angles            90.00000000     90.00000000     90.00000000
 Frame Number                     94
 Coordinate File             liquid-e000-v075.arc

 Instantaneous Values for Frame Saved at     47500 Dynamics Steps

 Current Time                95.00000000 Picosecond
 Current Potential        -8095.88990880 Kcal/mole
 Current Kinetic           2450.77449451 Kcal/mole
 Lattice Lengths           29.96661377     29.96661377     29.96661377
 Lattice Angles            90.00000000     90.00000000     90.00000000
 Frame Number                     95
 Coordinate File             liquid-e000-v075.arc

 Instantaneous Values for Frame Saved at     48000 Dynamics Steps

 Current Time                96.00000000 Picosecond
 Current Potential        -8082.04544502 Kcal/mole
 Current Kinetic           2368.75217782 Kcal/mole
 Lattice Lengths           29.98312950     29.98312950     29.98312950
 Lattice Angles            90.00000000     90.00000000     90.00000000
 Frame Number                     96
 Coordinate File             liquid-e000-v075.arc

 Instantaneous Values for Frame Saved at     48500 Dynamics Steps

 Current Time                97.00000000 Picosecond
 Current Potential        -8186.18324473 Kcal/mole
 Current Kinetic           2382.48398215 Kcal/mole
 Lattice Lengths           29.99205971     29.99205971     29.99205971
 Lattice Angles            90.00000000     90.00000000     90.00000000
 Frame Number                     97
 Coordinate File             liquid-e000-v075.arc

 Instantaneous Values for Frame Saved at     49000 Dynamics Steps

 Current Time                98.00000000 Picosecond
 Current Potential        -8085.05393610 Kcal/mole
 Current Kinetic           2390.12467535 Kcal/mole
 Lattice Lengths           29.98259735     29.98259735     29.98259735
 Lattice Angles            90.00000000     90.00000000     90.00000000
 Frame Number                     98
 Coordinate File             liquid-e000-v075.arc

 Instantaneous Values for Frame Saved at     49500 Dynamics Steps

 Current Time                99.00000000 Picosecond
 Current Potential        -8052.54587204 Kcal/mole
 Current Kinetic           2399.14112044 Kcal/mole
 Lattice Lengths           30.05792236     30.05792236     30.05792236
 Lattice Angles            90.00000000     90.00000000     90.00000000
 Frame Number                     99
 Coordinate File             liquid-e000-v075.arc

 Instantaneous Values for Frame Saved at     50000 Dynamics Steps

 Current Time               100.00000000 Picosecond
 Current Potential        -8018.21182141 Kcal/mole
 Current Kinetic           2362.89791944 Kcal/mole
 Lattice Lengths           30.07425880     30.07425880     30.07425880
 Lattice Angles            90.00000000     90.00000000     90.00000000
 Frame Number                    100
 Coordinate File             liquid-e000-v075.arc

 Performance:  ns/day              43.0989
               Wall Time          200.4694
               Steps                 50000
               Updates                 100
               Time Step            2.0000
               Atoms                  2695
