
     ######################################################################    
   ##########################################################################  
  ###                                                                      ### 
 ###            Tinker9  --  Software Tools for Molecular Design            ###
 ##                                                                          ##
 ##                      Version 1.0.0-rc  January 2021                      ##
 ##                                                                          ##
 ##                 Copyright (c)  Zhi Wang & the Ponder Lab                 ##
 ###                           All Rights Reserved                          ###
  ###                                                                      ### 
   ##########################################################################  
     ######################################################################    

 Compiled at:  16:31:56  Sep 10 2021
 Commit Date:  Mon Aug 16 01:28:23 2021 -0500
 Commit:       b78a5351


 Initial Processing for Trajectory A :

 Primary GPU package :  CUDA

 GPU Device :  Setting Device ID to 0 from GPU utilization
       Completed     100 Coordinate Frames
 Primary GPU package :  CUDA

 Initial Processing for Trajectory B :

 Primary GPU package :  CUDA
       Completed     100 Coordinate Frames

 Free Energy Perturbation :          1.000 Lambda for Torsional Angles
 Free Energy Perturbation :          1.000 Lambda for van der Waals
 Free Energy Perturbation :          0.900 Lambda for Electrostatics

 Free Energy Perturbation :          1.000 Lambda for Torsional Angles
 Free Energy Perturbation :          1.000 Lambda for van der Waals
 Free Energy Perturbation :          1.000 Lambda for Electrostatics
 Primary GPU package :  CUDA

 Potential Energy Values Written To :  liquid-e090-v100.bar
