
     ######################################################################    
   ##########################################################################  
  ###                                                                      ### 
 ###            Tinker9  --  Software Tools for Molecular Design            ###
 ##                                                                          ##
 ##                      Version 1.0.0-rc  January 2021                      ##
 ##                                                                          ##
 ##                 Copyright (c)  Zhi Wang & the Ponder Lab                 ##
 ###                           All Rights Reserved                          ###
  ###                                                                      ### 
   ##########################################################################  
     ######################################################################    

 Compiled at:  16:31:56  Sep 10 2021
 Commit Date:  Mon Aug 16 01:28:23 2021 -0500
 Commit:       b78a5351

 Primary GPU package :  CUDA

 GPU Device :  Setting Device ID to 0 from GPU utilization
 Molecular Dynamics Trajectory via r-RESPA MTS Algorithm

 Free Energy Perturbation :          1.000 Lambda for Torsional Angles
 Free Energy Perturbation :          1.000 Lambda for van der Waals
 Free Energy Perturbation :          0.200 Lambda for Electrostatics

 Instantaneous Values for Frame Saved at       500 Dynamics Steps

 Current Time                 1.00000000 Picosecond
 Current Potential        -6551.69552416 Kcal/mole
 Current Kinetic           2740.95423768 Kcal/mole
 Lattice Lengths           30.40394592     30.40394592     30.40394592
 Lattice Angles            90.00000000     90.00000000     90.00000000
 Frame Number                      1
 Coordinate File             liquid-e020-v100.arc

 Instantaneous Values for Frame Saved at      1000 Dynamics Steps

 Current Time                 2.00000000 Picosecond
 Current Potential        -7171.48296767 Kcal/mole
 Current Kinetic           2472.25309906 Kcal/mole
 Lattice Lengths           30.48110008     30.48110008     30.48110008
 Lattice Angles            90.00000000     90.00000000     90.00000000
 Frame Number                      2
 Coordinate File             liquid-e020-v100.arc

 Instantaneous Values for Frame Saved at      1500 Dynamics Steps

 Current Time                 3.00000000 Picosecond
 Current Potential        -7297.82945775 Kcal/mole
 Current Kinetic           2429.52258769 Kcal/mole
 Lattice Lengths           30.48686218     30.48686218     30.48686218
 Lattice Angles            90.00000000     90.00000000     90.00000000
 Frame Number                      3
 Coordinate File             liquid-e020-v100.arc

 Instantaneous Values for Frame Saved at      2000 Dynamics Steps

 Current Time                 4.00000000 Picosecond
 Current Potential        -7430.14829954 Kcal/mole
 Current Kinetic           2364.26744514 Kcal/mole
 Lattice Lengths           30.45042038     30.45042038     30.45042038
 Lattice Angles            90.00000000     90.00000000     90.00000000
 Frame Number                      4
 Coordinate File             liquid-e020-v100.arc

 Instantaneous Values for Frame Saved at      2500 Dynamics Steps

 Current Time                 5.00000000 Picosecond
 Current Potential        -7609.27151377 Kcal/mole
 Current Kinetic           2340.66158714 Kcal/mole
 Lattice Lengths           30.38960075     30.38960075     30.38960075
 Lattice Angles            90.00000000     90.00000000     90.00000000
 Frame Number                      5
 Coordinate File             liquid-e020-v100.arc

 Instantaneous Values for Frame Saved at      3000 Dynamics Steps

 Current Time                 6.00000000 Picosecond
 Current Potential        -7585.73403491 Kcal/mole
 Current Kinetic           2426.71238772 Kcal/mole
 Lattice Lengths           30.36389732     30.36389732     30.36389732
 Lattice Angles            90.00000000     90.00000000     90.00000000
 Frame Number                      6
 Coordinate File             liquid-e020-v100.arc

 Instantaneous Values for Frame Saved at      3500 Dynamics Steps

 Current Time                 7.00000000 Picosecond
 Current Potential        -7668.98988207 Kcal/mole
 Current Kinetic           2355.00974467 Kcal/mole
 Lattice Lengths           30.29692078     30.29692078     30.29692078
 Lattice Angles            90.00000000     90.00000000     90.00000000
 Frame Number                      7
 Coordinate File             liquid-e020-v100.arc

 Instantaneous Values for Frame Saved at      4000 Dynamics Steps

 Current Time                 8.00000000 Picosecond
 Current Potential        -7785.90413036 Kcal/mole
 Current Kinetic           2453.87864426 Kcal/mole
 Lattice Lengths           30.26700974     30.26700974     30.26700974
 Lattice Angles            90.00000000     90.00000000     90.00000000
 Frame Number                      8
 Coordinate File             liquid-e020-v100.arc

 Instantaneous Values for Frame Saved at      4500 Dynamics Steps

 Current Time                 9.00000000 Picosecond
 Current Potential        -7694.01111215 Kcal/mole
 Current Kinetic           2493.35837063 Kcal/mole
 Lattice Lengths           30.23448563     30.23448563     30.23448563
 Lattice Angles            90.00000000     90.00000000     90.00000000
 Frame Number                      9
 Coordinate File             liquid-e020-v100.arc

 Instantaneous Values for Frame Saved at      5000 Dynamics Steps

 Current Time                10.00000000 Picosecond
 Current Potential        -7709.19867949 Kcal/mole
 Current Kinetic           2427.16615271 Kcal/mole
 Lattice Lengths           30.21199417     30.21199417     30.21199417
 Lattice Angles            90.00000000     90.00000000     90.00000000
 Frame Number                     10
 Coordinate File             liquid-e020-v100.arc

 Instantaneous Values for Frame Saved at      5500 Dynamics Steps

 Current Time                11.00000000 Picosecond
 Current Potential        -7772.83662773 Kcal/mole
 Current Kinetic           2435.30537164 Kcal/mole
 Lattice Lengths           30.20054626     30.20054626     30.20054626
 Lattice Angles            90.00000000     90.00000000     90.00000000
 Frame Number                     11
 Coordinate File             liquid-e020-v100.arc

 Instantaneous Values for Frame Saved at      6000 Dynamics Steps

 Current Time                12.00000000 Picosecond
 Current Potential        -7796.20625596 Kcal/mole
 Current Kinetic           2428.79321335 Kcal/mole
 Lattice Lengths           30.17688179     30.17688179     30.17688179
 Lattice Angles            90.00000000     90.00000000     90.00000000
 Frame Number                     12
 Coordinate File             liquid-e020-v100.arc

 Instantaneous Values for Frame Saved at      6500 Dynamics Steps

 Current Time                13.00000000 Picosecond
 Current Potential        -7825.72867948 Kcal/mole
 Current Kinetic           2421.87189077 Kcal/mole
 Lattice Lengths           30.15213394     30.15213394     30.15213394
 Lattice Angles            90.00000000     90.00000000     90.00000000
 Frame Number                     13
 Coordinate File             liquid-e020-v100.arc

 Instantaneous Values for Frame Saved at      7000 Dynamics Steps

 Current Time                14.00000000 Picosecond
 Current Potential        -7929.76156157 Kcal/mole
 Current Kinetic           2416.67444986 Kcal/mole
 Lattice Lengths           30.14222145     30.14222145     30.14222145
 Lattice Angles            90.00000000     90.00000000     90.00000000
 Frame Number                     14
 Coordinate File             liquid-e020-v100.arc

 Instantaneous Values for Frame Saved at      7500 Dynamics Steps

 Current Time                15.00000000 Picosecond
 Current Potential        -7958.37900186 Kcal/mole
 Current Kinetic           2445.67766586 Kcal/mole
 Lattice Lengths           30.12216759     30.12216759     30.12216759
 Lattice Angles            90.00000000     90.00000000     90.00000000
 Frame Number                     15
 Coordinate File             liquid-e020-v100.arc

 Instantaneous Values for Frame Saved at      8000 Dynamics Steps

 Current Time                16.00000000 Picosecond
 Current Potential        -7838.10467328 Kcal/mole
 Current Kinetic           2403.08247671 Kcal/mole
 Lattice Lengths           30.11645317     30.11645317     30.11645317
 Lattice Angles            90.00000000     90.00000000     90.00000000
 Frame Number                     16
 Coordinate File             liquid-e020-v100.arc

 Instantaneous Values for Frame Saved at      8500 Dynamics Steps

 Current Time                17.00000000 Picosecond
 Current Potential        -7815.90400804 Kcal/mole
 Current Kinetic           2408.30199206 Kcal/mole
 Lattice Lengths           30.01870918     30.01870918     30.01870918
 Lattice Angles            90.00000000     90.00000000     90.00000000
 Frame Number                     17
 Coordinate File             liquid-e020-v100.arc

 Instantaneous Values for Frame Saved at      9000 Dynamics Steps

 Current Time                18.00000000 Picosecond
 Current Potential        -7948.41087219 Kcal/mole
 Current Kinetic           2418.23457873 Kcal/mole
 Lattice Lengths           29.98055840     29.98055840     29.98055840
 Lattice Angles            90.00000000     90.00000000     90.00000000
 Frame Number                     18
 Coordinate File             liquid-e020-v100.arc

 Instantaneous Values for Frame Saved at      9500 Dynamics Steps

 Current Time                19.00000000 Picosecond
 Current Potential        -7984.12442335 Kcal/mole
 Current Kinetic           2473.61868559 Kcal/mole
 Lattice Lengths           29.95848274     29.95848274     29.95848274
 Lattice Angles            90.00000000     90.00000000     90.00000000
 Frame Number                     19
 Coordinate File             liquid-e020-v100.arc

 Instantaneous Values for Frame Saved at     10000 Dynamics Steps

 Current Time                20.00000000 Picosecond
 Current Potential        -8009.97263438 Kcal/mole
 Current Kinetic           2381.62434340 Kcal/mole
 Lattice Lengths           29.97559357     29.97559357     29.97559357
 Lattice Angles            90.00000000     90.00000000     90.00000000
 Frame Number                     20
 Coordinate File             liquid-e020-v100.arc

 Instantaneous Values for Frame Saved at     10500 Dynamics Steps

 Current Time                21.00000000 Picosecond
 Current Potential        -7983.60204335 Kcal/mole
 Current Kinetic           2430.64781017 Kcal/mole
 Lattice Lengths           30.00099564     30.00099564     30.00099564
 Lattice Angles            90.00000000     90.00000000     90.00000000
 Frame Number                     21
 Coordinate File             liquid-e020-v100.arc

 Instantaneous Values for Frame Saved at     11000 Dynamics Steps

 Current Time                22.00000000 Picosecond
 Current Potential        -7865.56668249 Kcal/mole
 Current Kinetic           2378.77072799 Kcal/mole
 Lattice Lengths           29.96767426     29.96767426     29.96767426
 Lattice Angles            90.00000000     90.00000000     90.00000000
 Frame Number                     22
 Coordinate File             liquid-e020-v100.arc

 Instantaneous Values for Frame Saved at     11500 Dynamics Steps

 Current Time                23.00000000 Picosecond
 Current Potential        -7893.44712222 Kcal/mole
 Current Kinetic           2433.31718988 Kcal/mole
 Lattice Lengths           29.91386604     29.91386604     29.91386604
 Lattice Angles            90.00000000     90.00000000     90.00000000
 Frame Number                     23
 Coordinate File             liquid-e020-v100.arc

 Instantaneous Values for Frame Saved at     12000 Dynamics Steps

 Current Time                24.00000000 Picosecond
 Current Potential        -7973.55054893 Kcal/mole
 Current Kinetic           2369.55799815 Kcal/mole
 Lattice Lengths           29.90228653     29.90228653     29.90228653
 Lattice Angles            90.00000000     90.00000000     90.00000000
 Frame Number                     24
 Coordinate File             liquid-e020-v100.arc

 Instantaneous Values for Frame Saved at     12500 Dynamics Steps

 Current Time                25.00000000 Picosecond
 Current Potential        -7986.57219243 Kcal/mole
 Current Kinetic           2421.35285611 Kcal/mole
 Lattice Lengths           29.93864250     29.93864250     29.93864250
 Lattice Angles            90.00000000     90.00000000     90.00000000
 Frame Number                     25
 Coordinate File             liquid-e020-v100.arc

 Instantaneous Values for Frame Saved at     13000 Dynamics Steps

 Current Time                26.00000000 Picosecond
 Current Potential        -8010.85851296 Kcal/mole
 Current Kinetic           2401.14617057 Kcal/mole
 Lattice Lengths           29.90118980     29.90118980     29.90118980
 Lattice Angles            90.00000000     90.00000000     90.00000000
 Frame Number                     26
 Coordinate File             liquid-e020-v100.arc

 Instantaneous Values for Frame Saved at     13500 Dynamics Steps

 Current Time                27.00000000 Picosecond
 Current Potential        -8080.82130558 Kcal/mole
 Current Kinetic           2392.16542226 Kcal/mole
 Lattice Lengths           29.94866371     29.94866371     29.94866371
 Lattice Angles            90.00000000     90.00000000     90.00000000
 Frame Number                     27
 Coordinate File             liquid-e020-v100.arc

 Instantaneous Values for Frame Saved at     14000 Dynamics Steps

 Current Time                28.00000000 Picosecond
 Current Potential        -8037.99512838 Kcal/mole
 Current Kinetic           2460.99860951 Kcal/mole
 Lattice Lengths           29.95506477     29.95506477     29.95506477
 Lattice Angles            90.00000000     90.00000000     90.00000000
 Frame Number                     28
 Coordinate File             liquid-e020-v100.arc

 Instantaneous Values for Frame Saved at     14500 Dynamics Steps

 Current Time                29.00000000 Picosecond
 Current Potential        -7887.81527539 Kcal/mole
 Current Kinetic           2411.64504972 Kcal/mole
 Lattice Lengths           29.96051788     29.96051788     29.96051788
 Lattice Angles            90.00000000     90.00000000     90.00000000
 Frame Number                     29
 Coordinate File             liquid-e020-v100.arc

 Instantaneous Values for Frame Saved at     15000 Dynamics Steps

 Current Time                30.00000000 Picosecond
 Current Potential        -7976.21840119 Kcal/mole
 Current Kinetic           2433.32826168 Kcal/mole
 Lattice Lengths           29.95862389     29.95862389     29.95862389
 Lattice Angles            90.00000000     90.00000000     90.00000000
 Frame Number                     30
 Coordinate File             liquid-e020-v100.arc

 Instantaneous Values for Frame Saved at     15500 Dynamics Steps

 Current Time                31.00000000 Picosecond
 Current Potential        -7978.49010458 Kcal/mole
 Current Kinetic           2456.65242771 Kcal/mole
 Lattice Lengths           29.95462418     29.95462418     29.95462418
 Lattice Angles            90.00000000     90.00000000     90.00000000
 Frame Number                     31
 Coordinate File             liquid-e020-v100.arc

 Instantaneous Values for Frame Saved at     16000 Dynamics Steps

 Current Time                32.00000000 Picosecond
 Current Potential        -7994.49279007 Kcal/mole
 Current Kinetic           2421.51001704 Kcal/mole
 Lattice Lengths           29.96430779     29.96430779     29.96430779
 Lattice Angles            90.00000000     90.00000000     90.00000000
 Frame Number                     32
 Coordinate File             liquid-e020-v100.arc

 Instantaneous Values for Frame Saved at     16500 Dynamics Steps

 Current Time                33.00000000 Picosecond
 Current Potential        -8037.68688852 Kcal/mole
 Current Kinetic           2449.61442945 Kcal/mole
 Lattice Lengths           29.98637962     29.98637962     29.98637962
 Lattice Angles            90.00000000     90.00000000     90.00000000
 Frame Number                     33
 Coordinate File             liquid-e020-v100.arc

 Instantaneous Values for Frame Saved at     17000 Dynamics Steps

 Current Time                34.00000000 Picosecond
 Current Potential        -8071.84113911 Kcal/mole
 Current Kinetic           2381.47585186 Kcal/mole
 Lattice Lengths           29.94632339     29.94632339     29.94632339
 Lattice Angles            90.00000000     90.00000000     90.00000000
 Frame Number                     34
 Coordinate File             liquid-e020-v100.arc

 Instantaneous Values for Frame Saved at     17500 Dynamics Steps

 Current Time                35.00000000 Picosecond
 Current Potential        -8125.70086360 Kcal/mole
 Current Kinetic           2398.55568483 Kcal/mole
 Lattice Lengths           29.88914871     29.88914871     29.88914871
 Lattice Angles            90.00000000     90.00000000     90.00000000
 Frame Number                     35
 Coordinate File             liquid-e020-v100.arc

 Instantaneous Values for Frame Saved at     18000 Dynamics Steps

 Current Time                36.00000000 Picosecond
 Current Potential        -8052.11454602 Kcal/mole
 Current Kinetic           2382.62899032 Kcal/mole
 Lattice Lengths           29.92506790     29.92506790     29.92506790
 Lattice Angles            90.00000000     90.00000000     90.00000000
 Frame Number                     36
 Coordinate File             liquid-e020-v100.arc

 Instantaneous Values for Frame Saved at     18500 Dynamics Steps

 Current Time                37.00000000 Picosecond
 Current Potential        -8001.24036621 Kcal/mole
 Current Kinetic           2391.16079560 Kcal/mole
 Lattice Lengths           29.94290352     29.94290352     29.94290352
 Lattice Angles            90.00000000     90.00000000     90.00000000
 Frame Number                     37
 Coordinate File             liquid-e020-v100.arc

 Instantaneous Values for Frame Saved at     19000 Dynamics Steps

 Current Time                38.00000000 Picosecond
 Current Potential        -7997.66578527 Kcal/mole
 Current Kinetic           2418.26284413 Kcal/mole
 Lattice Lengths           29.96838188     29.96838188     29.96838188
 Lattice Angles            90.00000000     90.00000000     90.00000000
 Frame Number                     38
 Coordinate File             liquid-e020-v100.arc

 Instantaneous Values for Frame Saved at     19500 Dynamics Steps

 Current Time                39.00000000 Picosecond
 Current Potential        -8021.92607832 Kcal/mole
 Current Kinetic           2412.73474849 Kcal/mole
 Lattice Lengths           29.98084641     29.98084641     29.98084641
 Lattice Angles            90.00000000     90.00000000     90.00000000
 Frame Number                     39
 Coordinate File             liquid-e020-v100.arc

 Instantaneous Values for Frame Saved at     20000 Dynamics Steps

 Current Time                40.00000000 Picosecond
 Current Potential        -7938.00043899 Kcal/mole
 Current Kinetic           2356.82085129 Kcal/mole
 Lattice Lengths           29.96414757     29.96414757     29.96414757
 Lattice Angles            90.00000000     90.00000000     90.00000000
 Frame Number                     40
 Coordinate File             liquid-e020-v100.arc

 Instantaneous Values for Frame Saved at     20500 Dynamics Steps

 Current Time                41.00000000 Picosecond
 Current Potential        -8070.77596837 Kcal/mole
 Current Kinetic           2382.26247228 Kcal/mole
 Lattice Lengths           29.91667747     29.91667747     29.91667747
 Lattice Angles            90.00000000     90.00000000     90.00000000
 Frame Number                     41
 Coordinate File             liquid-e020-v100.arc

 Instantaneous Values for Frame Saved at     21000 Dynamics Steps

 Current Time                42.00000000 Picosecond
 Current Potential        -8062.80538328 Kcal/mole
 Current Kinetic           2363.72822468 Kcal/mole
 Lattice Lengths           29.91936684     29.91936684     29.91936684
 Lattice Angles            90.00000000     90.00000000     90.00000000
 Frame Number                     42
 Coordinate File             liquid-e020-v100.arc

 Instantaneous Values for Frame Saved at     21500 Dynamics Steps

 Current Time                43.00000000 Picosecond
 Current Potential        -7979.81340406 Kcal/mole
 Current Kinetic           2335.19297103 Kcal/mole
 Lattice Lengths           29.98117828     29.98117828     29.98117828
 Lattice Angles            90.00000000     90.00000000     90.00000000
 Frame Number                     43
 Coordinate File             liquid-e020-v100.arc

 Instantaneous Values for Frame Saved at     22000 Dynamics Steps

 Current Time                44.00000000 Picosecond
 Current Potential        -8010.31069170 Kcal/mole
 Current Kinetic           2414.65698005 Kcal/mole
 Lattice Lengths           29.97343063     29.97343063     29.97343063
 Lattice Angles            90.00000000     90.00000000     90.00000000
 Frame Number                     44
 Coordinate File             liquid-e020-v100.arc

 Instantaneous Values for Frame Saved at     22500 Dynamics Steps

 Current Time                45.00000000 Picosecond
 Current Potential        -7988.21021609 Kcal/mole
 Current Kinetic           2437.61497476 Kcal/mole
 Lattice Lengths           29.96994972     29.96994972     29.96994972
 Lattice Angles            90.00000000     90.00000000     90.00000000
 Frame Number                     45
 Coordinate File             liquid-e020-v100.arc

 Instantaneous Values for Frame Saved at     23000 Dynamics Steps

 Current Time                46.00000000 Picosecond
 Current Potential        -8013.55483209 Kcal/mole
 Current Kinetic           2412.90294062 Kcal/mole
 Lattice Lengths           29.95924759     29.95924759     29.95924759
 Lattice Angles            90.00000000     90.00000000     90.00000000
 Frame Number                     46
 Coordinate File             liquid-e020-v100.arc

 Instantaneous Values for Frame Saved at     23500 Dynamics Steps

 Current Time                47.00000000 Picosecond
 Current Potential        -7968.56311468 Kcal/mole
 Current Kinetic           2323.51178370 Kcal/mole
 Lattice Lengths           29.92767525     29.92767525     29.92767525
 Lattice Angles            90.00000000     90.00000000     90.00000000
 Frame Number                     47
 Coordinate File             liquid-e020-v100.arc

 Instantaneous Values for Frame Saved at     24000 Dynamics Steps

 Current Time                48.00000000 Picosecond
 Current Potential        -8033.30107842 Kcal/mole
 Current Kinetic           2420.43123751 Kcal/mole
 Lattice Lengths           29.94481659     29.94481659     29.94481659
 Lattice Angles            90.00000000     90.00000000     90.00000000
 Frame Number                     48
 Coordinate File             liquid-e020-v100.arc

 Instantaneous Values for Frame Saved at     24500 Dynamics Steps

 Current Time                49.00000000 Picosecond
 Current Potential        -7990.77620365 Kcal/mole
 Current Kinetic           2445.78516998 Kcal/mole
 Lattice Lengths           29.96044922     29.96044922     29.96044922
 Lattice Angles            90.00000000     90.00000000     90.00000000
 Frame Number                     49
 Coordinate File             liquid-e020-v100.arc

 Instantaneous Values for Frame Saved at     25000 Dynamics Steps

 Current Time                50.00000000 Picosecond
 Current Potential        -8036.13269158 Kcal/mole
 Current Kinetic           2423.91319583 Kcal/mole
 Lattice Lengths           29.99372864     29.99372864     29.99372864
 Lattice Angles            90.00000000     90.00000000     90.00000000
 Frame Number                     50
 Coordinate File             liquid-e020-v100.arc

 Instantaneous Values for Frame Saved at     25500 Dynamics Steps

 Current Time                51.00000000 Picosecond
 Current Potential        -8114.39749576 Kcal/mole
 Current Kinetic           2435.14964801 Kcal/mole
 Lattice Lengths           30.03775024     30.03775024     30.03775024
 Lattice Angles            90.00000000     90.00000000     90.00000000
 Frame Number                     51
 Coordinate File             liquid-e020-v100.arc

 Instantaneous Values for Frame Saved at     26000 Dynamics Steps

 Current Time                52.00000000 Picosecond
 Current Potential        -8020.88031808 Kcal/mole
 Current Kinetic           2374.89040071 Kcal/mole
 Lattice Lengths           30.01945114     30.01945114     30.01945114
 Lattice Angles            90.00000000     90.00000000     90.00000000
 Frame Number                     52
 Coordinate File             liquid-e020-v100.arc

 Instantaneous Values for Frame Saved at     26500 Dynamics Steps

 Current Time                53.00000000 Picosecond
 Current Potential        -8001.51405767 Kcal/mole
 Current Kinetic           2338.00526191 Kcal/mole
 Lattice Lengths           29.99682426     29.99682426     29.99682426
 Lattice Angles            90.00000000     90.00000000     90.00000000
 Frame Number                     53
 Coordinate File             liquid-e020-v100.arc

 Instantaneous Values for Frame Saved at     27000 Dynamics Steps

 Current Time                54.00000000 Picosecond
 Current Potential        -7961.20114167 Kcal/mole
 Current Kinetic           2361.84736216 Kcal/mole
 Lattice Lengths           29.96685219     29.96685219     29.96685219
 Lattice Angles            90.00000000     90.00000000     90.00000000
 Frame Number                     54
 Coordinate File             liquid-e020-v100.arc

 Instantaneous Values for Frame Saved at     27500 Dynamics Steps

 Current Time                55.00000000 Picosecond
 Current Potential        -8061.61356368 Kcal/mole
 Current Kinetic           2366.00056921 Kcal/mole
 Lattice Lengths           30.00511742     30.00511742     30.00511742
 Lattice Angles            90.00000000     90.00000000     90.00000000
 Frame Number                     55
 Coordinate File             liquid-e020-v100.arc

 Instantaneous Values for Frame Saved at     28000 Dynamics Steps

 Current Time                56.00000000 Picosecond
 Current Potential        -8109.69475764 Kcal/mole
 Current Kinetic           2417.62435723 Kcal/mole
 Lattice Lengths           29.99447441     29.99447441     29.99447441
 Lattice Angles            90.00000000     90.00000000     90.00000000
 Frame Number                     56
 Coordinate File             liquid-e020-v100.arc

 Instantaneous Values for Frame Saved at     28500 Dynamics Steps

 Current Time                57.00000000 Picosecond
 Current Potential        -8022.96733592 Kcal/mole
 Current Kinetic           2364.44572426 Kcal/mole
 Lattice Lengths           29.98641586     29.98641586     29.98641586
 Lattice Angles            90.00000000     90.00000000     90.00000000
 Frame Number                     57
 Coordinate File             liquid-e020-v100.arc

 Instantaneous Values for Frame Saved at     29000 Dynamics Steps

 Current Time                58.00000000 Picosecond
 Current Potential        -7985.11433323 Kcal/mole
 Current Kinetic           2393.24955955 Kcal/mole
 Lattice Lengths           29.97389603     29.97389603     29.97389603
 Lattice Angles            90.00000000     90.00000000     90.00000000
 Frame Number                     58
 Coordinate File             liquid-e020-v100.arc

 Instantaneous Values for Frame Saved at     29500 Dynamics Steps

 Current Time                59.00000000 Picosecond
 Current Potential        -8008.47601187 Kcal/mole
 Current Kinetic           2363.26362043 Kcal/mole
 Lattice Lengths           29.95886421     29.95886421     29.95886421
 Lattice Angles            90.00000000     90.00000000     90.00000000
 Frame Number                     59
 Coordinate File             liquid-e020-v100.arc

 Instantaneous Values for Frame Saved at     30000 Dynamics Steps

 Current Time                60.00000000 Picosecond
 Current Potential        -7999.14422463 Kcal/mole
 Current Kinetic           2376.24446258 Kcal/mole
 Lattice Lengths           29.93318748     29.93318748     29.93318748
 Lattice Angles            90.00000000     90.00000000     90.00000000
 Frame Number                     60
 Coordinate File             liquid-e020-v100.arc

 Instantaneous Values for Frame Saved at     30500 Dynamics Steps

 Current Time                61.00000000 Picosecond
 Current Potential        -8014.69686475 Kcal/mole
 Current Kinetic           2466.58342906 Kcal/mole
 Lattice Lengths           29.97022629     29.97022629     29.97022629
 Lattice Angles            90.00000000     90.00000000     90.00000000
 Frame Number                     61
 Coordinate File             liquid-e020-v100.arc

 Instantaneous Values for Frame Saved at     31000 Dynamics Steps

 Current Time                62.00000000 Picosecond
 Current Potential        -7957.43400629 Kcal/mole
 Current Kinetic           2407.45136048 Kcal/mole
 Lattice Lengths           29.97983170     29.97983170     29.97983170
 Lattice Angles            90.00000000     90.00000000     90.00000000
 Frame Number                     62
 Coordinate File             liquid-e020-v100.arc

 Instantaneous Values for Frame Saved at     31500 Dynamics Steps

 Current Time                63.00000000 Picosecond
 Current Potential        -8020.30457375 Kcal/mole
 Current Kinetic           2444.71131206 Kcal/mole
 Lattice Lengths           30.02935028     30.02935028     30.02935028
 Lattice Angles            90.00000000     90.00000000     90.00000000
 Frame Number                     63
 Coordinate File             liquid-e020-v100.arc

 Instantaneous Values for Frame Saved at     32000 Dynamics Steps

 Current Time                64.00000000 Picosecond
 Current Potential        -8055.14595108 Kcal/mole
 Current Kinetic           2344.25627126 Kcal/mole
 Lattice Lengths           30.05779648     30.05779648     30.05779648
 Lattice Angles            90.00000000     90.00000000     90.00000000
 Frame Number                     64
 Coordinate File             liquid-e020-v100.arc

 Instantaneous Values for Frame Saved at     32500 Dynamics Steps

 Current Time                65.00000000 Picosecond
 Current Potential        -7981.41481591 Kcal/mole
 Current Kinetic           2352.94377144 Kcal/mole
 Lattice Lengths           30.05052185     30.05052185     30.05052185
 Lattice Angles            90.00000000     90.00000000     90.00000000
 Frame Number                     65
 Coordinate File             liquid-e020-v100.arc

 Instantaneous Values for Frame Saved at     33000 Dynamics Steps

 Current Time                66.00000000 Picosecond
 Current Potential        -8018.00420359 Kcal/mole
 Current Kinetic           2409.32367130 Kcal/mole
 Lattice Lengths           30.05218506     30.05218506     30.05218506
 Lattice Angles            90.00000000     90.00000000     90.00000000
 Frame Number                     66
 Coordinate File             liquid-e020-v100.arc

 Instantaneous Values for Frame Saved at     33500 Dynamics Steps

 Current Time                67.00000000 Picosecond
 Current Potential        -8026.38691826 Kcal/mole
 Current Kinetic           2397.43476071 Kcal/mole
 Lattice Lengths           29.99982262     29.99982262     29.99982262
 Lattice Angles            90.00000000     90.00000000     90.00000000
 Frame Number                     67
 Coordinate File             liquid-e020-v100.arc

 Instantaneous Values for Frame Saved at     34000 Dynamics Steps

 Current Time                68.00000000 Picosecond
 Current Potential        -7994.44650608 Kcal/mole
 Current Kinetic           2429.16035461 Kcal/mole
 Lattice Lengths           30.02017403     30.02017403     30.02017403
 Lattice Angles            90.00000000     90.00000000     90.00000000
 Frame Number                     68
 Coordinate File             liquid-e020-v100.arc

 Instantaneous Values for Frame Saved at     34500 Dynamics Steps

 Current Time                69.00000000 Picosecond
 Current Potential        -8016.67589774 Kcal/mole
 Current Kinetic           2461.61401368 Kcal/mole
 Lattice Lengths           30.01360893     30.01360893     30.01360893
 Lattice Angles            90.00000000     90.00000000     90.00000000
 Frame Number                     69
 Coordinate File             liquid-e020-v100.arc

 Instantaneous Values for Frame Saved at     35000 Dynamics Steps

 Current Time                70.00000000 Picosecond
 Current Potential        -8022.07374528 Kcal/mole
 Current Kinetic           2498.54513460 Kcal/mole
 Lattice Lengths           29.91852951     29.91852951     29.91852951
 Lattice Angles            90.00000000     90.00000000     90.00000000
 Frame Number                     70
 Coordinate File             liquid-e020-v100.arc

 Instantaneous Values for Frame Saved at     35500 Dynamics Steps

 Current Time                71.00000000 Picosecond
 Current Potential        -7987.32122709 Kcal/mole
 Current Kinetic           2378.61833325 Kcal/mole
 Lattice Lengths           29.86592102     29.86592102     29.86592102
 Lattice Angles            90.00000000     90.00000000     90.00000000
 Frame Number                     71
 Coordinate File             liquid-e020-v100.arc

 Instantaneous Values for Frame Saved at     36000 Dynamics Steps

 Current Time                72.00000000 Picosecond
 Current Potential        -8062.52943959 Kcal/mole
 Current Kinetic           2408.31869070 Kcal/mole
 Lattice Lengths           29.84400368     29.84400368     29.84400368
 Lattice Angles            90.00000000     90.00000000     90.00000000
 Frame Number                     72
 Coordinate File             liquid-e020-v100.arc

 Instantaneous Values for Frame Saved at     36500 Dynamics Steps

 Current Time                73.00000000 Picosecond
 Current Potential        -7967.10263423 Kcal/mole
 Current Kinetic           2355.35365561 Kcal/mole
 Lattice Lengths           29.87027740     29.87027740     29.87027740
 Lattice Angles            90.00000000     90.00000000     90.00000000
 Frame Number                     73
 Coordinate File             liquid-e020-v100.arc

 Instantaneous Values for Frame Saved at     37000 Dynamics Steps

 Current Time                74.00000000 Picosecond
 Current Potential        -7987.64261247 Kcal/mole
 Current Kinetic           2393.38724751 Kcal/mole
 Lattice Lengths           29.87987328     29.87987328     29.87987328
 Lattice Angles            90.00000000     90.00000000     90.00000000
 Frame Number                     74
 Coordinate File             liquid-e020-v100.arc

 Instantaneous Values for Frame Saved at     37500 Dynamics Steps

 Current Time                75.00000000 Picosecond
 Current Potential        -8038.00162041 Kcal/mole
 Current Kinetic           2389.35594104 Kcal/mole
 Lattice Lengths           29.82323647     29.82323647     29.82323647
 Lattice Angles            90.00000000     90.00000000     90.00000000
 Frame Number                     75
 Coordinate File             liquid-e020-v100.arc

 Instantaneous Values for Frame Saved at     38000 Dynamics Steps

 Current Time                76.00000000 Picosecond
 Current Potential        -7932.45488055 Kcal/mole
 Current Kinetic           2419.21646754 Kcal/mole
 Lattice Lengths           29.80323792     29.80323792     29.80323792
 Lattice Angles            90.00000000     90.00000000     90.00000000
 Frame Number                     76
 Coordinate File             liquid-e020-v100.arc

 Instantaneous Values for Frame Saved at     38500 Dynamics Steps

 Current Time                77.00000000 Picosecond
 Current Potential        -7971.01951671 Kcal/mole
 Current Kinetic           2398.16562258 Kcal/mole
 Lattice Lengths           29.87035751     29.87035751     29.87035751
 Lattice Angles            90.00000000     90.00000000     90.00000000
 Frame Number                     77
 Coordinate File             liquid-e020-v100.arc

 Instantaneous Values for Frame Saved at     39000 Dynamics Steps

 Current Time                78.00000000 Picosecond
 Current Potential        -7977.84591831 Kcal/mole
 Current Kinetic           2376.97029638 Kcal/mole
 Lattice Lengths           29.87610626     29.87610626     29.87610626
 Lattice Angles            90.00000000     90.00000000     90.00000000
 Frame Number                     78
 Coordinate File             liquid-e020-v100.arc

 Instantaneous Values for Frame Saved at     39500 Dynamics Steps

 Current Time                79.00000000 Picosecond
 Current Potential        -8041.01739969 Kcal/mole
 Current Kinetic           2370.81492498 Kcal/mole
 Lattice Lengths           29.87706566     29.87706566     29.87706566
 Lattice Angles            90.00000000     90.00000000     90.00000000
 Frame Number                     79
 Coordinate File             liquid-e020-v100.arc

 Instantaneous Values for Frame Saved at     40000 Dynamics Steps

 Current Time                80.00000000 Picosecond
 Current Potential        -8079.33523765 Kcal/mole
 Current Kinetic           2402.65373893 Kcal/mole
 Lattice Lengths           29.89980698     29.89980698     29.89980698
 Lattice Angles            90.00000000     90.00000000     90.00000000
 Frame Number                     80
 Coordinate File             liquid-e020-v100.arc

 Instantaneous Values for Frame Saved at     40500 Dynamics Steps

 Current Time                81.00000000 Picosecond
 Current Potential        -7990.21772537 Kcal/mole
 Current Kinetic           2395.02769621 Kcal/mole
 Lattice Lengths           29.87691879     29.87691879     29.87691879
 Lattice Angles            90.00000000     90.00000000     90.00000000
 Frame Number                     81
 Coordinate File             liquid-e020-v100.arc

 Instantaneous Values for Frame Saved at     41000 Dynamics Steps

 Current Time                82.00000000 Picosecond
 Current Potential        -7979.26913581 Kcal/mole
 Current Kinetic           2405.23968855 Kcal/mole
 Lattice Lengths           29.89816284     29.89816284     29.89816284
 Lattice Angles            90.00000000     90.00000000     90.00000000
 Frame Number                     82
 Coordinate File             liquid-e020-v100.arc

 Instantaneous Values for Frame Saved at     41500 Dynamics Steps

 Current Time                83.00000000 Picosecond
 Current Potential        -8037.24015636 Kcal/mole
 Current Kinetic           2390.12822710 Kcal/mole
 Lattice Lengths           29.90570641     29.90570641     29.90570641
 Lattice Angles            90.00000000     90.00000000     90.00000000
 Frame Number                     83
 Coordinate File             liquid-e020-v100.arc

 Instantaneous Values for Frame Saved at     42000 Dynamics Steps

 Current Time                84.00000000 Picosecond
 Current Potential        -7992.48890020 Kcal/mole
 Current Kinetic           2498.13406775 Kcal/mole
 Lattice Lengths           29.90634727     29.90634727     29.90634727
 Lattice Angles            90.00000000     90.00000000     90.00000000
 Frame Number                     84
 Coordinate File             liquid-e020-v100.arc

 Instantaneous Values for Frame Saved at     42500 Dynamics Steps

 Current Time                85.00000000 Picosecond
 Current Potential        -7960.16438852 Kcal/mole
 Current Kinetic           2404.51623686 Kcal/mole
 Lattice Lengths           29.94060707     29.94060707     29.94060707
 Lattice Angles            90.00000000     90.00000000     90.00000000
 Frame Number                     85
 Coordinate File             liquid-e020-v100.arc

 Instantaneous Values for Frame Saved at     43000 Dynamics Steps

 Current Time                86.00000000 Picosecond
 Current Potential        -7965.39588059 Kcal/mole
 Current Kinetic           2362.51161025 Kcal/mole
 Lattice Lengths           29.93296242     29.93296242     29.93296242
 Lattice Angles            90.00000000     90.00000000     90.00000000
 Frame Number                     86
 Coordinate File             liquid-e020-v100.arc

 Instantaneous Values for Frame Saved at     43500 Dynamics Steps

 Current Time                87.00000000 Picosecond
 Current Potential        -8004.39154693 Kcal/mole
 Current Kinetic           2420.03600303 Kcal/mole
 Lattice Lengths           29.90997505     29.90997505     29.90997505
 Lattice Angles            90.00000000     90.00000000     90.00000000
 Frame Number                     87
 Coordinate File             liquid-e020-v100.arc

 Instantaneous Values for Frame Saved at     44000 Dynamics Steps

 Current Time                88.00000000 Picosecond
 Current Potential        -8023.18997685 Kcal/mole
 Current Kinetic           2409.75141905 Kcal/mole
 Lattice Lengths           29.94418144     29.94418144     29.94418144
 Lattice Angles            90.00000000     90.00000000     90.00000000
 Frame Number                     88
 Coordinate File             liquid-e020-v100.arc

 Instantaneous Values for Frame Saved at     44500 Dynamics Steps

 Current Time                89.00000000 Picosecond
 Current Potential        -8015.95748262 Kcal/mole
 Current Kinetic           2412.40156892 Kcal/mole
 Lattice Lengths           29.97190857     29.97190857     29.97190857
 Lattice Angles            90.00000000     90.00000000     90.00000000
 Frame Number                     89
 Coordinate File             liquid-e020-v100.arc

 Instantaneous Values for Frame Saved at     45000 Dynamics Steps

 Current Time                90.00000000 Picosecond
 Current Potential        -8001.68159066 Kcal/mole
 Current Kinetic           2417.02750798 Kcal/mole
 Lattice Lengths           29.99703789     29.99703789     29.99703789
 Lattice Angles            90.00000000     90.00000000     90.00000000
 Frame Number                     90
 Coordinate File             liquid-e020-v100.arc

 Instantaneous Values for Frame Saved at     45500 Dynamics Steps

 Current Time                91.00000000 Picosecond
 Current Potential        -8063.24866367 Kcal/mole
 Current Kinetic           2396.35961772 Kcal/mole
 Lattice Lengths           30.00477219     30.00477219     30.00477219
 Lattice Angles            90.00000000     90.00000000     90.00000000
 Frame Number                     91
 Coordinate File             liquid-e020-v100.arc

 Instantaneous Values for Frame Saved at     46000 Dynamics Steps

 Current Time                92.00000000 Picosecond
 Current Potential        -7977.68106035 Kcal/mole
 Current Kinetic           2397.84843145 Kcal/mole
 Lattice Lengths           29.94229507     29.94229507     29.94229507
 Lattice Angles            90.00000000     90.00000000     90.00000000
 Frame Number                     92
 Coordinate File             liquid-e020-v100.arc

 Instantaneous Values for Frame Saved at     46500 Dynamics Steps

 Current Time                93.00000000 Picosecond
 Current Potential        -7969.75874404 Kcal/mole
 Current Kinetic           2430.86073559 Kcal/mole
 Lattice Lengths           29.99824333     29.99824333     29.99824333
 Lattice Angles            90.00000000     90.00000000     90.00000000
 Frame Number                     93
 Coordinate File             liquid-e020-v100.arc

 Instantaneous Values for Frame Saved at     47000 Dynamics Steps

 Current Time                94.00000000 Picosecond
 Current Potential        -8087.79437285 Kcal/mole
 Current Kinetic           2371.80649487 Kcal/mole
 Lattice Lengths           29.96737671     29.96737671     29.96737671
 Lattice Angles            90.00000000     90.00000000     90.00000000
 Frame Number                     94
 Coordinate File             liquid-e020-v100.arc

 Instantaneous Values for Frame Saved at     47500 Dynamics Steps

 Current Time                95.00000000 Picosecond
 Current Potential        -7981.18822787 Kcal/mole
 Current Kinetic           2423.53802475 Kcal/mole
 Lattice Lengths           29.95099068     29.95099068     29.95099068
 Lattice Angles            90.00000000     90.00000000     90.00000000
 Frame Number                     95
 Coordinate File             liquid-e020-v100.arc

 Instantaneous Values for Frame Saved at     48000 Dynamics Steps

 Current Time                96.00000000 Picosecond
 Current Potential        -8021.65801630 Kcal/mole
 Current Kinetic           2396.26375354 Kcal/mole
 Lattice Lengths           30.01041794     30.01041794     30.01041794
 Lattice Angles            90.00000000     90.00000000     90.00000000
 Frame Number                     96
 Coordinate File             liquid-e020-v100.arc

 Instantaneous Values for Frame Saved at     48500 Dynamics Steps

 Current Time                97.00000000 Picosecond
 Current Potential        -8044.10897492 Kcal/mole
 Current Kinetic           2360.22130850 Kcal/mole
 Lattice Lengths           29.98147392     29.98147392     29.98147392
 Lattice Angles            90.00000000     90.00000000     90.00000000
 Frame Number                     97
 Coordinate File             liquid-e020-v100.arc

 Instantaneous Values for Frame Saved at     49000 Dynamics Steps

 Current Time                98.00000000 Picosecond
 Current Potential        -8056.97784806 Kcal/mole
 Current Kinetic           2418.67637132 Kcal/mole
 Lattice Lengths           29.94186211     29.94186211     29.94186211
 Lattice Angles            90.00000000     90.00000000     90.00000000
 Frame Number                     98
 Coordinate File             liquid-e020-v100.arc

 Instantaneous Values for Frame Saved at     49500 Dynamics Steps

 Current Time                99.00000000 Picosecond
 Current Potential        -7905.52221291 Kcal/mole
 Current Kinetic           2398.88650314 Kcal/mole
 Lattice Lengths           29.95042992     29.95042992     29.95042992
 Lattice Angles            90.00000000     90.00000000     90.00000000
 Frame Number                     99
 Coordinate File             liquid-e020-v100.arc

 Instantaneous Values for Frame Saved at     50000 Dynamics Steps

 Current Time               100.00000000 Picosecond
 Current Potential        -7975.72523810 Kcal/mole
 Current Kinetic           2435.24051800 Kcal/mole
 Lattice Lengths           29.92236328     29.92236328     29.92236328
 Lattice Angles            90.00000000     90.00000000     90.00000000
 Frame Number                    100
 Coordinate File             liquid-e020-v100.arc

 Performance:  ns/day              44.5139
               Wall Time          194.0968
               Steps                 50000
               Updates                 100
               Time Step            2.0000
               Atoms                  2695
