
     ######################################################################    
   ##########################################################################  
  ###                                                                      ### 
 ###            Tinker9  --  Software Tools for Molecular Design            ###
 ##                                                                          ##
 ##                      Version 1.0.0-rc  January 2021                      ##
 ##                                                                          ##
 ##                 Copyright (c)  Zhi Wang & the Ponder Lab                 ##
 ###                           All Rights Reserved                          ###
  ###                                                                      ### 
   ##########################################################################  
     ######################################################################    

 Compiled at:  16:31:56  Sep 10 2021
 Commit Date:  Mon Aug 16 01:28:23 2021 -0500
 Commit:       b78a5351

 Primary GPU package :  CUDA

 GPU Device :  Setting Device ID to 0 from GPU utilization
 Molecular Dynamics Trajectory via r-RESPA MTS Algorithm

 Free Energy Perturbation :          1.000 Lambda for Torsional Angles
 Free Energy Perturbation :          1.000 Lambda for van der Waals
 Free Energy Perturbation :          0.700 Lambda for Electrostatics

 Instantaneous Values for Frame Saved at       500 Dynamics Steps

 Current Time                 1.00000000 Picosecond
 Current Potential        -6549.87042602 Kcal/mole
 Current Kinetic           2705.69982105 Kcal/mole
 Lattice Lengths           30.39028358     30.39028358     30.39028358
 Lattice Angles            90.00000000     90.00000000     90.00000000
 Frame Number                      1
 Coordinate File             liquid-e070-v100.arc

 Instantaneous Values for Frame Saved at      1000 Dynamics Steps

 Current Time                 2.00000000 Picosecond
 Current Potential        -7155.04348469 Kcal/mole
 Current Kinetic           2450.65705012 Kcal/mole
 Lattice Lengths           30.43294525     30.43294525     30.43294525
 Lattice Angles            90.00000000     90.00000000     90.00000000
 Frame Number                      2
 Coordinate File             liquid-e070-v100.arc

 Instantaneous Values for Frame Saved at      1500 Dynamics Steps

 Current Time                 3.00000000 Picosecond
 Current Potential        -7294.65205852 Kcal/mole
 Current Kinetic           2399.69749948 Kcal/mole
 Lattice Lengths           30.44763947     30.44763947     30.44763947
 Lattice Angles            90.00000000     90.00000000     90.00000000
 Frame Number                      3
 Coordinate File             liquid-e070-v100.arc

 Instantaneous Values for Frame Saved at      2000 Dynamics Steps

 Current Time                 4.00000000 Picosecond
 Current Potential        -7457.64383090 Kcal/mole
 Current Kinetic           2400.01630531 Kcal/mole
 Lattice Lengths           30.44438362     30.44438362     30.44438362
 Lattice Angles            90.00000000     90.00000000     90.00000000
 Frame Number                      4
 Coordinate File             liquid-e070-v100.arc

 Instantaneous Values for Frame Saved at      2500 Dynamics Steps

 Current Time                 5.00000000 Picosecond
 Current Potential        -7628.74604778 Kcal/mole
 Current Kinetic           2319.00412094 Kcal/mole
 Lattice Lengths           30.34591866     30.34591866     30.34591866
 Lattice Angles            90.00000000     90.00000000     90.00000000
 Frame Number                      5
 Coordinate File             liquid-e070-v100.arc

 Instantaneous Values for Frame Saved at      3000 Dynamics Steps

 Current Time                 6.00000000 Picosecond
 Current Potential        -7554.05911300 Kcal/mole
 Current Kinetic           2367.52661290 Kcal/mole
 Lattice Lengths           30.32452202     30.32452202     30.32452202
 Lattice Angles            90.00000000     90.00000000     90.00000000
 Frame Number                      6
 Coordinate File             liquid-e070-v100.arc

 Instantaneous Values for Frame Saved at      3500 Dynamics Steps

 Current Time                 7.00000000 Picosecond
 Current Potential        -7748.83599757 Kcal/mole
 Current Kinetic           2425.95031395 Kcal/mole
 Lattice Lengths           30.25143242     30.25143242     30.25143242
 Lattice Angles            90.00000000     90.00000000     90.00000000
 Frame Number                      7
 Coordinate File             liquid-e070-v100.arc

 Instantaneous Values for Frame Saved at      4000 Dynamics Steps

 Current Time                 8.00000000 Picosecond
 Current Potential        -7766.03021435 Kcal/mole
 Current Kinetic           2448.60323405 Kcal/mole
 Lattice Lengths           30.21463203     30.21463203     30.21463203
 Lattice Angles            90.00000000     90.00000000     90.00000000
 Frame Number                      8
 Coordinate File             liquid-e070-v100.arc

 Instantaneous Values for Frame Saved at      4500 Dynamics Steps

 Current Time                 9.00000000 Picosecond
 Current Potential        -7663.60508028 Kcal/mole
 Current Kinetic           2434.78619349 Kcal/mole
 Lattice Lengths           30.16809464     30.16809464     30.16809464
 Lattice Angles            90.00000000     90.00000000     90.00000000
 Frame Number                      9
 Coordinate File             liquid-e070-v100.arc

 Instantaneous Values for Frame Saved at      5000 Dynamics Steps

 Current Time                10.00000000 Picosecond
 Current Potential        -7737.67596551 Kcal/mole
 Current Kinetic           2455.62824780 Kcal/mole
 Lattice Lengths           30.09422874     30.09422874     30.09422874
 Lattice Angles            90.00000000     90.00000000     90.00000000
 Frame Number                     10
 Coordinate File             liquid-e070-v100.arc

 Instantaneous Values for Frame Saved at      5500 Dynamics Steps

 Current Time                11.00000000 Picosecond
 Current Potential        -7795.42120620 Kcal/mole
 Current Kinetic           2422.42988450 Kcal/mole
 Lattice Lengths           30.10497665     30.10497665     30.10497665
 Lattice Angles            90.00000000     90.00000000     90.00000000
 Frame Number                     11
 Coordinate File             liquid-e070-v100.arc

 Instantaneous Values for Frame Saved at      6000 Dynamics Steps

 Current Time                12.00000000 Picosecond
 Current Potential        -7849.53354597 Kcal/mole
 Current Kinetic           2473.34804982 Kcal/mole
 Lattice Lengths           30.10887527     30.10887527     30.10887527
 Lattice Angles            90.00000000     90.00000000     90.00000000
 Frame Number                     12
 Coordinate File             liquid-e070-v100.arc

 Instantaneous Values for Frame Saved at      6500 Dynamics Steps

 Current Time                13.00000000 Picosecond
 Current Potential        -7867.97005818 Kcal/mole
 Current Kinetic           2435.62644138 Kcal/mole
 Lattice Lengths           30.07621384     30.07621384     30.07621384
 Lattice Angles            90.00000000     90.00000000     90.00000000
 Frame Number                     13
 Coordinate File             liquid-e070-v100.arc

 Instantaneous Values for Frame Saved at      7000 Dynamics Steps

 Current Time                14.00000000 Picosecond
 Current Potential        -7910.61513373 Kcal/mole
 Current Kinetic           2418.77195122 Kcal/mole
 Lattice Lengths           30.09444809     30.09444809     30.09444809
 Lattice Angles            90.00000000     90.00000000     90.00000000
 Frame Number                     14
 Coordinate File             liquid-e070-v100.arc

 Instantaneous Values for Frame Saved at      7500 Dynamics Steps

 Current Time                15.00000000 Picosecond
 Current Potential        -7985.47997858 Kcal/mole
 Current Kinetic           2482.96129701 Kcal/mole
 Lattice Lengths           30.05524254     30.05524254     30.05524254
 Lattice Angles            90.00000000     90.00000000     90.00000000
 Frame Number                     15
 Coordinate File             liquid-e070-v100.arc

 Instantaneous Values for Frame Saved at      8000 Dynamics Steps

 Current Time                16.00000000 Picosecond
 Current Potential        -7912.25616991 Kcal/mole
 Current Kinetic           2441.84211409 Kcal/mole
 Lattice Lengths           30.00777817     30.00777817     30.00777817
 Lattice Angles            90.00000000     90.00000000     90.00000000
 Frame Number                     16
 Coordinate File             liquid-e070-v100.arc

 Instantaneous Values for Frame Saved at      8500 Dynamics Steps

 Current Time                17.00000000 Picosecond
 Current Potential        -7920.67896014 Kcal/mole
 Current Kinetic           2419.50600408 Kcal/mole
 Lattice Lengths           30.02167702     30.02167702     30.02167702
 Lattice Angles            90.00000000     90.00000000     90.00000000
 Frame Number                     17
 Coordinate File             liquid-e070-v100.arc

 Instantaneous Values for Frame Saved at      9000 Dynamics Steps

 Current Time                18.00000000 Picosecond
 Current Potential        -7951.33603270 Kcal/mole
 Current Kinetic           2388.55003655 Kcal/mole
 Lattice Lengths           30.04175758     30.04175758     30.04175758
 Lattice Angles            90.00000000     90.00000000     90.00000000
 Frame Number                     18
 Coordinate File             liquid-e070-v100.arc

 Instantaneous Values for Frame Saved at      9500 Dynamics Steps

 Current Time                19.00000000 Picosecond
 Current Potential        -7960.66797078 Kcal/mole
 Current Kinetic           2409.15294970 Kcal/mole
 Lattice Lengths           30.02584267     30.02584267     30.02584267
 Lattice Angles            90.00000000     90.00000000     90.00000000
 Frame Number                     19
 Coordinate File             liquid-e070-v100.arc

 Instantaneous Values for Frame Saved at     10000 Dynamics Steps

 Current Time                20.00000000 Picosecond
 Current Potential        -7977.50556856 Kcal/mole
 Current Kinetic           2379.12500773 Kcal/mole
 Lattice Lengths           30.02524376     30.02524376     30.02524376
 Lattice Angles            90.00000000     90.00000000     90.00000000
 Frame Number                     20
 Coordinate File             liquid-e070-v100.arc

 Instantaneous Values for Frame Saved at     10500 Dynamics Steps

 Current Time                21.00000000 Picosecond
 Current Potential        -7922.84500987 Kcal/mole
 Current Kinetic           2411.58988213 Kcal/mole
 Lattice Lengths           30.00595856     30.00595856     30.00595856
 Lattice Angles            90.00000000     90.00000000     90.00000000
 Frame Number                     21
 Coordinate File             liquid-e070-v100.arc

 Instantaneous Values for Frame Saved at     11000 Dynamics Steps

 Current Time                22.00000000 Picosecond
 Current Potential        -7951.65171383 Kcal/mole
 Current Kinetic           2416.07615114 Kcal/mole
 Lattice Lengths           29.97151184     29.97151184     29.97151184
 Lattice Angles            90.00000000     90.00000000     90.00000000
 Frame Number                     22
 Coordinate File             liquid-e070-v100.arc

 Instantaneous Values for Frame Saved at     11500 Dynamics Steps

 Current Time                23.00000000 Picosecond
 Current Potential        -8022.18135423 Kcal/mole
 Current Kinetic           2462.89620812 Kcal/mole
 Lattice Lengths           29.90374565     29.90374565     29.90374565
 Lattice Angles            90.00000000     90.00000000     90.00000000
 Frame Number                     23
 Coordinate File             liquid-e070-v100.arc

 Instantaneous Values for Frame Saved at     12000 Dynamics Steps

 Current Time                24.00000000 Picosecond
 Current Potential        -8037.69860621 Kcal/mole
 Current Kinetic           2350.62913073 Kcal/mole
 Lattice Lengths           29.86874390     29.86874390     29.86874390
 Lattice Angles            90.00000000     90.00000000     90.00000000
 Frame Number                     24
 Coordinate File             liquid-e070-v100.arc

 Instantaneous Values for Frame Saved at     12500 Dynamics Steps

 Current Time                25.00000000 Picosecond
 Current Potential        -8016.81177723 Kcal/mole
 Current Kinetic           2408.57761071 Kcal/mole
 Lattice Lengths           29.88305092     29.88305092     29.88305092
 Lattice Angles            90.00000000     90.00000000     90.00000000
 Frame Number                     25
 Coordinate File             liquid-e070-v100.arc

 Instantaneous Values for Frame Saved at     13000 Dynamics Steps

 Current Time                26.00000000 Picosecond
 Current Potential        -8029.64296957 Kcal/mole
 Current Kinetic           2405.04378911 Kcal/mole
 Lattice Lengths           29.91160202     29.91160202     29.91160202
 Lattice Angles            90.00000000     90.00000000     90.00000000
 Frame Number                     26
 Coordinate File             liquid-e070-v100.arc

 Instantaneous Values for Frame Saved at     13500 Dynamics Steps

 Current Time                27.00000000 Picosecond
 Current Potential        -8091.94652900 Kcal/mole
 Current Kinetic           2400.50805854 Kcal/mole
 Lattice Lengths           29.91379929     29.91379929     29.91379929
 Lattice Angles            90.00000000     90.00000000     90.00000000
 Frame Number                     27
 Coordinate File             liquid-e070-v100.arc

 Instantaneous Values for Frame Saved at     14000 Dynamics Steps

 Current Time                28.00000000 Picosecond
 Current Potential        -8048.14977101 Kcal/mole
 Current Kinetic           2401.45711472 Kcal/mole
 Lattice Lengths           29.96385193     29.96385193     29.96385193
 Lattice Angles            90.00000000     90.00000000     90.00000000
 Frame Number                     28
 Coordinate File             liquid-e070-v100.arc

 Instantaneous Values for Frame Saved at     14500 Dynamics Steps

 Current Time                29.00000000 Picosecond
 Current Potential        -7994.74882665 Kcal/mole
 Current Kinetic           2416.36871089 Kcal/mole
 Lattice Lengths           29.98934555     29.98934555     29.98934555
 Lattice Angles            90.00000000     90.00000000     90.00000000
 Frame Number                     29
 Coordinate File             liquid-e070-v100.arc

 Instantaneous Values for Frame Saved at     15000 Dynamics Steps

 Current Time                30.00000000 Picosecond
 Current Potential        -8122.30112871 Kcal/mole
 Current Kinetic           2472.45552450 Kcal/mole
 Lattice Lengths           29.99433136     29.99433136     29.99433136
 Lattice Angles            90.00000000     90.00000000     90.00000000
 Frame Number                     30
 Coordinate File             liquid-e070-v100.arc

 Instantaneous Values for Frame Saved at     15500 Dynamics Steps

 Current Time                31.00000000 Picosecond
 Current Potential        -8051.72877740 Kcal/mole
 Current Kinetic           2451.52365311 Kcal/mole
 Lattice Lengths           30.00823975     30.00823975     30.00823975
 Lattice Angles            90.00000000     90.00000000     90.00000000
 Frame Number                     31
 Coordinate File             liquid-e070-v100.arc

 Instantaneous Values for Frame Saved at     16000 Dynamics Steps

 Current Time                32.00000000 Picosecond
 Current Potential        -8072.53309785 Kcal/mole
 Current Kinetic           2459.68225572 Kcal/mole
 Lattice Lengths           29.98057938     29.98057938     29.98057938
 Lattice Angles            90.00000000     90.00000000     90.00000000
 Frame Number                     32
 Coordinate File             liquid-e070-v100.arc

 Instantaneous Values for Frame Saved at     16500 Dynamics Steps

 Current Time                33.00000000 Picosecond
 Current Potential        -8063.29148004 Kcal/mole
 Current Kinetic           2435.45372946 Kcal/mole
 Lattice Lengths           29.94531441     29.94531441     29.94531441
 Lattice Angles            90.00000000     90.00000000     90.00000000
 Frame Number                     33
 Coordinate File             liquid-e070-v100.arc

 Instantaneous Values for Frame Saved at     17000 Dynamics Steps

 Current Time                34.00000000 Picosecond
 Current Potential        -8105.90769217 Kcal/mole
 Current Kinetic           2342.75242456 Kcal/mole
 Lattice Lengths           30.00594139     30.00594139     30.00594139
 Lattice Angles            90.00000000     90.00000000     90.00000000
 Frame Number                     34
 Coordinate File             liquid-e070-v100.arc

 Instantaneous Values for Frame Saved at     17500 Dynamics Steps

 Current Time                35.00000000 Picosecond
 Current Potential        -8107.99719207 Kcal/mole
 Current Kinetic           2353.05089708 Kcal/mole
 Lattice Lengths           29.97555733     29.97555733     29.97555733
 Lattice Angles            90.00000000     90.00000000     90.00000000
 Frame Number                     35
 Coordinate File             liquid-e070-v100.arc

 Instantaneous Values for Frame Saved at     18000 Dynamics Steps

 Current Time                36.00000000 Picosecond
 Current Potential        -8076.08557258 Kcal/mole
 Current Kinetic           2386.74872541 Kcal/mole
 Lattice Lengths           29.96479797     29.96479797     29.96479797
 Lattice Angles            90.00000000     90.00000000     90.00000000
 Frame Number                     36
 Coordinate File             liquid-e070-v100.arc

 Instantaneous Values for Frame Saved at     18500 Dynamics Steps

 Current Time                37.00000000 Picosecond
 Current Potential        -8018.81021957 Kcal/mole
 Current Kinetic           2369.13024117 Kcal/mole
 Lattice Lengths           29.95210457     29.95210457     29.95210457
 Lattice Angles            90.00000000     90.00000000     90.00000000
 Frame Number                     37
 Coordinate File             liquid-e070-v100.arc

 Instantaneous Values for Frame Saved at     19000 Dynamics Steps

 Current Time                38.00000000 Picosecond
 Current Potential        -8068.47273842 Kcal/mole
 Current Kinetic           2391.01774876 Kcal/mole
 Lattice Lengths           29.93645477     29.93645477     29.93645477
 Lattice Angles            90.00000000     90.00000000     90.00000000
 Frame Number                     38
 Coordinate File             liquid-e070-v100.arc

 Instantaneous Values for Frame Saved at     19500 Dynamics Steps

 Current Time                39.00000000 Picosecond
 Current Potential        -7998.20173825 Kcal/mole
 Current Kinetic           2331.46319473 Kcal/mole
 Lattice Lengths           29.95513344     29.95513344     29.95513344
 Lattice Angles            90.00000000     90.00000000     90.00000000
 Frame Number                     39
 Coordinate File             liquid-e070-v100.arc

 Instantaneous Values for Frame Saved at     20000 Dynamics Steps

 Current Time                40.00000000 Picosecond
 Current Potential        -8019.43339124 Kcal/mole
 Current Kinetic           2403.10551294 Kcal/mole
 Lattice Lengths           29.91994095     29.91994095     29.91994095
 Lattice Angles            90.00000000     90.00000000     90.00000000
 Frame Number                     40
 Coordinate File             liquid-e070-v100.arc

 Instantaneous Values for Frame Saved at     20500 Dynamics Steps

 Current Time                41.00000000 Picosecond
 Current Potential        -8068.14506002 Kcal/mole
 Current Kinetic           2356.93227251 Kcal/mole
 Lattice Lengths           29.93778229     29.93778229     29.93778229
 Lattice Angles            90.00000000     90.00000000     90.00000000
 Frame Number                     41
 Coordinate File             liquid-e070-v100.arc

 Instantaneous Values for Frame Saved at     21000 Dynamics Steps

 Current Time                42.00000000 Picosecond
 Current Potential        -8106.98530413 Kcal/mole
 Current Kinetic           2389.33038930 Kcal/mole
 Lattice Lengths           30.01672745     30.01672745     30.01672745
 Lattice Angles            90.00000000     90.00000000     90.00000000
 Frame Number                     42
 Coordinate File             liquid-e070-v100.arc

 Instantaneous Values for Frame Saved at     21500 Dynamics Steps

 Current Time                43.00000000 Picosecond
 Current Potential        -8039.15284823 Kcal/mole
 Current Kinetic           2372.04178340 Kcal/mole
 Lattice Lengths           29.99635696     29.99635696     29.99635696
 Lattice Angles            90.00000000     90.00000000     90.00000000
 Frame Number                     43
 Coordinate File             liquid-e070-v100.arc

 Instantaneous Values for Frame Saved at     22000 Dynamics Steps

 Current Time                44.00000000 Picosecond
 Current Potential        -8048.84486152 Kcal/mole
 Current Kinetic           2429.96245362 Kcal/mole
 Lattice Lengths           29.96867561     29.96867561     29.96867561
 Lattice Angles            90.00000000     90.00000000     90.00000000
 Frame Number                     44
 Coordinate File             liquid-e070-v100.arc

 Instantaneous Values for Frame Saved at     22500 Dynamics Steps

 Current Time                45.00000000 Picosecond
 Current Potential        -8108.46276873 Kcal/mole
 Current Kinetic           2510.69795520 Kcal/mole
 Lattice Lengths           29.89679909     29.89679909     29.89679909
 Lattice Angles            90.00000000     90.00000000     90.00000000
 Frame Number                     45
 Coordinate File             liquid-e070-v100.arc

 Instantaneous Values for Frame Saved at     23000 Dynamics Steps

 Current Time                46.00000000 Picosecond
 Current Potential        -8099.41320012 Kcal/mole
 Current Kinetic           2431.33376486 Kcal/mole
 Lattice Lengths           29.92227936     29.92227936     29.92227936
 Lattice Angles            90.00000000     90.00000000     90.00000000
 Frame Number                     46
 Coordinate File             liquid-e070-v100.arc

 Instantaneous Values for Frame Saved at     23500 Dynamics Steps

 Current Time                47.00000000 Picosecond
 Current Potential        -8071.52395321 Kcal/mole
 Current Kinetic           2357.78533150 Kcal/mole
 Lattice Lengths           29.92709351     29.92709351     29.92709351
 Lattice Angles            90.00000000     90.00000000     90.00000000
 Frame Number                     47
 Coordinate File             liquid-e070-v100.arc

 Instantaneous Values for Frame Saved at     24000 Dynamics Steps

 Current Time                48.00000000 Picosecond
 Current Potential        -8032.81851732 Kcal/mole
 Current Kinetic           2401.39848008 Kcal/mole
 Lattice Lengths           29.89155960     29.89155960     29.89155960
 Lattice Angles            90.00000000     90.00000000     90.00000000
 Frame Number                     48
 Coordinate File             liquid-e070-v100.arc

 Instantaneous Values for Frame Saved at     24500 Dynamics Steps

 Current Time                49.00000000 Picosecond
 Current Potential        -8067.74505421 Kcal/mole
 Current Kinetic           2489.16667998 Kcal/mole
 Lattice Lengths           29.87215424     29.87215424     29.87215424
 Lattice Angles            90.00000000     90.00000000     90.00000000
 Frame Number                     49
 Coordinate File             liquid-e070-v100.arc

 Instantaneous Values for Frame Saved at     25000 Dynamics Steps

 Current Time                50.00000000 Picosecond
 Current Potential        -8089.24767612 Kcal/mole
 Current Kinetic           2457.39280058 Kcal/mole
 Lattice Lengths           29.86349678     29.86349678     29.86349678
 Lattice Angles            90.00000000     90.00000000     90.00000000
 Frame Number                     50
 Coordinate File             liquid-e070-v100.arc

 Instantaneous Values for Frame Saved at     25500 Dynamics Steps

 Current Time                51.00000000 Picosecond
 Current Potential        -8070.83660731 Kcal/mole
 Current Kinetic           2385.92686589 Kcal/mole
 Lattice Lengths           29.90367317     29.90367317     29.90367317
 Lattice Angles            90.00000000     90.00000000     90.00000000
 Frame Number                     51
 Coordinate File             liquid-e070-v100.arc

 Instantaneous Values for Frame Saved at     26000 Dynamics Steps

 Current Time                52.00000000 Picosecond
 Current Potential        -8025.77343524 Kcal/mole
 Current Kinetic           2419.53873830 Kcal/mole
 Lattice Lengths           29.91407967     29.91407967     29.91407967
 Lattice Angles            90.00000000     90.00000000     90.00000000
 Frame Number                     52
 Coordinate File             liquid-e070-v100.arc

 Instantaneous Values for Frame Saved at     26500 Dynamics Steps

 Current Time                53.00000000 Picosecond
 Current Potential        -8025.77733414 Kcal/mole
 Current Kinetic           2424.24753982 Kcal/mole
 Lattice Lengths           29.94729042     29.94729042     29.94729042
 Lattice Angles            90.00000000     90.00000000     90.00000000
 Frame Number                     53
 Coordinate File             liquid-e070-v100.arc

 Instantaneous Values for Frame Saved at     27000 Dynamics Steps

 Current Time                54.00000000 Picosecond
 Current Potential        -7999.29557108 Kcal/mole
 Current Kinetic           2424.64862940 Kcal/mole
 Lattice Lengths           29.97249603     29.97249603     29.97249603
 Lattice Angles            90.00000000     90.00000000     90.00000000
 Frame Number                     54
 Coordinate File             liquid-e070-v100.arc

 Instantaneous Values for Frame Saved at     27500 Dynamics Steps

 Current Time                55.00000000 Picosecond
 Current Potential        -8007.87886340 Kcal/mole
 Current Kinetic           2338.05047935 Kcal/mole
 Lattice Lengths           29.97641182     29.97641182     29.97641182
 Lattice Angles            90.00000000     90.00000000     90.00000000
 Frame Number                     55
 Coordinate File             liquid-e070-v100.arc

 Instantaneous Values for Frame Saved at     28000 Dynamics Steps

 Current Time                56.00000000 Picosecond
 Current Potential        -7989.98935813 Kcal/mole
 Current Kinetic           2365.67103653 Kcal/mole
 Lattice Lengths           29.95010567     29.95010567     29.95010567
 Lattice Angles            90.00000000     90.00000000     90.00000000
 Frame Number                     56
 Coordinate File             liquid-e070-v100.arc

 Instantaneous Values for Frame Saved at     28500 Dynamics Steps

 Current Time                57.00000000 Picosecond
 Current Potential        -8118.67117349 Kcal/mole
 Current Kinetic           2484.92541351 Kcal/mole
 Lattice Lengths           29.92272186     29.92272186     29.92272186
 Lattice Angles            90.00000000     90.00000000     90.00000000
 Frame Number                     57
 Coordinate File             liquid-e070-v100.arc

 Instantaneous Values for Frame Saved at     29000 Dynamics Steps

 Current Time                58.00000000 Picosecond
 Current Potential        -7981.82148471 Kcal/mole
 Current Kinetic           2352.68661364 Kcal/mole
 Lattice Lengths           29.91589737     29.91589737     29.91589737
 Lattice Angles            90.00000000     90.00000000     90.00000000
 Frame Number                     58
 Coordinate File             liquid-e070-v100.arc

 Instantaneous Values for Frame Saved at     29500 Dynamics Steps

 Current Time                59.00000000 Picosecond
 Current Potential        -8088.95294775 Kcal/mole
 Current Kinetic           2402.90006949 Kcal/mole
 Lattice Lengths           29.90008926     29.90008926     29.90008926
 Lattice Angles            90.00000000     90.00000000     90.00000000
 Frame Number                     59
 Coordinate File             liquid-e070-v100.arc

 Instantaneous Values for Frame Saved at     30000 Dynamics Steps

 Current Time                60.00000000 Picosecond
 Current Potential        -8066.96293915 Kcal/mole
 Current Kinetic           2386.18353630 Kcal/mole
 Lattice Lengths           29.95295143     29.95295143     29.95295143
 Lattice Angles            90.00000000     90.00000000     90.00000000
 Frame Number                     60
 Coordinate File             liquid-e070-v100.arc

 Instantaneous Values for Frame Saved at     30500 Dynamics Steps

 Current Time                61.00000000 Picosecond
 Current Potential        -8046.66566227 Kcal/mole
 Current Kinetic           2456.52341536 Kcal/mole
 Lattice Lengths           29.95450974     29.95450974     29.95450974
 Lattice Angles            90.00000000     90.00000000     90.00000000
 Frame Number                     61
 Coordinate File             liquid-e070-v100.arc

 Instantaneous Values for Frame Saved at     31000 Dynamics Steps

 Current Time                62.00000000 Picosecond
 Current Potential        -8046.90289955 Kcal/mole
 Current Kinetic           2434.69904183 Kcal/mole
 Lattice Lengths           29.93157005     29.93157005     29.93157005
 Lattice Angles            90.00000000     90.00000000     90.00000000
 Frame Number                     62
 Coordinate File             liquid-e070-v100.arc

 Instantaneous Values for Frame Saved at     31500 Dynamics Steps

 Current Time                63.00000000 Picosecond
 Current Potential        -8102.70828464 Kcal/mole
 Current Kinetic           2483.38342561 Kcal/mole
 Lattice Lengths           29.93877602     29.93877602     29.93877602
 Lattice Angles            90.00000000     90.00000000     90.00000000
 Frame Number                     63
 Coordinate File             liquid-e070-v100.arc

 Instantaneous Values for Frame Saved at     32000 Dynamics Steps

 Current Time                64.00000000 Picosecond
 Current Potential        -8104.55373121 Kcal/mole
 Current Kinetic           2353.81575164 Kcal/mole
 Lattice Lengths           29.88986206     29.88986206     29.88986206
 Lattice Angles            90.00000000     90.00000000     90.00000000
 Frame Number                     64
 Coordinate File             liquid-e070-v100.arc

 Instantaneous Values for Frame Saved at     32500 Dynamics Steps

 Current Time                65.00000000 Picosecond
 Current Potential        -8008.27920455 Kcal/mole
 Current Kinetic           2359.64182446 Kcal/mole
 Lattice Lengths           29.95538521     29.95538521     29.95538521
 Lattice Angles            90.00000000     90.00000000     90.00000000
 Frame Number                     65
 Coordinate File             liquid-e070-v100.arc

 Instantaneous Values for Frame Saved at     33000 Dynamics Steps

 Current Time                66.00000000 Picosecond
 Current Potential        -7974.22415706 Kcal/mole
 Current Kinetic           2403.11420880 Kcal/mole
 Lattice Lengths           29.93112183     29.93112183     29.93112183
 Lattice Angles            90.00000000     90.00000000     90.00000000
 Frame Number                     66
 Coordinate File             liquid-e070-v100.arc

 Instantaneous Values for Frame Saved at     33500 Dynamics Steps

 Current Time                67.00000000 Picosecond
 Current Potential        -8060.10671148 Kcal/mole
 Current Kinetic           2422.13881726 Kcal/mole
 Lattice Lengths           29.94395256     29.94395256     29.94395256
 Lattice Angles            90.00000000     90.00000000     90.00000000
 Frame Number                     67
 Coordinate File             liquid-e070-v100.arc

 Instantaneous Values for Frame Saved at     34000 Dynamics Steps

 Current Time                68.00000000 Picosecond
 Current Potential        -8027.83117427 Kcal/mole
 Current Kinetic           2434.01989814 Kcal/mole
 Lattice Lengths           29.93220139     29.93220139     29.93220139
 Lattice Angles            90.00000000     90.00000000     90.00000000
 Frame Number                     68
 Coordinate File             liquid-e070-v100.arc

 Instantaneous Values for Frame Saved at     34500 Dynamics Steps

 Current Time                69.00000000 Picosecond
 Current Potential        -8012.29590641 Kcal/mole
 Current Kinetic           2422.44926916 Kcal/mole
 Lattice Lengths           29.96527290     29.96527290     29.96527290
 Lattice Angles            90.00000000     90.00000000     90.00000000
 Frame Number                     69
 Coordinate File             liquid-e070-v100.arc

 Instantaneous Values for Frame Saved at     35000 Dynamics Steps

 Current Time                70.00000000 Picosecond
 Current Potential        -7946.05296411 Kcal/mole
 Current Kinetic           2425.41713524 Kcal/mole
 Lattice Lengths           29.94579697     29.94579697     29.94579697
 Lattice Angles            90.00000000     90.00000000     90.00000000
 Frame Number                     70
 Coordinate File             liquid-e070-v100.arc

 Instantaneous Values for Frame Saved at     35500 Dynamics Steps

 Current Time                71.00000000 Picosecond
 Current Potential        -8000.44694869 Kcal/mole
 Current Kinetic           2381.40605234 Kcal/mole
 Lattice Lengths           29.93432999     29.93432999     29.93432999
 Lattice Angles            90.00000000     90.00000000     90.00000000
 Frame Number                     71
 Coordinate File             liquid-e070-v100.arc

 Instantaneous Values for Frame Saved at     36000 Dynamics Steps

 Current Time                72.00000000 Picosecond
 Current Potential        -8126.73096749 Kcal/mole
 Current Kinetic           2430.17197662 Kcal/mole
 Lattice Lengths           29.92991638     29.92991638     29.92991638
 Lattice Angles            90.00000000     90.00000000     90.00000000
 Frame Number                     72
 Coordinate File             liquid-e070-v100.arc

 Instantaneous Values for Frame Saved at     36500 Dynamics Steps

 Current Time                73.00000000 Picosecond
 Current Potential        -8073.69012648 Kcal/mole
 Current Kinetic           2398.49847778 Kcal/mole
 Lattice Lengths           29.91665459     29.91665459     29.91665459
 Lattice Angles            90.00000000     90.00000000     90.00000000
 Frame Number                     73
 Coordinate File             liquid-e070-v100.arc

 Instantaneous Values for Frame Saved at     37000 Dynamics Steps

 Current Time                74.00000000 Picosecond
 Current Potential        -8024.68560356 Kcal/mole
 Current Kinetic           2396.18484979 Kcal/mole
 Lattice Lengths           29.90583992     29.90583992     29.90583992
 Lattice Angles            90.00000000     90.00000000     90.00000000
 Frame Number                     74
 Coordinate File             liquid-e070-v100.arc

 Instantaneous Values for Frame Saved at     37500 Dynamics Steps

 Current Time                75.00000000 Picosecond
 Current Potential        -8147.65499541 Kcal/mole
 Current Kinetic           2396.85645678 Kcal/mole
 Lattice Lengths           29.87259483     29.87259483     29.87259483
 Lattice Angles            90.00000000     90.00000000     90.00000000
 Frame Number                     75
 Coordinate File             liquid-e070-v100.arc

 Instantaneous Values for Frame Saved at     38000 Dynamics Steps

 Current Time                76.00000000 Picosecond
 Current Potential        -8024.38783261 Kcal/mole
 Current Kinetic           2406.69108342 Kcal/mole
 Lattice Lengths           29.90434647     29.90434647     29.90434647
 Lattice Angles            90.00000000     90.00000000     90.00000000
 Frame Number                     76
 Coordinate File             liquid-e070-v100.arc

 Instantaneous Values for Frame Saved at     38500 Dynamics Steps

 Current Time                77.00000000 Picosecond
 Current Potential        -7997.87159320 Kcal/mole
 Current Kinetic           2382.82337910 Kcal/mole
 Lattice Lengths           29.92875862     29.92875862     29.92875862
 Lattice Angles            90.00000000     90.00000000     90.00000000
 Frame Number                     77
 Coordinate File             liquid-e070-v100.arc

 Instantaneous Values for Frame Saved at     39000 Dynamics Steps

 Current Time                78.00000000 Picosecond
 Current Potential        -8085.72895518 Kcal/mole
 Current Kinetic           2413.51015318 Kcal/mole
 Lattice Lengths           29.96296883     29.96296883     29.96296883
 Lattice Angles            90.00000000     90.00000000     90.00000000
 Frame Number                     78
 Coordinate File             liquid-e070-v100.arc

 Instantaneous Values for Frame Saved at     39500 Dynamics Steps

 Current Time                79.00000000 Picosecond
 Current Potential        -8096.31335196 Kcal/mole
 Current Kinetic           2355.48289523 Kcal/mole
 Lattice Lengths           29.94997406     29.94997406     29.94997406
 Lattice Angles            90.00000000     90.00000000     90.00000000
 Frame Number                     79
 Coordinate File             liquid-e070-v100.arc

 Instantaneous Values for Frame Saved at     40000 Dynamics Steps

 Current Time                80.00000000 Picosecond
 Current Potential        -8115.33830564 Kcal/mole
 Current Kinetic           2407.48208961 Kcal/mole
 Lattice Lengths           29.99898911     29.99898911     29.99898911
 Lattice Angles            90.00000000     90.00000000     90.00000000
 Frame Number                     80
 Coordinate File             liquid-e070-v100.arc

 Instantaneous Values for Frame Saved at     40500 Dynamics Steps

 Current Time                81.00000000 Picosecond
 Current Potential        -8044.70805321 Kcal/mole
 Current Kinetic           2394.48724054 Kcal/mole
 Lattice Lengths           29.97532845     29.97532845     29.97532845
 Lattice Angles            90.00000000     90.00000000     90.00000000
 Frame Number                     81
 Coordinate File             liquid-e070-v100.arc

 Instantaneous Values for Frame Saved at     41000 Dynamics Steps

 Current Time                82.00000000 Picosecond
 Current Potential        -8010.74106490 Kcal/mole
 Current Kinetic           2374.90520507 Kcal/mole
 Lattice Lengths           29.94809723     29.94809723     29.94809723
 Lattice Angles            90.00000000     90.00000000     90.00000000
 Frame Number                     82
 Coordinate File             liquid-e070-v100.arc

 Instantaneous Values for Frame Saved at     41500 Dynamics Steps

 Current Time                83.00000000 Picosecond
 Current Potential        -8107.56410669 Kcal/mole
 Current Kinetic           2438.60070885 Kcal/mole
 Lattice Lengths           29.97545815     29.97545815     29.97545815
 Lattice Angles            90.00000000     90.00000000     90.00000000
 Frame Number                     83
 Coordinate File             liquid-e070-v100.arc

 Instantaneous Values for Frame Saved at     42000 Dynamics Steps

 Current Time                84.00000000 Picosecond
 Current Potential        -7945.25081384 Kcal/mole
 Current Kinetic           2429.27378086 Kcal/mole
 Lattice Lengths           29.94384575     29.94384575     29.94384575
 Lattice Angles            90.00000000     90.00000000     90.00000000
 Frame Number                     84
 Coordinate File             liquid-e070-v100.arc

 Instantaneous Values for Frame Saved at     42500 Dynamics Steps

 Current Time                85.00000000 Picosecond
 Current Potential        -8005.10953330 Kcal/mole
 Current Kinetic           2397.19411771 Kcal/mole
 Lattice Lengths           29.90563011     29.90563011     29.90563011
 Lattice Angles            90.00000000     90.00000000     90.00000000
 Frame Number                     85
 Coordinate File             liquid-e070-v100.arc

 Instantaneous Values for Frame Saved at     43000 Dynamics Steps

 Current Time                86.00000000 Picosecond
 Current Potential        -8090.81333151 Kcal/mole
 Current Kinetic           2440.72693300 Kcal/mole
 Lattice Lengths           29.88425255     29.88425255     29.88425255
 Lattice Angles            90.00000000     90.00000000     90.00000000
 Frame Number                     86
 Coordinate File             liquid-e070-v100.arc

 Instantaneous Values for Frame Saved at     43500 Dynamics Steps

 Current Time                87.00000000 Picosecond
 Current Potential        -8078.60777265 Kcal/mole
 Current Kinetic           2412.84288981 Kcal/mole
 Lattice Lengths           29.87803268     29.87803268     29.87803268
 Lattice Angles            90.00000000     90.00000000     90.00000000
 Frame Number                     87
 Coordinate File             liquid-e070-v100.arc

 Instantaneous Values for Frame Saved at     44000 Dynamics Steps

 Current Time                88.00000000 Picosecond
 Current Potential        -8080.02354426 Kcal/mole
 Current Kinetic           2388.87139920 Kcal/mole
 Lattice Lengths           29.87017059     29.87017059     29.87017059
 Lattice Angles            90.00000000     90.00000000     90.00000000
 Frame Number                     88
 Coordinate File             liquid-e070-v100.arc

 Instantaneous Values for Frame Saved at     44500 Dynamics Steps

 Current Time                89.00000000 Picosecond
 Current Potential        -8083.32074336 Kcal/mole
 Current Kinetic           2434.75282700 Kcal/mole
 Lattice Lengths           29.91399956     29.91399956     29.91399956
 Lattice Angles            90.00000000     90.00000000     90.00000000
 Frame Number                     89
 Coordinate File             liquid-e070-v100.arc

 Instantaneous Values for Frame Saved at     45000 Dynamics Steps

 Current Time                90.00000000 Picosecond
 Current Potential        -7986.52909460 Kcal/mole
 Current Kinetic           2362.44148210 Kcal/mole
 Lattice Lengths           29.91629982     29.91629982     29.91629982
 Lattice Angles            90.00000000     90.00000000     90.00000000
 Frame Number                     90
 Coordinate File             liquid-e070-v100.arc

 Instantaneous Values for Frame Saved at     45500 Dynamics Steps

 Current Time                91.00000000 Picosecond
 Current Potential        -8039.41457508 Kcal/mole
 Current Kinetic           2345.28039077 Kcal/mole
 Lattice Lengths           29.86823082     29.86823082     29.86823082
 Lattice Angles            90.00000000     90.00000000     90.00000000
 Frame Number                     91
 Coordinate File             liquid-e070-v100.arc

 Instantaneous Values for Frame Saved at     46000 Dynamics Steps

 Current Time                92.00000000 Picosecond
 Current Potential        -8016.95635514 Kcal/mole
 Current Kinetic           2411.73340730 Kcal/mole
 Lattice Lengths           29.87769699     29.87769699     29.87769699
 Lattice Angles            90.00000000     90.00000000     90.00000000
 Frame Number                     92
 Coordinate File             liquid-e070-v100.arc

 Instantaneous Values for Frame Saved at     46500 Dynamics Steps

 Current Time                93.00000000 Picosecond
 Current Potential        -8022.65200893 Kcal/mole
 Current Kinetic           2450.61869555 Kcal/mole
 Lattice Lengths           29.91398430     29.91398430     29.91398430
 Lattice Angles            90.00000000     90.00000000     90.00000000
 Frame Number                     93
 Coordinate File             liquid-e070-v100.arc

 Instantaneous Values for Frame Saved at     47000 Dynamics Steps

 Current Time                94.00000000 Picosecond
 Current Potential        -8174.69535938 Kcal/mole
 Current Kinetic           2427.69479790 Kcal/mole
 Lattice Lengths           29.93752480     29.93752480     29.93752480
 Lattice Angles            90.00000000     90.00000000     90.00000000
 Frame Number                     94
 Coordinate File             liquid-e070-v100.arc

 Instantaneous Values for Frame Saved at     47500 Dynamics Steps

 Current Time                95.00000000 Picosecond
 Current Potential        -8041.72982895 Kcal/mole
 Current Kinetic           2444.32193205 Kcal/mole
 Lattice Lengths           29.97827911     29.97827911     29.97827911
 Lattice Angles            90.00000000     90.00000000     90.00000000
 Frame Number                     95
 Coordinate File             liquid-e070-v100.arc

 Instantaneous Values for Frame Saved at     48000 Dynamics Steps

 Current Time                96.00000000 Picosecond
 Current Potential        -8064.47695985 Kcal/mole
 Current Kinetic           2424.81520133 Kcal/mole
 Lattice Lengths           29.96919823     29.96919823     29.96919823
 Lattice Angles            90.00000000     90.00000000     90.00000000
 Frame Number                     96
 Coordinate File             liquid-e070-v100.arc

 Instantaneous Values for Frame Saved at     48500 Dynamics Steps

 Current Time                97.00000000 Picosecond
 Current Potential        -8165.63152629 Kcal/mole
 Current Kinetic           2421.33662500 Kcal/mole
 Lattice Lengths           30.00304794     30.00304794     30.00304794
 Lattice Angles            90.00000000     90.00000000     90.00000000
 Frame Number                     97
 Coordinate File             liquid-e070-v100.arc

 Instantaneous Values for Frame Saved at     49000 Dynamics Steps

 Current Time                98.00000000 Picosecond
 Current Potential        -8095.88551820 Kcal/mole
 Current Kinetic           2414.37005805 Kcal/mole
 Lattice Lengths           29.95524597     29.95524597     29.95524597
 Lattice Angles            90.00000000     90.00000000     90.00000000
 Frame Number                     98
 Coordinate File             liquid-e070-v100.arc

 Instantaneous Values for Frame Saved at     49500 Dynamics Steps

 Current Time                99.00000000 Picosecond
 Current Potential        -8006.65998823 Kcal/mole
 Current Kinetic           2441.26603332 Kcal/mole
 Lattice Lengths           29.94666672     29.94666672     29.94666672
 Lattice Angles            90.00000000     90.00000000     90.00000000
 Frame Number                     99
 Coordinate File             liquid-e070-v100.arc

 Instantaneous Values for Frame Saved at     50000 Dynamics Steps

 Current Time               100.00000000 Picosecond
 Current Potential        -8134.86975223 Kcal/mole
 Current Kinetic           2452.04868844 Kcal/mole
 Lattice Lengths           29.92617226     29.92617226     29.92617226
 Lattice Angles            90.00000000     90.00000000     90.00000000
 Frame Number                    100
 Coordinate File             liquid-e070-v100.arc

 Performance:  ns/day              39.0048
               Wall Time          221.5114
               Steps                 50000
               Updates                 100
               Time Step            2.0000
               Atoms                  2695
