
     ######################################################################    
   ##########################################################################  
  ###                                                                      ### 
 ###            Tinker9  --  Software Tools for Molecular Design            ###
 ##                                                                          ##
 ##                      Version 1.0.0-rc  January 2021                      ##
 ##                                                                          ##
 ##                 Copyright (c)  Zhi Wang & the Ponder Lab                 ##
 ###                           All Rights Reserved                          ###
  ###                                                                      ### 
   ##########################################################################  
     ######################################################################    

 Compiled at:  16:31:56  Sep 10 2021
 Commit Date:  Mon Aug 16 01:28:23 2021 -0500
 Commit:       b78a5351

 Primary GPU package :  CUDA

 GPU Device :  Setting Device ID to 0 from GPU utilization
 Molecular Dynamics Trajectory via r-RESPA MTS Algorithm

 Free Energy Perturbation :          1.000 Lambda for Torsional Angles
 Free Energy Perturbation :          0.670 Lambda for van der Waals
 Free Energy Perturbation :          0.000 Lambda for Electrostatics

 Instantaneous Values for Frame Saved at       500 Dynamics Steps

 Current Time                 1.00000000 Picosecond
 Current Potential        -6502.30368626 Kcal/mole
 Current Kinetic           2656.23183269 Kcal/mole
 Lattice Lengths           30.09260559     30.09260559     30.09260559
 Lattice Angles            90.00000000     90.00000000     90.00000000
 Frame Number                      1
 Coordinate File             liquid-e000-v067.arc

 Instantaneous Values for Frame Saved at      1000 Dynamics Steps

 Current Time                 2.00000000 Picosecond
 Current Potential        -7297.61875285 Kcal/mole
 Current Kinetic           2512.45515671 Kcal/mole
 Lattice Lengths           30.17733574     30.17733574     30.17733574
 Lattice Angles            90.00000000     90.00000000     90.00000000
 Frame Number                      2
 Coordinate File             liquid-e000-v067.arc

 Instantaneous Values for Frame Saved at      1500 Dynamics Steps

 Current Time                 3.00000000 Picosecond
 Current Potential        -7360.65375754 Kcal/mole
 Current Kinetic           2423.31980935 Kcal/mole
 Lattice Lengths           30.20805550     30.20805550     30.20805550
 Lattice Angles            90.00000000     90.00000000     90.00000000
 Frame Number                      3
 Coordinate File             liquid-e000-v067.arc

 Instantaneous Values for Frame Saved at      2000 Dynamics Steps

 Current Time                 4.00000000 Picosecond
 Current Potential        -7502.20032274 Kcal/mole
 Current Kinetic           2473.86306309 Kcal/mole
 Lattice Lengths           30.09734535     30.09734535     30.09734535
 Lattice Angles            90.00000000     90.00000000     90.00000000
 Frame Number                      4
 Coordinate File             liquid-e000-v067.arc

 Instantaneous Values for Frame Saved at      2500 Dynamics Steps

 Current Time                 5.00000000 Picosecond
 Current Potential        -7608.36270205 Kcal/mole
 Current Kinetic           2426.83995018 Kcal/mole
 Lattice Lengths           30.13834381     30.13834381     30.13834381
 Lattice Angles            90.00000000     90.00000000     90.00000000
 Frame Number                      5
 Coordinate File             liquid-e000-v067.arc

 Instantaneous Values for Frame Saved at      3000 Dynamics Steps

 Current Time                 6.00000000 Picosecond
 Current Potential        -7564.31344866 Kcal/mole
 Current Kinetic           2362.82235474 Kcal/mole
 Lattice Lengths           30.10100365     30.10100365     30.10100365
 Lattice Angles            90.00000000     90.00000000     90.00000000
 Frame Number                      6
 Coordinate File             liquid-e000-v067.arc

 Instantaneous Values for Frame Saved at      3500 Dynamics Steps

 Current Time                 7.00000000 Picosecond
 Current Potential        -7713.25625496 Kcal/mole
 Current Kinetic           2402.96335993 Kcal/mole
 Lattice Lengths           29.91037178     29.91037178     29.91037178
 Lattice Angles            90.00000000     90.00000000     90.00000000
 Frame Number                      7
 Coordinate File             liquid-e000-v067.arc

 Instantaneous Values for Frame Saved at      4000 Dynamics Steps

 Current Time                 8.00000000 Picosecond
 Current Potential        -7733.07281032 Kcal/mole
 Current Kinetic           2431.42702887 Kcal/mole
 Lattice Lengths           29.90504837     29.90504837     29.90504837
 Lattice Angles            90.00000000     90.00000000     90.00000000
 Frame Number                      8
 Coordinate File             liquid-e000-v067.arc

 Instantaneous Values for Frame Saved at      4500 Dynamics Steps

 Current Time                 9.00000000 Picosecond
 Current Potential        -7742.39797981 Kcal/mole
 Current Kinetic           2409.76468719 Kcal/mole
 Lattice Lengths           29.94010544     29.94010544     29.94010544
 Lattice Angles            90.00000000     90.00000000     90.00000000
 Frame Number                      9
 Coordinate File             liquid-e000-v067.arc

 Instantaneous Values for Frame Saved at      5000 Dynamics Steps

 Current Time                10.00000000 Picosecond
 Current Potential        -7795.47290519 Kcal/mole
 Current Kinetic           2398.20231054 Kcal/mole
 Lattice Lengths           30.03096390     30.03096390     30.03096390
 Lattice Angles            90.00000000     90.00000000     90.00000000
 Frame Number                     10
 Coordinate File             liquid-e000-v067.arc

 Instantaneous Values for Frame Saved at      5500 Dynamics Steps

 Current Time                11.00000000 Picosecond
 Current Potential        -7813.03044280 Kcal/mole
 Current Kinetic           2392.44542684 Kcal/mole
 Lattice Lengths           30.00290298     30.00290298     30.00290298
 Lattice Angles            90.00000000     90.00000000     90.00000000
 Frame Number                     11
 Coordinate File             liquid-e000-v067.arc

 Instantaneous Values for Frame Saved at      6000 Dynamics Steps

 Current Time                12.00000000 Picosecond
 Current Potential        -7843.05438445 Kcal/mole
 Current Kinetic           2492.44480716 Kcal/mole
 Lattice Lengths           29.93474197     29.93474197     29.93474197
 Lattice Angles            90.00000000     90.00000000     90.00000000
 Frame Number                     12
 Coordinate File             liquid-e000-v067.arc

 Instantaneous Values for Frame Saved at      6500 Dynamics Steps

 Current Time                13.00000000 Picosecond
 Current Potential        -7813.82396108 Kcal/mole
 Current Kinetic           2466.25163120 Kcal/mole
 Lattice Lengths           29.86096382     29.86096382     29.86096382
 Lattice Angles            90.00000000     90.00000000     90.00000000
 Frame Number                     13
 Coordinate File             liquid-e000-v067.arc

 Instantaneous Values for Frame Saved at      7000 Dynamics Steps

 Current Time                14.00000000 Picosecond
 Current Potential        -7852.52906963 Kcal/mole
 Current Kinetic           2410.76243909 Kcal/mole
 Lattice Lengths           30.04901695     30.04901695     30.04901695
 Lattice Angles            90.00000000     90.00000000     90.00000000
 Frame Number                     14
 Coordinate File             liquid-e000-v067.arc

 Instantaneous Values for Frame Saved at      7500 Dynamics Steps

 Current Time                15.00000000 Picosecond
 Current Potential        -7821.53987799 Kcal/mole
 Current Kinetic           2436.86110736 Kcal/mole
 Lattice Lengths           30.06244469     30.06244469     30.06244469
 Lattice Angles            90.00000000     90.00000000     90.00000000
 Frame Number                     15
 Coordinate File             liquid-e000-v067.arc

 Instantaneous Values for Frame Saved at      8000 Dynamics Steps

 Current Time                16.00000000 Picosecond
 Current Potential        -7905.49355501 Kcal/mole
 Current Kinetic           2406.29524918 Kcal/mole
 Lattice Lengths           30.00448036     30.00448036     30.00448036
 Lattice Angles            90.00000000     90.00000000     90.00000000
 Frame Number                     16
 Coordinate File             liquid-e000-v067.arc

 Instantaneous Values for Frame Saved at      8500 Dynamics Steps

 Current Time                17.00000000 Picosecond
 Current Potential        -8004.64950737 Kcal/mole
 Current Kinetic           2408.31091926 Kcal/mole
 Lattice Lengths           29.92551994     29.92551994     29.92551994
 Lattice Angles            90.00000000     90.00000000     90.00000000
 Frame Number                     17
 Coordinate File             liquid-e000-v067.arc

 Instantaneous Values for Frame Saved at      9000 Dynamics Steps

 Current Time                18.00000000 Picosecond
 Current Potential        -7937.76627757 Kcal/mole
 Current Kinetic           2347.95123927 Kcal/mole
 Lattice Lengths           29.88689232     29.88689232     29.88689232
 Lattice Angles            90.00000000     90.00000000     90.00000000
 Frame Number                     18
 Coordinate File             liquid-e000-v067.arc

 Instantaneous Values for Frame Saved at      9500 Dynamics Steps

 Current Time                19.00000000 Picosecond
 Current Potential        -7881.74435264 Kcal/mole
 Current Kinetic           2461.21460679 Kcal/mole
 Lattice Lengths           29.97563171     29.97563171     29.97563171
 Lattice Angles            90.00000000     90.00000000     90.00000000
 Frame Number                     19
 Coordinate File             liquid-e000-v067.arc

 Instantaneous Values for Frame Saved at     10000 Dynamics Steps

 Current Time                20.00000000 Picosecond
 Current Potential        -7955.29713173 Kcal/mole
 Current Kinetic           2376.30976990 Kcal/mole
 Lattice Lengths           29.96976280     29.96976280     29.96976280
 Lattice Angles            90.00000000     90.00000000     90.00000000
 Frame Number                     20
 Coordinate File             liquid-e000-v067.arc

 Instantaneous Values for Frame Saved at     10500 Dynamics Steps

 Current Time                21.00000000 Picosecond
 Current Potential        -7959.09422867 Kcal/mole
 Current Kinetic           2390.61743962 Kcal/mole
 Lattice Lengths           29.89655685     29.89655685     29.89655685
 Lattice Angles            90.00000000     90.00000000     90.00000000
 Frame Number                     21
 Coordinate File             liquid-e000-v067.arc

 Instantaneous Values for Frame Saved at     11000 Dynamics Steps

 Current Time                22.00000000 Picosecond
 Current Potential        -7918.93529746 Kcal/mole
 Current Kinetic           2357.34052166 Kcal/mole
 Lattice Lengths           29.90789032     29.90789032     29.90789032
 Lattice Angles            90.00000000     90.00000000     90.00000000
 Frame Number                     22
 Coordinate File             liquid-e000-v067.arc

 Instantaneous Values for Frame Saved at     11500 Dynamics Steps

 Current Time                23.00000000 Picosecond
 Current Potential        -7994.49358481 Kcal/mole
 Current Kinetic           2431.32250944 Kcal/mole
 Lattice Lengths           29.94273758     29.94273758     29.94273758
 Lattice Angles            90.00000000     90.00000000     90.00000000
 Frame Number                     23
 Coordinate File             liquid-e000-v067.arc

 Instantaneous Values for Frame Saved at     12000 Dynamics Steps

 Current Time                24.00000000 Picosecond
 Current Potential        -7938.18658191 Kcal/mole
 Current Kinetic           2393.37553978 Kcal/mole
 Lattice Lengths           30.07739639     30.07739639     30.07739639
 Lattice Angles            90.00000000     90.00000000     90.00000000
 Frame Number                     24
 Coordinate File             liquid-e000-v067.arc

 Instantaneous Values for Frame Saved at     12500 Dynamics Steps

 Current Time                25.00000000 Picosecond
 Current Potential        -7940.83908005 Kcal/mole
 Current Kinetic           2512.09748210 Kcal/mole
 Lattice Lengths           29.96938705     29.96938705     29.96938705
 Lattice Angles            90.00000000     90.00000000     90.00000000
 Frame Number                     25
 Coordinate File             liquid-e000-v067.arc

 Instantaneous Values for Frame Saved at     13000 Dynamics Steps

 Current Time                26.00000000 Picosecond
 Current Potential        -7995.68347535 Kcal/mole
 Current Kinetic           2410.49802560 Kcal/mole
 Lattice Lengths           29.91531372     29.91531372     29.91531372
 Lattice Angles            90.00000000     90.00000000     90.00000000
 Frame Number                     26
 Coordinate File             liquid-e000-v067.arc

 Instantaneous Values for Frame Saved at     13500 Dynamics Steps

 Current Time                27.00000000 Picosecond
 Current Potential        -7927.24678573 Kcal/mole
 Current Kinetic           2418.97624164 Kcal/mole
 Lattice Lengths           29.92124557     29.92124557     29.92124557
 Lattice Angles            90.00000000     90.00000000     90.00000000
 Frame Number                     27
 Coordinate File             liquid-e000-v067.arc

 Instantaneous Values for Frame Saved at     14000 Dynamics Steps

 Current Time                28.00000000 Picosecond
 Current Potential        -7962.82698213 Kcal/mole
 Current Kinetic           2413.02080624 Kcal/mole
 Lattice Lengths           29.90100098     29.90100098     29.90100098
 Lattice Angles            90.00000000     90.00000000     90.00000000
 Frame Number                     28
 Coordinate File             liquid-e000-v067.arc

 Instantaneous Values for Frame Saved at     14500 Dynamics Steps

 Current Time                29.00000000 Picosecond
 Current Potential        -7946.44697433 Kcal/mole
 Current Kinetic           2411.78776366 Kcal/mole
 Lattice Lengths           29.80134010     29.80134010     29.80134010
 Lattice Angles            90.00000000     90.00000000     90.00000000
 Frame Number                     29
 Coordinate File             liquid-e000-v067.arc

 Instantaneous Values for Frame Saved at     15000 Dynamics Steps

 Current Time                30.00000000 Picosecond
 Current Potential        -8013.37438312 Kcal/mole
 Current Kinetic           2398.14021210 Kcal/mole
 Lattice Lengths           29.72118187     29.72118187     29.72118187
 Lattice Angles            90.00000000     90.00000000     90.00000000
 Frame Number                     30
 Coordinate File             liquid-e000-v067.arc

 Instantaneous Values for Frame Saved at     15500 Dynamics Steps

 Current Time                31.00000000 Picosecond
 Current Potential        -7969.03325119 Kcal/mole
 Current Kinetic           2455.25700693 Kcal/mole
 Lattice Lengths           29.81933784     29.81933784     29.81933784
 Lattice Angles            90.00000000     90.00000000     90.00000000
 Frame Number                     31
 Coordinate File             liquid-e000-v067.arc

 Instantaneous Values for Frame Saved at     16000 Dynamics Steps

 Current Time                32.00000000 Picosecond
 Current Potential        -7912.46997267 Kcal/mole
 Current Kinetic           2419.75254376 Kcal/mole
 Lattice Lengths           29.83692169     29.83692169     29.83692169
 Lattice Angles            90.00000000     90.00000000     90.00000000
 Frame Number                     32
 Coordinate File             liquid-e000-v067.arc

 Instantaneous Values for Frame Saved at     16500 Dynamics Steps

 Current Time                33.00000000 Picosecond
 Current Potential        -7948.69956045 Kcal/mole
 Current Kinetic           2455.41467264 Kcal/mole
 Lattice Lengths           29.83438683     29.83438683     29.83438683
 Lattice Angles            90.00000000     90.00000000     90.00000000
 Frame Number                     33
 Coordinate File             liquid-e000-v067.arc

 Instantaneous Values for Frame Saved at     17000 Dynamics Steps

 Current Time                34.00000000 Picosecond
 Current Potential        -8019.96845211 Kcal/mole
 Current Kinetic           2374.20421918 Kcal/mole
 Lattice Lengths           29.80601692     29.80601692     29.80601692
 Lattice Angles            90.00000000     90.00000000     90.00000000
 Frame Number                     34
 Coordinate File             liquid-e000-v067.arc

 Instantaneous Values for Frame Saved at     17500 Dynamics Steps

 Current Time                35.00000000 Picosecond
 Current Potential        -7976.24521891 Kcal/mole
 Current Kinetic           2387.46094499 Kcal/mole
 Lattice Lengths           29.88080215     29.88080215     29.88080215
 Lattice Angles            90.00000000     90.00000000     90.00000000
 Frame Number                     35
 Coordinate File             liquid-e000-v067.arc

 Instantaneous Values for Frame Saved at     18000 Dynamics Steps

 Current Time                36.00000000 Picosecond
 Current Potential        -7922.12285829 Kcal/mole
 Current Kinetic           2452.09990742 Kcal/mole
 Lattice Lengths           29.90533829     29.90533829     29.90533829
 Lattice Angles            90.00000000     90.00000000     90.00000000
 Frame Number                     36
 Coordinate File             liquid-e000-v067.arc

 Instantaneous Values for Frame Saved at     18500 Dynamics Steps

 Current Time                37.00000000 Picosecond
 Current Potential        -7938.77753941 Kcal/mole
 Current Kinetic           2384.80872406 Kcal/mole
 Lattice Lengths           29.96286774     29.96286774     29.96286774
 Lattice Angles            90.00000000     90.00000000     90.00000000
 Frame Number                     37
 Coordinate File             liquid-e000-v067.arc

 Instantaneous Values for Frame Saved at     19000 Dynamics Steps

 Current Time                38.00000000 Picosecond
 Current Potential        -7854.02268979 Kcal/mole
 Current Kinetic           2399.09447980 Kcal/mole
 Lattice Lengths           30.02136803     30.02136803     30.02136803
 Lattice Angles            90.00000000     90.00000000     90.00000000
 Frame Number                     38
 Coordinate File             liquid-e000-v067.arc

 Instantaneous Values for Frame Saved at     19500 Dynamics Steps

 Current Time                39.00000000 Picosecond
 Current Potential        -7905.69752830 Kcal/mole
 Current Kinetic           2426.85425913 Kcal/mole
 Lattice Lengths           29.90780067     29.90780067     29.90780067
 Lattice Angles            90.00000000     90.00000000     90.00000000
 Frame Number                     39
 Coordinate File             liquid-e000-v067.arc

 Instantaneous Values for Frame Saved at     20000 Dynamics Steps

 Current Time                40.00000000 Picosecond
 Current Potential        -7900.04963938 Kcal/mole
 Current Kinetic           2440.35885708 Kcal/mole
 Lattice Lengths           29.90740204     29.90740204     29.90740204
 Lattice Angles            90.00000000     90.00000000     90.00000000
 Frame Number                     40
 Coordinate File             liquid-e000-v067.arc

 Instantaneous Values for Frame Saved at     20500 Dynamics Steps

 Current Time                41.00000000 Picosecond
 Current Potential        -7890.84640163 Kcal/mole
 Current Kinetic           2348.32042566 Kcal/mole
 Lattice Lengths           29.85215759     29.85215759     29.85215759
 Lattice Angles            90.00000000     90.00000000     90.00000000
 Frame Number                     41
 Coordinate File             liquid-e000-v067.arc

 Instantaneous Values for Frame Saved at     21000 Dynamics Steps

 Current Time                42.00000000 Picosecond
 Current Potential        -8003.15816837 Kcal/mole
 Current Kinetic           2459.89551150 Kcal/mole
 Lattice Lengths           29.87475204     29.87475204     29.87475204
 Lattice Angles            90.00000000     90.00000000     90.00000000
 Frame Number                     42
 Coordinate File             liquid-e000-v067.arc

 Instantaneous Values for Frame Saved at     21500 Dynamics Steps

 Current Time                43.00000000 Picosecond
 Current Potential        -7918.87354532 Kcal/mole
 Current Kinetic           2423.51054283 Kcal/mole
 Lattice Lengths           29.89807701     29.89807701     29.89807701
 Lattice Angles            90.00000000     90.00000000     90.00000000
 Frame Number                     43
 Coordinate File             liquid-e000-v067.arc

 Instantaneous Values for Frame Saved at     22000 Dynamics Steps

 Current Time                44.00000000 Picosecond
 Current Potential        -7964.07865022 Kcal/mole
 Current Kinetic           2381.25893864 Kcal/mole
 Lattice Lengths           29.86478424     29.86478424     29.86478424
 Lattice Angles            90.00000000     90.00000000     90.00000000
 Frame Number                     44
 Coordinate File             liquid-e000-v067.arc

 Instantaneous Values for Frame Saved at     22500 Dynamics Steps

 Current Time                45.00000000 Picosecond
 Current Potential        -8030.98883151 Kcal/mole
 Current Kinetic           2451.82461342 Kcal/mole
 Lattice Lengths           29.88142586     29.88142586     29.88142586
 Lattice Angles            90.00000000     90.00000000     90.00000000
 Frame Number                     45
 Coordinate File             liquid-e000-v067.arc

 Instantaneous Values for Frame Saved at     23000 Dynamics Steps

 Current Time                46.00000000 Picosecond
 Current Potential        -8080.28270188 Kcal/mole
 Current Kinetic           2426.85008277 Kcal/mole
 Lattice Lengths           29.89138794     29.89138794     29.89138794
 Lattice Angles            90.00000000     90.00000000     90.00000000
 Frame Number                     46
 Coordinate File             liquid-e000-v067.arc

 Instantaneous Values for Frame Saved at     23500 Dynamics Steps

 Current Time                47.00000000 Picosecond
 Current Potential        -7960.51962574 Kcal/mole
 Current Kinetic           2406.95008979 Kcal/mole
 Lattice Lengths           29.86964226     29.86964226     29.86964226
 Lattice Angles            90.00000000     90.00000000     90.00000000
 Frame Number                     47
 Coordinate File             liquid-e000-v067.arc

 Instantaneous Values for Frame Saved at     24000 Dynamics Steps

 Current Time                48.00000000 Picosecond
 Current Potential        -8003.70451267 Kcal/mole
 Current Kinetic           2422.58618442 Kcal/mole
 Lattice Lengths           29.72846985     29.72846985     29.72846985
 Lattice Angles            90.00000000     90.00000000     90.00000000
 Frame Number                     48
 Coordinate File             liquid-e000-v067.arc

 Instantaneous Values for Frame Saved at     24500 Dynamics Steps

 Current Time                49.00000000 Picosecond
 Current Potential        -7964.09568538 Kcal/mole
 Current Kinetic           2424.06343869 Kcal/mole
 Lattice Lengths           29.81693077     29.81693077     29.81693077
 Lattice Angles            90.00000000     90.00000000     90.00000000
 Frame Number                     49
 Coordinate File             liquid-e000-v067.arc

 Instantaneous Values for Frame Saved at     25000 Dynamics Steps

 Current Time                50.00000000 Picosecond
 Current Potential        -7941.74200818 Kcal/mole
 Current Kinetic           2419.90864716 Kcal/mole
 Lattice Lengths           29.75140190     29.75140190     29.75140190
 Lattice Angles            90.00000000     90.00000000     90.00000000
 Frame Number                     50
 Coordinate File             liquid-e000-v067.arc

 Instantaneous Values for Frame Saved at     25500 Dynamics Steps

 Current Time                51.00000000 Picosecond
 Current Potential        -8074.10920624 Kcal/mole
 Current Kinetic           2411.62042815 Kcal/mole
 Lattice Lengths           29.86098289     29.86098289     29.86098289
 Lattice Angles            90.00000000     90.00000000     90.00000000
 Frame Number                     51
 Coordinate File             liquid-e000-v067.arc

 Instantaneous Values for Frame Saved at     26000 Dynamics Steps

 Current Time                52.00000000 Picosecond
 Current Potential        -7985.27535301 Kcal/mole
 Current Kinetic           2477.65205540 Kcal/mole
 Lattice Lengths           29.85871315     29.85871315     29.85871315
 Lattice Angles            90.00000000     90.00000000     90.00000000
 Frame Number                     52
 Coordinate File             liquid-e000-v067.arc

 Instantaneous Values for Frame Saved at     26500 Dynamics Steps

 Current Time                53.00000000 Picosecond
 Current Potential        -8027.03405118 Kcal/mole
 Current Kinetic           2383.81450421 Kcal/mole
 Lattice Lengths           29.82612801     29.82612801     29.82612801
 Lattice Angles            90.00000000     90.00000000     90.00000000
 Frame Number                     53
 Coordinate File             liquid-e000-v067.arc

 Instantaneous Values for Frame Saved at     27000 Dynamics Steps

 Current Time                54.00000000 Picosecond
 Current Potential        -8010.18258669 Kcal/mole
 Current Kinetic           2370.65580883 Kcal/mole
 Lattice Lengths           29.80781174     29.80781174     29.80781174
 Lattice Angles            90.00000000     90.00000000     90.00000000
 Frame Number                     54
 Coordinate File             liquid-e000-v067.arc

 Instantaneous Values for Frame Saved at     27500 Dynamics Steps

 Current Time                55.00000000 Picosecond
 Current Potential        -7948.62262519 Kcal/mole
 Current Kinetic           2410.55097058 Kcal/mole
 Lattice Lengths           29.75716591     29.75716591     29.75716591
 Lattice Angles            90.00000000     90.00000000     90.00000000
 Frame Number                     55
 Coordinate File             liquid-e000-v067.arc

 Instantaneous Values for Frame Saved at     28000 Dynamics Steps

 Current Time                56.00000000 Picosecond
 Current Potential        -7980.01105524 Kcal/mole
 Current Kinetic           2399.12809626 Kcal/mole
 Lattice Lengths           29.82755280     29.82755280     29.82755280
 Lattice Angles            90.00000000     90.00000000     90.00000000
 Frame Number                     56
 Coordinate File             liquid-e000-v067.arc

 Instantaneous Values for Frame Saved at     28500 Dynamics Steps

 Current Time                57.00000000 Picosecond
 Current Potential        -8017.82020274 Kcal/mole
 Current Kinetic           2404.93444504 Kcal/mole
 Lattice Lengths           29.80578232     29.80578232     29.80578232
 Lattice Angles            90.00000000     90.00000000     90.00000000
 Frame Number                     57
 Coordinate File             liquid-e000-v067.arc

 Instantaneous Values for Frame Saved at     29000 Dynamics Steps

 Current Time                58.00000000 Picosecond
 Current Potential        -8027.58872483 Kcal/mole
 Current Kinetic           2461.10992733 Kcal/mole
 Lattice Lengths           29.80840302     29.80840302     29.80840302
 Lattice Angles            90.00000000     90.00000000     90.00000000
 Frame Number                     58
 Coordinate File             liquid-e000-v067.arc

 Instantaneous Values for Frame Saved at     29500 Dynamics Steps

 Current Time                59.00000000 Picosecond
 Current Potential        -8022.26415744 Kcal/mole
 Current Kinetic           2386.70586153 Kcal/mole
 Lattice Lengths           29.91155434     29.91155434     29.91155434
 Lattice Angles            90.00000000     90.00000000     90.00000000
 Frame Number                     59
 Coordinate File             liquid-e000-v067.arc

 Instantaneous Values for Frame Saved at     30000 Dynamics Steps

 Current Time                60.00000000 Picosecond
 Current Potential        -8036.36916037 Kcal/mole
 Current Kinetic           2380.24860073 Kcal/mole
 Lattice Lengths           29.85743523     29.85743523     29.85743523
 Lattice Angles            90.00000000     90.00000000     90.00000000
 Frame Number                     60
 Coordinate File             liquid-e000-v067.arc

 Instantaneous Values for Frame Saved at     30500 Dynamics Steps

 Current Time                61.00000000 Picosecond
 Current Potential        -7984.71343753 Kcal/mole
 Current Kinetic           2413.96480844 Kcal/mole
 Lattice Lengths           29.93977165     29.93977165     29.93977165
 Lattice Angles            90.00000000     90.00000000     90.00000000
 Frame Number                     61
 Coordinate File             liquid-e000-v067.arc

 Instantaneous Values for Frame Saved at     31000 Dynamics Steps

 Current Time                62.00000000 Picosecond
 Current Potential        -7959.44189755 Kcal/mole
 Current Kinetic           2374.48682097 Kcal/mole
 Lattice Lengths           30.03323555     30.03323555     30.03323555
 Lattice Angles            90.00000000     90.00000000     90.00000000
 Frame Number                     62
 Coordinate File             liquid-e000-v067.arc

 Instantaneous Values for Frame Saved at     31500 Dynamics Steps

 Current Time                63.00000000 Picosecond
 Current Potential        -8004.98324664 Kcal/mole
 Current Kinetic           2392.61752990 Kcal/mole
 Lattice Lengths           30.03744698     30.03744698     30.03744698
 Lattice Angles            90.00000000     90.00000000     90.00000000
 Frame Number                     63
 Coordinate File             liquid-e000-v067.arc

 Instantaneous Values for Frame Saved at     32000 Dynamics Steps

 Current Time                64.00000000 Picosecond
 Current Potential        -8014.17914381 Kcal/mole
 Current Kinetic           2406.39008176 Kcal/mole
 Lattice Lengths           30.00664520     30.00664520     30.00664520
 Lattice Angles            90.00000000     90.00000000     90.00000000
 Frame Number                     64
 Coordinate File             liquid-e000-v067.arc

 Instantaneous Values for Frame Saved at     32500 Dynamics Steps

 Current Time                65.00000000 Picosecond
 Current Potential        -7945.96236334 Kcal/mole
 Current Kinetic           2407.66321837 Kcal/mole
 Lattice Lengths           29.99332809     29.99332809     29.99332809
 Lattice Angles            90.00000000     90.00000000     90.00000000
 Frame Number                     65
 Coordinate File             liquid-e000-v067.arc

 Instantaneous Values for Frame Saved at     33000 Dynamics Steps

 Current Time                66.00000000 Picosecond
 Current Potential        -8028.82740276 Kcal/mole
 Current Kinetic           2434.31638110 Kcal/mole
 Lattice Lengths           29.91495514     29.91495514     29.91495514
 Lattice Angles            90.00000000     90.00000000     90.00000000
 Frame Number                     66
 Coordinate File             liquid-e000-v067.arc

 Instantaneous Values for Frame Saved at     33500 Dynamics Steps

 Current Time                67.00000000 Picosecond
 Current Potential        -8047.28156124 Kcal/mole
 Current Kinetic           2367.86547891 Kcal/mole
 Lattice Lengths           29.95637894     29.95637894     29.95637894
 Lattice Angles            90.00000000     90.00000000     90.00000000
 Frame Number                     67
 Coordinate File             liquid-e000-v067.arc

 Instantaneous Values for Frame Saved at     34000 Dynamics Steps

 Current Time                68.00000000 Picosecond
 Current Potential        -8098.48911760 Kcal/mole
 Current Kinetic           2346.58679094 Kcal/mole
 Lattice Lengths           29.90884781     29.90884781     29.90884781
 Lattice Angles            90.00000000     90.00000000     90.00000000
 Frame Number                     68
 Coordinate File             liquid-e000-v067.arc

 Instantaneous Values for Frame Saved at     34500 Dynamics Steps

 Current Time                69.00000000 Picosecond
 Current Potential        -8121.36378200 Kcal/mole
 Current Kinetic           2356.48159472 Kcal/mole
 Lattice Lengths           29.95807648     29.95807648     29.95807648
 Lattice Angles            90.00000000     90.00000000     90.00000000
 Frame Number                     69
 Coordinate File             liquid-e000-v067.arc

 Instantaneous Values for Frame Saved at     35000 Dynamics Steps

 Current Time                70.00000000 Picosecond
 Current Potential        -8063.36247531 Kcal/mole
 Current Kinetic           2360.25451472 Kcal/mole
 Lattice Lengths           29.91462326     29.91462326     29.91462326
 Lattice Angles            90.00000000     90.00000000     90.00000000
 Frame Number                     70
 Coordinate File             liquid-e000-v067.arc

 Instantaneous Values for Frame Saved at     35500 Dynamics Steps

 Current Time                71.00000000 Picosecond
 Current Potential        -8046.55334480 Kcal/mole
 Current Kinetic           2390.39786012 Kcal/mole
 Lattice Lengths           29.94187546     29.94187546     29.94187546
 Lattice Angles            90.00000000     90.00000000     90.00000000
 Frame Number                     71
 Coordinate File             liquid-e000-v067.arc

 Instantaneous Values for Frame Saved at     36000 Dynamics Steps

 Current Time                72.00000000 Picosecond
 Current Potential        -8144.55475234 Kcal/mole
 Current Kinetic           2397.35956280 Kcal/mole
 Lattice Lengths           29.90622902     29.90622902     29.90622902
 Lattice Angles            90.00000000     90.00000000     90.00000000
 Frame Number                     72
 Coordinate File             liquid-e000-v067.arc

 Instantaneous Values for Frame Saved at     36500 Dynamics Steps

 Current Time                73.00000000 Picosecond
 Current Potential        -8003.80114362 Kcal/mole
 Current Kinetic           2432.99050949 Kcal/mole
 Lattice Lengths           30.02017212     30.02017212     30.02017212
 Lattice Angles            90.00000000     90.00000000     90.00000000
 Frame Number                     73
 Coordinate File             liquid-e000-v067.arc

 Instantaneous Values for Frame Saved at     37000 Dynamics Steps

 Current Time                74.00000000 Picosecond
 Current Potential        -7946.88762154 Kcal/mole
 Current Kinetic           2334.55474524 Kcal/mole
 Lattice Lengths           30.11989021     30.11989021     30.11989021
 Lattice Angles            90.00000000     90.00000000     90.00000000
 Frame Number                     74
 Coordinate File             liquid-e000-v067.arc

 Instantaneous Values for Frame Saved at     37500 Dynamics Steps

 Current Time                75.00000000 Picosecond
 Current Potential        -8044.50985494 Kcal/mole
 Current Kinetic           2388.55290514 Kcal/mole
 Lattice Lengths           30.07886314     30.07886314     30.07886314
 Lattice Angles            90.00000000     90.00000000     90.00000000
 Frame Number                     75
 Coordinate File             liquid-e000-v067.arc

 Instantaneous Values for Frame Saved at     38000 Dynamics Steps

 Current Time                76.00000000 Picosecond
 Current Potential        -8033.99375727 Kcal/mole
 Current Kinetic           2426.50462660 Kcal/mole
 Lattice Lengths           30.06401062     30.06401062     30.06401062
 Lattice Angles            90.00000000     90.00000000     90.00000000
 Frame Number                     76
 Coordinate File             liquid-e000-v067.arc

 Instantaneous Values for Frame Saved at     38500 Dynamics Steps

 Current Time                77.00000000 Picosecond
 Current Potential        -7937.55443138 Kcal/mole
 Current Kinetic           2420.75141792 Kcal/mole
 Lattice Lengths           30.05331993     30.05331993     30.05331993
 Lattice Angles            90.00000000     90.00000000     90.00000000
 Frame Number                     77
 Coordinate File             liquid-e000-v067.arc

 Instantaneous Values for Frame Saved at     39000 Dynamics Steps

 Current Time                78.00000000 Picosecond
 Current Potential        -7875.18345349 Kcal/mole
 Current Kinetic           2393.98365197 Kcal/mole
 Lattice Lengths           29.94914436     29.94914436     29.94914436
 Lattice Angles            90.00000000     90.00000000     90.00000000
 Frame Number                     78
 Coordinate File             liquid-e000-v067.arc

 Instantaneous Values for Frame Saved at     39500 Dynamics Steps

 Current Time                79.00000000 Picosecond
 Current Potential        -7989.70678475 Kcal/mole
 Current Kinetic           2386.56658617 Kcal/mole
 Lattice Lengths           29.82363319     29.82363319     29.82363319
 Lattice Angles            90.00000000     90.00000000     90.00000000
 Frame Number                     79
 Coordinate File             liquid-e000-v067.arc

 Instantaneous Values for Frame Saved at     40000 Dynamics Steps

 Current Time                80.00000000 Picosecond
 Current Potential        -8005.16117241 Kcal/mole
 Current Kinetic           2433.32959286 Kcal/mole
 Lattice Lengths           29.85718918     29.85718918     29.85718918
 Lattice Angles            90.00000000     90.00000000     90.00000000
 Frame Number                     80
 Coordinate File             liquid-e000-v067.arc

 Instantaneous Values for Frame Saved at     40500 Dynamics Steps

 Current Time                81.00000000 Picosecond
 Current Potential        -7900.85551260 Kcal/mole
 Current Kinetic           2394.61563558 Kcal/mole
 Lattice Lengths           29.86236763     29.86236763     29.86236763
 Lattice Angles            90.00000000     90.00000000     90.00000000
 Frame Number                     81
 Coordinate File             liquid-e000-v067.arc

 Instantaneous Values for Frame Saved at     41000 Dynamics Steps

 Current Time                82.00000000 Picosecond
 Current Potential        -8036.01802865 Kcal/mole
 Current Kinetic           2393.33500322 Kcal/mole
 Lattice Lengths           29.83901787     29.83901787     29.83901787
 Lattice Angles            90.00000000     90.00000000     90.00000000
 Frame Number                     82
 Coordinate File             liquid-e000-v067.arc

 Instantaneous Values for Frame Saved at     41500 Dynamics Steps

 Current Time                83.00000000 Picosecond
 Current Potential        -8047.48622358 Kcal/mole
 Current Kinetic           2392.67444527 Kcal/mole
 Lattice Lengths           29.87221718     29.87221718     29.87221718
 Lattice Angles            90.00000000     90.00000000     90.00000000
 Frame Number                     83
 Coordinate File             liquid-e000-v067.arc

 Instantaneous Values for Frame Saved at     42000 Dynamics Steps

 Current Time                84.00000000 Picosecond
 Current Potential        -8028.08788315 Kcal/mole
 Current Kinetic           2386.46505156 Kcal/mole
 Lattice Lengths           29.85896873     29.85896873     29.85896873
 Lattice Angles            90.00000000     90.00000000     90.00000000
 Frame Number                     84
 Coordinate File             liquid-e000-v067.arc

 Instantaneous Values for Frame Saved at     42500 Dynamics Steps

 Current Time                85.00000000 Picosecond
 Current Potential        -7949.17902248 Kcal/mole
 Current Kinetic           2495.35704308 Kcal/mole
 Lattice Lengths           29.89088821     29.89088821     29.89088821
 Lattice Angles            90.00000000     90.00000000     90.00000000
 Frame Number                     85
 Coordinate File             liquid-e000-v067.arc

 Instantaneous Values for Frame Saved at     43000 Dynamics Steps

 Current Time                86.00000000 Picosecond
 Current Potential        -7925.58312347 Kcal/mole
 Current Kinetic           2389.04069811 Kcal/mole
 Lattice Lengths           30.08474922     30.08474922     30.08474922
 Lattice Angles            90.00000000     90.00000000     90.00000000
 Frame Number                     86
 Coordinate File             liquid-e000-v067.arc

 Instantaneous Values for Frame Saved at     43500 Dynamics Steps

 Current Time                87.00000000 Picosecond
 Current Potential        -7941.62660874 Kcal/mole
 Current Kinetic           2480.25831919 Kcal/mole
 Lattice Lengths           29.99943542     29.99943542     29.99943542
 Lattice Angles            90.00000000     90.00000000     90.00000000
 Frame Number                     87
 Coordinate File             liquid-e000-v067.arc

 Instantaneous Values for Frame Saved at     44000 Dynamics Steps

 Current Time                88.00000000 Picosecond
 Current Potential        -7909.48346511 Kcal/mole
 Current Kinetic           2403.08690536 Kcal/mole
 Lattice Lengths           30.04640388     30.04640388     30.04640388
 Lattice Angles            90.00000000     90.00000000     90.00000000
 Frame Number                     88
 Coordinate File             liquid-e000-v067.arc

 Instantaneous Values for Frame Saved at     44500 Dynamics Steps

 Current Time                89.00000000 Picosecond
 Current Potential        -7937.01171994 Kcal/mole
 Current Kinetic           2380.97200277 Kcal/mole
 Lattice Lengths           30.04322433     30.04322433     30.04322433
 Lattice Angles            90.00000000     90.00000000     90.00000000
 Frame Number                     89
 Coordinate File             liquid-e000-v067.arc

 Instantaneous Values for Frame Saved at     45000 Dynamics Steps

 Current Time                90.00000000 Picosecond
 Current Potential        -7972.01994697 Kcal/mole
 Current Kinetic           2408.21040335 Kcal/mole
 Lattice Lengths           30.10094261     30.10094261     30.10094261
 Lattice Angles            90.00000000     90.00000000     90.00000000
 Frame Number                     90
 Coordinate File             liquid-e000-v067.arc

 Instantaneous Values for Frame Saved at     45500 Dynamics Steps

 Current Time                91.00000000 Picosecond
 Current Potential        -7866.97647259 Kcal/mole
 Current Kinetic           2371.36914403 Kcal/mole
 Lattice Lengths           30.02200890     30.02200890     30.02200890
 Lattice Angles            90.00000000     90.00000000     90.00000000
 Frame Number                     91
 Coordinate File             liquid-e000-v067.arc

 Instantaneous Values for Frame Saved at     46000 Dynamics Steps

 Current Time                92.00000000 Picosecond
 Current Potential        -7977.53048446 Kcal/mole
 Current Kinetic           2439.68348232 Kcal/mole
 Lattice Lengths           29.97093010     29.97093010     29.97093010
 Lattice Angles            90.00000000     90.00000000     90.00000000
 Frame Number                     92
 Coordinate File             liquid-e000-v067.arc

 Instantaneous Values for Frame Saved at     46500 Dynamics Steps

 Current Time                93.00000000 Picosecond
 Current Potential        -8014.43659742 Kcal/mole
 Current Kinetic           2444.99771110 Kcal/mole
 Lattice Lengths           29.98131752     29.98131752     29.98131752
 Lattice Angles            90.00000000     90.00000000     90.00000000
 Frame Number                     93
 Coordinate File             liquid-e000-v067.arc

 Instantaneous Values for Frame Saved at     47000 Dynamics Steps

 Current Time                94.00000000 Picosecond
 Current Potential        -7988.51048384 Kcal/mole
 Current Kinetic           2405.65060253 Kcal/mole
 Lattice Lengths           29.85951042     29.85951042     29.85951042
 Lattice Angles            90.00000000     90.00000000     90.00000000
 Frame Number                     94
 Coordinate File             liquid-e000-v067.arc

 Instantaneous Values for Frame Saved at     47500 Dynamics Steps

 Current Time                95.00000000 Picosecond
 Current Potential        -8008.45950049 Kcal/mole
 Current Kinetic           2415.94219496 Kcal/mole
 Lattice Lengths           29.90436554     29.90436554     29.90436554
 Lattice Angles            90.00000000     90.00000000     90.00000000
 Frame Number                     95
 Coordinate File             liquid-e000-v067.arc

 Instantaneous Values for Frame Saved at     48000 Dynamics Steps

 Current Time                96.00000000 Picosecond
 Current Potential        -8090.69978167 Kcal/mole
 Current Kinetic           2418.68078103 Kcal/mole
 Lattice Lengths           30.01057625     30.01057625     30.01057625
 Lattice Angles            90.00000000     90.00000000     90.00000000
 Frame Number                     96
 Coordinate File             liquid-e000-v067.arc

 Instantaneous Values for Frame Saved at     48500 Dynamics Steps

 Current Time                97.00000000 Picosecond
 Current Potential        -8129.28790965 Kcal/mole
 Current Kinetic           2368.28334677 Kcal/mole
 Lattice Lengths           30.02426910     30.02426910     30.02426910
 Lattice Angles            90.00000000     90.00000000     90.00000000
 Frame Number                     97
 Coordinate File             liquid-e000-v067.arc

 Instantaneous Values for Frame Saved at     49000 Dynamics Steps

 Current Time                98.00000000 Picosecond
 Current Potential        -8049.97874191 Kcal/mole
 Current Kinetic           2420.34072830 Kcal/mole
 Lattice Lengths           30.06231499     30.06231499     30.06231499
 Lattice Angles            90.00000000     90.00000000     90.00000000
 Frame Number                     98
 Coordinate File             liquid-e000-v067.arc

 Instantaneous Values for Frame Saved at     49500 Dynamics Steps

 Current Time                99.00000000 Picosecond
 Current Potential        -8068.17693302 Kcal/mole
 Current Kinetic           2446.81397262 Kcal/mole
 Lattice Lengths           30.17864037     30.17864037     30.17864037
 Lattice Angles            90.00000000     90.00000000     90.00000000
 Frame Number                     99
 Coordinate File             liquid-e000-v067.arc

 Instantaneous Values for Frame Saved at     50000 Dynamics Steps

 Current Time               100.00000000 Picosecond
 Current Potential        -8035.06454549 Kcal/mole
 Current Kinetic           2418.19546935 Kcal/mole
 Lattice Lengths           30.18018723     30.18018723     30.18018723
 Lattice Angles            90.00000000     90.00000000     90.00000000
 Frame Number                    100
 Coordinate File             liquid-e000-v067.arc

 Performance:  ns/day              45.8553
               Wall Time          188.4188
               Steps                 50000
               Updates                 100
               Time Step            2.0000
               Atoms                  2695
